ERROR - 2022-10-02 01:39:09 --> Error connecting to the database: Unknown database 'kognitif'
CRITICAL - 2022-10-02 01:39:09 --> Unable to connect to the database.
Main connection [MySQLi]: Unknown database 'kognitif'
#0 /var/www/html/kognitif/system/Database/BaseConnection.php(570): CodeIgniter\Database\BaseConnection->initialize()
#1 /var/www/html/kognitif/system/Database/BaseBuilder.php(1428): CodeIgniter\Database\BaseConnection->query()
#2 /var/www/html/kognitif/app/Controllers/Auth.php(24): CodeIgniter\Database\BaseBuilder->get()
#3 /var/www/html/kognitif/system/CodeIgniter.php(802): App\Controllers\Auth->verif()
#4 /var/www/html/kognitif/system/CodeIgniter.php(399): CodeIgniter\CodeIgniter->runController()
#5 /var/www/html/kognitif/system/CodeIgniter.php(317): CodeIgniter\CodeIgniter->handleRequest()
#6 /var/www/html/kognitif/public/index.php(36): CodeIgniter\CodeIgniter->run()
#7 {main}
CRITICAL - 2022-10-02 01:47:15 --> Object of class CodeIgniter\Session\Session could not be converted to string
#0 /var/www/html/kognitif/system/View/View.php(214): include()
#1 /var/www/html/kognitif/system/View/View.php(217): CodeIgniter\View\View->CodeIgniter\View\{closure}()
#2 /var/www/html/kognitif/system/View/View.php(432): CodeIgniter\View\View->render()
#3 /var/www/html/kognitif/app/Views/data/dashboard.php(1): CodeIgniter\View\View->include()
#4 /var/www/html/kognitif/system/View/View.php(214): include('/var/www/html/k...')
#5 /var/www/html/kognitif/system/View/View.php(217): CodeIgniter\View\View->CodeIgniter\View\{closure}()
#6 /var/www/html/kognitif/system/Common.php(1092): CodeIgniter\View\View->render()
#7 /var/www/html/kognitif/app/Controllers/Data.php(13): view()
#8 /var/www/html/kognitif/system/CodeIgniter.php(802): App\Controllers\Data->index()
#9 /var/www/html/kognitif/system/CodeIgniter.php(399): CodeIgniter\CodeIgniter->runController()
#10 /var/www/html/kognitif/system/CodeIgniter.php(317): CodeIgniter\CodeIgniter->handleRequest()
#11 /var/www/html/kognitif/public/index.php(36): CodeIgniter\CodeIgniter->run()
#12 {main}
CRITICAL - 2022-10-02 06:48:57 --> Undefined index: ID_Admin
#0 /var/www/html/kognitif/app/Controllers/Auth.php(40): CodeIgniter\Debug\Exceptions->errorHandler()
#1 /var/www/html/kognitif/system/CodeIgniter.php(802): App\Controllers\Auth->verif()
#2 /var/www/html/kognitif/system/CodeIgniter.php(399): CodeIgniter\CodeIgniter->runController()
#3 /var/www/html/kognitif/system/CodeIgniter.php(317): CodeIgniter\CodeIgniter->handleRequest()
#4 /var/www/html/kognitif/public/index.php(36): CodeIgniter\CodeIgniter->run()
#5 {main}
CRITICAL - 2022-10-02 18:46:04 --> Invalid file: data/tambah_siswa.php
#0 /var/www/html/kognitif/system/View/View.php(198): CodeIgniter\Exceptions\FrameworkException::forInvalidFile()
#1 /var/www/html/kognitif/system/Common.php(1092): CodeIgniter\View\View->render()
#2 /var/www/html/kognitif/app/Controllers/Data.php(25): view()
#3 /var/www/html/kognitif/system/CodeIgniter.php(802): App\Controllers\Data->tambah_siswa()
#4 /var/www/html/kognitif/system/CodeIgniter.php(399): CodeIgniter\CodeIgniter->runController()
#5 /var/www/html/kognitif/system/CodeIgniter.php(317): CodeIgniter\CodeIgniter->handleRequest()
#6 /var/www/html/kognitif/public/index.php(36): CodeIgniter\CodeIgniter->run()
#7 {main}
CRITICAL - 2022-10-02 18:59:41 --> Invalid file: data/tambah_siswa.php
#0 /var/www/html/kognitif/system/View/View.php(198): CodeIgniter\Exceptions\FrameworkException::forInvalidFile()
#1 /var/www/html/kognitif/system/Common.php(1092): CodeIgniter\View\View->render()
#2 /var/www/html/kognitif/app/Controllers/Data.php(25): view()
#3 /var/www/html/kognitif/system/CodeIgniter.php(802): App\Controllers\Data->tambah_siswa()
#4 /var/www/html/kognitif/system/CodeIgniter.php(399): CodeIgniter\CodeIgniter->runController()
#5 /var/www/html/kognitif/system/CodeIgniter.php(317): CodeIgniter\CodeIgniter->handleRequest()
#6 /var/www/html/kognitif/public/index.php(36): CodeIgniter\CodeIgniter->run()
#7 {main}
CRITICAL - 2022-10-02 19:11:31 --> Invalid file: data/tambah_siswa.php
#0 /var/www/html/kognitif/system/View/View.php(198): CodeIgniter\Exceptions\FrameworkException::forInvalidFile()
#1 /var/www/html/kognitif/system/Common.php(1092): CodeIgniter\View\View->render()
#2 /var/www/html/kognitif/app/Controllers/Data.php(25): view()
#3 /var/www/html/kognitif/system/CodeIgniter.php(802): App\Controllers\Data->tambah_siswa()
#4 /var/www/html/kognitif/system/CodeIgniter.php(399): CodeIgniter\CodeIgniter->runController()
#5 /var/www/html/kognitif/system/CodeIgniter.php(317): CodeIgniter\CodeIgniter->handleRequest()
#6 /var/www/html/kognitif/public/index.php(36): CodeIgniter\CodeIgniter->run()
#7 {main}
CRITICAL - 2022-10-02 19:11:33 --> Invalid file: data/tambah_siswa.php
#0 /var/www/html/kognitif/system/View/View.php(198): CodeIgniter\Exceptions\FrameworkException::forInvalidFile()
#1 /var/www/html/kognitif/system/Common.php(1092): CodeIgniter\View\View->render()
#2 /var/www/html/kognitif/app/Controllers/Data.php(25): view()
#3 /var/www/html/kognitif/system/CodeIgniter.php(802): App\Controllers\Data->tambah_siswa()
#4 /var/www/html/kognitif/system/CodeIgniter.php(399): CodeIgniter\CodeIgniter->runController()
#5 /var/www/html/kognitif/system/CodeIgniter.php(317): CodeIgniter\CodeIgniter->handleRequest()
#6 /var/www/html/kognitif/public/index.php(36): CodeIgniter\CodeIgniter->run()
#7 {main}
