CRITICAL - 2022-11-12 16:51:22 --> Call to a member function setCellValue() on int
#0 /var/www/html/ticket/system/CodeIgniter.php(802): App\Controllers\Admin->report()
#1 /var/www/html/ticket/system/CodeIgniter.php(399): CodeIgniter\CodeIgniter->runController()
#2 /var/www/html/ticket/system/CodeIgniter.php(317): CodeIgniter\CodeIgniter->handleRequest()
#3 /var/www/html/ticket/public/index.php(36): CodeIgniter\CodeIgniter->run()
#4 {main}
CRITICAL - 2022-11-12 16:52:27 --> Call to a member function setCellValue() on int
#0 /var/www/html/ticket/system/CodeIgniter.php(802): App\Controllers\Admin->report()
#1 /var/www/html/ticket/system/CodeIgniter.php(399): CodeIgniter\CodeIgniter->runController()
#2 /var/www/html/ticket/system/CodeIgniter.php(317): CodeIgniter\CodeIgniter->handleRequest()
#3 /var/www/html/ticket/public/index.php(36): CodeIgniter\CodeIgniter->run()
#4 {main}
CRITICAL - 2022-11-12 17:35:16 --> require(../../vendor/autoload.php): failed to open stream: No such file or directory
#0 /var/www/html/ticket/app/Controllers/Admin.php(919): CodeIgniter\Debug\Exceptions->errorHandler()
#1 /var/www/html/ticket/app/Controllers/Admin.php(919): require()
#2 /var/www/html/ticket/system/CodeIgniter.php(802): App\Controllers\Admin->report()
#3 /var/www/html/ticket/system/CodeIgniter.php(399): CodeIgniter\CodeIgniter->runController()
#4 /var/www/html/ticket/system/CodeIgniter.php(317): CodeIgniter\CodeIgniter->handleRequest()
#5 /var/www/html/ticket/public/index.php(36): CodeIgniter\CodeIgniter->run()
#6 {main}
CRITICAL - 2022-11-12 17:37:40 --> Call to a member function setCellValue() on int
#0 /var/www/html/ticket/system/CodeIgniter.php(802): App\Controllers\Admin->report()
#1 /var/www/html/ticket/system/CodeIgniter.php(399): CodeIgniter\CodeIgniter->runController()
#2 /var/www/html/ticket/system/CodeIgniter.php(317): CodeIgniter\CodeIgniter->handleRequest()
#3 /var/www/html/ticket/public/index.php(36): CodeIgniter\CodeIgniter->run()
#4 {main}
CRITICAL - 2022-11-12 17:38:22 --> Call to a member function setCellValue() on int
#0 /var/www/html/ticket/system/CodeIgniter.php(802): App\Controllers\Admin->report()
#1 /var/www/html/ticket/system/CodeIgniter.php(399): CodeIgniter\CodeIgniter->runController()
#2 /var/www/html/ticket/system/CodeIgniter.php(317): CodeIgniter\CodeIgniter->handleRequest()
#3 /var/www/html/ticket/public/index.php(36): CodeIgniter\CodeIgniter->run()
#4 {main}
CRITICAL - 2022-11-12 18:13:20 --> Call to undefined function notif()
#0 /var/www/html/ticket/system/View/View.php(214): include()
#1 /var/www/html/ticket/system/View/View.php(217): CodeIgniter\View\View->CodeIgniter\View\{closure}()
#2 /var/www/html/ticket/system/View/View.php(432): CodeIgniter\View\View->render()
#3 /var/www/html/ticket/app/Views/admin/new_tiket.php(1): CodeIgniter\View\View->include()
#4 /var/www/html/ticket/system/View/View.php(214): include('/var/www/html/t...')
#5 /var/www/html/ticket/system/View/View.php(217): CodeIgniter\View\View->CodeIgniter\View\{closure}()
#6 /var/www/html/ticket/system/Common.php(1092): CodeIgniter\View\View->render()
#7 /var/www/html/ticket/app/Controllers/Admin.php(679): view()
#8 /var/www/html/ticket/system/CodeIgniter.php(802): App\Controllers\Admin->new_tiket()
#9 /var/www/html/ticket/system/CodeIgniter.php(399): CodeIgniter\CodeIgniter->runController()
#10 /var/www/html/ticket/system/CodeIgniter.php(317): CodeIgniter\CodeIgniter->handleRequest()
#11 /var/www/html/ticket/public/index.php(36): CodeIgniter\CodeIgniter->run()
#12 {main}
CRITICAL - 2022-11-12 18:13:39 --> Call to undefined function notif()
#0 /var/www/html/ticket/system/View/View.php(214): include()
#1 /var/www/html/ticket/system/View/View.php(217): CodeIgniter\View\View->CodeIgniter\View\{closure}()
#2 /var/www/html/ticket/system/View/View.php(432): CodeIgniter\View\View->render()
#3 /var/www/html/ticket/app/Views/admin/new_tiket.php(1): CodeIgniter\View\View->include()
#4 /var/www/html/ticket/system/View/View.php(214): include('/var/www/html/t...')
#5 /var/www/html/ticket/system/View/View.php(217): CodeIgniter\View\View->CodeIgniter\View\{closure}()
#6 /var/www/html/ticket/system/Common.php(1092): CodeIgniter\View\View->render()
#7 /var/www/html/ticket/app/Controllers/Admin.php(679): view()
#8 /var/www/html/ticket/system/CodeIgniter.php(802): App\Controllers\Admin->new_tiket()
#9 /var/www/html/ticket/system/CodeIgniter.php(399): CodeIgniter\CodeIgniter->runController()
#10 /var/www/html/ticket/system/CodeIgniter.php(317): CodeIgniter\CodeIgniter->handleRequest()
#11 /var/www/html/ticket/public/index.php(36): CodeIgniter\CodeIgniter->run()
#12 {main}
CRITICAL - 2022-11-12 18:13:41 --> Call to undefined function notif()
#0 /var/www/html/ticket/system/View/View.php(214): include()
#1 /var/www/html/ticket/system/View/View.php(217): CodeIgniter\View\View->CodeIgniter\View\{closure}()
#2 /var/www/html/ticket/system/View/View.php(432): CodeIgniter\View\View->render()
#3 /var/www/html/ticket/app/Views/admin/new_tiket.php(1): CodeIgniter\View\View->include()
#4 /var/www/html/ticket/system/View/View.php(214): include('/var/www/html/t...')
#5 /var/www/html/ticket/system/View/View.php(217): CodeIgniter\View\View->CodeIgniter\View\{closure}()
#6 /var/www/html/ticket/system/Common.php(1092): CodeIgniter\View\View->render()
#7 /var/www/html/ticket/app/Controllers/Admin.php(679): view()
#8 /var/www/html/ticket/system/CodeIgniter.php(802): App\Controllers\Admin->new_tiket()
#9 /var/www/html/ticket/system/CodeIgniter.php(399): CodeIgniter\CodeIgniter->runController()
#10 /var/www/html/ticket/system/CodeIgniter.php(317): CodeIgniter\CodeIgniter->handleRequest()
#11 /var/www/html/ticket/public/index.php(36): CodeIgniter\CodeIgniter->run()
#12 {main}
CRITICAL - 2022-11-12 18:14:36 --> Call to undefined function notif()
#0 /var/www/html/ticket/system/View/View.php(214): include()
#1 /var/www/html/ticket/system/View/View.php(217): CodeIgniter\View\View->CodeIgniter\View\{closure}()
#2 /var/www/html/ticket/system/View/View.php(432): CodeIgniter\View\View->render()
#3 /var/www/html/ticket/app/Views/admin/new_tiket.php(1): CodeIgniter\View\View->include()
#4 /var/www/html/ticket/system/View/View.php(214): include('/var/www/html/t...')
#5 /var/www/html/ticket/system/View/View.php(217): CodeIgniter\View\View->CodeIgniter\View\{closure}()
#6 /var/www/html/ticket/system/Common.php(1092): CodeIgniter\View\View->render()
#7 /var/www/html/ticket/app/Controllers/Admin.php(679): view()
#8 /var/www/html/ticket/system/CodeIgniter.php(802): App\Controllers\Admin->new_tiket()
#9 /var/www/html/ticket/system/CodeIgniter.php(399): CodeIgniter\CodeIgniter->runController()
#10 /var/www/html/ticket/system/CodeIgniter.php(317): CodeIgniter\CodeIgniter->handleRequest()
#11 /var/www/html/ticket/public/index.php(36): CodeIgniter\CodeIgniter->run()
#12 {main}
CRITICAL - 2022-11-12 18:14:37 --> Call to undefined function notif()
#0 /var/www/html/ticket/system/View/View.php(214): include()
#1 /var/www/html/ticket/system/View/View.php(217): CodeIgniter\View\View->CodeIgniter\View\{closure}()
#2 /var/www/html/ticket/system/View/View.php(432): CodeIgniter\View\View->render()
#3 /var/www/html/ticket/app/Views/admin/new_tiket.php(1): CodeIgniter\View\View->include()
#4 /var/www/html/ticket/system/View/View.php(214): include('/var/www/html/t...')
#5 /var/www/html/ticket/system/View/View.php(217): CodeIgniter\View\View->CodeIgniter\View\{closure}()
#6 /var/www/html/ticket/system/Common.php(1092): CodeIgniter\View\View->render()
#7 /var/www/html/ticket/app/Controllers/Admin.php(679): view()
#8 /var/www/html/ticket/system/CodeIgniter.php(802): App\Controllers\Admin->new_tiket()
#9 /var/www/html/ticket/system/CodeIgniter.php(399): CodeIgniter\CodeIgniter->runController()
#10 /var/www/html/ticket/system/CodeIgniter.php(317): CodeIgniter\CodeIgniter->handleRequest()
#11 /var/www/html/ticket/public/index.php(36): CodeIgniter\CodeIgniter->run()
#12 {main}
CRITICAL - 2022-11-12 18:14:38 --> Call to undefined function notif()
#0 /var/www/html/ticket/system/View/View.php(214): include()
#1 /var/www/html/ticket/system/View/View.php(217): CodeIgniter\View\View->CodeIgniter\View\{closure}()
#2 /var/www/html/ticket/system/View/View.php(432): CodeIgniter\View\View->render()
#3 /var/www/html/ticket/app/Views/admin/new_tiket.php(1): CodeIgniter\View\View->include()
#4 /var/www/html/ticket/system/View/View.php(214): include('/var/www/html/t...')
#5 /var/www/html/ticket/system/View/View.php(217): CodeIgniter\View\View->CodeIgniter\View\{closure}()
#6 /var/www/html/ticket/system/Common.php(1092): CodeIgniter\View\View->render()
#7 /var/www/html/ticket/app/Controllers/Admin.php(679): view()
#8 /var/www/html/ticket/system/CodeIgniter.php(802): App\Controllers\Admin->new_tiket()
#9 /var/www/html/ticket/system/CodeIgniter.php(399): CodeIgniter\CodeIgniter->runController()
#10 /var/www/html/ticket/system/CodeIgniter.php(317): CodeIgniter\CodeIgniter->handleRequest()
#11 /var/www/html/ticket/public/index.php(36): CodeIgniter\CodeIgniter->run()
#12 {main}
CRITICAL - 2022-11-12 18:14:44 --> Call to undefined function notif()
#0 /var/www/html/ticket/system/View/View.php(214): include()
#1 /var/www/html/ticket/system/View/View.php(217): CodeIgniter\View\View->CodeIgniter\View\{closure}()
#2 /var/www/html/ticket/system/View/View.php(432): CodeIgniter\View\View->render()
#3 /var/www/html/ticket/app/Views/admin/dashboard.php(1): CodeIgniter\View\View->include()
#4 /var/www/html/ticket/system/View/View.php(214): include('/var/www/html/t...')
#5 /var/www/html/ticket/system/View/View.php(217): CodeIgniter\View\View->CodeIgniter\View\{closure}()
#6 /var/www/html/ticket/system/Common.php(1092): CodeIgniter\View\View->render()
#7 /var/www/html/ticket/app/Controllers/Admin.php(67): view()
#8 /var/www/html/ticket/system/CodeIgniter.php(802): App\Controllers\Admin->index()
#9 /var/www/html/ticket/system/CodeIgniter.php(399): CodeIgniter\CodeIgniter->runController()
#10 /var/www/html/ticket/system/CodeIgniter.php(317): CodeIgniter\CodeIgniter->handleRequest()
#11 /var/www/html/ticket/public/index.php(36): CodeIgniter\CodeIgniter->run()
#12 {main}
CRITICAL - 2022-11-12 18:15:48 --> Call to undefined function notif()
#0 /var/www/html/ticket/system/View/View.php(214): include()
#1 /var/www/html/ticket/system/View/View.php(217): CodeIgniter\View\View->CodeIgniter\View\{closure}()
#2 /var/www/html/ticket/system/View/View.php(432): CodeIgniter\View\View->render()
#3 /var/www/html/ticket/app/Views/admin/dashboard.php(1): CodeIgniter\View\View->include()
#4 /var/www/html/ticket/system/View/View.php(214): include('/var/www/html/t...')
#5 /var/www/html/ticket/system/View/View.php(217): CodeIgniter\View\View->CodeIgniter\View\{closure}()
#6 /var/www/html/ticket/system/Common.php(1092): CodeIgniter\View\View->render()
#7 /var/www/html/ticket/app/Controllers/Admin.php(67): view()
#8 /var/www/html/ticket/system/CodeIgniter.php(802): App\Controllers\Admin->index()
#9 /var/www/html/ticket/system/CodeIgniter.php(399): CodeIgniter\CodeIgniter->runController()
#10 /var/www/html/ticket/system/CodeIgniter.php(317): CodeIgniter\CodeIgniter->handleRequest()
#11 /var/www/html/ticket/public/index.php(36): CodeIgniter\CodeIgniter->run()
#12 {main}
CRITICAL - 2022-11-12 18:15:49 --> Call to undefined function notif()
#0 /var/www/html/ticket/system/View/View.php(214): include()
#1 /var/www/html/ticket/system/View/View.php(217): CodeIgniter\View\View->CodeIgniter\View\{closure}()
#2 /var/www/html/ticket/system/View/View.php(432): CodeIgniter\View\View->render()
#3 /var/www/html/ticket/app/Views/admin/dashboard.php(1): CodeIgniter\View\View->include()
#4 /var/www/html/ticket/system/View/View.php(214): include('/var/www/html/t...')
#5 /var/www/html/ticket/system/View/View.php(217): CodeIgniter\View\View->CodeIgniter\View\{closure}()
#6 /var/www/html/ticket/system/Common.php(1092): CodeIgniter\View\View->render()
#7 /var/www/html/ticket/app/Controllers/Admin.php(67): view()
#8 /var/www/html/ticket/system/CodeIgniter.php(802): App\Controllers\Admin->index()
#9 /var/www/html/ticket/system/CodeIgniter.php(399): CodeIgniter\CodeIgniter->runController()
#10 /var/www/html/ticket/system/CodeIgniter.php(317): CodeIgniter\CodeIgniter->handleRequest()
#11 /var/www/html/ticket/public/index.php(36): CodeIgniter\CodeIgniter->run()
#12 {main}
CRITICAL - 2022-11-12 18:15:52 --> Call to undefined function notif()
#0 /var/www/html/ticket/system/View/View.php(214): include()
#1 /var/www/html/ticket/system/View/View.php(217): CodeIgniter\View\View->CodeIgniter\View\{closure}()
#2 /var/www/html/ticket/system/View/View.php(432): CodeIgniter\View\View->render()
#3 /var/www/html/ticket/app/Views/admin/dashboard.php(1): CodeIgniter\View\View->include()
#4 /var/www/html/ticket/system/View/View.php(214): include('/var/www/html/t...')
#5 /var/www/html/ticket/system/View/View.php(217): CodeIgniter\View\View->CodeIgniter\View\{closure}()
#6 /var/www/html/ticket/system/Common.php(1092): CodeIgniter\View\View->render()
#7 /var/www/html/ticket/app/Controllers/Admin.php(67): view()
#8 /var/www/html/ticket/system/CodeIgniter.php(802): App\Controllers\Admin->index()
#9 /var/www/html/ticket/system/CodeIgniter.php(399): CodeIgniter\CodeIgniter->runController()
#10 /var/www/html/ticket/system/CodeIgniter.php(317): CodeIgniter\CodeIgniter->handleRequest()
#11 /var/www/html/ticket/public/index.php(36): CodeIgniter\CodeIgniter->run()
#12 {main}
CRITICAL - 2022-11-12 18:16:22 --> Call to undefined function notif()
#0 /var/www/html/ticket/system/View/View.php(214): include()
#1 /var/www/html/ticket/system/View/View.php(217): CodeIgniter\View\View->CodeIgniter\View\{closure}()
#2 /var/www/html/ticket/system/View/View.php(432): CodeIgniter\View\View->render()
#3 /var/www/html/ticket/app/Views/admin/dashboard.php(1): CodeIgniter\View\View->include()
#4 /var/www/html/ticket/system/View/View.php(214): include('/var/www/html/t...')
#5 /var/www/html/ticket/system/View/View.php(217): CodeIgniter\View\View->CodeIgniter\View\{closure}()
#6 /var/www/html/ticket/system/Common.php(1092): CodeIgniter\View\View->render()
#7 /var/www/html/ticket/app/Controllers/Admin.php(67): view()
#8 /var/www/html/ticket/system/CodeIgniter.php(802): App\Controllers\Admin->index()
#9 /var/www/html/ticket/system/CodeIgniter.php(399): CodeIgniter\CodeIgniter->runController()
#10 /var/www/html/ticket/system/CodeIgniter.php(317): CodeIgniter\CodeIgniter->handleRequest()
#11 /var/www/html/ticket/public/index.php(36): CodeIgniter\CodeIgniter->run()
#12 {main}
CRITICAL - 2022-11-12 18:16:23 --> Call to undefined function notif()
#0 /var/www/html/ticket/system/View/View.php(214): include()
#1 /var/www/html/ticket/system/View/View.php(217): CodeIgniter\View\View->CodeIgniter\View\{closure}()
#2 /var/www/html/ticket/system/View/View.php(432): CodeIgniter\View\View->render()
#3 /var/www/html/ticket/app/Views/admin/dashboard.php(1): CodeIgniter\View\View->include()
#4 /var/www/html/ticket/system/View/View.php(214): include('/var/www/html/t...')
#5 /var/www/html/ticket/system/View/View.php(217): CodeIgniter\View\View->CodeIgniter\View\{closure}()
#6 /var/www/html/ticket/system/Common.php(1092): CodeIgniter\View\View->render()
#7 /var/www/html/ticket/app/Controllers/Admin.php(67): view()
#8 /var/www/html/ticket/system/CodeIgniter.php(802): App\Controllers\Admin->index()
#9 /var/www/html/ticket/system/CodeIgniter.php(399): CodeIgniter\CodeIgniter->runController()
#10 /var/www/html/ticket/system/CodeIgniter.php(317): CodeIgniter\CodeIgniter->handleRequest()
#11 /var/www/html/ticket/public/index.php(36): CodeIgniter\CodeIgniter->run()
#12 {main}
CRITICAL - 2022-11-12 18:17:11 --> Call to undefined function notif()
#0 /var/www/html/ticket/system/View/View.php(214): include()
#1 /var/www/html/ticket/system/View/View.php(217): CodeIgniter\View\View->CodeIgniter\View\{closure}()
#2 /var/www/html/ticket/system/View/View.php(432): CodeIgniter\View\View->render()
#3 /var/www/html/ticket/app/Views/admin/dashboard.php(1): CodeIgniter\View\View->include()
#4 /var/www/html/ticket/system/View/View.php(214): include('/var/www/html/t...')
#5 /var/www/html/ticket/system/View/View.php(217): CodeIgniter\View\View->CodeIgniter\View\{closure}()
#6 /var/www/html/ticket/system/Common.php(1092): CodeIgniter\View\View->render()
#7 /var/www/html/ticket/app/Controllers/Admin.php(67): view()
#8 /var/www/html/ticket/system/CodeIgniter.php(802): App\Controllers\Admin->index()
#9 /var/www/html/ticket/system/CodeIgniter.php(399): CodeIgniter\CodeIgniter->runController()
#10 /var/www/html/ticket/system/CodeIgniter.php(317): CodeIgniter\CodeIgniter->handleRequest()
#11 /var/www/html/ticket/public/index.php(36): CodeIgniter\CodeIgniter->run()
#12 {main}
CRITICAL - 2022-11-12 18:17:12 --> Call to undefined function notif()
#0 /var/www/html/ticket/system/View/View.php(214): include()
#1 /var/www/html/ticket/system/View/View.php(217): CodeIgniter\View\View->CodeIgniter\View\{closure}()
#2 /var/www/html/ticket/system/View/View.php(432): CodeIgniter\View\View->render()
#3 /var/www/html/ticket/app/Views/admin/dashboard.php(1): CodeIgniter\View\View->include()
#4 /var/www/html/ticket/system/View/View.php(214): include('/var/www/html/t...')
#5 /var/www/html/ticket/system/View/View.php(217): CodeIgniter\View\View->CodeIgniter\View\{closure}()
#6 /var/www/html/ticket/system/Common.php(1092): CodeIgniter\View\View->render()
#7 /var/www/html/ticket/app/Controllers/Admin.php(67): view()
#8 /var/www/html/ticket/system/CodeIgniter.php(802): App\Controllers\Admin->index()
#9 /var/www/html/ticket/system/CodeIgniter.php(399): CodeIgniter\CodeIgniter->runController()
#10 /var/www/html/ticket/system/CodeIgniter.php(317): CodeIgniter\CodeIgniter->handleRequest()
#11 /var/www/html/ticket/public/index.php(36): CodeIgniter\CodeIgniter->run()
#12 {main}
CRITICAL - 2022-11-12 18:18:07 --> Call to undefined function notifikasi()
#0 /var/www/html/ticket/system/View/View.php(214): include()
#1 /var/www/html/ticket/system/View/View.php(217): CodeIgniter\View\View->CodeIgniter\View\{closure}()
#2 /var/www/html/ticket/system/View/View.php(432): CodeIgniter\View\View->render()
#3 /var/www/html/ticket/app/Views/admin/dashboard.php(1): CodeIgniter\View\View->include()
#4 /var/www/html/ticket/system/View/View.php(214): include('/var/www/html/t...')
#5 /var/www/html/ticket/system/View/View.php(217): CodeIgniter\View\View->CodeIgniter\View\{closure}()
#6 /var/www/html/ticket/system/Common.php(1092): CodeIgniter\View\View->render()
#7 /var/www/html/ticket/app/Controllers/Admin.php(67): view()
#8 /var/www/html/ticket/system/CodeIgniter.php(802): App\Controllers\Admin->index()
#9 /var/www/html/ticket/system/CodeIgniter.php(399): CodeIgniter\CodeIgniter->runController()
#10 /var/www/html/ticket/system/CodeIgniter.php(317): CodeIgniter\CodeIgniter->handleRequest()
#11 /var/www/html/ticket/public/index.php(36): CodeIgniter\CodeIgniter->run()
#12 {main}
CRITICAL - 2022-11-12 18:18:07 --> Call to undefined function notifikasi()
#0 /var/www/html/ticket/system/View/View.php(214): include()
#1 /var/www/html/ticket/system/View/View.php(217): CodeIgniter\View\View->CodeIgniter\View\{closure}()
#2 /var/www/html/ticket/system/View/View.php(432): CodeIgniter\View\View->render()
#3 /var/www/html/ticket/app/Views/admin/dashboard.php(1): CodeIgniter\View\View->include()
#4 /var/www/html/ticket/system/View/View.php(214): include('/var/www/html/t...')
#5 /var/www/html/ticket/system/View/View.php(217): CodeIgniter\View\View->CodeIgniter\View\{closure}()
#6 /var/www/html/ticket/system/Common.php(1092): CodeIgniter\View\View->render()
#7 /var/www/html/ticket/app/Controllers/Admin.php(67): view()
#8 /var/www/html/ticket/system/CodeIgniter.php(802): App\Controllers\Admin->index()
#9 /var/www/html/ticket/system/CodeIgniter.php(399): CodeIgniter\CodeIgniter->runController()
#10 /var/www/html/ticket/system/CodeIgniter.php(317): CodeIgniter\CodeIgniter->handleRequest()
#11 /var/www/html/ticket/public/index.php(36): CodeIgniter\CodeIgniter->run()
#12 {main}
CRITICAL - 2022-11-12 18:18:58 --> Too few arguments to function settings(), 0 passed in /var/www/html/ticket/app/Views/admin/header.php on line 96 and exactly 1 expected
#0 /var/www/html/ticket/app/Views/admin/header.php(96): settings()
#1 /var/www/html/ticket/system/View/View.php(214): include('/var/www/html/t...')
#2 /var/www/html/ticket/system/View/View.php(217): CodeIgniter\View\View->CodeIgniter\View\{closure}()
#3 /var/www/html/ticket/system/View/View.php(432): CodeIgniter\View\View->render()
#4 /var/www/html/ticket/app/Views/admin/dashboard.php(1): CodeIgniter\View\View->include()
#5 /var/www/html/ticket/system/View/View.php(214): include('/var/www/html/t...')
#6 /var/www/html/ticket/system/View/View.php(217): CodeIgniter\View\View->CodeIgniter\View\{closure}()
#7 /var/www/html/ticket/system/Common.php(1092): CodeIgniter\View\View->render()
#8 /var/www/html/ticket/app/Controllers/Admin.php(67): view()
#9 /var/www/html/ticket/system/CodeIgniter.php(802): App\Controllers\Admin->index()
#10 /var/www/html/ticket/system/CodeIgniter.php(399): CodeIgniter\CodeIgniter->runController()
#11 /var/www/html/ticket/system/CodeIgniter.php(317): CodeIgniter\CodeIgniter->handleRequest()
#12 /var/www/html/ticket/public/index.php(36): CodeIgniter\CodeIgniter->run()
#13 {main}
CRITICAL - 2022-11-12 18:19:18 --> Call to undefined function notifikasi()
#0 /var/www/html/ticket/system/View/View.php(214): include()
#1 /var/www/html/ticket/system/View/View.php(217): CodeIgniter\View\View->CodeIgniter\View\{closure}()
#2 /var/www/html/ticket/system/View/View.php(432): CodeIgniter\View\View->render()
#3 /var/www/html/ticket/app/Views/admin/dashboard.php(1): CodeIgniter\View\View->include()
#4 /var/www/html/ticket/system/View/View.php(214): include('/var/www/html/t...')
#5 /var/www/html/ticket/system/View/View.php(217): CodeIgniter\View\View->CodeIgniter\View\{closure}()
#6 /var/www/html/ticket/system/Common.php(1092): CodeIgniter\View\View->render()
#7 /var/www/html/ticket/app/Controllers/Admin.php(67): view()
#8 /var/www/html/ticket/system/CodeIgniter.php(802): App\Controllers\Admin->index()
#9 /var/www/html/ticket/system/CodeIgniter.php(399): CodeIgniter\CodeIgniter->runController()
#10 /var/www/html/ticket/system/CodeIgniter.php(317): CodeIgniter\CodeIgniter->handleRequest()
#11 /var/www/html/ticket/public/index.php(36): CodeIgniter\CodeIgniter->run()
#12 {main}
CRITICAL - 2022-11-12 18:19:19 --> Call to undefined function notifikasi()
#0 /var/www/html/ticket/system/View/View.php(214): include()
#1 /var/www/html/ticket/system/View/View.php(217): CodeIgniter\View\View->CodeIgniter\View\{closure}()
#2 /var/www/html/ticket/system/View/View.php(432): CodeIgniter\View\View->render()
#3 /var/www/html/ticket/app/Views/admin/dashboard.php(1): CodeIgniter\View\View->include()
#4 /var/www/html/ticket/system/View/View.php(214): include('/var/www/html/t...')
#5 /var/www/html/ticket/system/View/View.php(217): CodeIgniter\View\View->CodeIgniter\View\{closure}()
#6 /var/www/html/ticket/system/Common.php(1092): CodeIgniter\View\View->render()
#7 /var/www/html/ticket/app/Controllers/Admin.php(67): view()
#8 /var/www/html/ticket/system/CodeIgniter.php(802): App\Controllers\Admin->index()
#9 /var/www/html/ticket/system/CodeIgniter.php(399): CodeIgniter\CodeIgniter->runController()
#10 /var/www/html/ticket/system/CodeIgniter.php(317): CodeIgniter\CodeIgniter->handleRequest()
#11 /var/www/html/ticket/public/index.php(36): CodeIgniter\CodeIgniter->run()
#12 {main}
CRITICAL - 2022-11-12 18:19:26 --> Call to undefined function notifikasi()
#0 /var/www/html/ticket/system/View/View.php(214): include()
#1 /var/www/html/ticket/system/View/View.php(217): CodeIgniter\View\View->CodeIgniter\View\{closure}()
#2 /var/www/html/ticket/system/View/View.php(432): CodeIgniter\View\View->render()
#3 /var/www/html/ticket/app/Views/admin/dashboard.php(1): CodeIgniter\View\View->include()
#4 /var/www/html/ticket/system/View/View.php(214): include('/var/www/html/t...')
#5 /var/www/html/ticket/system/View/View.php(217): CodeIgniter\View\View->CodeIgniter\View\{closure}()
#6 /var/www/html/ticket/system/Common.php(1092): CodeIgniter\View\View->render()
#7 /var/www/html/ticket/app/Controllers/Admin.php(67): view()
#8 /var/www/html/ticket/system/CodeIgniter.php(802): App\Controllers\Admin->index()
#9 /var/www/html/ticket/system/CodeIgniter.php(399): CodeIgniter\CodeIgniter->runController()
#10 /var/www/html/ticket/system/CodeIgniter.php(317): CodeIgniter\CodeIgniter->handleRequest()
#11 /var/www/html/ticket/public/index.php(36): CodeIgniter\CodeIgniter->run()
#12 {main}
CRITICAL - 2022-11-12 18:19:54 --> Call to undefined function notifikasi()
#0 /var/www/html/ticket/system/View/View.php(214): include()
#1 /var/www/html/ticket/system/View/View.php(217): CodeIgniter\View\View->CodeIgniter\View\{closure}()
#2 /var/www/html/ticket/system/View/View.php(432): CodeIgniter\View\View->render()
#3 /var/www/html/ticket/app/Views/admin/dashboard.php(1): CodeIgniter\View\View->include()
#4 /var/www/html/ticket/system/View/View.php(214): include('/var/www/html/t...')
#5 /var/www/html/ticket/system/View/View.php(217): CodeIgniter\View\View->CodeIgniter\View\{closure}()
#6 /var/www/html/ticket/system/Common.php(1092): CodeIgniter\View\View->render()
#7 /var/www/html/ticket/app/Controllers/Admin.php(67): view()
#8 /var/www/html/ticket/system/CodeIgniter.php(802): App\Controllers\Admin->index()
#9 /var/www/html/ticket/system/CodeIgniter.php(399): CodeIgniter\CodeIgniter->runController()
#10 /var/www/html/ticket/system/CodeIgniter.php(317): CodeIgniter\CodeIgniter->handleRequest()
#11 /var/www/html/ticket/public/index.php(36): CodeIgniter\CodeIgniter->run()
#12 {main}
CRITICAL - 2022-11-12 18:19:55 --> Call to undefined function notifikasi()
#0 /var/www/html/ticket/system/View/View.php(214): include()
#1 /var/www/html/ticket/system/View/View.php(217): CodeIgniter\View\View->CodeIgniter\View\{closure}()
#2 /var/www/html/ticket/system/View/View.php(432): CodeIgniter\View\View->render()
#3 /var/www/html/ticket/app/Views/admin/dashboard.php(1): CodeIgniter\View\View->include()
#4 /var/www/html/ticket/system/View/View.php(214): include('/var/www/html/t...')
#5 /var/www/html/ticket/system/View/View.php(217): CodeIgniter\View\View->CodeIgniter\View\{closure}()
#6 /var/www/html/ticket/system/Common.php(1092): CodeIgniter\View\View->render()
#7 /var/www/html/ticket/app/Controllers/Admin.php(67): view()
#8 /var/www/html/ticket/system/CodeIgniter.php(802): App\Controllers\Admin->index()
#9 /var/www/html/ticket/system/CodeIgniter.php(399): CodeIgniter\CodeIgniter->runController()
#10 /var/www/html/ticket/system/CodeIgniter.php(317): CodeIgniter\CodeIgniter->handleRequest()
#11 /var/www/html/ticket/public/index.php(36): CodeIgniter\CodeIgniter->run()
#12 {main}
CRITICAL - 2022-11-12 18:19:56 --> Call to undefined function notifikasi()
#0 /var/www/html/ticket/system/View/View.php(214): include()
#1 /var/www/html/ticket/system/View/View.php(217): CodeIgniter\View\View->CodeIgniter\View\{closure}()
#2 /var/www/html/ticket/system/View/View.php(432): CodeIgniter\View\View->render()
#3 /var/www/html/ticket/app/Views/admin/dashboard.php(1): CodeIgniter\View\View->include()
#4 /var/www/html/ticket/system/View/View.php(214): include('/var/www/html/t...')
#5 /var/www/html/ticket/system/View/View.php(217): CodeIgniter\View\View->CodeIgniter\View\{closure}()
#6 /var/www/html/ticket/system/Common.php(1092): CodeIgniter\View\View->render()
#7 /var/www/html/ticket/app/Controllers/Admin.php(67): view()
#8 /var/www/html/ticket/system/CodeIgniter.php(802): App\Controllers\Admin->index()
#9 /var/www/html/ticket/system/CodeIgniter.php(399): CodeIgniter\CodeIgniter->runController()
#10 /var/www/html/ticket/system/CodeIgniter.php(317): CodeIgniter\CodeIgniter->handleRequest()
#11 /var/www/html/ticket/public/index.php(36): CodeIgniter\CodeIgniter->run()
#12 {main}
CRITICAL - 2022-11-12 18:28:35 --> Call to undefined function notifikasi()
#0 /var/www/html/ticket/system/View/View.php(214): include()
#1 /var/www/html/ticket/system/View/View.php(217): CodeIgniter\View\View->CodeIgniter\View\{closure}()
#2 /var/www/html/ticket/system/View/View.php(432): CodeIgniter\View\View->render()
#3 /var/www/html/ticket/app/Views/admin/dashboard.php(1): CodeIgniter\View\View->include()
#4 /var/www/html/ticket/system/View/View.php(214): include('/var/www/html/t...')
#5 /var/www/html/ticket/system/View/View.php(217): CodeIgniter\View\View->CodeIgniter\View\{closure}()
#6 /var/www/html/ticket/system/Common.php(1092): CodeIgniter\View\View->render()
#7 /var/www/html/ticket/app/Controllers/Admin.php(67): view()
#8 /var/www/html/ticket/system/CodeIgniter.php(802): App\Controllers\Admin->index()
#9 /var/www/html/ticket/system/CodeIgniter.php(399): CodeIgniter\CodeIgniter->runController()
#10 /var/www/html/ticket/system/CodeIgniter.php(317): CodeIgniter\CodeIgniter->handleRequest()
#11 /var/www/html/ticket/public/index.php(36): CodeIgniter\CodeIgniter->run()
#12 {main}
CRITICAL - 2022-11-12 18:28:36 --> Call to undefined function notifikasi()
#0 /var/www/html/ticket/system/View/View.php(214): include()
#1 /var/www/html/ticket/system/View/View.php(217): CodeIgniter\View\View->CodeIgniter\View\{closure}()
#2 /var/www/html/ticket/system/View/View.php(432): CodeIgniter\View\View->render()
#3 /var/www/html/ticket/app/Views/admin/dashboard.php(1): CodeIgniter\View\View->include()
#4 /var/www/html/ticket/system/View/View.php(214): include('/var/www/html/t...')
#5 /var/www/html/ticket/system/View/View.php(217): CodeIgniter\View\View->CodeIgniter\View\{closure}()
#6 /var/www/html/ticket/system/Common.php(1092): CodeIgniter\View\View->render()
#7 /var/www/html/ticket/app/Controllers/Admin.php(67): view()
#8 /var/www/html/ticket/system/CodeIgniter.php(802): App\Controllers\Admin->index()
#9 /var/www/html/ticket/system/CodeIgniter.php(399): CodeIgniter\CodeIgniter->runController()
#10 /var/www/html/ticket/system/CodeIgniter.php(317): CodeIgniter\CodeIgniter->handleRequest()
#11 /var/www/html/ticket/public/index.php(36): CodeIgniter\CodeIgniter->run()
#12 {main}
CRITICAL - 2022-11-12 18:28:37 --> Call to undefined function notifikasi()
#0 /var/www/html/ticket/system/View/View.php(214): include()
#1 /var/www/html/ticket/system/View/View.php(217): CodeIgniter\View\View->CodeIgniter\View\{closure}()
#2 /var/www/html/ticket/system/View/View.php(432): CodeIgniter\View\View->render()
#3 /var/www/html/ticket/app/Views/admin/dashboard.php(1): CodeIgniter\View\View->include()
#4 /var/www/html/ticket/system/View/View.php(214): include('/var/www/html/t...')
#5 /var/www/html/ticket/system/View/View.php(217): CodeIgniter\View\View->CodeIgniter\View\{closure}()
#6 /var/www/html/ticket/system/Common.php(1092): CodeIgniter\View\View->render()
#7 /var/www/html/ticket/app/Controllers/Admin.php(67): view()
#8 /var/www/html/ticket/system/CodeIgniter.php(802): App\Controllers\Admin->index()
#9 /var/www/html/ticket/system/CodeIgniter.php(399): CodeIgniter\CodeIgniter->runController()
#10 /var/www/html/ticket/system/CodeIgniter.php(317): CodeIgniter\CodeIgniter->handleRequest()
#11 /var/www/html/ticket/public/index.php(36): CodeIgniter\CodeIgniter->run()
#12 {main}
CRITICAL - 2022-11-12 18:28:38 --> Call to undefined function notifikasi()
#0 /var/www/html/ticket/system/View/View.php(214): include()
#1 /var/www/html/ticket/system/View/View.php(217): CodeIgniter\View\View->CodeIgniter\View\{closure}()
#2 /var/www/html/ticket/system/View/View.php(432): CodeIgniter\View\View->render()
#3 /var/www/html/ticket/app/Views/admin/dashboard.php(1): CodeIgniter\View\View->include()
#4 /var/www/html/ticket/system/View/View.php(214): include('/var/www/html/t...')
#5 /var/www/html/ticket/system/View/View.php(217): CodeIgniter\View\View->CodeIgniter\View\{closure}()
#6 /var/www/html/ticket/system/Common.php(1092): CodeIgniter\View\View->render()
#7 /var/www/html/ticket/app/Controllers/Admin.php(67): view()
#8 /var/www/html/ticket/system/CodeIgniter.php(802): App\Controllers\Admin->index()
#9 /var/www/html/ticket/system/CodeIgniter.php(399): CodeIgniter\CodeIgniter->runController()
#10 /var/www/html/ticket/system/CodeIgniter.php(317): CodeIgniter\CodeIgniter->handleRequest()
#11 /var/www/html/ticket/public/index.php(36): CodeIgniter\CodeIgniter->run()
#12 {main}
CRITICAL - 2022-11-12 18:29:29 --> Call to undefined function pemberitahuan()
#0 /var/www/html/ticket/system/View/View.php(214): include()
#1 /var/www/html/ticket/system/View/View.php(217): CodeIgniter\View\View->CodeIgniter\View\{closure}()
#2 /var/www/html/ticket/system/View/View.php(432): CodeIgniter\View\View->render()
#3 /var/www/html/ticket/app/Views/admin/dashboard.php(1): CodeIgniter\View\View->include()
#4 /var/www/html/ticket/system/View/View.php(214): include('/var/www/html/t...')
#5 /var/www/html/ticket/system/View/View.php(217): CodeIgniter\View\View->CodeIgniter\View\{closure}()
#6 /var/www/html/ticket/system/Common.php(1092): CodeIgniter\View\View->render()
#7 /var/www/html/ticket/app/Controllers/Admin.php(67): view()
#8 /var/www/html/ticket/system/CodeIgniter.php(802): App\Controllers\Admin->index()
#9 /var/www/html/ticket/system/CodeIgniter.php(399): CodeIgniter\CodeIgniter->runController()
#10 /var/www/html/ticket/system/CodeIgniter.php(317): CodeIgniter\CodeIgniter->handleRequest()
#11 /var/www/html/ticket/public/index.php(36): CodeIgniter\CodeIgniter->run()
#12 {main}
CRITICAL - 2022-11-12 18:29:30 --> Call to undefined function pemberitahuan()
#0 /var/www/html/ticket/system/View/View.php(214): include()
#1 /var/www/html/ticket/system/View/View.php(217): CodeIgniter\View\View->CodeIgniter\View\{closure}()
#2 /var/www/html/ticket/system/View/View.php(432): CodeIgniter\View\View->render()
#3 /var/www/html/ticket/app/Views/admin/dashboard.php(1): CodeIgniter\View\View->include()
#4 /var/www/html/ticket/system/View/View.php(214): include('/var/www/html/t...')
#5 /var/www/html/ticket/system/View/View.php(217): CodeIgniter\View\View->CodeIgniter\View\{closure}()
#6 /var/www/html/ticket/system/Common.php(1092): CodeIgniter\View\View->render()
#7 /var/www/html/ticket/app/Controllers/Admin.php(67): view()
#8 /var/www/html/ticket/system/CodeIgniter.php(802): App\Controllers\Admin->index()
#9 /var/www/html/ticket/system/CodeIgniter.php(399): CodeIgniter\CodeIgniter->runController()
#10 /var/www/html/ticket/system/CodeIgniter.php(317): CodeIgniter\CodeIgniter->handleRequest()
#11 /var/www/html/ticket/public/index.php(36): CodeIgniter\CodeIgniter->run()
#12 {main}
CRITICAL - 2022-11-12 18:29:54 --> Call to undefined function pemberitahuan()
#0 /var/www/html/ticket/system/View/View.php(214): include()
#1 /var/www/html/ticket/system/View/View.php(217): CodeIgniter\View\View->CodeIgniter\View\{closure}()
#2 /var/www/html/ticket/system/View/View.php(432): CodeIgniter\View\View->render()
#3 /var/www/html/ticket/app/Views/admin/dashboard.php(1): CodeIgniter\View\View->include()
#4 /var/www/html/ticket/system/View/View.php(214): include('/var/www/html/t...')
#5 /var/www/html/ticket/system/View/View.php(217): CodeIgniter\View\View->CodeIgniter\View\{closure}()
#6 /var/www/html/ticket/system/Common.php(1092): CodeIgniter\View\View->render()
#7 /var/www/html/ticket/app/Controllers/Admin.php(67): view()
#8 /var/www/html/ticket/system/CodeIgniter.php(802): App\Controllers\Admin->index()
#9 /var/www/html/ticket/system/CodeIgniter.php(399): CodeIgniter\CodeIgniter->runController()
#10 /var/www/html/ticket/system/CodeIgniter.php(317): CodeIgniter\CodeIgniter->handleRequest()
#11 /var/www/html/ticket/public/index.php(36): CodeIgniter\CodeIgniter->run()
#12 {main}
CRITICAL - 2022-11-12 18:29:55 --> Call to undefined function pemberitahuan()
#0 /var/www/html/ticket/system/View/View.php(214): include()
#1 /var/www/html/ticket/system/View/View.php(217): CodeIgniter\View\View->CodeIgniter\View\{closure}()
#2 /var/www/html/ticket/system/View/View.php(432): CodeIgniter\View\View->render()
#3 /var/www/html/ticket/app/Views/admin/dashboard.php(1): CodeIgniter\View\View->include()
#4 /var/www/html/ticket/system/View/View.php(214): include('/var/www/html/t...')
#5 /var/www/html/ticket/system/View/View.php(217): CodeIgniter\View\View->CodeIgniter\View\{closure}()
#6 /var/www/html/ticket/system/Common.php(1092): CodeIgniter\View\View->render()
#7 /var/www/html/ticket/app/Controllers/Admin.php(67): view()
#8 /var/www/html/ticket/system/CodeIgniter.php(802): App\Controllers\Admin->index()
#9 /var/www/html/ticket/system/CodeIgniter.php(399): CodeIgniter\CodeIgniter->runController()
#10 /var/www/html/ticket/system/CodeIgniter.php(317): CodeIgniter\CodeIgniter->handleRequest()
#11 /var/www/html/ticket/public/index.php(36): CodeIgniter\CodeIgniter->run()
#12 {main}
CRITICAL - 2022-11-12 18:29:55 --> Call to undefined function pemberitahuan()
#0 /var/www/html/ticket/system/View/View.php(214): include()
#1 /var/www/html/ticket/system/View/View.php(217): CodeIgniter\View\View->CodeIgniter\View\{closure}()
#2 /var/www/html/ticket/system/View/View.php(432): CodeIgniter\View\View->render()
#3 /var/www/html/ticket/app/Views/admin/dashboard.php(1): CodeIgniter\View\View->include()
#4 /var/www/html/ticket/system/View/View.php(214): include('/var/www/html/t...')
#5 /var/www/html/ticket/system/View/View.php(217): CodeIgniter\View\View->CodeIgniter\View\{closure}()
#6 /var/www/html/ticket/system/Common.php(1092): CodeIgniter\View\View->render()
#7 /var/www/html/ticket/app/Controllers/Admin.php(67): view()
#8 /var/www/html/ticket/system/CodeIgniter.php(802): App\Controllers\Admin->index()
#9 /var/www/html/ticket/system/CodeIgniter.php(399): CodeIgniter\CodeIgniter->runController()
#10 /var/www/html/ticket/system/CodeIgniter.php(317): CodeIgniter\CodeIgniter->handleRequest()
#11 /var/www/html/ticket/public/index.php(36): CodeIgniter\CodeIgniter->run()
#12 {main}
CRITICAL - 2022-11-12 18:29:56 --> Call to undefined function pemberitahuan()
#0 /var/www/html/ticket/system/View/View.php(214): include()
#1 /var/www/html/ticket/system/View/View.php(217): CodeIgniter\View\View->CodeIgniter\View\{closure}()
#2 /var/www/html/ticket/system/View/View.php(432): CodeIgniter\View\View->render()
#3 /var/www/html/ticket/app/Views/admin/dashboard.php(1): CodeIgniter\View\View->include()
#4 /var/www/html/ticket/system/View/View.php(214): include('/var/www/html/t...')
#5 /var/www/html/ticket/system/View/View.php(217): CodeIgniter\View\View->CodeIgniter\View\{closure}()
#6 /var/www/html/ticket/system/Common.php(1092): CodeIgniter\View\View->render()
#7 /var/www/html/ticket/app/Controllers/Admin.php(67): view()
#8 /var/www/html/ticket/system/CodeIgniter.php(802): App\Controllers\Admin->index()
#9 /var/www/html/ticket/system/CodeIgniter.php(399): CodeIgniter\CodeIgniter->runController()
#10 /var/www/html/ticket/system/CodeIgniter.php(317): CodeIgniter\CodeIgniter->handleRequest()
#11 /var/www/html/ticket/public/index.php(36): CodeIgniter\CodeIgniter->run()
#12 {main}
CRITICAL - 2022-11-12 18:30:08 --> Call to undefined function pemberitahuan()
#0 /var/www/html/ticket/system/View/View.php(214): include()
#1 /var/www/html/ticket/system/View/View.php(217): CodeIgniter\View\View->CodeIgniter\View\{closure}()
#2 /var/www/html/ticket/system/View/View.php(432): CodeIgniter\View\View->render()
#3 /var/www/html/ticket/app/Views/admin/dashboard.php(1): CodeIgniter\View\View->include()
#4 /var/www/html/ticket/system/View/View.php(214): include('/var/www/html/t...')
#5 /var/www/html/ticket/system/View/View.php(217): CodeIgniter\View\View->CodeIgniter\View\{closure}()
#6 /var/www/html/ticket/system/Common.php(1092): CodeIgniter\View\View->render()
#7 /var/www/html/ticket/app/Controllers/Admin.php(67): view()
#8 /var/www/html/ticket/system/CodeIgniter.php(802): App\Controllers\Admin->index()
#9 /var/www/html/ticket/system/CodeIgniter.php(399): CodeIgniter\CodeIgniter->runController()
#10 /var/www/html/ticket/system/CodeIgniter.php(317): CodeIgniter\CodeIgniter->handleRequest()
#11 /var/www/html/ticket/public/index.php(36): CodeIgniter\CodeIgniter->run()
#12 {main}
CRITICAL - 2022-11-12 18:30:10 --> Call to undefined function pemberitahuan()
#0 /var/www/html/ticket/system/View/View.php(214): include()
#1 /var/www/html/ticket/system/View/View.php(217): CodeIgniter\View\View->CodeIgniter\View\{closure}()
#2 /var/www/html/ticket/system/View/View.php(432): CodeIgniter\View\View->render()
#3 /var/www/html/ticket/app/Views/admin/dashboard.php(1): CodeIgniter\View\View->include()
#4 /var/www/html/ticket/system/View/View.php(214): include('/var/www/html/t...')
#5 /var/www/html/ticket/system/View/View.php(217): CodeIgniter\View\View->CodeIgniter\View\{closure}()
#6 /var/www/html/ticket/system/Common.php(1092): CodeIgniter\View\View->render()
#7 /var/www/html/ticket/app/Controllers/Admin.php(67): view()
#8 /var/www/html/ticket/system/CodeIgniter.php(802): App\Controllers\Admin->index()
#9 /var/www/html/ticket/system/CodeIgniter.php(399): CodeIgniter\CodeIgniter->runController()
#10 /var/www/html/ticket/system/CodeIgniter.php(317): CodeIgniter\CodeIgniter->handleRequest()
#11 /var/www/html/ticket/public/index.php(36): CodeIgniter\CodeIgniter->run()
#12 {main}
CRITICAL - 2022-11-12 18:31:13 --> Call to undefined function notif()
#0 /var/www/html/ticket/system/View/View.php(214): include()
#1 /var/www/html/ticket/system/View/View.php(217): CodeIgniter\View\View->CodeIgniter\View\{closure}()
#2 /var/www/html/ticket/system/View/View.php(432): CodeIgniter\View\View->render()
#3 /var/www/html/ticket/app/Views/admin/dashboard.php(1): CodeIgniter\View\View->include()
#4 /var/www/html/ticket/system/View/View.php(214): include('/var/www/html/t...')
#5 /var/www/html/ticket/system/View/View.php(217): CodeIgniter\View\View->CodeIgniter\View\{closure}()
#6 /var/www/html/ticket/system/Common.php(1092): CodeIgniter\View\View->render()
#7 /var/www/html/ticket/app/Controllers/Admin.php(67): view()
#8 /var/www/html/ticket/system/CodeIgniter.php(802): App\Controllers\Admin->index()
#9 /var/www/html/ticket/system/CodeIgniter.php(399): CodeIgniter\CodeIgniter->runController()
#10 /var/www/html/ticket/system/CodeIgniter.php(317): CodeIgniter\CodeIgniter->handleRequest()
#11 /var/www/html/ticket/public/index.php(36): CodeIgniter\CodeIgniter->run()
#12 {main}
CRITICAL - 2022-11-12 18:31:14 --> Call to undefined function notif()
#0 /var/www/html/ticket/system/View/View.php(214): include()
#1 /var/www/html/ticket/system/View/View.php(217): CodeIgniter\View\View->CodeIgniter\View\{closure}()
#2 /var/www/html/ticket/system/View/View.php(432): CodeIgniter\View\View->render()
#3 /var/www/html/ticket/app/Views/admin/dashboard.php(1): CodeIgniter\View\View->include()
#4 /var/www/html/ticket/system/View/View.php(214): include('/var/www/html/t...')
#5 /var/www/html/ticket/system/View/View.php(217): CodeIgniter\View\View->CodeIgniter\View\{closure}()
#6 /var/www/html/ticket/system/Common.php(1092): CodeIgniter\View\View->render()
#7 /var/www/html/ticket/app/Controllers/Admin.php(67): view()
#8 /var/www/html/ticket/system/CodeIgniter.php(802): App\Controllers\Admin->index()
#9 /var/www/html/ticket/system/CodeIgniter.php(399): CodeIgniter\CodeIgniter->runController()
#10 /var/www/html/ticket/system/CodeIgniter.php(317): CodeIgniter\CodeIgniter->handleRequest()
#11 /var/www/html/ticket/public/index.php(36): CodeIgniter\CodeIgniter->run()
#12 {main}
CRITICAL - 2022-11-12 18:32:41 --> Array to string conversion
#0 /var/www/html/ticket/app/Views/admin/header.php(96): CodeIgniter\Debug\Exceptions->errorHandler()
#1 /var/www/html/ticket/system/View/View.php(214): include('/var/www/html/t...')
#2 /var/www/html/ticket/system/View/View.php(217): CodeIgniter\View\View->CodeIgniter\View\{closure}()
#3 /var/www/html/ticket/system/View/View.php(432): CodeIgniter\View\View->render()
#4 /var/www/html/ticket/app/Views/admin/dashboard.php(1): CodeIgniter\View\View->include()
#5 /var/www/html/ticket/system/View/View.php(214): include('/var/www/html/t...')
#6 /var/www/html/ticket/system/View/View.php(217): CodeIgniter\View\View->CodeIgniter\View\{closure}()
#7 /var/www/html/ticket/system/Common.php(1092): CodeIgniter\View\View->render()
#8 /var/www/html/ticket/app/Controllers/Admin.php(67): view()
#9 /var/www/html/ticket/system/CodeIgniter.php(802): App\Controllers\Admin->index()
#10 /var/www/html/ticket/system/CodeIgniter.php(399): CodeIgniter\CodeIgniter->runController()
#11 /var/www/html/ticket/system/CodeIgniter.php(317): CodeIgniter\CodeIgniter->handleRequest()
#12 /var/www/html/ticket/public/index.php(36): CodeIgniter\CodeIgniter->run()
#13 {main}
CRITICAL - 2022-11-12 18:32:42 --> Array to string conversion
#0 /var/www/html/ticket/app/Views/admin/header.php(96): CodeIgniter\Debug\Exceptions->errorHandler()
#1 /var/www/html/ticket/system/View/View.php(214): include('/var/www/html/t...')
#2 /var/www/html/ticket/system/View/View.php(217): CodeIgniter\View\View->CodeIgniter\View\{closure}()
#3 /var/www/html/ticket/system/View/View.php(432): CodeIgniter\View\View->render()
#4 /var/www/html/ticket/app/Views/admin/dashboard.php(1): CodeIgniter\View\View->include()
#5 /var/www/html/ticket/system/View/View.php(214): include('/var/www/html/t...')
#6 /var/www/html/ticket/system/View/View.php(217): CodeIgniter\View\View->CodeIgniter\View\{closure}()
#7 /var/www/html/ticket/system/Common.php(1092): CodeIgniter\View\View->render()
#8 /var/www/html/ticket/app/Controllers/Admin.php(67): view()
#9 /var/www/html/ticket/system/CodeIgniter.php(802): App\Controllers\Admin->index()
#10 /var/www/html/ticket/system/CodeIgniter.php(399): CodeIgniter\CodeIgniter->runController()
#11 /var/www/html/ticket/system/CodeIgniter.php(317): CodeIgniter\CodeIgniter->handleRequest()
#12 /var/www/html/ticket/public/index.php(36): CodeIgniter\CodeIgniter->run()
#13 {main}
CRITICAL - 2022-11-12 19:31:39 --> syntax error, unexpected end of file
#0 /var/www/html/ticket/system/View/View.php(217): CodeIgniter\View\View->CodeIgniter\View\{closure}()
#1 /var/www/html/ticket/system/View/View.php(432): CodeIgniter\View\View->render()
#2 /var/www/html/ticket/app/Views/admin/dashboard.php(1): CodeIgniter\View\View->include()
#3 /var/www/html/ticket/system/View/View.php(214): include('/var/www/html/t...')
#4 /var/www/html/ticket/system/View/View.php(217): CodeIgniter\View\View->CodeIgniter\View\{closure}()
#5 /var/www/html/ticket/system/Common.php(1092): CodeIgniter\View\View->render()
#6 /var/www/html/ticket/app/Controllers/Admin.php(67): view()
#7 /var/www/html/ticket/system/CodeIgniter.php(802): App\Controllers\Admin->index()
#8 /var/www/html/ticket/system/CodeIgniter.php(399): CodeIgniter\CodeIgniter->runController()
#9 /var/www/html/ticket/system/CodeIgniter.php(317): CodeIgniter\CodeIgniter->handleRequest()
#10 /var/www/html/ticket/public/index.php(36): CodeIgniter\CodeIgniter->run()
#11 {main}
CRITICAL - 2022-11-12 19:32:47 --> Undefined variable: pemberitahuan
#0 /var/www/html/ticket/app/Views/admin/header.php(97): CodeIgniter\Debug\Exceptions->errorHandler()
#1 /var/www/html/ticket/system/View/View.php(214): include('/var/www/html/t...')
#2 /var/www/html/ticket/system/View/View.php(217): CodeIgniter\View\View->CodeIgniter\View\{closure}()
#3 /var/www/html/ticket/system/View/View.php(432): CodeIgniter\View\View->render()
#4 /var/www/html/ticket/app/Views/admin/dashboard.php(1): CodeIgniter\View\View->include()
#5 /var/www/html/ticket/system/View/View.php(214): include('/var/www/html/t...')
#6 /var/www/html/ticket/system/View/View.php(217): CodeIgniter\View\View->CodeIgniter\View\{closure}()
#7 /var/www/html/ticket/system/Common.php(1092): CodeIgniter\View\View->render()
#8 /var/www/html/ticket/app/Controllers/Admin.php(67): view()
#9 /var/www/html/ticket/system/CodeIgniter.php(802): App\Controllers\Admin->index()
#10 /var/www/html/ticket/system/CodeIgniter.php(399): CodeIgniter\CodeIgniter->runController()
#11 /var/www/html/ticket/system/CodeIgniter.php(317): CodeIgniter\CodeIgniter->handleRequest()
#12 /var/www/html/ticket/public/index.php(36): CodeIgniter\CodeIgniter->run()
#13 {main}
CRITICAL - 2022-11-12 20:07:11 --> syntax error, unexpected 'return' (T_RETURN)
#0 /var/www/html/ticket/system/Router/Router.php(160): CodeIgniter\Router\Router->autoRoute()
#1 /var/www/html/ticket/system/CodeIgniter.php(702): CodeIgniter\Router\Router->handle()
#2 /var/www/html/ticket/system/CodeIgniter.php(358): CodeIgniter\CodeIgniter->tryToRouteIt()
#3 /var/www/html/ticket/system/CodeIgniter.php(317): CodeIgniter\CodeIgniter->handleRequest()
#4 /var/www/html/ticket/public/index.php(36): CodeIgniter\CodeIgniter->run()
#5 {main}
CRITICAL - 2022-11-12 20:07:22 --> syntax error, unexpected 'return' (T_RETURN)
#0 /var/www/html/ticket/system/Router/Router.php(160): CodeIgniter\Router\Router->autoRoute()
#1 /var/www/html/ticket/system/CodeIgniter.php(702): CodeIgniter\Router\Router->handle()
#2 /var/www/html/ticket/system/CodeIgniter.php(358): CodeIgniter\CodeIgniter->tryToRouteIt()
#3 /var/www/html/ticket/system/CodeIgniter.php(317): CodeIgniter\CodeIgniter->handleRequest()
#4 /var/www/html/ticket/public/index.php(36): CodeIgniter\CodeIgniter->run()
#5 {main}
CRITICAL - 2022-11-12 20:07:26 --> syntax error, unexpected 'return' (T_RETURN)
#0 /var/www/html/ticket/system/Router/Router.php(160): CodeIgniter\Router\Router->autoRoute()
#1 /var/www/html/ticket/system/CodeIgniter.php(702): CodeIgniter\Router\Router->handle()
#2 /var/www/html/ticket/system/CodeIgniter.php(358): CodeIgniter\CodeIgniter->tryToRouteIt()
#3 /var/www/html/ticket/system/CodeIgniter.php(317): CodeIgniter\CodeIgniter->handleRequest()
#4 /var/www/html/ticket/public/index.php(36): CodeIgniter\CodeIgniter->run()
#5 {main}
