CRITICAL - 2022-10-12 08:38:03 --> Use of undefined constant aplikasi - assumed 'aplikasi' (this will throw an Error in a future version of PHP)
#0 /var/www/html/ticket/app/Views/login.php(7): CodeIgniter\Debug\Exceptions->errorHandler()
#1 /var/www/html/ticket/system/View/View.php(214): include('/var/www/html/t...')
#2 /var/www/html/ticket/system/View/View.php(217): CodeIgniter\View\View->CodeIgniter\View\{closure}()
#3 /var/www/html/ticket/system/Common.php(1092): CodeIgniter\View\View->render()
#4 /var/www/html/ticket/app/Controllers/Login.php(17): view()
#5 /var/www/html/ticket/system/CodeIgniter.php(802): App\Controllers\Login->index()
#6 /var/www/html/ticket/system/CodeIgniter.php(399): CodeIgniter\CodeIgniter->runController()
#7 /var/www/html/ticket/system/CodeIgniter.php(317): CodeIgniter\CodeIgniter->handleRequest()
#8 /var/www/html/ticket/public/index.php(36): CodeIgniter\CodeIgniter->run()
#9 {main}
CRITICAL - 2022-10-12 09:17:15 --> syntax error, unexpected '}'
#0 /var/www/html/ticket/system/Router/Router.php(160): CodeIgniter\Router\Router->autoRoute()
#1 /var/www/html/ticket/system/CodeIgniter.php(702): CodeIgniter\Router\Router->handle()
#2 /var/www/html/ticket/system/CodeIgniter.php(358): CodeIgniter\CodeIgniter->tryToRouteIt()
#3 /var/www/html/ticket/system/CodeIgniter.php(317): CodeIgniter\CodeIgniter->handleRequest()
#4 /var/www/html/ticket/public/index.php(36): CodeIgniter\CodeIgniter->run()
#5 {main}
ERROR - 2022-10-12 10:02:19 --> Table 'helpdesk.username' doesn't exist
CRITICAL - 2022-10-12 10:02:19 --> Table 'helpdesk.username' doesn't exist
#0 /var/www/html/ticket/system/Database/MySQLi/Connection.php(280): mysqli->query()
#1 /var/www/html/ticket/system/Database/BaseConnection.php(663): CodeIgniter\Database\MySQLi\Connection->execute()
#2 /var/www/html/ticket/system/Database/BaseConnection.php(591): CodeIgniter\Database\BaseConnection->simpleQuery()
#3 /var/www/html/ticket/system/Database/BaseBuilder.php(1428): CodeIgniter\Database\BaseConnection->query()
#4 /var/www/html/ticket/app/Controllers/Login.php(26): CodeIgniter\Database\BaseBuilder->get()
#5 /var/www/html/ticket/system/CodeIgniter.php(802): App\Controllers\Login->verif()
#6 /var/www/html/ticket/system/CodeIgniter.php(399): CodeIgniter\CodeIgniter->runController()
#7 /var/www/html/ticket/system/CodeIgniter.php(317): CodeIgniter\CodeIgniter->handleRequest()
#8 /var/www/html/ticket/public/index.php(36): CodeIgniter\CodeIgniter->run()
#9 {main}
CRITICAL - 2022-10-12 10:20:29 --> Call to a member function num_rows() on array
#0 /var/www/html/ticket/system/CodeIgniter.php(802): App\Controllers\Login->verif()
#1 /var/www/html/ticket/system/CodeIgniter.php(399): CodeIgniter\CodeIgniter->runController()
#2 /var/www/html/ticket/system/CodeIgniter.php(317): CodeIgniter\CodeIgniter->handleRequest()
#3 /var/www/html/ticket/public/index.php(36): CodeIgniter\CodeIgniter->run()
#4 {main}
CRITICAL - 2022-10-12 14:17:15 --> Undefined variable: tahun
#0 /var/www/html/ticket/app/Views/admin/dashboard.php(64): CodeIgniter\Debug\Exceptions->errorHandler()
#1 /var/www/html/ticket/system/View/View.php(214): include('/var/www/html/t...')
#2 /var/www/html/ticket/system/View/View.php(217): CodeIgniter\View\View->CodeIgniter\View\{closure}()
#3 /var/www/html/ticket/system/Common.php(1092): CodeIgniter\View\View->render()
#4 /var/www/html/ticket/app/Controllers/Admin.php(13): view()
#5 /var/www/html/ticket/system/CodeIgniter.php(802): App\Controllers\Admin->index()
#6 /var/www/html/ticket/system/CodeIgniter.php(399): CodeIgniter\CodeIgniter->runController()
#7 /var/www/html/ticket/system/CodeIgniter.php(317): CodeIgniter\CodeIgniter->handleRequest()
#8 /var/www/html/ticket/public/index.php(36): CodeIgniter\CodeIgniter->run()
#9 {main}
CRITICAL - 2022-10-12 15:36:52 --> Call to undefined function ase_url()
#0 /var/www/html/ticket/system/View/View.php(214): include()
#1 /var/www/html/ticket/system/View/View.php(217): CodeIgniter\View\View->CodeIgniter\View\{closure}()
#2 /var/www/html/ticket/system/View/View.php(432): CodeIgniter\View\View->render()
#3 /var/www/html/ticket/app/Views/admin/dashboard.php(1): CodeIgniter\View\View->include()
#4 /var/www/html/ticket/system/View/View.php(214): include('/var/www/html/t...')
#5 /var/www/html/ticket/system/View/View.php(217): CodeIgniter\View\View->CodeIgniter\View\{closure}()
#6 /var/www/html/ticket/system/Common.php(1092): CodeIgniter\View\View->render()
#7 /var/www/html/ticket/app/Controllers/Admin.php(13): view()
#8 /var/www/html/ticket/system/CodeIgniter.php(802): App\Controllers\Admin->index()
#9 /var/www/html/ticket/system/CodeIgniter.php(399): CodeIgniter\CodeIgniter->runController()
#10 /var/www/html/ticket/system/CodeIgniter.php(317): CodeIgniter\CodeIgniter->handleRequest()
#11 /var/www/html/ticket/public/index.php(36): CodeIgniter\CodeIgniter->run()
#12 {main}
