CRITICAL - 2022-10-16 05:23:07 --> Undefined index: nama_dept
#0 /var/www/html/ticket/app/Views/admin/edit_jabatan.php(27): CodeIgniter\Debug\Exceptions->errorHandler()
#1 /var/www/html/ticket/system/View/View.php(214): include('/var/www/html/t...')
#2 /var/www/html/ticket/system/View/View.php(217): CodeIgniter\View\View->CodeIgniter\View\{closure}()
#3 /var/www/html/ticket/system/Common.php(1092): CodeIgniter\View\View->render()
#4 /var/www/html/ticket/app/Controllers/Admin.php(148): view()
#5 /var/www/html/ticket/system/CodeIgniter.php(802): App\Controllers\Admin->edit_jabatan()
#6 /var/www/html/ticket/system/CodeIgniter.php(399): CodeIgniter\CodeIgniter->runController()
#7 /var/www/html/ticket/system/CodeIgniter.php(317): CodeIgniter\CodeIgniter->handleRequest()
#8 /var/www/html/ticket/public/index.php(36): CodeIgniter\CodeIgniter->run()
#9 {main}
CRITICAL - 2022-10-16 05:26:04 --> Undefined index: id_dept
#0 /var/www/html/ticket/app/Views/admin/edit_jabatan.php(29): CodeIgniter\Debug\Exceptions->errorHandler()
#1 /var/www/html/ticket/system/View/View.php(214): include('/var/www/html/t...')
#2 /var/www/html/ticket/system/View/View.php(217): CodeIgniter\View\View->CodeIgniter\View\{closure}()
#3 /var/www/html/ticket/system/Common.php(1092): CodeIgniter\View\View->render()
#4 /var/www/html/ticket/app/Controllers/Admin.php(148): view()
#5 /var/www/html/ticket/system/CodeIgniter.php(802): App\Controllers\Admin->edit_jabatan()
#6 /var/www/html/ticket/system/CodeIgniter.php(399): CodeIgniter\CodeIgniter->runController()
#7 /var/www/html/ticket/system/CodeIgniter.php(317): CodeIgniter\CodeIgniter->handleRequest()
#8 /var/www/html/ticket/public/index.php(36): CodeIgniter\CodeIgniter->run()
#9 {main}
