CRITICAL - 2022-10-20 08:31:43 --> Cannot redeclare App\Controllers\Admin::del_lokasi()
#0 [internal function]: CodeIgniter\Debug\Exceptions->shutdownHandler()
#1 {main}
CRITICAL - 2022-10-20 08:31:53 --> Cannot redeclare App\Controllers\Admin::del_lokasi()
#0 [internal function]: CodeIgniter\Debug\Exceptions->shutdownHandler()
#1 {main}
CRITICAL - 2022-10-20 08:31:56 --> Cannot redeclare App\Controllers\Admin::del_lokasi()
#0 [internal function]: CodeIgniter\Debug\Exceptions->shutdownHandler()
#1 {main}
CRITICAL - 2022-10-20 08:31:57 --> Cannot redeclare App\Controllers\Admin::del_lokasi()
#0 [internal function]: CodeIgniter\Debug\Exceptions->shutdownHandler()
#1 {main}
CRITICAL - 2022-10-20 08:32:01 --> Cannot redeclare App\Controllers\Admin::del_lokasi()
#0 [internal function]: CodeIgniter\Debug\Exceptions->shutdownHandler()
#1 {main}
CRITICAL - 2022-10-20 08:32:03 --> Cannot redeclare App\Controllers\Admin::del_lokasi()
#0 [internal function]: CodeIgniter\Debug\Exceptions->shutdownHandler()
#1 {main}
CRITICAL - 2022-10-20 08:32:08 --> Cannot redeclare App\Controllers\Admin::del_lokasi()
#0 [internal function]: CodeIgniter\Debug\Exceptions->shutdownHandler()
#1 {main}
CRITICAL - 2022-10-20 08:32:18 --> Cannot redeclare App\Controllers\Admin::del_lokasi()
#0 [internal function]: CodeIgniter\Debug\Exceptions->shutdownHandler()
#1 {main}
CRITICAL - 2022-10-20 09:19:32 --> Undefined property: App\Controllers\Admin::$settings
#0 /var/www/html/ticket/app/Controllers/Admin.php(332): CodeIgniter\Debug\Exceptions->errorHandler()
#1 /var/www/html/ticket/system/CodeIgniter.php(802): App\Controllers\Admin->add_user()
#2 /var/www/html/ticket/system/CodeIgniter.php(399): CodeIgniter\CodeIgniter->runController()
#3 /var/www/html/ticket/system/CodeIgniter.php(317): CodeIgniter\CodeIgniter->handleRequest()
#4 /var/www/html/ticket/public/index.php(36): CodeIgniter\CodeIgniter->run()
#5 {main}
CRITICAL - 2022-10-20 09:29:06 --> syntax error, unexpected ';', expecting ')'
#0 /var/www/html/ticket/system/Router/Router.php(160): CodeIgniter\Router\Router->autoRoute()
#1 /var/www/html/ticket/system/CodeIgniter.php(702): CodeIgniter\Router\Router->handle()
#2 /var/www/html/ticket/system/CodeIgniter.php(358): CodeIgniter\CodeIgniter->tryToRouteIt()
#3 /var/www/html/ticket/system/CodeIgniter.php(317): CodeIgniter\CodeIgniter->handleRequest()
#4 /var/www/html/ticket/public/index.php(36): CodeIgniter\CodeIgniter->run()
#5 {main}
ERROR - 2022-10-20 09:29:18 --> Email: sendWithSmtp throwed fsockopen(): unable to connect to ssl://mail.domain.com:465 (Connection timed out)
ERROR - 2022-10-20 09:49:49 --> Email: sendWithSmtp throwed fsockopen(): unable to connect to ssl://mail.domain.com:465 (Connection timed out)
ERROR - 2022-10-20 09:49:54 --> Email: sendWithSmtp throwed fsockopen(): unable to connect to ssl://mail.domain.com:465 (Connection timed out)
ERROR - 2022-10-20 09:50:50 --> Email: sendWithSmtp throwed fsockopen(): unable to connect to ssl://mail.domain.com:465 (Connection timed out)
ERROR - 2022-10-20 09:50:55 --> Email: sendWithSmtp throwed fsockopen(): unable to connect to ssl://mail.domain.com:465 (Connection timed out)
ERROR - 2022-10-20 09:51:48 --> Email: sendWithSmtp throwed fsockopen(): unable to connect to ssl://mail.domain.com:465 (Connection timed out)
ERROR - 2022-10-20 09:51:53 --> Email: sendWithSmtp throwed fsockopen(): unable to connect to ssl://mail.domain.com:465 (Connection timed out)
ERROR - 2022-10-20 09:53:01 --> Email: sendWithSmtp throwed fsockopen(): unable to connect to ssl://mail.domain.com:465 (Connection timed out)
ERROR - 2022-10-20 09:53:06 --> Email: sendWithSmtp throwed fsockopen(): unable to connect to ssl://mail.domain.com:465 (Connection timed out)
ERROR - 2022-10-20 10:01:13 --> Email: sendWithSmtp throwed fsockopen(): unable to connect to ssl://mail.domain.com:465 (Connection timed out)
ERROR - 2022-10-20 10:01:18 --> Email: sendWithSmtp throwed fsockopen(): unable to connect to ssl://mail.domain.com:465 (Connection timed out)
ERROR - 2022-10-20 10:02:14 --> Email: sendWithSmtp throwed fsockopen(): unable to connect to ssl://mail.domain.com:465 (Connection timed out)
ERROR - 2022-10-20 10:02:19 --> Email: sendWithSmtp throwed fsockopen(): unable to connect to ssl://mail.domain.com:465 (Connection timed out)
CRITICAL - 2022-10-20 10:14:05 --> Undefined index: nama_jabatan
#0 /var/www/html/ticket/app/Views/admin/edit_user.php(27): CodeIgniter\Debug\Exceptions->errorHandler()
#1 /var/www/html/ticket/system/View/View.php(214): include('/var/www/html/t...')
#2 /var/www/html/ticket/system/View/View.php(217): CodeIgniter\View\View->CodeIgniter\View\{closure}()
#3 /var/www/html/ticket/system/Common.php(1092): CodeIgniter\View\View->render()
#4 /var/www/html/ticket/app/Controllers/Admin.php(379): view()
#5 /var/www/html/ticket/system/CodeIgniter.php(802): App\Controllers\Admin->edit_user()
#6 /var/www/html/ticket/system/CodeIgniter.php(399): CodeIgniter\CodeIgniter->runController()
#7 /var/www/html/ticket/system/CodeIgniter.php(317): CodeIgniter\CodeIgniter->handleRequest()
#8 /var/www/html/ticket/public/index.php(36): CodeIgniter\CodeIgniter->run()
#9 {main}
CRITICAL - 2022-10-20 13:41:18 --> Undefined index: lokasi
#0 /var/www/html/ticket/app/Views/admin/prioritas.php(80): CodeIgniter\Debug\Exceptions->errorHandler()
#1 /var/www/html/ticket/system/View/View.php(214): include('/var/www/html/t...')
#2 /var/www/html/ticket/system/View/View.php(217): CodeIgniter\View\View->CodeIgniter\View\{closure}()
#3 /var/www/html/ticket/system/Common.php(1092): CodeIgniter\View\View->render()
#4 /var/www/html/ticket/app/Controllers/Admin.php(555): view()
#5 /var/www/html/ticket/system/CodeIgniter.php(802): App\Controllers\Admin->prioritas()
#6 /var/www/html/ticket/system/CodeIgniter.php(399): CodeIgniter\CodeIgniter->runController()
#7 /var/www/html/ticket/system/CodeIgniter.php(317): CodeIgniter\CodeIgniter->handleRequest()
#8 /var/www/html/ticket/public/index.php(36): CodeIgniter\CodeIgniter->run()
#9 {main}
CRITICAL - 2022-10-20 13:45:52 --> Undefined index: id_lokasi
#0 /var/www/html/ticket/app/Views/admin/prioritas.php(85): CodeIgniter\Debug\Exceptions->errorHandler()
#1 /var/www/html/ticket/system/View/View.php(214): include('/var/www/html/t...')
#2 /var/www/html/ticket/system/View/View.php(217): CodeIgniter\View\View->CodeIgniter\View\{closure}()
#3 /var/www/html/ticket/system/Common.php(1092): CodeIgniter\View\View->render()
#4 /var/www/html/ticket/app/Controllers/Admin.php(555): view()
#5 /var/www/html/ticket/system/CodeIgniter.php(802): App\Controllers\Admin->prioritas()
#6 /var/www/html/ticket/system/CodeIgniter.php(399): CodeIgniter\CodeIgniter->runController()
#7 /var/www/html/ticket/system/CodeIgniter.php(317): CodeIgniter\CodeIgniter->handleRequest()
#8 /var/www/html/ticket/public/index.php(36): CodeIgniter\CodeIgniter->run()
#9 {main}
CRITICAL - 2022-10-20 14:24:25 --> Undefined index: prioritas
#0 /var/www/html/ticket/app/Views/admin/edit_prioritas.php(34): CodeIgniter\Debug\Exceptions->errorHandler()
#1 /var/www/html/ticket/system/View/View.php(214): include('/var/www/html/t...')
#2 /var/www/html/ticket/system/View/View.php(217): CodeIgniter\View\View->CodeIgniter\View\{closure}()
#3 /var/www/html/ticket/system/Common.php(1092): CodeIgniter\View\View->render()
#4 /var/www/html/ticket/app/Controllers/Admin.php(590): view()
#5 /var/www/html/ticket/system/CodeIgniter.php(802): App\Controllers\Admin->edit_prioritas()
#6 /var/www/html/ticket/system/CodeIgniter.php(399): CodeIgniter\CodeIgniter->runController()
#7 /var/www/html/ticket/system/CodeIgniter.php(317): CodeIgniter\CodeIgniter->handleRequest()
#8 /var/www/html/ticket/public/index.php(36): CodeIgniter\CodeIgniter->run()
#9 {main}
