CRITICAL - 2023-12-12 07:42:27 --> Class "Locale" not found
in SYSTEMPATH\CodeIgniter.php on line 194.
 1 ROOTPATH\spark(83): CodeIgniter\CodeIgniter->initialize()
CRITICAL - 2023-12-12 07:42:30 --> Class "Locale" not found
in SYSTEMPATH\CodeIgniter.php on line 194.
 1 ROOTPATH\spark(83): CodeIgniter\CodeIgniter->initialize()
CRITICAL - 2023-12-12 07:44:08 --> Class "Locale" not found
in SYSTEMPATH\CodeIgniter.php on line 194.
 1 ROOTPATH\spark(83): CodeIgniter\CodeIgniter->initialize()
CRITICAL - 2023-12-12 07:45:04 --> Class "Locale" not found
in SYSTEMPATH\CodeIgniter.php on line 194.
 1 ROOTPATH\spark(83): CodeIgniter\CodeIgniter->initialize()
INFO - 2023-12-12 06:46:56 --> Session: Class initialized using 'CodeIgniter\Session\Handlers\FileHandler' driver.
INFO - 2023-12-12 06:47:09 --> Session: Class initialized using 'CodeIgniter\Session\Handlers\FileHandler' driver.
INFO - 2023-12-12 06:47:18 --> Session: Class initialized using 'CodeIgniter\Session\Handlers\FileHandler' driver.
INFO - 2023-12-12 06:47:18 --> Session: Class initialized using 'CodeIgniter\Session\Handlers\FileHandler' driver.
INFO - 2023-12-12 06:47:45 --> Session: Class initialized using 'CodeIgniter\Session\Handlers\FileHandler' driver.
INFO - 2023-12-12 06:47:45 --> Session: Class initialized using 'CodeIgniter\Session\Handlers\FileHandler' driver.
INFO - 2023-12-12 06:47:59 --> Session: Class initialized using 'CodeIgniter\Session\Handlers\FileHandler' driver.
INFO - 2023-12-12 06:47:59 --> Session: Class initialized using 'CodeIgniter\Session\Handlers\FileHandler' driver.
INFO - 2023-12-12 06:48:02 --> Session: Class initialized using 'CodeIgniter\Session\Handlers\FileHandler' driver.
INFO - 2023-12-12 06:48:07 --> Session: Class initialized using 'CodeIgniter\Session\Handlers\FileHandler' driver.
INFO - 2023-12-12 06:48:07 --> Session: Class initialized using 'CodeIgniter\Session\Handlers\FileHandler' driver.
INFO - 2023-12-12 06:48:16 --> Session: Class initialized using 'CodeIgniter\Session\Handlers\FileHandler' driver.
INFO - 2023-12-12 06:48:22 --> Session: Class initialized using 'CodeIgniter\Session\Handlers\FileHandler' driver.
INFO - 2023-12-12 06:48:24 --> Session: Class initialized using 'CodeIgniter\Session\Handlers\FileHandler' driver.
INFO - 2023-12-12 06:48:54 --> Session: Class initialized using 'CodeIgniter\Session\Handlers\FileHandler' driver.
INFO - 2023-12-12 06:48:59 --> Session: Class initialized using 'CodeIgniter\Session\Handlers\FileHandler' driver.
INFO - 2023-12-12 06:49:41 --> Session: Class initialized using 'CodeIgniter\Session\Handlers\FileHandler' driver.
INFO - 2023-12-12 06:49:43 --> Session: Class initialized using 'CodeIgniter\Session\Handlers\FileHandler' driver.
INFO - 2023-12-12 06:50:46 --> Session: Class initialized using 'CodeIgniter\Session\Handlers\FileHandler' driver.
INFO - 2023-12-12 06:50:50 --> Session: Class initialized using 'CodeIgniter\Session\Handlers\FileHandler' driver.
INFO - 2023-12-12 06:54:12 --> Session: Class initialized using 'CodeIgniter\Session\Handlers\FileHandler' driver.
INFO - 2023-12-12 06:54:13 --> Session: Class initialized using 'CodeIgniter\Session\Handlers\FileHandler' driver.
INFO - 2023-12-12 06:55:25 --> Session: Class initialized using 'CodeIgniter\Session\Handlers\FileHandler' driver.
INFO - 2023-12-12 06:55:27 --> Session: Class initialized using 'CodeIgniter\Session\Handlers\FileHandler' driver.
INFO - 2023-12-12 06:55:30 --> Session: Class initialized using 'CodeIgniter\Session\Handlers\FileHandler' driver.
INFO - 2023-12-12 06:55:30 --> Session: Class initialized using 'CodeIgniter\Session\Handlers\FileHandler' driver.
INFO - 2023-12-12 06:57:47 --> Session: Class initialized using 'CodeIgniter\Session\Handlers\FileHandler' driver.
INFO - 2023-12-12 06:58:24 --> Session: Class initialized using 'CodeIgniter\Session\Handlers\FileHandler' driver.
INFO - 2023-12-12 06:58:27 --> Session: Class initialized using 'CodeIgniter\Session\Handlers\FileHandler' driver.
INFO - 2023-12-12 06:58:27 --> Session: Class initialized using 'CodeIgniter\Session\Handlers\FileHandler' driver.
INFO - 2023-12-12 06:58:29 --> Session: Class initialized using 'CodeIgniter\Session\Handlers\FileHandler' driver.
INFO - 2023-12-12 06:58:34 --> Session: Class initialized using 'CodeIgniter\Session\Handlers\FileHandler' driver.
INFO - 2023-12-12 06:58:34 --> Session: Class initialized using 'CodeIgniter\Session\Handlers\FileHandler' driver.
INFO - 2023-12-12 06:59:26 --> Session: Class initialized using 'CodeIgniter\Session\Handlers\FileHandler' driver.
INFO - 2023-12-12 06:59:26 --> Session: Class initialized using 'CodeIgniter\Session\Handlers\FileHandler' driver.
INFO - 2023-12-12 06:59:43 --> Session: Class initialized using 'CodeIgniter\Session\Handlers\FileHandler' driver.
INFO - 2023-12-12 06:59:47 --> Session: Class initialized using 'CodeIgniter\Session\Handlers\FileHandler' driver.
INFO - 2023-12-12 06:59:47 --> Session: Class initialized using 'CodeIgniter\Session\Handlers\FileHandler' driver.
INFO - 2023-12-12 06:59:51 --> Session: Class initialized using 'CodeIgniter\Session\Handlers\FileHandler' driver.
INFO - 2023-12-12 07:00:03 --> Session: Class initialized using 'CodeIgniter\Session\Handlers\FileHandler' driver.
INFO - 2023-12-12 07:00:06 --> Session: Class initialized using 'CodeIgniter\Session\Handlers\FileHandler' driver.
CRITICAL - 2023-12-12 07:00:06 --> Undefined array key "jam_masuk"
in APPPATH\Views\booking\tambah_jam.php on line 77.
 1 APPPATH\Views\booking\tambah_jam.php(77): CodeIgniter\Debug\Exceptions->errorHandler(2, 'Undefined array key "jam_masuk"', 'C:\\laragon\\www\\poliku-master\\app\\Views\\booking\\tambah_jam.php', 77)
 2 SYSTEMPATH\View\View.php(213): include('C:\\laragon\\www\\poliku-master\\app\\Views\\booking\\tambah_jam.php')
 3 SYSTEMPATH\View\View.php(216): CodeIgniter\View\View->CodeIgniter\View\{closure}()
 4 SYSTEMPATH\Common.php(1184): CodeIgniter\View\View->render('booking/tambah_jam', [], true)
 5 APPPATH\Controllers\Booking.php(68): view('booking/tambah_jam', [...])
 6 SYSTEMPATH\CodeIgniter.php(934): App\Controllers\Booking->tambah_jam()
 7 SYSTEMPATH\CodeIgniter.php(499): CodeIgniter\CodeIgniter->runController(Object(App\Controllers\Booking))
 8 SYSTEMPATH\CodeIgniter.php(368): CodeIgniter\CodeIgniter->handleRequest(null, Object(Config\Cache), false)
 9 FCPATH\index.php(67): CodeIgniter\CodeIgniter->run()
10 SYSTEMPATH\Commands\Server\rewrite.php(47): require_once('C:\\laragon\\www\\poliku-master\\public\\index.php')
INFO - 2023-12-12 07:01:30 --> Session: Class initialized using 'CodeIgniter\Session\Handlers\FileHandler' driver.
CRITICAL - 2023-12-12 07:01:30 --> Undefined array key "jam_masuk"
in APPPATH\Views\booking\tambah_jam.php on line 77.
 1 APPPATH\Views\booking\tambah_jam.php(77): CodeIgniter\Debug\Exceptions->errorHandler(2, 'Undefined array key "jam_masuk"', 'C:\\laragon\\www\\poliku-master\\app\\Views\\booking\\tambah_jam.php', 77)
 2 SYSTEMPATH\View\View.php(213): include('C:\\laragon\\www\\poliku-master\\app\\Views\\booking\\tambah_jam.php')
 3 SYSTEMPATH\View\View.php(216): CodeIgniter\View\View->CodeIgniter\View\{closure}()
 4 SYSTEMPATH\Common.php(1184): CodeIgniter\View\View->render('booking/tambah_jam', [], true)
 5 APPPATH\Controllers\Booking.php(68): view('booking/tambah_jam', [...])
 6 SYSTEMPATH\CodeIgniter.php(934): App\Controllers\Booking->tambah_jam()
 7 SYSTEMPATH\CodeIgniter.php(499): CodeIgniter\CodeIgniter->runController(Object(App\Controllers\Booking))
 8 SYSTEMPATH\CodeIgniter.php(368): CodeIgniter\CodeIgniter->handleRequest(null, Object(Config\Cache), false)
 9 FCPATH\index.php(67): CodeIgniter\CodeIgniter->run()
10 SYSTEMPATH\Commands\Server\rewrite.php(47): require_once('C:\\laragon\\www\\poliku-master\\public\\index.php')
INFO - 2023-12-12 07:01:39 --> Session: Class initialized using 'CodeIgniter\Session\Handlers\FileHandler' driver.
CRITICAL - 2023-12-12 07:01:39 --> Undefined array key "jam_masuk"
in APPPATH\Views\booking\tambah_jam.php on line 77.
 1 APPPATH\Views\booking\tambah_jam.php(77): CodeIgniter\Debug\Exceptions->errorHandler(2, 'Undefined array key "jam_masuk"', 'C:\\laragon\\www\\poliku-master\\app\\Views\\booking\\tambah_jam.php', 77)
 2 SYSTEMPATH\View\View.php(213): include('C:\\laragon\\www\\poliku-master\\app\\Views\\booking\\tambah_jam.php')
 3 SYSTEMPATH\View\View.php(216): CodeIgniter\View\View->CodeIgniter\View\{closure}()
 4 SYSTEMPATH\Common.php(1184): CodeIgniter\View\View->render('booking/tambah_jam', [], true)
 5 APPPATH\Controllers\Booking.php(68): view('booking/tambah_jam', [...])
 6 SYSTEMPATH\CodeIgniter.php(934): App\Controllers\Booking->tambah_jam()
 7 SYSTEMPATH\CodeIgniter.php(499): CodeIgniter\CodeIgniter->runController(Object(App\Controllers\Booking))
 8 SYSTEMPATH\CodeIgniter.php(368): CodeIgniter\CodeIgniter->handleRequest(null, Object(Config\Cache), false)
 9 FCPATH\index.php(67): CodeIgniter\CodeIgniter->run()
10 SYSTEMPATH\Commands\Server\rewrite.php(47): require_once('C:\\laragon\\www\\poliku-master\\public\\index.php')
INFO - 2023-12-12 07:02:38 --> Session: Class initialized using 'CodeIgniter\Session\Handlers\FileHandler' driver.
WARNING - 2023-12-12 07:02:38 --> [DEPRECATED] explode(): Passing null to parameter #2 ($string) of type string is deprecated in APPPATH\Views\booking\tambah_jam.php on line 77.
 1 APPPATH\Views\booking\tambah_jam.php(77): explode(',', null)
 2 SYSTEMPATH\View\View.php(213): include('C:\\laragon\\www\\poliku-master\\app\\Views\\booking\\tambah_jam.php')
 3 SYSTEMPATH\View\View.php(216): CodeIgniter\View\View->CodeIgniter\View\{closure}()
 4 SYSTEMPATH\Common.php(1184): CodeIgniter\View\View->render('booking/tambah_jam', [], true)
 5 APPPATH\Controllers\Booking.php(68): view('booking/tambah_jam', [...])
 6 SYSTEMPATH\CodeIgniter.php(934): App\Controllers\Booking->tambah_jam()
 7 SYSTEMPATH\CodeIgniter.php(499): CodeIgniter\CodeIgniter->runController(Object(App\Controllers\Booking))
 8 SYSTEMPATH\CodeIgniter.php(368): CodeIgniter\CodeIgniter->handleRequest(null, Object(Config\Cache), false)
 9 FCPATH\index.php(67): CodeIgniter\CodeIgniter->run()
10 SYSTEMPATH\Commands\Server\rewrite.php(47): require_once('C:\\laragon\\www\\poliku-master\\public\\index.php')
WARNING - 2023-12-12 07:02:38 --> [DEPRECATED] explode(): Passing null to parameter #2 ($string) of type string is deprecated in APPPATH\Views\booking\tambah_jam.php on line 77.
 1 APPPATH\Views\booking\tambah_jam.php(77): explode(',', null)
 2 SYSTEMPATH\View\View.php(213): include('C:\\laragon\\www\\poliku-master\\app\\Views\\booking\\tambah_jam.php')
 3 SYSTEMPATH\View\View.php(216): CodeIgniter\View\View->CodeIgniter\View\{closure}()
 4 SYSTEMPATH\Common.php(1184): CodeIgniter\View\View->render('booking/tambah_jam', [], true)
 5 APPPATH\Controllers\Booking.php(68): view('booking/tambah_jam', [...])
 6 SYSTEMPATH\CodeIgniter.php(934): App\Controllers\Booking->tambah_jam()
 7 SYSTEMPATH\CodeIgniter.php(499): CodeIgniter\CodeIgniter->runController(Object(App\Controllers\Booking))
 8 SYSTEMPATH\CodeIgniter.php(368): CodeIgniter\CodeIgniter->handleRequest(null, Object(Config\Cache), false)
 9 FCPATH\index.php(67): CodeIgniter\CodeIgniter->run()
10 SYSTEMPATH\Commands\Server\rewrite.php(47): require_once('C:\\laragon\\www\\poliku-master\\public\\index.php')
WARNING - 2023-12-12 07:02:38 --> [DEPRECATED] explode(): Passing null to parameter #2 ($string) of type string is deprecated in APPPATH\Views\booking\tambah_jam.php on line 77.
 1 APPPATH\Views\booking\tambah_jam.php(77): explode(',', null)
 2 SYSTEMPATH\View\View.php(213): include('C:\\laragon\\www\\poliku-master\\app\\Views\\booking\\tambah_jam.php')
 3 SYSTEMPATH\View\View.php(216): CodeIgniter\View\View->CodeIgniter\View\{closure}()
 4 SYSTEMPATH\Common.php(1184): CodeIgniter\View\View->render('booking/tambah_jam', [], true)
 5 APPPATH\Controllers\Booking.php(68): view('booking/tambah_jam', [...])
 6 SYSTEMPATH\CodeIgniter.php(934): App\Controllers\Booking->tambah_jam()
 7 SYSTEMPATH\CodeIgniter.php(499): CodeIgniter\CodeIgniter->runController(Object(App\Controllers\Booking))
 8 SYSTEMPATH\CodeIgniter.php(368): CodeIgniter\CodeIgniter->handleRequest(null, Object(Config\Cache), false)
 9 FCPATH\index.php(67): CodeIgniter\CodeIgniter->run()
10 SYSTEMPATH\Commands\Server\rewrite.php(47): require_once('C:\\laragon\\www\\poliku-master\\public\\index.php')
INFO - 2023-12-12 07:02:45 --> Session: Class initialized using 'CodeIgniter\Session\Handlers\FileHandler' driver.
INFO - 2023-12-12 07:02:45 --> Session: Class initialized using 'CodeIgniter\Session\Handlers\FileHandler' driver.
INFO - 2023-12-12 07:02:47 --> Session: Class initialized using 'CodeIgniter\Session\Handlers\FileHandler' driver.
INFO - 2023-12-12 07:03:04 --> Session: Class initialized using 'CodeIgniter\Session\Handlers\FileHandler' driver.
INFO - 2023-12-12 07:03:04 --> Session: Class initialized using 'CodeIgniter\Session\Handlers\FileHandler' driver.
INFO - 2023-12-12 07:03:08 --> Session: Class initialized using 'CodeIgniter\Session\Handlers\FileHandler' driver.
WARNING - 2023-12-12 07:03:08 --> [DEPRECATED] explode(): Passing null to parameter #2 ($string) of type string is deprecated in APPPATH\Views\jadwal\index.php on line 53.
 1 APPPATH\Views\jadwal\index.php(53): explode(',', null)
 2 SYSTEMPATH\View\View.php(213): include('C:\\laragon\\www\\poliku-master\\app\\Views\\jadwal\\index.php')
 3 SYSTEMPATH\View\View.php(216): CodeIgniter\View\View->CodeIgniter\View\{closure}()
 4 SYSTEMPATH\Common.php(1184): CodeIgniter\View\View->render('jadwal/index', [], true)
 5 APPPATH\Controllers\Dokter.php(130): view('jadwal/index', [...])
 6 SYSTEMPATH\CodeIgniter.php(934): App\Controllers\Dokter->jadwal()
 7 SYSTEMPATH\CodeIgniter.php(499): CodeIgniter\CodeIgniter->runController(Object(App\Controllers\Dokter))
 8 SYSTEMPATH\CodeIgniter.php(368): CodeIgniter\CodeIgniter->handleRequest(null, Object(Config\Cache), false)
 9 FCPATH\index.php(67): CodeIgniter\CodeIgniter->run()
10 SYSTEMPATH\Commands\Server\rewrite.php(47): require_once('C:\\laragon\\www\\poliku-master\\public\\index.php')
WARNING - 2023-12-12 07:03:08 --> [DEPRECATED] explode(): Passing null to parameter #2 ($string) of type string is deprecated in APPPATH\Views\jadwal\index.php on line 153.
 1 APPPATH\Views\jadwal\index.php(153): explode(',', null)
 2 SYSTEMPATH\View\View.php(213): include('C:\\laragon\\www\\poliku-master\\app\\Views\\jadwal\\index.php')
 3 SYSTEMPATH\View\View.php(216): CodeIgniter\View\View->CodeIgniter\View\{closure}()
 4 SYSTEMPATH\Common.php(1184): CodeIgniter\View\View->render('jadwal/index', [], true)
 5 APPPATH\Controllers\Dokter.php(130): view('jadwal/index', [...])
 6 SYSTEMPATH\CodeIgniter.php(934): App\Controllers\Dokter->jadwal()
 7 SYSTEMPATH\CodeIgniter.php(499): CodeIgniter\CodeIgniter->runController(Object(App\Controllers\Dokter))
 8 SYSTEMPATH\CodeIgniter.php(368): CodeIgniter\CodeIgniter->handleRequest(null, Object(Config\Cache), false)
 9 FCPATH\index.php(67): CodeIgniter\CodeIgniter->run()
10 SYSTEMPATH\Commands\Server\rewrite.php(47): require_once('C:\\laragon\\www\\poliku-master\\public\\index.php')
WARNING - 2023-12-12 07:03:08 --> [DEPRECATED] explode(): Passing null to parameter #2 ($string) of type string is deprecated in APPPATH\Views\jadwal\index.php on line 153.
 1 APPPATH\Views\jadwal\index.php(153): explode(',', null)
 2 SYSTEMPATH\View\View.php(213): include('C:\\laragon\\www\\poliku-master\\app\\Views\\jadwal\\index.php')
 3 SYSTEMPATH\View\View.php(216): CodeIgniter\View\View->CodeIgniter\View\{closure}()
 4 SYSTEMPATH\Common.php(1184): CodeIgniter\View\View->render('jadwal/index', [], true)
 5 APPPATH\Controllers\Dokter.php(130): view('jadwal/index', [...])
 6 SYSTEMPATH\CodeIgniter.php(934): App\Controllers\Dokter->jadwal()
 7 SYSTEMPATH\CodeIgniter.php(499): CodeIgniter\CodeIgniter->runController(Object(App\Controllers\Dokter))
 8 SYSTEMPATH\CodeIgniter.php(368): CodeIgniter\CodeIgniter->handleRequest(null, Object(Config\Cache), false)
 9 FCPATH\index.php(67): CodeIgniter\CodeIgniter->run()
10 SYSTEMPATH\Commands\Server\rewrite.php(47): require_once('C:\\laragon\\www\\poliku-master\\public\\index.php')
WARNING - 2023-12-12 07:03:08 --> [DEPRECATED] explode(): Passing null to parameter #2 ($string) of type string is deprecated in APPPATH\Views\jadwal\index.php on line 153.
 1 APPPATH\Views\jadwal\index.php(153): explode(',', null)
 2 SYSTEMPATH\View\View.php(213): include('C:\\laragon\\www\\poliku-master\\app\\Views\\jadwal\\index.php')
 3 SYSTEMPATH\View\View.php(216): CodeIgniter\View\View->CodeIgniter\View\{closure}()
 4 SYSTEMPATH\Common.php(1184): CodeIgniter\View\View->render('jadwal/index', [], true)
 5 APPPATH\Controllers\Dokter.php(130): view('jadwal/index', [...])
 6 SYSTEMPATH\CodeIgniter.php(934): App\Controllers\Dokter->jadwal()
 7 SYSTEMPATH\CodeIgniter.php(499): CodeIgniter\CodeIgniter->runController(Object(App\Controllers\Dokter))
 8 SYSTEMPATH\CodeIgniter.php(368): CodeIgniter\CodeIgniter->handleRequest(null, Object(Config\Cache), false)
 9 FCPATH\index.php(67): CodeIgniter\CodeIgniter->run()
10 SYSTEMPATH\Commands\Server\rewrite.php(47): require_once('C:\\laragon\\www\\poliku-master\\public\\index.php')
INFO - 2023-12-12 07:03:13 --> Session: Class initialized using 'CodeIgniter\Session\Handlers\FileHandler' driver.
INFO - 2023-12-12 07:03:16 --> Session: Class initialized using 'CodeIgniter\Session\Handlers\FileHandler' driver.
INFO - 2023-12-12 07:03:16 --> Session: Class initialized using 'CodeIgniter\Session\Handlers\FileHandler' driver.
INFO - 2023-12-12 07:03:22 --> Session: Class initialized using 'CodeIgniter\Session\Handlers\FileHandler' driver.
INFO - 2023-12-12 07:03:23 --> Session: Class initialized using 'CodeIgniter\Session\Handlers\FileHandler' driver.
WARNING - 2023-12-12 07:03:23 --> [DEPRECATED] explode(): Passing null to parameter #2 ($string) of type string is deprecated in APPPATH\Views\jadwal\index.php on line 153.
 1 APPPATH\Views\jadwal\index.php(153): explode(',', null)
 2 SYSTEMPATH\View\View.php(213): include('C:\\laragon\\www\\poliku-master\\app\\Views\\jadwal\\index.php')
 3 SYSTEMPATH\View\View.php(216): CodeIgniter\View\View->CodeIgniter\View\{closure}()
 4 SYSTEMPATH\Common.php(1184): CodeIgniter\View\View->render('jadwal/index', [], true)
 5 APPPATH\Controllers\Dokter.php(130): view('jadwal/index', [...])
 6 SYSTEMPATH\CodeIgniter.php(934): App\Controllers\Dokter->jadwal()
 7 SYSTEMPATH\CodeIgniter.php(499): CodeIgniter\CodeIgniter->runController(Object(App\Controllers\Dokter))
 8 SYSTEMPATH\CodeIgniter.php(368): CodeIgniter\CodeIgniter->handleRequest(null, Object(Config\Cache), false)
 9 FCPATH\index.php(67): CodeIgniter\CodeIgniter->run()
10 SYSTEMPATH\Commands\Server\rewrite.php(47): require_once('C:\\laragon\\www\\poliku-master\\public\\index.php')
WARNING - 2023-12-12 07:03:23 --> [DEPRECATED] explode(): Passing null to parameter #2 ($string) of type string is deprecated in APPPATH\Views\jadwal\index.php on line 153.
 1 APPPATH\Views\jadwal\index.php(153): explode(',', null)
 2 SYSTEMPATH\View\View.php(213): include('C:\\laragon\\www\\poliku-master\\app\\Views\\jadwal\\index.php')
 3 SYSTEMPATH\View\View.php(216): CodeIgniter\View\View->CodeIgniter\View\{closure}()
 4 SYSTEMPATH\Common.php(1184): CodeIgniter\View\View->render('jadwal/index', [], true)
 5 APPPATH\Controllers\Dokter.php(130): view('jadwal/index', [...])
 6 SYSTEMPATH\CodeIgniter.php(934): App\Controllers\Dokter->jadwal()
 7 SYSTEMPATH\CodeIgniter.php(499): CodeIgniter\CodeIgniter->runController(Object(App\Controllers\Dokter))
 8 SYSTEMPATH\CodeIgniter.php(368): CodeIgniter\CodeIgniter->handleRequest(null, Object(Config\Cache), false)
 9 FCPATH\index.php(67): CodeIgniter\CodeIgniter->run()
10 SYSTEMPATH\Commands\Server\rewrite.php(47): require_once('C:\\laragon\\www\\poliku-master\\public\\index.php')
INFO - 2023-12-12 07:03:37 --> Session: Class initialized using 'CodeIgniter\Session\Handlers\FileHandler' driver.
INFO - 2023-12-12 07:03:42 --> Session: Class initialized using 'CodeIgniter\Session\Handlers\FileHandler' driver.
INFO - 2023-12-12 07:03:42 --> Session: Class initialized using 'CodeIgniter\Session\Handlers\FileHandler' driver.
INFO - 2023-12-12 07:03:44 --> Session: Class initialized using 'CodeIgniter\Session\Handlers\FileHandler' driver.
INFO - 2023-12-12 07:03:48 --> Session: Class initialized using 'CodeIgniter\Session\Handlers\FileHandler' driver.
INFO - 2023-12-12 07:03:49 --> Session: Class initialized using 'CodeIgniter\Session\Handlers\FileHandler' driver.
INFO - 2023-12-12 07:03:51 --> Session: Class initialized using 'CodeIgniter\Session\Handlers\FileHandler' driver.
WARNING - 2023-12-12 07:03:51 --> [DEPRECATED] explode(): Passing null to parameter #2 ($string) of type string is deprecated in APPPATH\Views\booking\tambah_jam.php on line 77.
 1 APPPATH\Views\booking\tambah_jam.php(77): explode(',', null)
 2 SYSTEMPATH\View\View.php(213): include('C:\\laragon\\www\\poliku-master\\app\\Views\\booking\\tambah_jam.php')
 3 SYSTEMPATH\View\View.php(216): CodeIgniter\View\View->CodeIgniter\View\{closure}()
 4 SYSTEMPATH\Common.php(1184): CodeIgniter\View\View->render('booking/tambah_jam', [], true)
 5 APPPATH\Controllers\Booking.php(68): view('booking/tambah_jam', [...])
 6 SYSTEMPATH\CodeIgniter.php(934): App\Controllers\Booking->tambah_jam()
 7 SYSTEMPATH\CodeIgniter.php(499): CodeIgniter\CodeIgniter->runController(Object(App\Controllers\Booking))
 8 SYSTEMPATH\CodeIgniter.php(368): CodeIgniter\CodeIgniter->handleRequest(null, Object(Config\Cache), false)
 9 FCPATH\index.php(67): CodeIgniter\CodeIgniter->run()
10 SYSTEMPATH\Commands\Server\rewrite.php(47): require_once('C:\\laragon\\www\\poliku-master\\public\\index.php')
WARNING - 2023-12-12 07:03:51 --> [DEPRECATED] explode(): Passing null to parameter #2 ($string) of type string is deprecated in APPPATH\Views\booking\tambah_jam.php on line 77.
 1 APPPATH\Views\booking\tambah_jam.php(77): explode(',', null)
 2 SYSTEMPATH\View\View.php(213): include('C:\\laragon\\www\\poliku-master\\app\\Views\\booking\\tambah_jam.php')
 3 SYSTEMPATH\View\View.php(216): CodeIgniter\View\View->CodeIgniter\View\{closure}()
 4 SYSTEMPATH\Common.php(1184): CodeIgniter\View\View->render('booking/tambah_jam', [], true)
 5 APPPATH\Controllers\Booking.php(68): view('booking/tambah_jam', [...])
 6 SYSTEMPATH\CodeIgniter.php(934): App\Controllers\Booking->tambah_jam()
 7 SYSTEMPATH\CodeIgniter.php(499): CodeIgniter\CodeIgniter->runController(Object(App\Controllers\Booking))
 8 SYSTEMPATH\CodeIgniter.php(368): CodeIgniter\CodeIgniter->handleRequest(null, Object(Config\Cache), false)
 9 FCPATH\index.php(67): CodeIgniter\CodeIgniter->run()
10 SYSTEMPATH\Commands\Server\rewrite.php(47): require_once('C:\\laragon\\www\\poliku-master\\public\\index.php')
INFO - 2023-12-12 07:04:01 --> Session: Class initialized using 'CodeIgniter\Session\Handlers\FileHandler' driver.
INFO - 2023-12-12 07:04:01 --> Session: Class initialized using 'CodeIgniter\Session\Handlers\FileHandler' driver.
INFO - 2023-12-12 07:04:05 --> Session: Class initialized using 'CodeIgniter\Session\Handlers\FileHandler' driver.
