INFO - 2023-06-21 13:31:50 --> Session: Class initialized using 'CodeIgniter\Session\Handlers\FileHandler' driver.
INFO - 2023-06-21 13:31:56 --> Session: Class initialized using 'CodeIgniter\Session\Handlers\FileHandler' driver.
INFO - 2023-06-21 13:32:01 --> Session: Class initialized using 'CodeIgniter\Session\Handlers\FileHandler' driver.
INFO - 2023-06-21 13:32:01 --> Session: Class initialized using 'CodeIgniter\Session\Handlers\FileHandler' driver.
INFO - 2023-06-21 13:32:04 --> Session: Class initialized using 'CodeIgniter\Session\Handlers\FileHandler' driver.
INFO - 2023-06-21 13:32:11 --> Session: Class initialized using 'CodeIgniter\Session\Handlers\FileHandler' driver.
INFO - 2023-06-21 13:32:11 --> Session: Class initialized using 'CodeIgniter\Session\Handlers\FileHandler' driver.
INFO - 2023-06-21 13:32:16 --> Session: Class initialized using 'CodeIgniter\Session\Handlers\FileHandler' driver.
INFO - 2023-06-21 13:32:21 --> Session: Class initialized using 'CodeIgniter\Session\Handlers\FileHandler' driver.
INFO - 2023-06-21 13:35:22 --> Session: Class initialized using 'CodeIgniter\Session\Handlers\FileHandler' driver.
INFO - 2023-06-21 13:35:47 --> Session: Class initialized using 'CodeIgniter\Session\Handlers\FileHandler' driver.
INFO - 2023-06-21 13:36:46 --> Session: Class initialized using 'CodeIgniter\Session\Handlers\FileHandler' driver.
INFO - 2023-06-21 13:36:51 --> Session: Class initialized using 'CodeIgniter\Session\Handlers\FileHandler' driver.
INFO - 2023-06-21 13:38:04 --> Session: Class initialized using 'CodeIgniter\Session\Handlers\FileHandler' driver.
INFO - 2023-06-21 13:43:19 --> Session: Class initialized using 'CodeIgniter\Session\Handlers\FileHandler' driver.
ERROR - 2023-06-21 20:43:19 --> mysqli_sql_exception: Not unique table/alias: 'periksa' in C:\laragon\www\poliku-master\system\Database\MySQLi\Connection.php:295
Stack trace:
#0 C:\laragon\www\poliku-master\system\Database\MySQLi\Connection.php(295): mysqli->query('SELECT `tagihan...', 0)
#1 C:\laragon\www\poliku-master\system\Database\BaseConnection.php(692): CodeIgniter\Database\MySQLi\Connection->execute('SELECT `tagihan...')
#2 C:\laragon\www\poliku-master\system\Database\BaseConnection.php(606): CodeIgniter\Database\BaseConnection->simpleQuery('SELECT `tagihan...')
#3 C:\laragon\www\poliku-master\system\Database\BaseBuilder.php(1616): CodeIgniter\Database\BaseConnection->query('SELECT `tagihan...', Array, false)
#4 C:\laragon\www\poliku-master\system\Model.php(840): CodeIgniter\Database\BaseBuilder->get()
#5 C:\laragon\www\poliku-master\app\Controllers\Laporan.php(86): CodeIgniter\Model->__call('get', Array)
#6 C:\laragon\www\poliku-master\system\CodeIgniter.php(934): App\Controllers\Laporan->detail_invoice('7', '19', '845489')
#7 C:\laragon\www\poliku-master\system\CodeIgniter.php(499): CodeIgniter\CodeIgniter->runController(Object(App\Controllers\Laporan))
#8 C:\laragon\www\poliku-master\system\CodeIgniter.php(368): CodeIgniter\CodeIgniter->handleRequest(NULL, Object(Config\Cache), false)
#9 C:\laragon\www\poliku-master\public\index.php(67): CodeIgniter\CodeIgniter->run()
#10 C:\laragon\www\poliku-master\system\Commands\Server\rewrite.php(47): require_once('C:\\laragon\\www\\...')
#11 {main}
CRITICAL - 2023-06-21 20:43:19 --> Not unique table/alias: 'periksa'
in SYSTEMPATH\Database\MySQLi\Connection.php on line 295.
 1 SYSTEMPATH\Database\MySQLi\Connection.php(295): mysqli->query('SELECT `tagihan`.*, `dokter`.`nama` as `dokter`, `pasien`.`nama` as `pasien`, `diagnosa`.`keterangan`
FROM `periksa`
JOIN `periksa` ON `periksa`.`id_periksa`=`tagihan`.`id_periksa`
JOIN `pasien` ON `pasien`.`id_pasien`=`periksa`.`id_pasien`
JOIN `dokter` ON `dokter`.`id_dokter`=`periksa`.`id_dokter`
JOIN `metode_pembayaran` ON `metode_pembayaran`.`id_pembayaran`=`periksa`.`id_pembayaran`
WHERE `tagihan`.`id_pasien` = \'7\'
AND `tagihan`.`id_periksa` = \'19\'', 0)
 2 SYSTEMPATH\Database\BaseConnection.php(692): CodeIgniter\Database\MySQLi\Connection->execute('SELECT `tagihan`.*, `dokter`.`nama` as `dokter`, `pasien`.`nama` as `pasien`, `diagnosa`.`keterangan`
FROM `periksa`
JOIN `periksa` ON `periksa`.`id_periksa`=`tagihan`.`id_periksa`
JOIN `pasien` ON `pasien`.`id_pasien`=`periksa`.`id_pasien`
JOIN `dokter` ON `dokter`.`id_dokter`=`periksa`.`id_dokter`
JOIN `metode_pembayaran` ON `metode_pembayaran`.`id_pembayaran`=`periksa`.`id_pembayaran`
WHERE `tagihan`.`id_pasien` = \'7\'
AND `tagihan`.`id_periksa` = \'19\'')
 3 SYSTEMPATH\Database\BaseConnection.php(606): CodeIgniter\Database\BaseConnection->simpleQuery('SELECT `tagihan`.*, `dokter`.`nama` as `dokter`, `pasien`.`nama` as `pasien`, `diagnosa`.`keterangan`
FROM `periksa`
JOIN `periksa` ON `periksa`.`id_periksa`=`tagihan`.`id_periksa`
JOIN `pasien` ON `pasien`.`id_pasien`=`periksa`.`id_pasien`
JOIN `dokter` ON `dokter`.`id_dokter`=`periksa`.`id_dokter`
JOIN `metode_pembayaran` ON `metode_pembayaran`.`id_pembayaran`=`periksa`.`id_pembayaran`
WHERE `tagihan`.`id_pasien` = \'7\'
AND `tagihan`.`id_periksa` = \'19\'')
 4 SYSTEMPATH\Database\BaseBuilder.php(1616): CodeIgniter\Database\BaseConnection->query('SELECT `tagihan`.*, `dokter`.`nama` as `dokter`, `pasien`.`nama` as `pasien`, `diagnosa`.`keterangan`
FROM `periksa`
JOIN `periksa` ON `periksa`.`id_periksa`=`tagihan`.`id_periksa`
JOIN `pasien` ON `pasien`.`id_pasien`=`periksa`.`id_pasien`
JOIN `dokter` ON `dokter`.`id_dokter`=`periksa`.`id_dokter`
JOIN `metode_pembayaran` ON `metode_pembayaran`.`id_pembayaran`=`periksa`.`id_pembayaran`
WHERE `tagihan`.`id_pasien` = :tagihan.id_pasien:
AND `tagihan`.`id_periksa` = :tagihan.id_periksa:', [...], false)
 5 SYSTEMPATH\Model.php(840): CodeIgniter\Database\BaseBuilder->get()
 6 APPPATH\Controllers\Laporan.php(86): CodeIgniter\Model->__call('get', [])
 7 SYSTEMPATH\CodeIgniter.php(934): App\Controllers\Laporan->detail_invoice('7', '19', '845489')
 8 SYSTEMPATH\CodeIgniter.php(499): CodeIgniter\CodeIgniter->runController(Object(App\Controllers\Laporan))
 9 SYSTEMPATH\CodeIgniter.php(368): CodeIgniter\CodeIgniter->handleRequest(null, Object(Config\Cache), false)
10 FCPATH\index.php(67): CodeIgniter\CodeIgniter->run()
11 SYSTEMPATH\Commands\Server\rewrite.php(47): require_once('C:\\laragon\\www\\poliku-master\\public\\index.php')
INFO - 2023-06-21 13:44:05 --> Session: Class initialized using 'CodeIgniter\Session\Handlers\FileHandler' driver.
ERROR - 2023-06-21 20:44:05 --> mysqli_sql_exception: Unknown table 'tagihan' in C:\laragon\www\poliku-master\system\Database\MySQLi\Connection.php:295
Stack trace:
#0 C:\laragon\www\poliku-master\system\Database\MySQLi\Connection.php(295): mysqli->query('SELECT `tagihan...', 0)
#1 C:\laragon\www\poliku-master\system\Database\BaseConnection.php(692): CodeIgniter\Database\MySQLi\Connection->execute('SELECT `tagihan...')
#2 C:\laragon\www\poliku-master\system\Database\BaseConnection.php(606): CodeIgniter\Database\BaseConnection->simpleQuery('SELECT `tagihan...')
#3 C:\laragon\www\poliku-master\system\Database\BaseBuilder.php(1616): CodeIgniter\Database\BaseConnection->query('SELECT `tagihan...', Array, false)
#4 C:\laragon\www\poliku-master\system\Model.php(840): CodeIgniter\Database\BaseBuilder->get()
#5 C:\laragon\www\poliku-master\app\Controllers\Laporan.php(86): CodeIgniter\Model->__call('get', Array)
#6 C:\laragon\www\poliku-master\system\CodeIgniter.php(934): App\Controllers\Laporan->detail_invoice('7', '19', '845489')
#7 C:\laragon\www\poliku-master\system\CodeIgniter.php(499): CodeIgniter\CodeIgniter->runController(Object(App\Controllers\Laporan))
#8 C:\laragon\www\poliku-master\system\CodeIgniter.php(368): CodeIgniter\CodeIgniter->handleRequest(NULL, Object(Config\Cache), false)
#9 C:\laragon\www\poliku-master\public\index.php(67): CodeIgniter\CodeIgniter->run()
#10 C:\laragon\www\poliku-master\system\Commands\Server\rewrite.php(47): require_once('C:\\laragon\\www\\...')
#11 {main}
CRITICAL - 2023-06-21 20:44:05 --> Unknown table 'tagihan'
in SYSTEMPATH\Database\MySQLi\Connection.php on line 295.
 1 SYSTEMPATH\Database\MySQLi\Connection.php(295): mysqli->query('SELECT `tagihan`.*, `dokter`.`nama` as `dokter`, `pasien`.`nama` as `pasien`, `diagnosa`.`keterangan`
FROM `periksa`
JOIN `pasien` ON `pasien`.`id_pasien`=`periksa`.`id_pasien`
JOIN `dokter` ON `dokter`.`id_dokter`=`periksa`.`id_dokter`
JOIN `metode_pembayaran` ON `metode_pembayaran`.`id_pembayaran`=`periksa`.`id_pembayaran`
WHERE `tagihan`.`id_pasien` = \'7\'
AND `tagihan`.`id_periksa` = \'19\'', 0)
 2 SYSTEMPATH\Database\BaseConnection.php(692): CodeIgniter\Database\MySQLi\Connection->execute('SELECT `tagihan`.*, `dokter`.`nama` as `dokter`, `pasien`.`nama` as `pasien`, `diagnosa`.`keterangan`
FROM `periksa`
JOIN `pasien` ON `pasien`.`id_pasien`=`periksa`.`id_pasien`
JOIN `dokter` ON `dokter`.`id_dokter`=`periksa`.`id_dokter`
JOIN `metode_pembayaran` ON `metode_pembayaran`.`id_pembayaran`=`periksa`.`id_pembayaran`
WHERE `tagihan`.`id_pasien` = \'7\'
AND `tagihan`.`id_periksa` = \'19\'')
 3 SYSTEMPATH\Database\BaseConnection.php(606): CodeIgniter\Database\BaseConnection->simpleQuery('SELECT `tagihan`.*, `dokter`.`nama` as `dokter`, `pasien`.`nama` as `pasien`, `diagnosa`.`keterangan`
FROM `periksa`
JOIN `pasien` ON `pasien`.`id_pasien`=`periksa`.`id_pasien`
JOIN `dokter` ON `dokter`.`id_dokter`=`periksa`.`id_dokter`
JOIN `metode_pembayaran` ON `metode_pembayaran`.`id_pembayaran`=`periksa`.`id_pembayaran`
WHERE `tagihan`.`id_pasien` = \'7\'
AND `tagihan`.`id_periksa` = \'19\'')
 4 SYSTEMPATH\Database\BaseBuilder.php(1616): CodeIgniter\Database\BaseConnection->query('SELECT `tagihan`.*, `dokter`.`nama` as `dokter`, `pasien`.`nama` as `pasien`, `diagnosa`.`keterangan`
FROM `periksa`
JOIN `pasien` ON `pasien`.`id_pasien`=`periksa`.`id_pasien`
JOIN `dokter` ON `dokter`.`id_dokter`=`periksa`.`id_dokter`
JOIN `metode_pembayaran` ON `metode_pembayaran`.`id_pembayaran`=`periksa`.`id_pembayaran`
WHERE `tagihan`.`id_pasien` = :tagihan.id_pasien:
AND `tagihan`.`id_periksa` = :tagihan.id_periksa:', [...], false)
 5 SYSTEMPATH\Model.php(840): CodeIgniter\Database\BaseBuilder->get()
 6 APPPATH\Controllers\Laporan.php(86): CodeIgniter\Model->__call('get', [])
 7 SYSTEMPATH\CodeIgniter.php(934): App\Controllers\Laporan->detail_invoice('7', '19', '845489')
 8 SYSTEMPATH\CodeIgniter.php(499): CodeIgniter\CodeIgniter->runController(Object(App\Controllers\Laporan))
 9 SYSTEMPATH\CodeIgniter.php(368): CodeIgniter\CodeIgniter->handleRequest(null, Object(Config\Cache), false)
10 FCPATH\index.php(67): CodeIgniter\CodeIgniter->run()
11 SYSTEMPATH\Commands\Server\rewrite.php(47): require_once('C:\\laragon\\www\\poliku-master\\public\\index.php')
INFO - 2023-06-21 13:44:17 --> Session: Class initialized using 'CodeIgniter\Session\Handlers\FileHandler' driver.
ERROR - 2023-06-21 20:44:17 --> mysqli_sql_exception: Not unique table/alias: 'periksa' in C:\laragon\www\poliku-master\system\Database\MySQLi\Connection.php:295
Stack trace:
#0 C:\laragon\www\poliku-master\system\Database\MySQLi\Connection.php(295): mysqli->query('SELECT `tagihan...', 0)
#1 C:\laragon\www\poliku-master\system\Database\BaseConnection.php(692): CodeIgniter\Database\MySQLi\Connection->execute('SELECT `tagihan...')
#2 C:\laragon\www\poliku-master\system\Database\BaseConnection.php(606): CodeIgniter\Database\BaseConnection->simpleQuery('SELECT `tagihan...')
#3 C:\laragon\www\poliku-master\system\Database\BaseBuilder.php(1616): CodeIgniter\Database\BaseConnection->query('SELECT `tagihan...', Array, false)
#4 C:\laragon\www\poliku-master\system\Model.php(840): CodeIgniter\Database\BaseBuilder->get()
#5 C:\laragon\www\poliku-master\app\Controllers\Laporan.php(86): CodeIgniter\Model->__call('get', Array)
#6 C:\laragon\www\poliku-master\system\CodeIgniter.php(934): App\Controllers\Laporan->detail_invoice('7', '19', '845489')
#7 C:\laragon\www\poliku-master\system\CodeIgniter.php(499): CodeIgniter\CodeIgniter->runController(Object(App\Controllers\Laporan))
#8 C:\laragon\www\poliku-master\system\CodeIgniter.php(368): CodeIgniter\CodeIgniter->handleRequest(NULL, Object(Config\Cache), false)
#9 C:\laragon\www\poliku-master\public\index.php(67): CodeIgniter\CodeIgniter->run()
#10 C:\laragon\www\poliku-master\system\Commands\Server\rewrite.php(47): require_once('C:\\laragon\\www\\...')
#11 {main}
CRITICAL - 2023-06-21 20:44:17 --> Not unique table/alias: 'periksa'
in SYSTEMPATH\Database\MySQLi\Connection.php on line 295.
 1 SYSTEMPATH\Database\MySQLi\Connection.php(295): mysqli->query('SELECT `tagihan`.*, `dokter`.`nama` as `dokter`, `pasien`.`nama` as `pasien`, `diagnosa`.`keterangan`
FROM `periksa`
JOIN `periksa` ON `periksa`.`id_periksa`=`tagihan`.`id_periksa`
JOIN `pasien` ON `pasien`.`id_pasien`=`periksa`.`id_pasien`
JOIN `dokter` ON `dokter`.`id_dokter`=`periksa`.`id_dokter`
JOIN `metode_pembayaran` ON `metode_pembayaran`.`id_pembayaran`=`periksa`.`id_pembayaran`
WHERE `tagihan`.`id_pasien` = \'7\'
AND `tagihan`.`id_periksa` = \'19\'', 0)
 2 SYSTEMPATH\Database\BaseConnection.php(692): CodeIgniter\Database\MySQLi\Connection->execute('SELECT `tagihan`.*, `dokter`.`nama` as `dokter`, `pasien`.`nama` as `pasien`, `diagnosa`.`keterangan`
FROM `periksa`
JOIN `periksa` ON `periksa`.`id_periksa`=`tagihan`.`id_periksa`
JOIN `pasien` ON `pasien`.`id_pasien`=`periksa`.`id_pasien`
JOIN `dokter` ON `dokter`.`id_dokter`=`periksa`.`id_dokter`
JOIN `metode_pembayaran` ON `metode_pembayaran`.`id_pembayaran`=`periksa`.`id_pembayaran`
WHERE `tagihan`.`id_pasien` = \'7\'
AND `tagihan`.`id_periksa` = \'19\'')
 3 SYSTEMPATH\Database\BaseConnection.php(606): CodeIgniter\Database\BaseConnection->simpleQuery('SELECT `tagihan`.*, `dokter`.`nama` as `dokter`, `pasien`.`nama` as `pasien`, `diagnosa`.`keterangan`
FROM `periksa`
JOIN `periksa` ON `periksa`.`id_periksa`=`tagihan`.`id_periksa`
JOIN `pasien` ON `pasien`.`id_pasien`=`periksa`.`id_pasien`
JOIN `dokter` ON `dokter`.`id_dokter`=`periksa`.`id_dokter`
JOIN `metode_pembayaran` ON `metode_pembayaran`.`id_pembayaran`=`periksa`.`id_pembayaran`
WHERE `tagihan`.`id_pasien` = \'7\'
AND `tagihan`.`id_periksa` = \'19\'')
 4 SYSTEMPATH\Database\BaseBuilder.php(1616): CodeIgniter\Database\BaseConnection->query('SELECT `tagihan`.*, `dokter`.`nama` as `dokter`, `pasien`.`nama` as `pasien`, `diagnosa`.`keterangan`
FROM `periksa`
JOIN `periksa` ON `periksa`.`id_periksa`=`tagihan`.`id_periksa`
JOIN `pasien` ON `pasien`.`id_pasien`=`periksa`.`id_pasien`
JOIN `dokter` ON `dokter`.`id_dokter`=`periksa`.`id_dokter`
JOIN `metode_pembayaran` ON `metode_pembayaran`.`id_pembayaran`=`periksa`.`id_pembayaran`
WHERE `tagihan`.`id_pasien` = :tagihan.id_pasien:
AND `tagihan`.`id_periksa` = :tagihan.id_periksa:', [...], false)
 5 SYSTEMPATH\Model.php(840): CodeIgniter\Database\BaseBuilder->get()
 6 APPPATH\Controllers\Laporan.php(86): CodeIgniter\Model->__call('get', [])
 7 SYSTEMPATH\CodeIgniter.php(934): App\Controllers\Laporan->detail_invoice('7', '19', '845489')
 8 SYSTEMPATH\CodeIgniter.php(499): CodeIgniter\CodeIgniter->runController(Object(App\Controllers\Laporan))
 9 SYSTEMPATH\CodeIgniter.php(368): CodeIgniter\CodeIgniter->handleRequest(null, Object(Config\Cache), false)
10 FCPATH\index.php(67): CodeIgniter\CodeIgniter->run()
11 SYSTEMPATH\Commands\Server\rewrite.php(47): require_once('C:\\laragon\\www\\poliku-master\\public\\index.php')
INFO - 2023-06-21 13:44:43 --> Session: Class initialized using 'CodeIgniter\Session\Handlers\FileHandler' driver.
ERROR - 2023-06-21 20:44:43 --> mysqli_sql_exception: Not unique table/alias: 'periksa' in C:\laragon\www\poliku-master\system\Database\MySQLi\Connection.php:295
Stack trace:
#0 C:\laragon\www\poliku-master\system\Database\MySQLi\Connection.php(295): mysqli->query('SELECT `tagihan...', 0)
#1 C:\laragon\www\poliku-master\system\Database\BaseConnection.php(692): CodeIgniter\Database\MySQLi\Connection->execute('SELECT `tagihan...')
#2 C:\laragon\www\poliku-master\system\Database\BaseConnection.php(606): CodeIgniter\Database\BaseConnection->simpleQuery('SELECT `tagihan...')
#3 C:\laragon\www\poliku-master\system\Database\BaseBuilder.php(1616): CodeIgniter\Database\BaseConnection->query('SELECT `tagihan...', Array, false)
#4 C:\laragon\www\poliku-master\system\Model.php(840): CodeIgniter\Database\BaseBuilder->get()
#5 C:\laragon\www\poliku-master\app\Controllers\Laporan.php(86): CodeIgniter\Model->__call('get', Array)
#6 C:\laragon\www\poliku-master\system\CodeIgniter.php(934): App\Controllers\Laporan->detail_invoice('7', '19', '845489')
#7 C:\laragon\www\poliku-master\system\CodeIgniter.php(499): CodeIgniter\CodeIgniter->runController(Object(App\Controllers\Laporan))
#8 C:\laragon\www\poliku-master\system\CodeIgniter.php(368): CodeIgniter\CodeIgniter->handleRequest(NULL, Object(Config\Cache), false)
#9 C:\laragon\www\poliku-master\public\index.php(67): CodeIgniter\CodeIgniter->run()
#10 C:\laragon\www\poliku-master\system\Commands\Server\rewrite.php(47): require_once('C:\\laragon\\www\\...')
#11 {main}
CRITICAL - 2023-06-21 20:44:43 --> Not unique table/alias: 'periksa'
in SYSTEMPATH\Database\MySQLi\Connection.php on line 295.
 1 SYSTEMPATH\Database\MySQLi\Connection.php(295): mysqli->query('SELECT `tagihan`.*, `dokter`.`nama` as `dokter`, `pasien`.`nama` as `pasien`, `diagnosa`.`keterangan`
FROM `periksa`
JOIN `periksa` ON `periksa`.`id_periksa`=`tagihan`.`id_periksa`
JOIN `pasien` ON `pasien`.`id_pasien`=`periksa`.`id_pasien`
JOIN `dokter` ON `dokter`.`id_dokter`=`periksa`.`id_dokter`
JOIN `metode_pembayaran` ON `metode_pembayaran`.`id_pembayaran`=`periksa`.`id_pembayaran`
WHERE `tagihan`.`id_pasien` = \'7\'
AND `tagihan`.`id_periksa` = \'19\'', 0)
 2 SYSTEMPATH\Database\BaseConnection.php(692): CodeIgniter\Database\MySQLi\Connection->execute('SELECT `tagihan`.*, `dokter`.`nama` as `dokter`, `pasien`.`nama` as `pasien`, `diagnosa`.`keterangan`
FROM `periksa`
JOIN `periksa` ON `periksa`.`id_periksa`=`tagihan`.`id_periksa`
JOIN `pasien` ON `pasien`.`id_pasien`=`periksa`.`id_pasien`
JOIN `dokter` ON `dokter`.`id_dokter`=`periksa`.`id_dokter`
JOIN `metode_pembayaran` ON `metode_pembayaran`.`id_pembayaran`=`periksa`.`id_pembayaran`
WHERE `tagihan`.`id_pasien` = \'7\'
AND `tagihan`.`id_periksa` = \'19\'')
 3 SYSTEMPATH\Database\BaseConnection.php(606): CodeIgniter\Database\BaseConnection->simpleQuery('SELECT `tagihan`.*, `dokter`.`nama` as `dokter`, `pasien`.`nama` as `pasien`, `diagnosa`.`keterangan`
FROM `periksa`
JOIN `periksa` ON `periksa`.`id_periksa`=`tagihan`.`id_periksa`
JOIN `pasien` ON `pasien`.`id_pasien`=`periksa`.`id_pasien`
JOIN `dokter` ON `dokter`.`id_dokter`=`periksa`.`id_dokter`
JOIN `metode_pembayaran` ON `metode_pembayaran`.`id_pembayaran`=`periksa`.`id_pembayaran`
WHERE `tagihan`.`id_pasien` = \'7\'
AND `tagihan`.`id_periksa` = \'19\'')
 4 SYSTEMPATH\Database\BaseBuilder.php(1616): CodeIgniter\Database\BaseConnection->query('SELECT `tagihan`.*, `dokter`.`nama` as `dokter`, `pasien`.`nama` as `pasien`, `diagnosa`.`keterangan`
FROM `periksa`
JOIN `periksa` ON `periksa`.`id_periksa`=`tagihan`.`id_periksa`
JOIN `pasien` ON `pasien`.`id_pasien`=`periksa`.`id_pasien`
JOIN `dokter` ON `dokter`.`id_dokter`=`periksa`.`id_dokter`
JOIN `metode_pembayaran` ON `metode_pembayaran`.`id_pembayaran`=`periksa`.`id_pembayaran`
WHERE `tagihan`.`id_pasien` = :tagihan.id_pasien:
AND `tagihan`.`id_periksa` = :tagihan.id_periksa:', [...], false)
 5 SYSTEMPATH\Model.php(840): CodeIgniter\Database\BaseBuilder->get()
 6 APPPATH\Controllers\Laporan.php(86): CodeIgniter\Model->__call('get', [])
 7 SYSTEMPATH\CodeIgniter.php(934): App\Controllers\Laporan->detail_invoice('7', '19', '845489')
 8 SYSTEMPATH\CodeIgniter.php(499): CodeIgniter\CodeIgniter->runController(Object(App\Controllers\Laporan))
 9 SYSTEMPATH\CodeIgniter.php(368): CodeIgniter\CodeIgniter->handleRequest(null, Object(Config\Cache), false)
10 FCPATH\index.php(67): CodeIgniter\CodeIgniter->run()
11 SYSTEMPATH\Commands\Server\rewrite.php(47): require_once('C:\\laragon\\www\\poliku-master\\public\\index.php')
INFO - 2023-06-21 13:45:49 --> Session: Class initialized using 'CodeIgniter\Session\Handlers\FileHandler' driver.
ERROR - 2023-06-21 20:45:49 --> mysqli_sql_exception: Not unique table/alias: 'periksa' in C:\laragon\www\poliku-master\system\Database\MySQLi\Connection.php:295
Stack trace:
#0 C:\laragon\www\poliku-master\system\Database\MySQLi\Connection.php(295): mysqli->query('SELECT `tagihan...', 0)
#1 C:\laragon\www\poliku-master\system\Database\BaseConnection.php(692): CodeIgniter\Database\MySQLi\Connection->execute('SELECT `tagihan...')
#2 C:\laragon\www\poliku-master\system\Database\BaseConnection.php(606): CodeIgniter\Database\BaseConnection->simpleQuery('SELECT `tagihan...')
#3 C:\laragon\www\poliku-master\system\Database\BaseBuilder.php(1616): CodeIgniter\Database\BaseConnection->query('SELECT `tagihan...', Array, false)
#4 C:\laragon\www\poliku-master\system\Model.php(840): CodeIgniter\Database\BaseBuilder->get()
#5 C:\laragon\www\poliku-master\app\Controllers\Laporan.php(86): CodeIgniter\Model->__call('get', Array)
#6 C:\laragon\www\poliku-master\system\CodeIgniter.php(934): App\Controllers\Laporan->detail_invoice('7', '19', '845489')
#7 C:\laragon\www\poliku-master\system\CodeIgniter.php(499): CodeIgniter\CodeIgniter->runController(Object(App\Controllers\Laporan))
#8 C:\laragon\www\poliku-master\system\CodeIgniter.php(368): CodeIgniter\CodeIgniter->handleRequest(NULL, Object(Config\Cache), false)
#9 C:\laragon\www\poliku-master\public\index.php(67): CodeIgniter\CodeIgniter->run()
#10 C:\laragon\www\poliku-master\system\Commands\Server\rewrite.php(47): require_once('C:\\laragon\\www\\...')
#11 {main}
CRITICAL - 2023-06-21 20:45:49 --> Not unique table/alias: 'periksa'
in SYSTEMPATH\Database\MySQLi\Connection.php on line 295.
 1 SYSTEMPATH\Database\MySQLi\Connection.php(295): mysqli->query('SELECT `tagihan`.*, `dokter`.`nama` as `dokter`, `pasien`.`nama` as `pasien`, `diagnosa`.`keterangan`
FROM `periksa`
JOIN `periksa` ON `periksa`.`id_periksa`=`tagihan`.`id_periksa`
JOIN `pasien` ON `pasien`.`id_pasien`=`periksa`.`id_pasien`
JOIN `dokter` ON `dokter`.`id_dokter`=`periksa`.`id_dokter`
JOIN `metode_pembayaran` ON `metode_pembayaran`.`id_pembayaran`=`periksa`.`id_pembayaran`
WHERE `tagihan`.`id_pasien` = \'7\'
AND `tagihan`.`id_tagihan` = \'19\'', 0)
 2 SYSTEMPATH\Database\BaseConnection.php(692): CodeIgniter\Database\MySQLi\Connection->execute('SELECT `tagihan`.*, `dokter`.`nama` as `dokter`, `pasien`.`nama` as `pasien`, `diagnosa`.`keterangan`
FROM `periksa`
JOIN `periksa` ON `periksa`.`id_periksa`=`tagihan`.`id_periksa`
JOIN `pasien` ON `pasien`.`id_pasien`=`periksa`.`id_pasien`
JOIN `dokter` ON `dokter`.`id_dokter`=`periksa`.`id_dokter`
JOIN `metode_pembayaran` ON `metode_pembayaran`.`id_pembayaran`=`periksa`.`id_pembayaran`
WHERE `tagihan`.`id_pasien` = \'7\'
AND `tagihan`.`id_tagihan` = \'19\'')
 3 SYSTEMPATH\Database\BaseConnection.php(606): CodeIgniter\Database\BaseConnection->simpleQuery('SELECT `tagihan`.*, `dokter`.`nama` as `dokter`, `pasien`.`nama` as `pasien`, `diagnosa`.`keterangan`
FROM `periksa`
JOIN `periksa` ON `periksa`.`id_periksa`=`tagihan`.`id_periksa`
JOIN `pasien` ON `pasien`.`id_pasien`=`periksa`.`id_pasien`
JOIN `dokter` ON `dokter`.`id_dokter`=`periksa`.`id_dokter`
JOIN `metode_pembayaran` ON `metode_pembayaran`.`id_pembayaran`=`periksa`.`id_pembayaran`
WHERE `tagihan`.`id_pasien` = \'7\'
AND `tagihan`.`id_tagihan` = \'19\'')
 4 SYSTEMPATH\Database\BaseBuilder.php(1616): CodeIgniter\Database\BaseConnection->query('SELECT `tagihan`.*, `dokter`.`nama` as `dokter`, `pasien`.`nama` as `pasien`, `diagnosa`.`keterangan`
FROM `periksa`
JOIN `periksa` ON `periksa`.`id_periksa`=`tagihan`.`id_periksa`
JOIN `pasien` ON `pasien`.`id_pasien`=`periksa`.`id_pasien`
JOIN `dokter` ON `dokter`.`id_dokter`=`periksa`.`id_dokter`
JOIN `metode_pembayaran` ON `metode_pembayaran`.`id_pembayaran`=`periksa`.`id_pembayaran`
WHERE `tagihan`.`id_pasien` = :tagihan.id_pasien:
AND `tagihan`.`id_tagihan` = :tagihan.id_tagihan:', [...], false)
 5 SYSTEMPATH\Model.php(840): CodeIgniter\Database\BaseBuilder->get()
 6 APPPATH\Controllers\Laporan.php(86): CodeIgniter\Model->__call('get', [])
 7 SYSTEMPATH\CodeIgniter.php(934): App\Controllers\Laporan->detail_invoice('7', '19', '845489')
 8 SYSTEMPATH\CodeIgniter.php(499): CodeIgniter\CodeIgniter->runController(Object(App\Controllers\Laporan))
 9 SYSTEMPATH\CodeIgniter.php(368): CodeIgniter\CodeIgniter->handleRequest(null, Object(Config\Cache), false)
10 FCPATH\index.php(67): CodeIgniter\CodeIgniter->run()
11 SYSTEMPATH\Commands\Server\rewrite.php(47): require_once('C:\\laragon\\www\\poliku-master\\public\\index.php')
INFO - 2023-06-21 13:47:10 --> Session: Class initialized using 'CodeIgniter\Session\Handlers\FileHandler' driver.
CRITICAL - 2023-06-21 20:47:10 --> Too few arguments to function CodeIgniter\Database\BaseBuilder::join(), 1 passed in C:\laragon\www\poliku-master\system\Model.php on line 840 and at least 2 expected
in SYSTEMPATH\Database\BaseBuilder.php on line 617.
 1 SYSTEMPATH\Model.php(840): CodeIgniter\Database\BaseBuilder->join('periksa')
 2 APPPATH\Controllers\Laporan.php(82): CodeIgniter\Model->__call('join', [...])
 3 SYSTEMPATH\CodeIgniter.php(934): App\Controllers\Laporan->detail_invoice('7', '19', '845489')
 4 SYSTEMPATH\CodeIgniter.php(499): CodeIgniter\CodeIgniter->runController(Object(App\Controllers\Laporan))
 5 SYSTEMPATH\CodeIgniter.php(368): CodeIgniter\CodeIgniter->handleRequest(null, Object(Config\Cache), false)
 6 FCPATH\index.php(67): CodeIgniter\CodeIgniter->run()
 7 SYSTEMPATH\Commands\Server\rewrite.php(47): require_once('C:\\laragon\\www\\poliku-master\\public\\index.php')
INFO - 2023-06-21 13:47:17 --> Session: Class initialized using 'CodeIgniter\Session\Handlers\FileHandler' driver.
ERROR - 2023-06-21 20:47:17 --> mysqli_sql_exception: Unknown table 'tagihan' in C:\laragon\www\poliku-master\system\Database\MySQLi\Connection.php:295
Stack trace:
#0 C:\laragon\www\poliku-master\system\Database\MySQLi\Connection.php(295): mysqli->query('SELECT `tagihan...', 0)
#1 C:\laragon\www\poliku-master\system\Database\BaseConnection.php(692): CodeIgniter\Database\MySQLi\Connection->execute('SELECT `tagihan...')
#2 C:\laragon\www\poliku-master\system\Database\BaseConnection.php(606): CodeIgniter\Database\BaseConnection->simpleQuery('SELECT `tagihan...')
#3 C:\laragon\www\poliku-master\system\Database\BaseBuilder.php(1616): CodeIgniter\Database\BaseConnection->query('SELECT `tagihan...', Array, false)
#4 C:\laragon\www\poliku-master\system\Model.php(840): CodeIgniter\Database\BaseBuilder->get()
#5 C:\laragon\www\poliku-master\app\Controllers\Laporan.php(86): CodeIgniter\Model->__call('get', Array)
#6 C:\laragon\www\poliku-master\system\CodeIgniter.php(934): App\Controllers\Laporan->detail_invoice('7', '19', '845489')
#7 C:\laragon\www\poliku-master\system\CodeIgniter.php(499): CodeIgniter\CodeIgniter->runController(Object(App\Controllers\Laporan))
#8 C:\laragon\www\poliku-master\system\CodeIgniter.php(368): CodeIgniter\CodeIgniter->handleRequest(NULL, Object(Config\Cache), false)
#9 C:\laragon\www\poliku-master\public\index.php(67): CodeIgniter\CodeIgniter->run()
#10 C:\laragon\www\poliku-master\system\Commands\Server\rewrite.php(47): require_once('C:\\laragon\\www\\...')
#11 {main}
CRITICAL - 2023-06-21 20:47:17 --> Unknown table 'tagihan'
in SYSTEMPATH\Database\MySQLi\Connection.php on line 295.
 1 SYSTEMPATH\Database\MySQLi\Connection.php(295): mysqli->query('SELECT `tagihan`.*, `dokter`.`nama` as `dokter`, `pasien`.`nama` as `pasien`, `diagnosa`.`keterangan`
FROM `periksa`
JOIN `pasien` ON `pasien`.`id_pasien`=`periksa`.`id_pasien`
JOIN `dokter` ON `dokter`.`id_dokter`=`periksa`.`id_dokter`
JOIN `metode_pembayaran` ON `metode_pembayaran`.`id_pembayaran`=`periksa`.`id_pembayaran`
WHERE `tagihan`.`id_pasien` = \'7\'
AND `tagihan`.`id_tagihan` = \'19\'', 0)
 2 SYSTEMPATH\Database\BaseConnection.php(692): CodeIgniter\Database\MySQLi\Connection->execute('SELECT `tagihan`.*, `dokter`.`nama` as `dokter`, `pasien`.`nama` as `pasien`, `diagnosa`.`keterangan`
FROM `periksa`
JOIN `pasien` ON `pasien`.`id_pasien`=`periksa`.`id_pasien`
JOIN `dokter` ON `dokter`.`id_dokter`=`periksa`.`id_dokter`
JOIN `metode_pembayaran` ON `metode_pembayaran`.`id_pembayaran`=`periksa`.`id_pembayaran`
WHERE `tagihan`.`id_pasien` = \'7\'
AND `tagihan`.`id_tagihan` = \'19\'')
 3 SYSTEMPATH\Database\BaseConnection.php(606): CodeIgniter\Database\BaseConnection->simpleQuery('SELECT `tagihan`.*, `dokter`.`nama` as `dokter`, `pasien`.`nama` as `pasien`, `diagnosa`.`keterangan`
FROM `periksa`
JOIN `pasien` ON `pasien`.`id_pasien`=`periksa`.`id_pasien`
JOIN `dokter` ON `dokter`.`id_dokter`=`periksa`.`id_dokter`
JOIN `metode_pembayaran` ON `metode_pembayaran`.`id_pembayaran`=`periksa`.`id_pembayaran`
WHERE `tagihan`.`id_pasien` = \'7\'
AND `tagihan`.`id_tagihan` = \'19\'')
 4 SYSTEMPATH\Database\BaseBuilder.php(1616): CodeIgniter\Database\BaseConnection->query('SELECT `tagihan`.*, `dokter`.`nama` as `dokter`, `pasien`.`nama` as `pasien`, `diagnosa`.`keterangan`
FROM `periksa`
JOIN `pasien` ON `pasien`.`id_pasien`=`periksa`.`id_pasien`
JOIN `dokter` ON `dokter`.`id_dokter`=`periksa`.`id_dokter`
JOIN `metode_pembayaran` ON `metode_pembayaran`.`id_pembayaran`=`periksa`.`id_pembayaran`
WHERE `tagihan`.`id_pasien` = :tagihan.id_pasien:
AND `tagihan`.`id_tagihan` = :tagihan.id_tagihan:', [...], false)
 5 SYSTEMPATH\Model.php(840): CodeIgniter\Database\BaseBuilder->get()
 6 APPPATH\Controllers\Laporan.php(86): CodeIgniter\Model->__call('get', [])
 7 SYSTEMPATH\CodeIgniter.php(934): App\Controllers\Laporan->detail_invoice('7', '19', '845489')
 8 SYSTEMPATH\CodeIgniter.php(499): CodeIgniter\CodeIgniter->runController(Object(App\Controllers\Laporan))
 9 SYSTEMPATH\CodeIgniter.php(368): CodeIgniter\CodeIgniter->handleRequest(null, Object(Config\Cache), false)
10 FCPATH\index.php(67): CodeIgniter\CodeIgniter->run()
11 SYSTEMPATH\Commands\Server\rewrite.php(47): require_once('C:\\laragon\\www\\poliku-master\\public\\index.php')
INFO - 2023-06-21 13:47:23 --> Session: Class initialized using 'CodeIgniter\Session\Handlers\FileHandler' driver.
ERROR - 2023-06-21 20:47:23 --> mysqli_sql_exception: Unknown table 'tagihan' in C:\laragon\www\poliku-master\system\Database\MySQLi\Connection.php:295
Stack trace:
#0 C:\laragon\www\poliku-master\system\Database\MySQLi\Connection.php(295): mysqli->query('SELECT `tagihan...', 0)
#1 C:\laragon\www\poliku-master\system\Database\BaseConnection.php(692): CodeIgniter\Database\MySQLi\Connection->execute('SELECT `tagihan...')
#2 C:\laragon\www\poliku-master\system\Database\BaseConnection.php(606): CodeIgniter\Database\BaseConnection->simpleQuery('SELECT `tagihan...')
#3 C:\laragon\www\poliku-master\system\Database\BaseBuilder.php(1616): CodeIgniter\Database\BaseConnection->query('SELECT `tagihan...', Array, false)
#4 C:\laragon\www\poliku-master\system\Model.php(840): CodeIgniter\Database\BaseBuilder->get()
#5 C:\laragon\www\poliku-master\app\Controllers\Laporan.php(85): CodeIgniter\Model->__call('get', Array)
#6 C:\laragon\www\poliku-master\system\CodeIgniter.php(934): App\Controllers\Laporan->detail_invoice('7', '19', '845489')
#7 C:\laragon\www\poliku-master\system\CodeIgniter.php(499): CodeIgniter\CodeIgniter->runController(Object(App\Controllers\Laporan))
#8 C:\laragon\www\poliku-master\system\CodeIgniter.php(368): CodeIgniter\CodeIgniter->handleRequest(NULL, Object(Config\Cache), false)
#9 C:\laragon\www\poliku-master\public\index.php(67): CodeIgniter\CodeIgniter->run()
#10 C:\laragon\www\poliku-master\system\Commands\Server\rewrite.php(47): require_once('C:\\laragon\\www\\...')
#11 {main}
CRITICAL - 2023-06-21 20:47:23 --> Unknown table 'tagihan'
in SYSTEMPATH\Database\MySQLi\Connection.php on line 295.
 1 SYSTEMPATH\Database\MySQLi\Connection.php(295): mysqli->query('SELECT `tagihan`.*, `dokter`.`nama` as `dokter`, `pasien`.`nama` as `pasien`, `diagnosa`.`keterangan`
FROM `periksa`
JOIN `pasien` ON `pasien`.`id_pasien`=`periksa`.`id_pasien`
JOIN `dokter` ON `dokter`.`id_dokter`=`periksa`.`id_dokter`
JOIN `metode_pembayaran` ON `metode_pembayaran`.`id_pembayaran`=`periksa`.`id_pembayaran`
WHERE `tagihan`.`id_pasien` = \'7\'
AND `tagihan`.`id_tagihan` = \'19\'', 0)
 2 SYSTEMPATH\Database\BaseConnection.php(692): CodeIgniter\Database\MySQLi\Connection->execute('SELECT `tagihan`.*, `dokter`.`nama` as `dokter`, `pasien`.`nama` as `pasien`, `diagnosa`.`keterangan`
FROM `periksa`
JOIN `pasien` ON `pasien`.`id_pasien`=`periksa`.`id_pasien`
JOIN `dokter` ON `dokter`.`id_dokter`=`periksa`.`id_dokter`
JOIN `metode_pembayaran` ON `metode_pembayaran`.`id_pembayaran`=`periksa`.`id_pembayaran`
WHERE `tagihan`.`id_pasien` = \'7\'
AND `tagihan`.`id_tagihan` = \'19\'')
 3 SYSTEMPATH\Database\BaseConnection.php(606): CodeIgniter\Database\BaseConnection->simpleQuery('SELECT `tagihan`.*, `dokter`.`nama` as `dokter`, `pasien`.`nama` as `pasien`, `diagnosa`.`keterangan`
FROM `periksa`
JOIN `pasien` ON `pasien`.`id_pasien`=`periksa`.`id_pasien`
JOIN `dokter` ON `dokter`.`id_dokter`=`periksa`.`id_dokter`
JOIN `metode_pembayaran` ON `metode_pembayaran`.`id_pembayaran`=`periksa`.`id_pembayaran`
WHERE `tagihan`.`id_pasien` = \'7\'
AND `tagihan`.`id_tagihan` = \'19\'')
 4 SYSTEMPATH\Database\BaseBuilder.php(1616): CodeIgniter\Database\BaseConnection->query('SELECT `tagihan`.*, `dokter`.`nama` as `dokter`, `pasien`.`nama` as `pasien`, `diagnosa`.`keterangan`
FROM `periksa`
JOIN `pasien` ON `pasien`.`id_pasien`=`periksa`.`id_pasien`
JOIN `dokter` ON `dokter`.`id_dokter`=`periksa`.`id_dokter`
JOIN `metode_pembayaran` ON `metode_pembayaran`.`id_pembayaran`=`periksa`.`id_pembayaran`
WHERE `tagihan`.`id_pasien` = :tagihan.id_pasien:
AND `tagihan`.`id_tagihan` = :tagihan.id_tagihan:', [...], false)
 5 SYSTEMPATH\Model.php(840): CodeIgniter\Database\BaseBuilder->get()
 6 APPPATH\Controllers\Laporan.php(85): CodeIgniter\Model->__call('get', [])
 7 SYSTEMPATH\CodeIgniter.php(934): App\Controllers\Laporan->detail_invoice('7', '19', '845489')
 8 SYSTEMPATH\CodeIgniter.php(499): CodeIgniter\CodeIgniter->runController(Object(App\Controllers\Laporan))
 9 SYSTEMPATH\CodeIgniter.php(368): CodeIgniter\CodeIgniter->handleRequest(null, Object(Config\Cache), false)
10 FCPATH\index.php(67): CodeIgniter\CodeIgniter->run()
11 SYSTEMPATH\Commands\Server\rewrite.php(47): require_once('C:\\laragon\\www\\poliku-master\\public\\index.php')
INFO - 2023-06-21 13:47:56 --> Session: Class initialized using 'CodeIgniter\Session\Handlers\FileHandler' driver.
ERROR - 2023-06-21 20:47:56 --> mysqli_sql_exception: Unknown table 'tagihan' in C:\laragon\www\poliku-master\system\Database\MySQLi\Connection.php:295
Stack trace:
#0 C:\laragon\www\poliku-master\system\Database\MySQLi\Connection.php(295): mysqli->query('SELECT `tagihan...', 0)
#1 C:\laragon\www\poliku-master\system\Database\BaseConnection.php(692): CodeIgniter\Database\MySQLi\Connection->execute('SELECT `tagihan...')
#2 C:\laragon\www\poliku-master\system\Database\BaseConnection.php(606): CodeIgniter\Database\BaseConnection->simpleQuery('SELECT `tagihan...')
#3 C:\laragon\www\poliku-master\system\Database\BaseBuilder.php(1616): CodeIgniter\Database\BaseConnection->query('SELECT `tagihan...', Array, false)
#4 C:\laragon\www\poliku-master\system\Model.php(840): CodeIgniter\Database\BaseBuilder->get()
#5 C:\laragon\www\poliku-master\app\Controllers\Laporan.php(85): CodeIgniter\Model->__call('get', Array)
#6 C:\laragon\www\poliku-master\system\CodeIgniter.php(934): App\Controllers\Laporan->detail_invoice('7', '19', '845489')
#7 C:\laragon\www\poliku-master\system\CodeIgniter.php(499): CodeIgniter\CodeIgniter->runController(Object(App\Controllers\Laporan))
#8 C:\laragon\www\poliku-master\system\CodeIgniter.php(368): CodeIgniter\CodeIgniter->handleRequest(NULL, Object(Config\Cache), false)
#9 C:\laragon\www\poliku-master\public\index.php(67): CodeIgniter\CodeIgniter->run()
#10 C:\laragon\www\poliku-master\system\Commands\Server\rewrite.php(47): require_once('C:\\laragon\\www\\...')
#11 {main}
CRITICAL - 2023-06-21 20:47:56 --> Unknown table 'tagihan'
in SYSTEMPATH\Database\MySQLi\Connection.php on line 295.
 1 SYSTEMPATH\Database\MySQLi\Connection.php(295): mysqli->query('SELECT `tagihan`.*, `dokter`.`nama` as `dokter`, `pasien`.`nama` as `pasien`, `diagnosa`.`keterangan`
FROM `periksa`
JOIN `pasien` ON `pasien`.`id_pasien`=`periksa`.`id_pasien`
JOIN `dokter` ON `dokter`.`id_dokter`=`periksa`.`id_dokter`
JOIN `metode_pembayaran` ON `metode_pembayaran`.`id_pembayaran`=`periksa`.`id_pembayaran`
WHERE `tagihan`.`id_pasien` = \'7\'
AND `tagihan`.`id_tagihan` = \'19\'', 0)
 2 SYSTEMPATH\Database\BaseConnection.php(692): CodeIgniter\Database\MySQLi\Connection->execute('SELECT `tagihan`.*, `dokter`.`nama` as `dokter`, `pasien`.`nama` as `pasien`, `diagnosa`.`keterangan`
FROM `periksa`
JOIN `pasien` ON `pasien`.`id_pasien`=`periksa`.`id_pasien`
JOIN `dokter` ON `dokter`.`id_dokter`=`periksa`.`id_dokter`
JOIN `metode_pembayaran` ON `metode_pembayaran`.`id_pembayaran`=`periksa`.`id_pembayaran`
WHERE `tagihan`.`id_pasien` = \'7\'
AND `tagihan`.`id_tagihan` = \'19\'')
 3 SYSTEMPATH\Database\BaseConnection.php(606): CodeIgniter\Database\BaseConnection->simpleQuery('SELECT `tagihan`.*, `dokter`.`nama` as `dokter`, `pasien`.`nama` as `pasien`, `diagnosa`.`keterangan`
FROM `periksa`
JOIN `pasien` ON `pasien`.`id_pasien`=`periksa`.`id_pasien`
JOIN `dokter` ON `dokter`.`id_dokter`=`periksa`.`id_dokter`
JOIN `metode_pembayaran` ON `metode_pembayaran`.`id_pembayaran`=`periksa`.`id_pembayaran`
WHERE `tagihan`.`id_pasien` = \'7\'
AND `tagihan`.`id_tagihan` = \'19\'')
 4 SYSTEMPATH\Database\BaseBuilder.php(1616): CodeIgniter\Database\BaseConnection->query('SELECT `tagihan`.*, `dokter`.`nama` as `dokter`, `pasien`.`nama` as `pasien`, `diagnosa`.`keterangan`
FROM `periksa`
JOIN `pasien` ON `pasien`.`id_pasien`=`periksa`.`id_pasien`
JOIN `dokter` ON `dokter`.`id_dokter`=`periksa`.`id_dokter`
JOIN `metode_pembayaran` ON `metode_pembayaran`.`id_pembayaran`=`periksa`.`id_pembayaran`
WHERE `tagihan`.`id_pasien` = :tagihan.id_pasien:
AND `tagihan`.`id_tagihan` = :tagihan.id_tagihan:', [...], false)
 5 SYSTEMPATH\Model.php(840): CodeIgniter\Database\BaseBuilder->get()
 6 APPPATH\Controllers\Laporan.php(85): CodeIgniter\Model->__call('get', [])
 7 SYSTEMPATH\CodeIgniter.php(934): App\Controllers\Laporan->detail_invoice('7', '19', '845489')
 8 SYSTEMPATH\CodeIgniter.php(499): CodeIgniter\CodeIgniter->runController(Object(App\Controllers\Laporan))
 9 SYSTEMPATH\CodeIgniter.php(368): CodeIgniter\CodeIgniter->handleRequest(null, Object(Config\Cache), false)
10 FCPATH\index.php(67): CodeIgniter\CodeIgniter->run()
11 SYSTEMPATH\Commands\Server\rewrite.php(47): require_once('C:\\laragon\\www\\poliku-master\\public\\index.php')
INFO - 2023-06-21 13:48:39 --> Session: Class initialized using 'CodeIgniter\Session\Handlers\FileHandler' driver.
ERROR - 2023-06-21 20:48:39 --> mysqli_sql_exception: Unknown table 'tagihan' in C:\laragon\www\poliku-master\system\Database\MySQLi\Connection.php:295
Stack trace:
#0 C:\laragon\www\poliku-master\system\Database\MySQLi\Connection.php(295): mysqli->query('SELECT `tagihan...', 0)
#1 C:\laragon\www\poliku-master\system\Database\BaseConnection.php(692): CodeIgniter\Database\MySQLi\Connection->execute('SELECT `tagihan...')
#2 C:\laragon\www\poliku-master\system\Database\BaseConnection.php(606): CodeIgniter\Database\BaseConnection->simpleQuery('SELECT `tagihan...')
#3 C:\laragon\www\poliku-master\system\Database\BaseBuilder.php(1616): CodeIgniter\Database\BaseConnection->query('SELECT `tagihan...', Array, false)
#4 C:\laragon\www\poliku-master\system\Model.php(840): CodeIgniter\Database\BaseBuilder->get()
#5 C:\laragon\www\poliku-master\app\Controllers\Laporan.php(85): CodeIgniter\Model->__call('get', Array)
#6 C:\laragon\www\poliku-master\system\CodeIgniter.php(934): App\Controllers\Laporan->detail_invoice('7', '19', '845489')
#7 C:\laragon\www\poliku-master\system\CodeIgniter.php(499): CodeIgniter\CodeIgniter->runController(Object(App\Controllers\Laporan))
#8 C:\laragon\www\poliku-master\system\CodeIgniter.php(368): CodeIgniter\CodeIgniter->handleRequest(NULL, Object(Config\Cache), false)
#9 C:\laragon\www\poliku-master\public\index.php(67): CodeIgniter\CodeIgniter->run()
#10 C:\laragon\www\poliku-master\system\Commands\Server\rewrite.php(47): require_once('C:\\laragon\\www\\...')
#11 {main}
CRITICAL - 2023-06-21 20:48:39 --> Unknown table 'tagihan'
in SYSTEMPATH\Database\MySQLi\Connection.php on line 295.
 1 SYSTEMPATH\Database\MySQLi\Connection.php(295): mysqli->query('SELECT `tagihan`.*, `dokter`.`nama` as `dokter`, `pasien`.`nama` as `pasien`, `diagnosa`.`keterangan`
FROM `periksa`
JOIN `pasien` ON `pasien`.`id_pasien`=`periksa`.`id_pasien`
JOIN `dokter` ON `dokter`.`id_dokter`=`periksa`.`id_dokter`
JOIN `metode_pembayaran` ON `metode_pembayaran`.`id_pembayaran`=`periksa`.`id_pembayaran`
WHERE `tagihan`.`id_pasien` = \'7\'
AND `tagihan`.`id_tagihan` = \'19\'', 0)
 2 SYSTEMPATH\Database\BaseConnection.php(692): CodeIgniter\Database\MySQLi\Connection->execute('SELECT `tagihan`.*, `dokter`.`nama` as `dokter`, `pasien`.`nama` as `pasien`, `diagnosa`.`keterangan`
FROM `periksa`
JOIN `pasien` ON `pasien`.`id_pasien`=`periksa`.`id_pasien`
JOIN `dokter` ON `dokter`.`id_dokter`=`periksa`.`id_dokter`
JOIN `metode_pembayaran` ON `metode_pembayaran`.`id_pembayaran`=`periksa`.`id_pembayaran`
WHERE `tagihan`.`id_pasien` = \'7\'
AND `tagihan`.`id_tagihan` = \'19\'')
 3 SYSTEMPATH\Database\BaseConnection.php(606): CodeIgniter\Database\BaseConnection->simpleQuery('SELECT `tagihan`.*, `dokter`.`nama` as `dokter`, `pasien`.`nama` as `pasien`, `diagnosa`.`keterangan`
FROM `periksa`
JOIN `pasien` ON `pasien`.`id_pasien`=`periksa`.`id_pasien`
JOIN `dokter` ON `dokter`.`id_dokter`=`periksa`.`id_dokter`
JOIN `metode_pembayaran` ON `metode_pembayaran`.`id_pembayaran`=`periksa`.`id_pembayaran`
WHERE `tagihan`.`id_pasien` = \'7\'
AND `tagihan`.`id_tagihan` = \'19\'')
 4 SYSTEMPATH\Database\BaseBuilder.php(1616): CodeIgniter\Database\BaseConnection->query('SELECT `tagihan`.*, `dokter`.`nama` as `dokter`, `pasien`.`nama` as `pasien`, `diagnosa`.`keterangan`
FROM `periksa`
JOIN `pasien` ON `pasien`.`id_pasien`=`periksa`.`id_pasien`
JOIN `dokter` ON `dokter`.`id_dokter`=`periksa`.`id_dokter`
JOIN `metode_pembayaran` ON `metode_pembayaran`.`id_pembayaran`=`periksa`.`id_pembayaran`
WHERE `tagihan`.`id_pasien` = :tagihan.id_pasien:
AND `tagihan`.`id_tagihan` = :tagihan.id_tagihan:', [...], false)
 5 SYSTEMPATH\Model.php(840): CodeIgniter\Database\BaseBuilder->get()
 6 APPPATH\Controllers\Laporan.php(85): CodeIgniter\Model->__call('get', [])
 7 SYSTEMPATH\CodeIgniter.php(934): App\Controllers\Laporan->detail_invoice('7', '19', '845489')
 8 SYSTEMPATH\CodeIgniter.php(499): CodeIgniter\CodeIgniter->runController(Object(App\Controllers\Laporan))
 9 SYSTEMPATH\CodeIgniter.php(368): CodeIgniter\CodeIgniter->handleRequest(null, Object(Config\Cache), false)
10 FCPATH\index.php(67): CodeIgniter\CodeIgniter->run()
11 SYSTEMPATH\Commands\Server\rewrite.php(47): require_once('C:\\laragon\\www\\poliku-master\\public\\index.php')
INFO - 2023-06-21 13:52:30 --> Session: Class initialized using 'CodeIgniter\Session\Handlers\FileHandler' driver.
ERROR - 2023-06-21 20:52:30 --> mysqli_sql_exception: Unknown table 'tagihan' in C:\laragon\www\poliku-master\system\Database\MySQLi\Connection.php:295
Stack trace:
#0 C:\laragon\www\poliku-master\system\Database\MySQLi\Connection.php(295): mysqli->query('SELECT `tagihan...', 0)
#1 C:\laragon\www\poliku-master\system\Database\BaseConnection.php(692): CodeIgniter\Database\MySQLi\Connection->execute('SELECT `tagihan...')
#2 C:\laragon\www\poliku-master\system\Database\BaseConnection.php(606): CodeIgniter\Database\BaseConnection->simpleQuery('SELECT `tagihan...')
#3 C:\laragon\www\poliku-master\system\Database\BaseBuilder.php(1616): CodeIgniter\Database\BaseConnection->query('SELECT `tagihan...', Array, false)
#4 C:\laragon\www\poliku-master\system\Model.php(840): CodeIgniter\Database\BaseBuilder->get()
#5 C:\laragon\www\poliku-master\app\Controllers\Laporan.php(85): CodeIgniter\Model->__call('get', Array)
#6 C:\laragon\www\poliku-master\system\CodeIgniter.php(934): App\Controllers\Laporan->detail_invoice('7', '19', '845489')
#7 C:\laragon\www\poliku-master\system\CodeIgniter.php(499): CodeIgniter\CodeIgniter->runController(Object(App\Controllers\Laporan))
#8 C:\laragon\www\poliku-master\system\CodeIgniter.php(368): CodeIgniter\CodeIgniter->handleRequest(NULL, Object(Config\Cache), false)
#9 C:\laragon\www\poliku-master\public\index.php(67): CodeIgniter\CodeIgniter->run()
#10 C:\laragon\www\poliku-master\system\Commands\Server\rewrite.php(47): require_once('C:\\laragon\\www\\...')
#11 {main}
CRITICAL - 2023-06-21 20:52:30 --> Unknown table 'tagihan'
in SYSTEMPATH\Database\MySQLi\Connection.php on line 295.
 1 SYSTEMPATH\Database\MySQLi\Connection.php(295): mysqli->query('SELECT `tagihan`.*, `dokter`.`nama` as `dokter`, `pasien`.`nama` as `pasien`, `diagnosa`.`keterangan`
FROM `periksa`
JOIN `pasien` ON `pasien`.`id_pasien`=`periksa`.`id_pasien`
JOIN `dokter` ON `dokter`.`id_dokter`=`periksa`.`id_dokter`
JOIN `metode_pembayaran` ON `metode_pembayaran`.`id_pembayaran`=`periksa`.`id_pembayaran`
WHERE `tagihan`.`id_pasien` = \'7\'
AND `tagihan`.`id_tagihan` = \'19\'', 0)
 2 SYSTEMPATH\Database\BaseConnection.php(692): CodeIgniter\Database\MySQLi\Connection->execute('SELECT `tagihan`.*, `dokter`.`nama` as `dokter`, `pasien`.`nama` as `pasien`, `diagnosa`.`keterangan`
FROM `periksa`
JOIN `pasien` ON `pasien`.`id_pasien`=`periksa`.`id_pasien`
JOIN `dokter` ON `dokter`.`id_dokter`=`periksa`.`id_dokter`
JOIN `metode_pembayaran` ON `metode_pembayaran`.`id_pembayaran`=`periksa`.`id_pembayaran`
WHERE `tagihan`.`id_pasien` = \'7\'
AND `tagihan`.`id_tagihan` = \'19\'')
 3 SYSTEMPATH\Database\BaseConnection.php(606): CodeIgniter\Database\BaseConnection->simpleQuery('SELECT `tagihan`.*, `dokter`.`nama` as `dokter`, `pasien`.`nama` as `pasien`, `diagnosa`.`keterangan`
FROM `periksa`
JOIN `pasien` ON `pasien`.`id_pasien`=`periksa`.`id_pasien`
JOIN `dokter` ON `dokter`.`id_dokter`=`periksa`.`id_dokter`
JOIN `metode_pembayaran` ON `metode_pembayaran`.`id_pembayaran`=`periksa`.`id_pembayaran`
WHERE `tagihan`.`id_pasien` = \'7\'
AND `tagihan`.`id_tagihan` = \'19\'')
 4 SYSTEMPATH\Database\BaseBuilder.php(1616): CodeIgniter\Database\BaseConnection->query('SELECT `tagihan`.*, `dokter`.`nama` as `dokter`, `pasien`.`nama` as `pasien`, `diagnosa`.`keterangan`
FROM `periksa`
JOIN `pasien` ON `pasien`.`id_pasien`=`periksa`.`id_pasien`
JOIN `dokter` ON `dokter`.`id_dokter`=`periksa`.`id_dokter`
JOIN `metode_pembayaran` ON `metode_pembayaran`.`id_pembayaran`=`periksa`.`id_pembayaran`
WHERE `tagihan`.`id_pasien` = :tagihan.id_pasien:
AND `tagihan`.`id_tagihan` = :tagihan.id_tagihan:', [...], false)
 5 SYSTEMPATH\Model.php(840): CodeIgniter\Database\BaseBuilder->get()
 6 APPPATH\Controllers\Laporan.php(85): CodeIgniter\Model->__call('get', [])
 7 SYSTEMPATH\CodeIgniter.php(934): App\Controllers\Laporan->detail_invoice('7', '19', '845489')
 8 SYSTEMPATH\CodeIgniter.php(499): CodeIgniter\CodeIgniter->runController(Object(App\Controllers\Laporan))
 9 SYSTEMPATH\CodeIgniter.php(368): CodeIgniter\CodeIgniter->handleRequest(null, Object(Config\Cache), false)
10 FCPATH\index.php(67): CodeIgniter\CodeIgniter->run()
11 SYSTEMPATH\Commands\Server\rewrite.php(47): require_once('C:\\laragon\\www\\poliku-master\\public\\index.php')
INFO - 2023-06-21 13:54:32 --> Session: Class initialized using 'CodeIgniter\Session\Handlers\FileHandler' driver.
CRITICAL - 2023-06-21 20:54:32 --> Too few arguments to function CodeIgniter\Database\BaseBuilder::join(), 1 passed in C:\laragon\www\poliku-master\system\Model.php on line 840 and at least 2 expected
in SYSTEMPATH\Database\BaseBuilder.php on line 617.
 1 SYSTEMPATH\Model.php(840): CodeIgniter\Database\BaseBuilder->join('periksa')
 2 APPPATH\Controllers\Laporan.php(84): CodeIgniter\Model->__call('join', [...])
 3 SYSTEMPATH\CodeIgniter.php(934): App\Controllers\Laporan->detail_invoice('7', '19', '845489')
 4 SYSTEMPATH\CodeIgniter.php(499): CodeIgniter\CodeIgniter->runController(Object(App\Controllers\Laporan))
 5 SYSTEMPATH\CodeIgniter.php(368): CodeIgniter\CodeIgniter->handleRequest(null, Object(Config\Cache), false)
 6 FCPATH\index.php(67): CodeIgniter\CodeIgniter->run()
 7 SYSTEMPATH\Commands\Server\rewrite.php(47): require_once('C:\\laragon\\www\\poliku-master\\public\\index.php')
INFO - 2023-06-21 13:55:43 --> Session: Class initialized using 'CodeIgniter\Session\Handlers\FileHandler' driver.
ERROR - 2023-06-21 20:55:43 --> mysqli_sql_exception: Unknown column 'diagnosa.keterangan' in 'field list' in C:\laragon\www\poliku-master\system\Database\MySQLi\Connection.php:295
Stack trace:
#0 C:\laragon\www\poliku-master\system\Database\MySQLi\Connection.php(295): mysqli->query('SELECT `tagihan...', 0)
#1 C:\laragon\www\poliku-master\system\Database\BaseConnection.php(692): CodeIgniter\Database\MySQLi\Connection->execute('SELECT `tagihan...')
#2 C:\laragon\www\poliku-master\system\Database\BaseConnection.php(606): CodeIgniter\Database\BaseConnection->simpleQuery('SELECT `tagihan...')
#3 C:\laragon\www\poliku-master\system\Database\BaseBuilder.php(1616): CodeIgniter\Database\BaseConnection->query('SELECT `tagihan...', Array, false)
#4 C:\laragon\www\poliku-master\system\Model.php(840): CodeIgniter\Database\BaseBuilder->get()
#5 C:\laragon\www\poliku-master\app\Controllers\Laporan.php(88): CodeIgniter\Model->__call('get', Array)
#6 C:\laragon\www\poliku-master\system\CodeIgniter.php(934): App\Controllers\Laporan->detail_invoice('7', '19', '845489')
#7 C:\laragon\www\poliku-master\system\CodeIgniter.php(499): CodeIgniter\CodeIgniter->runController(Object(App\Controllers\Laporan))
#8 C:\laragon\www\poliku-master\system\CodeIgniter.php(368): CodeIgniter\CodeIgniter->handleRequest(NULL, Object(Config\Cache), false)
#9 C:\laragon\www\poliku-master\public\index.php(67): CodeIgniter\CodeIgniter->run()
#10 C:\laragon\www\poliku-master\system\Commands\Server\rewrite.php(47): require_once('C:\\laragon\\www\\...')
#11 {main}
CRITICAL - 2023-06-21 20:55:43 --> Unknown column 'diagnosa.keterangan' in 'field list'
in SYSTEMPATH\Database\MySQLi\Connection.php on line 295.
 1 SYSTEMPATH\Database\MySQLi\Connection.php(295): mysqli->query('SELECT `tagihan`.*, `dokter`.`nama` as `dokter`, `pasien`.`nama` as `pasien`, `diagnosa`.`keterangan`
FROM `tagihan`
JOIN `periksa` ON `periksa`.`id_periksa`=`periksa`.`id_periksa`
JOIN `pasien` ON `pasien`.`id_pasien`=`periksa`.`id_pasien`
JOIN `dokter` ON `dokter`.`id_dokter`=`periksa`.`id_dokter`
JOIN `metode_pembayaran` ON `metode_pembayaran`.`id_pembayaran`=`periksa`.`id_pembayaran`
WHERE `tagihan`.`id_pasien` = \'7\'
AND `tagihan`.`id_tagihan` = \'19\'', 0)
 2 SYSTEMPATH\Database\BaseConnection.php(692): CodeIgniter\Database\MySQLi\Connection->execute('SELECT `tagihan`.*, `dokter`.`nama` as `dokter`, `pasien`.`nama` as `pasien`, `diagnosa`.`keterangan`
FROM `tagihan`
JOIN `periksa` ON `periksa`.`id_periksa`=`periksa`.`id_periksa`
JOIN `pasien` ON `pasien`.`id_pasien`=`periksa`.`id_pasien`
JOIN `dokter` ON `dokter`.`id_dokter`=`periksa`.`id_dokter`
JOIN `metode_pembayaran` ON `metode_pembayaran`.`id_pembayaran`=`periksa`.`id_pembayaran`
WHERE `tagihan`.`id_pasien` = \'7\'
AND `tagihan`.`id_tagihan` = \'19\'')
 3 SYSTEMPATH\Database\BaseConnection.php(606): CodeIgniter\Database\BaseConnection->simpleQuery('SELECT `tagihan`.*, `dokter`.`nama` as `dokter`, `pasien`.`nama` as `pasien`, `diagnosa`.`keterangan`
FROM `tagihan`
JOIN `periksa` ON `periksa`.`id_periksa`=`periksa`.`id_periksa`
JOIN `pasien` ON `pasien`.`id_pasien`=`periksa`.`id_pasien`
JOIN `dokter` ON `dokter`.`id_dokter`=`periksa`.`id_dokter`
JOIN `metode_pembayaran` ON `metode_pembayaran`.`id_pembayaran`=`periksa`.`id_pembayaran`
WHERE `tagihan`.`id_pasien` = \'7\'
AND `tagihan`.`id_tagihan` = \'19\'')
 4 SYSTEMPATH\Database\BaseBuilder.php(1616): CodeIgniter\Database\BaseConnection->query('SELECT `tagihan`.*, `dokter`.`nama` as `dokter`, `pasien`.`nama` as `pasien`, `diagnosa`.`keterangan`
FROM `tagihan`
JOIN `periksa` ON `periksa`.`id_periksa`=`periksa`.`id_periksa`
JOIN `pasien` ON `pasien`.`id_pasien`=`periksa`.`id_pasien`
JOIN `dokter` ON `dokter`.`id_dokter`=`periksa`.`id_dokter`
JOIN `metode_pembayaran` ON `metode_pembayaran`.`id_pembayaran`=`periksa`.`id_pembayaran`
WHERE `tagihan`.`id_pasien` = :tagihan.id_pasien:
AND `tagihan`.`id_tagihan` = :tagihan.id_tagihan:', [...], false)
 5 SYSTEMPATH\Model.php(840): CodeIgniter\Database\BaseBuilder->get()
 6 APPPATH\Controllers\Laporan.php(88): CodeIgniter\Model->__call('get', [])
 7 SYSTEMPATH\CodeIgniter.php(934): App\Controllers\Laporan->detail_invoice('7', '19', '845489')
 8 SYSTEMPATH\CodeIgniter.php(499): CodeIgniter\CodeIgniter->runController(Object(App\Controllers\Laporan))
 9 SYSTEMPATH\CodeIgniter.php(368): CodeIgniter\CodeIgniter->handleRequest(null, Object(Config\Cache), false)
10 FCPATH\index.php(67): CodeIgniter\CodeIgniter->run()
11 SYSTEMPATH\Commands\Server\rewrite.php(47): require_once('C:\\laragon\\www\\poliku-master\\public\\index.php')
INFO - 2023-06-21 13:55:56 --> Session: Class initialized using 'CodeIgniter\Session\Handlers\FileHandler' driver.
INFO - 2023-06-21 13:56:36 --> Session: Class initialized using 'CodeIgniter\Session\Handlers\FileHandler' driver.
ERROR - 2023-06-21 20:56:36 --> mysqli_sql_exception: Unknown column 'periksa.id_pembayaran' in 'on clause' in C:\laragon\www\poliku-master\system\Database\MySQLi\Connection.php:295
Stack trace:
#0 C:\laragon\www\poliku-master\system\Database\MySQLi\Connection.php(295): mysqli->query('SELECT `tagihan...', 0)
#1 C:\laragon\www\poliku-master\system\Database\BaseConnection.php(692): CodeIgniter\Database\MySQLi\Connection->execute('SELECT `tagihan...')
#2 C:\laragon\www\poliku-master\system\Database\BaseConnection.php(606): CodeIgniter\Database\BaseConnection->simpleQuery('SELECT `tagihan...')
#3 C:\laragon\www\poliku-master\system\Database\BaseBuilder.php(1616): CodeIgniter\Database\BaseConnection->query('SELECT `tagihan...', Array, false)
#4 C:\laragon\www\poliku-master\system\Model.php(840): CodeIgniter\Database\BaseBuilder->get()
#5 C:\laragon\www\poliku-master\app\Controllers\Laporan.php(87): CodeIgniter\Model->__call('get', Array)
#6 C:\laragon\www\poliku-master\system\CodeIgniter.php(934): App\Controllers\Laporan->detail_invoice('7', '19', '845489')
#7 C:\laragon\www\poliku-master\system\CodeIgniter.php(499): CodeIgniter\CodeIgniter->runController(Object(App\Controllers\Laporan))
#8 C:\laragon\www\poliku-master\system\CodeIgniter.php(368): CodeIgniter\CodeIgniter->handleRequest(NULL, Object(Config\Cache), false)
#9 C:\laragon\www\poliku-master\public\index.php(67): CodeIgniter\CodeIgniter->run()
#10 C:\laragon\www\poliku-master\system\Commands\Server\rewrite.php(47): require_once('C:\\laragon\\www\\...')
#11 {main}
CRITICAL - 2023-06-21 20:56:36 --> Unknown column 'periksa.id_pembayaran' in 'on clause'
in SYSTEMPATH\Database\MySQLi\Connection.php on line 295.
 1 SYSTEMPATH\Database\MySQLi\Connection.php(295): mysqli->query('SELECT `tagihan`.*, `dokter`.`nama` as `dokter`, `pasien`.`nama` as `pasien`
FROM `tagihan`
JOIN `pasien` ON `pasien`.`id_pasien`=`periksa`.`id_pasien`
JOIN `dokter` ON `dokter`.`id_dokter`=`periksa`.`id_dokter`
JOIN `metode_pembayaran` ON `metode_pembayaran`.`id_pembayaran`=`periksa`.`id_pembayaran`
WHERE `tagihan`.`id_pasien` = \'7\'
AND `tagihan`.`id_tagihan` = \'19\'', 0)
 2 SYSTEMPATH\Database\BaseConnection.php(692): CodeIgniter\Database\MySQLi\Connection->execute('SELECT `tagihan`.*, `dokter`.`nama` as `dokter`, `pasien`.`nama` as `pasien`
FROM `tagihan`
JOIN `pasien` ON `pasien`.`id_pasien`=`periksa`.`id_pasien`
JOIN `dokter` ON `dokter`.`id_dokter`=`periksa`.`id_dokter`
JOIN `metode_pembayaran` ON `metode_pembayaran`.`id_pembayaran`=`periksa`.`id_pembayaran`
WHERE `tagihan`.`id_pasien` = \'7\'
AND `tagihan`.`id_tagihan` = \'19\'')
 3 SYSTEMPATH\Database\BaseConnection.php(606): CodeIgniter\Database\BaseConnection->simpleQuery('SELECT `tagihan`.*, `dokter`.`nama` as `dokter`, `pasien`.`nama` as `pasien`
FROM `tagihan`
JOIN `pasien` ON `pasien`.`id_pasien`=`periksa`.`id_pasien`
JOIN `dokter` ON `dokter`.`id_dokter`=`periksa`.`id_dokter`
JOIN `metode_pembayaran` ON `metode_pembayaran`.`id_pembayaran`=`periksa`.`id_pembayaran`
WHERE `tagihan`.`id_pasien` = \'7\'
AND `tagihan`.`id_tagihan` = \'19\'')
 4 SYSTEMPATH\Database\BaseBuilder.php(1616): CodeIgniter\Database\BaseConnection->query('SELECT `tagihan`.*, `dokter`.`nama` as `dokter`, `pasien`.`nama` as `pasien`
FROM `tagihan`
JOIN `pasien` ON `pasien`.`id_pasien`=`periksa`.`id_pasien`
JOIN `dokter` ON `dokter`.`id_dokter`=`periksa`.`id_dokter`
JOIN `metode_pembayaran` ON `metode_pembayaran`.`id_pembayaran`=`periksa`.`id_pembayaran`
WHERE `tagihan`.`id_pasien` = :tagihan.id_pasien:
AND `tagihan`.`id_tagihan` = :tagihan.id_tagihan:', [...], false)
 5 SYSTEMPATH\Model.php(840): CodeIgniter\Database\BaseBuilder->get()
 6 APPPATH\Controllers\Laporan.php(87): CodeIgniter\Model->__call('get', [])
 7 SYSTEMPATH\CodeIgniter.php(934): App\Controllers\Laporan->detail_invoice('7', '19', '845489')
 8 SYSTEMPATH\CodeIgniter.php(499): CodeIgniter\CodeIgniter->runController(Object(App\Controllers\Laporan))
 9 SYSTEMPATH\CodeIgniter.php(368): CodeIgniter\CodeIgniter->handleRequest(null, Object(Config\Cache), false)
10 FCPATH\index.php(67): CodeIgniter\CodeIgniter->run()
11 SYSTEMPATH\Commands\Server\rewrite.php(47): require_once('C:\\laragon\\www\\poliku-master\\public\\index.php')
INFO - 2023-06-21 13:57:26 --> Session: Class initialized using 'CodeIgniter\Session\Handlers\FileHandler' driver.
ERROR - 2023-06-21 20:57:26 --> mysqli_sql_exception: Unknown column 'tagihan.id_pembayaran' in 'on clause' in C:\laragon\www\poliku-master\system\Database\MySQLi\Connection.php:295
Stack trace:
#0 C:\laragon\www\poliku-master\system\Database\MySQLi\Connection.php(295): mysqli->query('SELECT `tagihan...', 0)
#1 C:\laragon\www\poliku-master\system\Database\BaseConnection.php(692): CodeIgniter\Database\MySQLi\Connection->execute('SELECT `tagihan...')
#2 C:\laragon\www\poliku-master\system\Database\BaseConnection.php(606): CodeIgniter\Database\BaseConnection->simpleQuery('SELECT `tagihan...')
#3 C:\laragon\www\poliku-master\system\Database\BaseBuilder.php(1616): CodeIgniter\Database\BaseConnection->query('SELECT `tagihan...', Array, false)
#4 C:\laragon\www\poliku-master\system\Model.php(840): CodeIgniter\Database\BaseBuilder->get()
#5 C:\laragon\www\poliku-master\app\Controllers\Laporan.php(87): CodeIgniter\Model->__call('get', Array)
#6 C:\laragon\www\poliku-master\system\CodeIgniter.php(934): App\Controllers\Laporan->detail_invoice('7', '19', '845489')
#7 C:\laragon\www\poliku-master\system\CodeIgniter.php(499): CodeIgniter\CodeIgniter->runController(Object(App\Controllers\Laporan))
#8 C:\laragon\www\poliku-master\system\CodeIgniter.php(368): CodeIgniter\CodeIgniter->handleRequest(NULL, Object(Config\Cache), false)
#9 C:\laragon\www\poliku-master\public\index.php(67): CodeIgniter\CodeIgniter->run()
#10 C:\laragon\www\poliku-master\system\Commands\Server\rewrite.php(47): require_once('C:\\laragon\\www\\...')
#11 {main}
CRITICAL - 2023-06-21 20:57:26 --> Unknown column 'tagihan.id_pembayaran' in 'on clause'
in SYSTEMPATH\Database\MySQLi\Connection.php on line 295.
 1 SYSTEMPATH\Database\MySQLi\Connection.php(295): mysqli->query('SELECT `tagihan`.*, `dokter`.`nama` as `dokter`, `pasien`.`nama` as `pasien`
FROM `tagihan`
JOIN `pasien` ON `pasien`.`id_pasien`=`periksa`.`id_pasien`
JOIN `dokter` ON `dokter`.`id_dokter`=`periksa`.`id_dokter`
JOIN `metode_pembayaran` ON `metode_pembayaran`.`id_pembayaran`=`tagihan`.`id_pembayaran`
WHERE `tagihan`.`id_pasien` = \'7\'
AND `tagihan`.`id_tagihan` = \'19\'', 0)
 2 SYSTEMPATH\Database\BaseConnection.php(692): CodeIgniter\Database\MySQLi\Connection->execute('SELECT `tagihan`.*, `dokter`.`nama` as `dokter`, `pasien`.`nama` as `pasien`
FROM `tagihan`
JOIN `pasien` ON `pasien`.`id_pasien`=`periksa`.`id_pasien`
JOIN `dokter` ON `dokter`.`id_dokter`=`periksa`.`id_dokter`
JOIN `metode_pembayaran` ON `metode_pembayaran`.`id_pembayaran`=`tagihan`.`id_pembayaran`
WHERE `tagihan`.`id_pasien` = \'7\'
AND `tagihan`.`id_tagihan` = \'19\'')
 3 SYSTEMPATH\Database\BaseConnection.php(606): CodeIgniter\Database\BaseConnection->simpleQuery('SELECT `tagihan`.*, `dokter`.`nama` as `dokter`, `pasien`.`nama` as `pasien`
FROM `tagihan`
JOIN `pasien` ON `pasien`.`id_pasien`=`periksa`.`id_pasien`
JOIN `dokter` ON `dokter`.`id_dokter`=`periksa`.`id_dokter`
JOIN `metode_pembayaran` ON `metode_pembayaran`.`id_pembayaran`=`tagihan`.`id_pembayaran`
WHERE `tagihan`.`id_pasien` = \'7\'
AND `tagihan`.`id_tagihan` = \'19\'')
 4 SYSTEMPATH\Database\BaseBuilder.php(1616): CodeIgniter\Database\BaseConnection->query('SELECT `tagihan`.*, `dokter`.`nama` as `dokter`, `pasien`.`nama` as `pasien`
FROM `tagihan`
JOIN `pasien` ON `pasien`.`id_pasien`=`periksa`.`id_pasien`
JOIN `dokter` ON `dokter`.`id_dokter`=`periksa`.`id_dokter`
JOIN `metode_pembayaran` ON `metode_pembayaran`.`id_pembayaran`=`tagihan`.`id_pembayaran`
WHERE `tagihan`.`id_pasien` = :tagihan.id_pasien:
AND `tagihan`.`id_tagihan` = :tagihan.id_tagihan:', [...], false)
 5 SYSTEMPATH\Model.php(840): CodeIgniter\Database\BaseBuilder->get()
 6 APPPATH\Controllers\Laporan.php(87): CodeIgniter\Model->__call('get', [])
 7 SYSTEMPATH\CodeIgniter.php(934): App\Controllers\Laporan->detail_invoice('7', '19', '845489')
 8 SYSTEMPATH\CodeIgniter.php(499): CodeIgniter\CodeIgniter->runController(Object(App\Controllers\Laporan))
 9 SYSTEMPATH\CodeIgniter.php(368): CodeIgniter\CodeIgniter->handleRequest(null, Object(Config\Cache), false)
10 FCPATH\index.php(67): CodeIgniter\CodeIgniter->run()
11 SYSTEMPATH\Commands\Server\rewrite.php(47): require_once('C:\\laragon\\www\\poliku-master\\public\\index.php')
INFO - 2023-06-21 13:57:39 --> Session: Class initialized using 'CodeIgniter\Session\Handlers\FileHandler' driver.
ERROR - 2023-06-21 20:57:39 --> mysqli_sql_exception: Unknown column 'periksa.id_dokter' in 'on clause' in C:\laragon\www\poliku-master\system\Database\MySQLi\Connection.php:295
Stack trace:
#0 C:\laragon\www\poliku-master\system\Database\MySQLi\Connection.php(295): mysqli->query('SELECT `tagihan...', 0)
#1 C:\laragon\www\poliku-master\system\Database\BaseConnection.php(692): CodeIgniter\Database\MySQLi\Connection->execute('SELECT `tagihan...')
#2 C:\laragon\www\poliku-master\system\Database\BaseConnection.php(606): CodeIgniter\Database\BaseConnection->simpleQuery('SELECT `tagihan...')
#3 C:\laragon\www\poliku-master\system\Database\BaseBuilder.php(1616): CodeIgniter\Database\BaseConnection->query('SELECT `tagihan...', Array, false)
#4 C:\laragon\www\poliku-master\system\Model.php(840): CodeIgniter\Database\BaseBuilder->get()
#5 C:\laragon\www\poliku-master\app\Controllers\Laporan.php(87): CodeIgniter\Model->__call('get', Array)
#6 C:\laragon\www\poliku-master\system\CodeIgniter.php(934): App\Controllers\Laporan->detail_invoice('7', '19', '845489')
#7 C:\laragon\www\poliku-master\system\CodeIgniter.php(499): CodeIgniter\CodeIgniter->runController(Object(App\Controllers\Laporan))
#8 C:\laragon\www\poliku-master\system\CodeIgniter.php(368): CodeIgniter\CodeIgniter->handleRequest(NULL, Object(Config\Cache), false)
#9 C:\laragon\www\poliku-master\public\index.php(67): CodeIgniter\CodeIgniter->run()
#10 C:\laragon\www\poliku-master\system\Commands\Server\rewrite.php(47): require_once('C:\\laragon\\www\\...')
#11 {main}
CRITICAL - 2023-06-21 20:57:39 --> Unknown column 'periksa.id_dokter' in 'on clause'
in SYSTEMPATH\Database\MySQLi\Connection.php on line 295.
 1 SYSTEMPATH\Database\MySQLi\Connection.php(295): mysqli->query('SELECT `tagihan`.*, `dokter`.`nama` as `dokter`, `pasien`.`nama` as `pasien`
FROM `tagihan`
JOIN `pasien` ON `pasien`.`id_pasien`=`periksa`.`id_pasien`
JOIN `dokter` ON `dokter`.`id_dokter`=`periksa`.`id_dokter`
JOIN `metode_pembayaran` ON `metode_pembayaran`.`id_pembayaran`=`tagihan`.`metode_pembayaran`
WHERE `tagihan`.`id_pasien` = \'7\'
AND `tagihan`.`id_tagihan` = \'19\'', 0)
 2 SYSTEMPATH\Database\BaseConnection.php(692): CodeIgniter\Database\MySQLi\Connection->execute('SELECT `tagihan`.*, `dokter`.`nama` as `dokter`, `pasien`.`nama` as `pasien`
FROM `tagihan`
JOIN `pasien` ON `pasien`.`id_pasien`=`periksa`.`id_pasien`
JOIN `dokter` ON `dokter`.`id_dokter`=`periksa`.`id_dokter`
JOIN `metode_pembayaran` ON `metode_pembayaran`.`id_pembayaran`=`tagihan`.`metode_pembayaran`
WHERE `tagihan`.`id_pasien` = \'7\'
AND `tagihan`.`id_tagihan` = \'19\'')
 3 SYSTEMPATH\Database\BaseConnection.php(606): CodeIgniter\Database\BaseConnection->simpleQuery('SELECT `tagihan`.*, `dokter`.`nama` as `dokter`, `pasien`.`nama` as `pasien`
FROM `tagihan`
JOIN `pasien` ON `pasien`.`id_pasien`=`periksa`.`id_pasien`
JOIN `dokter` ON `dokter`.`id_dokter`=`periksa`.`id_dokter`
JOIN `metode_pembayaran` ON `metode_pembayaran`.`id_pembayaran`=`tagihan`.`metode_pembayaran`
WHERE `tagihan`.`id_pasien` = \'7\'
AND `tagihan`.`id_tagihan` = \'19\'')
 4 SYSTEMPATH\Database\BaseBuilder.php(1616): CodeIgniter\Database\BaseConnection->query('SELECT `tagihan`.*, `dokter`.`nama` as `dokter`, `pasien`.`nama` as `pasien`
FROM `tagihan`
JOIN `pasien` ON `pasien`.`id_pasien`=`periksa`.`id_pasien`
JOIN `dokter` ON `dokter`.`id_dokter`=`periksa`.`id_dokter`
JOIN `metode_pembayaran` ON `metode_pembayaran`.`id_pembayaran`=`tagihan`.`metode_pembayaran`
WHERE `tagihan`.`id_pasien` = :tagihan.id_pasien:
AND `tagihan`.`id_tagihan` = :tagihan.id_tagihan:', [...], false)
 5 SYSTEMPATH\Model.php(840): CodeIgniter\Database\BaseBuilder->get()
 6 APPPATH\Controllers\Laporan.php(87): CodeIgniter\Model->__call('get', [])
 7 SYSTEMPATH\CodeIgniter.php(934): App\Controllers\Laporan->detail_invoice('7', '19', '845489')
 8 SYSTEMPATH\CodeIgniter.php(499): CodeIgniter\CodeIgniter->runController(Object(App\Controllers\Laporan))
 9 SYSTEMPATH\CodeIgniter.php(368): CodeIgniter\CodeIgniter->handleRequest(null, Object(Config\Cache), false)
10 FCPATH\index.php(67): CodeIgniter\CodeIgniter->run()
11 SYSTEMPATH\Commands\Server\rewrite.php(47): require_once('C:\\laragon\\www\\poliku-master\\public\\index.php')
INFO - 2023-06-21 13:58:56 --> Session: Class initialized using 'CodeIgniter\Session\Handlers\FileHandler' driver.
INFO - 2023-06-21 13:59:37 --> Session: Class initialized using 'CodeIgniter\Session\Handlers\FileHandler' driver.
INFO - 2023-06-21 14:05:35 --> Session: Class initialized using 'CodeIgniter\Session\Handlers\FileHandler' driver.
INFO - 2023-06-21 14:05:35 --> Session: Class initialized using 'CodeIgniter\Session\Handlers\FileHandler' driver.
INFO - 2023-06-21 14:05:38 --> Session: Class initialized using 'CodeIgniter\Session\Handlers\FileHandler' driver.
INFO - 2023-06-21 14:06:19 --> Session: Class initialized using 'CodeIgniter\Session\Handlers\FileHandler' driver.
INFO - 2023-06-21 14:06:19 --> Session: Class initialized using 'CodeIgniter\Session\Handlers\FileHandler' driver.
INFO - 2023-06-21 14:06:23 --> Session: Class initialized using 'CodeIgniter\Session\Handlers\FileHandler' driver.
INFO - 2023-06-21 14:06:25 --> Session: Class initialized using 'CodeIgniter\Session\Handlers\FileHandler' driver.
INFO - 2023-06-21 14:06:27 --> Session: Class initialized using 'CodeIgniter\Session\Handlers\FileHandler' driver.
INFO - 2023-06-21 14:06:30 --> Session: Class initialized using 'CodeIgniter\Session\Handlers\FileHandler' driver.
INFO - 2023-06-21 14:06:31 --> Session: Class initialized using 'CodeIgniter\Session\Handlers\FileHandler' driver.
INFO - 2023-06-21 14:06:35 --> Session: Class initialized using 'CodeIgniter\Session\Handlers\FileHandler' driver.
INFO - 2023-06-21 14:06:41 --> Session: Class initialized using 'CodeIgniter\Session\Handlers\FileHandler' driver.
INFO - 2023-06-21 14:06:42 --> Session: Class initialized using 'CodeIgniter\Session\Handlers\FileHandler' driver.
INFO - 2023-06-21 14:06:48 --> Session: Class initialized using 'CodeIgniter\Session\Handlers\FileHandler' driver.
INFO - 2023-06-21 14:06:49 --> Session: Class initialized using 'CodeIgniter\Session\Handlers\FileHandler' driver.
INFO - 2023-06-21 14:06:54 --> Session: Class initialized using 'CodeIgniter\Session\Handlers\FileHandler' driver.
INFO - 2023-06-21 14:06:54 --> Session: Class initialized using 'CodeIgniter\Session\Handlers\FileHandler' driver.
INFO - 2023-06-21 14:06:56 --> Session: Class initialized using 'CodeIgniter\Session\Handlers\FileHandler' driver.
INFO - 2023-06-21 14:07:13 --> Session: Class initialized using 'CodeIgniter\Session\Handlers\FileHandler' driver.
INFO - 2023-06-21 14:07:15 --> Session: Class initialized using 'CodeIgniter\Session\Handlers\FileHandler' driver.
INFO - 2023-06-21 14:09:35 --> Session: Class initialized using 'CodeIgniter\Session\Handlers\FileHandler' driver.
INFO - 2023-06-21 14:09:35 --> Session: Class initialized using 'CodeIgniter\Session\Handlers\FileHandler' driver.
INFO - 2023-06-21 14:09:38 --> Session: Class initialized using 'CodeIgniter\Session\Handlers\FileHandler' driver.
INFO - 2023-06-21 14:09:49 --> Session: Class initialized using 'CodeIgniter\Session\Handlers\FileHandler' driver.
INFO - 2023-06-21 14:09:50 --> Session: Class initialized using 'CodeIgniter\Session\Handlers\FileHandler' driver.
INFO - 2023-06-21 14:10:15 --> Session: Class initialized using 'CodeIgniter\Session\Handlers\FileHandler' driver.
INFO - 2023-06-21 14:10:19 --> Session: Class initialized using 'CodeIgniter\Session\Handlers\FileHandler' driver.
INFO - 2023-06-21 14:10:19 --> Session: Class initialized using 'CodeIgniter\Session\Handlers\FileHandler' driver.
INFO - 2023-06-21 14:10:22 --> Session: Class initialized using 'CodeIgniter\Session\Handlers\FileHandler' driver.
INFO - 2023-06-21 14:10:33 --> Session: Class initialized using 'CodeIgniter\Session\Handlers\FileHandler' driver.
INFO - 2023-06-21 14:10:33 --> Session: Class initialized using 'CodeIgniter\Session\Handlers\FileHandler' driver.
INFO - 2023-06-21 14:10:40 --> Session: Class initialized using 'CodeIgniter\Session\Handlers\FileHandler' driver.
INFO - 2023-06-21 14:10:40 --> Session: Class initialized using 'CodeIgniter\Session\Handlers\FileHandler' driver.
INFO - 2023-06-21 14:10:46 --> Session: Class initialized using 'CodeIgniter\Session\Handlers\FileHandler' driver.
INFO - 2023-06-21 14:10:46 --> Session: Class initialized using 'CodeIgniter\Session\Handlers\FileHandler' driver.
INFO - 2023-06-21 14:10:48 --> Session: Class initialized using 'CodeIgniter\Session\Handlers\FileHandler' driver.
INFO - 2023-06-21 14:11:00 --> Session: Class initialized using 'CodeIgniter\Session\Handlers\FileHandler' driver.
INFO - 2023-06-21 14:11:01 --> Session: Class initialized using 'CodeIgniter\Session\Handlers\FileHandler' driver.
INFO - 2023-06-21 14:12:02 --> Session: Class initialized using 'CodeIgniter\Session\Handlers\FileHandler' driver.
INFO - 2023-06-21 14:12:02 --> Session: Class initialized using 'CodeIgniter\Session\Handlers\FileHandler' driver.
INFO - 2023-06-21 14:12:05 --> Session: Class initialized using 'CodeIgniter\Session\Handlers\FileHandler' driver.
INFO - 2023-06-21 14:12:24 --> Session: Class initialized using 'CodeIgniter\Session\Handlers\FileHandler' driver.
INFO - 2023-06-21 14:12:24 --> Session: Class initialized using 'CodeIgniter\Session\Handlers\FileHandler' driver.
INFO - 2023-06-21 14:12:48 --> Session: Class initialized using 'CodeIgniter\Session\Handlers\FileHandler' driver.
INFO - 2023-06-21 14:12:51 --> Session: Class initialized using 'CodeIgniter\Session\Handlers\FileHandler' driver.
INFO - 2023-06-21 14:12:51 --> Session: Class initialized using 'CodeIgniter\Session\Handlers\FileHandler' driver.
INFO - 2023-06-21 14:12:55 --> Session: Class initialized using 'CodeIgniter\Session\Handlers\FileHandler' driver.
INFO - 2023-06-21 14:13:01 --> Session: Class initialized using 'CodeIgniter\Session\Handlers\FileHandler' driver.
INFO - 2023-06-21 14:13:01 --> Session: Class initialized using 'CodeIgniter\Session\Handlers\FileHandler' driver.
INFO - 2023-06-21 14:13:06 --> Session: Class initialized using 'CodeIgniter\Session\Handlers\FileHandler' driver.
INFO - 2023-06-21 14:13:06 --> Session: Class initialized using 'CodeIgniter\Session\Handlers\FileHandler' driver.
INFO - 2023-06-21 14:13:11 --> Session: Class initialized using 'CodeIgniter\Session\Handlers\FileHandler' driver.
INFO - 2023-06-21 14:13:11 --> Session: Class initialized using 'CodeIgniter\Session\Handlers\FileHandler' driver.
INFO - 2023-06-21 14:13:13 --> Session: Class initialized using 'CodeIgniter\Session\Handlers\FileHandler' driver.
INFO - 2023-06-21 14:13:26 --> Session: Class initialized using 'CodeIgniter\Session\Handlers\FileHandler' driver.
INFO - 2023-06-21 14:13:27 --> Session: Class initialized using 'CodeIgniter\Session\Handlers\FileHandler' driver.
INFO - 2023-06-21 14:14:24 --> Session: Class initialized using 'CodeIgniter\Session\Handlers\FileHandler' driver.
INFO - 2023-06-21 14:14:24 --> Session: Class initialized using 'CodeIgniter\Session\Handlers\FileHandler' driver.
INFO - 2023-06-21 14:14:27 --> Session: Class initialized using 'CodeIgniter\Session\Handlers\FileHandler' driver.
INFO - 2023-06-21 14:14:33 --> Session: Class initialized using 'CodeIgniter\Session\Handlers\FileHandler' driver.
INFO - 2023-06-21 14:14:33 --> Session: Class initialized using 'CodeIgniter\Session\Handlers\FileHandler' driver.
INFO - 2023-06-21 14:14:38 --> Session: Class initialized using 'CodeIgniter\Session\Handlers\FileHandler' driver.
INFO - 2023-06-21 14:15:10 --> Session: Class initialized using 'CodeIgniter\Session\Handlers\FileHandler' driver.
INFO - 2023-06-21 14:15:30 --> Session: Class initialized using 'CodeIgniter\Session\Handlers\FileHandler' driver.
INFO - 2023-06-21 14:15:40 --> Session: Class initialized using 'CodeIgniter\Session\Handlers\FileHandler' driver.
INFO - 2023-06-21 14:17:15 --> Session: Class initialized using 'CodeIgniter\Session\Handlers\FileHandler' driver.
INFO - 2023-06-21 14:17:30 --> Session: Class initialized using 'CodeIgniter\Session\Handlers\FileHandler' driver.
INFO - 2023-06-21 14:17:34 --> Session: Class initialized using 'CodeIgniter\Session\Handlers\FileHandler' driver.
INFO - 2023-06-21 14:17:34 --> Session: Class initialized using 'CodeIgniter\Session\Handlers\FileHandler' driver.
INFO - 2023-06-21 14:17:39 --> Session: Class initialized using 'CodeIgniter\Session\Handlers\FileHandler' driver.
INFO - 2023-06-21 14:18:21 --> Session: Class initialized using 'CodeIgniter\Session\Handlers\FileHandler' driver.
INFO - 2023-06-21 14:19:31 --> Session: Class initialized using 'CodeIgniter\Session\Handlers\FileHandler' driver.
INFO - 2023-06-21 14:19:38 --> Session: Class initialized using 'CodeIgniter\Session\Handlers\FileHandler' driver.
INFO - 2023-06-21 14:19:38 --> Session: Class initialized using 'CodeIgniter\Session\Handlers\FileHandler' driver.
INFO - 2023-06-21 14:20:46 --> Session: Class initialized using 'CodeIgniter\Session\Handlers\FileHandler' driver.
CRITICAL - 2023-06-21 21:20:46 --> Undefined property: stdClass::$U0ItTWlkLXNlcnZlci1lYWY0SjhQNW15NGthN2ZWbEFfRExVNkI6
in APPPATH\Views\laporan\detail_invoice.php on line 188.
 1 APPPATH\Views\laporan\detail_invoice.php(188): CodeIgniter\Debug\Exceptions->errorHandler(2, 'Undefined property: stdClass::$U0ItTWlkLXNlcnZlci1lYWY0SjhQNW15NGthN2ZWbEFfRExVNkI6', 'C:\\laragon\\www\\poliku-master\\app\\Views\\laporan\\detail_invoice.php', 188)
 2 SYSTEMPATH\View\View.php(213): include('C:\\laragon\\www\\poliku-master\\app\\Views\\laporan\\detail_invoice.php')
 3 SYSTEMPATH\View\View.php(216): CodeIgniter\View\View->CodeIgniter\View\{closure}()
 4 SYSTEMPATH\Common.php(1184): CodeIgniter\View\View->render('laporan/detail_invoice', [], true)
 5 APPPATH\Controllers\Laporan.php(99): view('laporan/detail_invoice', [...])
 6 SYSTEMPATH\CodeIgniter.php(934): App\Controllers\Laporan->detail_invoice('7', '22', '774390')
 7 SYSTEMPATH\CodeIgniter.php(499): CodeIgniter\CodeIgniter->runController(Object(App\Controllers\Laporan))
 8 SYSTEMPATH\CodeIgniter.php(368): CodeIgniter\CodeIgniter->handleRequest(null, Object(Config\Cache), false)
 9 FCPATH\index.php(67): CodeIgniter\CodeIgniter->run()
10 SYSTEMPATH\Commands\Server\rewrite.php(47): require_once('C:\\laragon\\www\\poliku-master\\public\\index.php')
INFO - 2023-06-21 14:23:06 --> Session: Class initialized using 'CodeIgniter\Session\Handlers\FileHandler' driver.
CRITICAL - 2023-06-21 21:23:06 --> Undefined property: stdClass::$U0ItTWlkLXNlcnZlci1lYWY0SjhQNW15NGthN2ZWbEFfRExVNkI6
in APPPATH\Views\laporan\detail_invoice.php on line 188.
 1 APPPATH\Views\laporan\detail_invoice.php(188): CodeIgniter\Debug\Exceptions->errorHandler(2, 'Undefined property: stdClass::$U0ItTWlkLXNlcnZlci1lYWY0SjhQNW15NGthN2ZWbEFfRExVNkI6', 'C:\\laragon\\www\\poliku-master\\app\\Views\\laporan\\detail_invoice.php', 188)
 2 SYSTEMPATH\View\View.php(213): include('C:\\laragon\\www\\poliku-master\\app\\Views\\laporan\\detail_invoice.php')
 3 SYSTEMPATH\View\View.php(216): CodeIgniter\View\View->CodeIgniter\View\{closure}()
 4 SYSTEMPATH\Common.php(1184): CodeIgniter\View\View->render('laporan/detail_invoice', [], true)
 5 APPPATH\Controllers\Laporan.php(99): view('laporan/detail_invoice', [...])
 6 SYSTEMPATH\CodeIgniter.php(934): App\Controllers\Laporan->detail_invoice('7', '22', '774390')
 7 SYSTEMPATH\CodeIgniter.php(499): CodeIgniter\CodeIgniter->runController(Object(App\Controllers\Laporan))
 8 SYSTEMPATH\CodeIgniter.php(368): CodeIgniter\CodeIgniter->handleRequest(null, Object(Config\Cache), false)
 9 FCPATH\index.php(67): CodeIgniter\CodeIgniter->run()
10 SYSTEMPATH\Commands\Server\rewrite.php(47): require_once('C:\\laragon\\www\\poliku-master\\public\\index.php')
INFO - 2023-06-21 14:23:44 --> Session: Class initialized using 'CodeIgniter\Session\Handlers\FileHandler' driver.
CRITICAL - 2023-06-21 21:23:44 --> Undefined variable $token
in APPPATH\Views\laporan\detail_invoice.php on line 188.
 1 APPPATH\Views\laporan\detail_invoice.php(188): CodeIgniter\Debug\Exceptions->errorHandler(2, 'Undefined variable $token', 'C:\\laragon\\www\\poliku-master\\app\\Views\\laporan\\detail_invoice.php', 188)
 2 SYSTEMPATH\View\View.php(213): include('C:\\laragon\\www\\poliku-master\\app\\Views\\laporan\\detail_invoice.php')
 3 SYSTEMPATH\View\View.php(216): CodeIgniter\View\View->CodeIgniter\View\{closure}()
 4 SYSTEMPATH\Common.php(1184): CodeIgniter\View\View->render('laporan/detail_invoice', [], true)
 5 APPPATH\Controllers\Laporan.php(99): view('laporan/detail_invoice', [...])
 6 SYSTEMPATH\CodeIgniter.php(934): App\Controllers\Laporan->detail_invoice('7', '22', '774390')
 7 SYSTEMPATH\CodeIgniter.php(499): CodeIgniter\CodeIgniter->runController(Object(App\Controllers\Laporan))
 8 SYSTEMPATH\CodeIgniter.php(368): CodeIgniter\CodeIgniter->handleRequest(null, Object(Config\Cache), false)
 9 FCPATH\index.php(67): CodeIgniter\CodeIgniter->run()
10 SYSTEMPATH\Commands\Server\rewrite.php(47): require_once('C:\\laragon\\www\\poliku-master\\public\\index.php')
INFO - 2023-06-21 14:24:09 --> Session: Class initialized using 'CodeIgniter\Session\Handlers\FileHandler' driver.
CRITICAL - 2023-06-21 21:24:10 --> Undefined variable $token
in APPPATH\Views\laporan\detail_invoice.php on line 188.
 1 APPPATH\Views\laporan\detail_invoice.php(188): CodeIgniter\Debug\Exceptions->errorHandler(2, 'Undefined variable $token', 'C:\\laragon\\www\\poliku-master\\app\\Views\\laporan\\detail_invoice.php', 188)
 2 SYSTEMPATH\View\View.php(213): include('C:\\laragon\\www\\poliku-master\\app\\Views\\laporan\\detail_invoice.php')
 3 SYSTEMPATH\View\View.php(216): CodeIgniter\View\View->CodeIgniter\View\{closure}()
 4 SYSTEMPATH\Common.php(1184): CodeIgniter\View\View->render('laporan/detail_invoice', [], true)
 5 APPPATH\Controllers\Laporan.php(99): view('laporan/detail_invoice', [...])
 6 SYSTEMPATH\CodeIgniter.php(934): App\Controllers\Laporan->detail_invoice('7', '22', '774390')
 7 SYSTEMPATH\CodeIgniter.php(499): CodeIgniter\CodeIgniter->runController(Object(App\Controllers\Laporan))
 8 SYSTEMPATH\CodeIgniter.php(368): CodeIgniter\CodeIgniter->handleRequest(null, Object(Config\Cache), false)
 9 FCPATH\index.php(67): CodeIgniter\CodeIgniter->run()
10 SYSTEMPATH\Commands\Server\rewrite.php(47): require_once('C:\\laragon\\www\\poliku-master\\public\\index.php')
INFO - 2023-06-21 14:24:41 --> Session: Class initialized using 'CodeIgniter\Session\Handlers\FileHandler' driver.
INFO - 2023-06-21 14:25:35 --> Session: Class initialized using 'CodeIgniter\Session\Handlers\FileHandler' driver.
CRITICAL - 2023-06-21 21:25:36 --> Undefined variable $token
in APPPATH\Views\laporan\detail_invoice.php on line 188.
 1 APPPATH\Views\laporan\detail_invoice.php(188): CodeIgniter\Debug\Exceptions->errorHandler(2, 'Undefined variable $token', 'C:\\laragon\\www\\poliku-master\\app\\Views\\laporan\\detail_invoice.php', 188)
 2 SYSTEMPATH\View\View.php(213): include('C:\\laragon\\www\\poliku-master\\app\\Views\\laporan\\detail_invoice.php')
 3 SYSTEMPATH\View\View.php(216): CodeIgniter\View\View->CodeIgniter\View\{closure}()
 4 SYSTEMPATH\Common.php(1184): CodeIgniter\View\View->render('laporan/detail_invoice', [], true)
 5 APPPATH\Controllers\Laporan.php(100): view('laporan/detail_invoice', [...])
 6 SYSTEMPATH\CodeIgniter.php(934): App\Controllers\Laporan->detail_invoice('7', '22', '774390')
 7 SYSTEMPATH\CodeIgniter.php(499): CodeIgniter\CodeIgniter->runController(Object(App\Controllers\Laporan))
 8 SYSTEMPATH\CodeIgniter.php(368): CodeIgniter\CodeIgniter->handleRequest(null, Object(Config\Cache), false)
 9 FCPATH\index.php(67): CodeIgniter\CodeIgniter->run()
10 SYSTEMPATH\Commands\Server\rewrite.php(47): require_once('C:\\laragon\\www\\poliku-master\\public\\index.php')
INFO - 2023-06-21 14:28:30 --> Session: Class initialized using 'CodeIgniter\Session\Handlers\FileHandler' driver.
INFO - 2023-06-21 14:36:45 --> Session: Class initialized using 'CodeIgniter\Session\Handlers\FileHandler' driver.
INFO - 2023-06-21 14:37:20 --> Session: Class initialized using 'CodeIgniter\Session\Handlers\FileHandler' driver.
INFO - 2023-06-21 14:37:23 --> Session: Class initialized using 'CodeIgniter\Session\Handlers\FileHandler' driver.
INFO - 2023-06-21 14:37:26 --> Session: Class initialized using 'CodeIgniter\Session\Handlers\FileHandler' driver.
CRITICAL - 2023-06-21 14:46:32 --> syntax error, unexpected variable "$curl"
in APPPATH\Controllers\Laporan.php on line 87.
 1 SYSTEMPATH\Autoloader\Autoloader.php(289): CodeIgniter\Autoloader\Autoloader->includeFile('C:\\laragon\\www\\poliku-master\\app\\Controllers\\Laporan.php')
 2 SYSTEMPATH\Autoloader\Autoloader.php(267): CodeIgniter\Autoloader\Autoloader->loadInNamespace('App\\Controllers\\Laporan')
 3 [internal function]: CodeIgniter\Autoloader\Autoloader->loadClass('App\\Controllers\\Laporan')
 4 SYSTEMPATH\CodeIgniter.php(892): class_exists('\\App\\Controllers\\Laporan', true)
 5 SYSTEMPATH\CodeIgniter.php(486): CodeIgniter\CodeIgniter->startController()
 6 SYSTEMPATH\CodeIgniter.php(368): CodeIgniter\CodeIgniter->handleRequest(null, Object(Config\Cache), false)
 7 FCPATH\index.php(67): CodeIgniter\CodeIgniter->run()
 8 SYSTEMPATH\Commands\Server\rewrite.php(47): require_once('C:\\laragon\\www\\poliku-master\\public\\index.php')
INFO - 2023-06-21 14:46:45 --> Session: Class initialized using 'CodeIgniter\Session\Handlers\FileHandler' driver.
INFO - 2023-06-21 14:47:34 --> Session: Class initialized using 'CodeIgniter\Session\Handlers\FileHandler' driver.
INFO - 2023-06-21 14:48:36 --> Session: Class initialized using 'CodeIgniter\Session\Handlers\FileHandler' driver.
INFO - 2023-06-21 14:49:52 --> Session: Class initialized using 'CodeIgniter\Session\Handlers\FileHandler' driver.
CRITICAL - 2023-06-21 21:49:53 --> Undefined variable $reponse
in APPPATH\Controllers\Laporan.php on line 106.
 1 APPPATH\Controllers\Laporan.php(106): CodeIgniter\Debug\Exceptions->errorHandler(2, 'Undefined variable $reponse', 'C:\\laragon\\www\\poliku-master\\app\\Controllers\\Laporan.php', 106)
 2 SYSTEMPATH\CodeIgniter.php(934): App\Controllers\Laporan->detail_invoice('7', '22', '774390')
 3 SYSTEMPATH\CodeIgniter.php(499): CodeIgniter\CodeIgniter->runController(Object(App\Controllers\Laporan))
 4 SYSTEMPATH\CodeIgniter.php(368): CodeIgniter\CodeIgniter->handleRequest(null, Object(Config\Cache), false)
 5 FCPATH\index.php(67): CodeIgniter\CodeIgniter->run()
 6 SYSTEMPATH\Commands\Server\rewrite.php(47): require_once('C:\\laragon\\www\\poliku-master\\public\\index.php')
INFO - 2023-06-21 14:50:01 --> Session: Class initialized using 'CodeIgniter\Session\Handlers\FileHandler' driver.
INFO - 2023-06-21 14:50:46 --> Session: Class initialized using 'CodeIgniter\Session\Handlers\FileHandler' driver.
INFO - 2023-06-21 14:52:05 --> Session: Class initialized using 'CodeIgniter\Session\Handlers\FileHandler' driver.
CRITICAL - 2023-06-21 21:52:06 --> Attempt to read property "status_code" on array
in APPPATH\Controllers\Laporan.php on line 107.
 1 APPPATH\Controllers\Laporan.php(107): CodeIgniter\Debug\Exceptions->errorHandler(2, 'Attempt to read property "status_code" on array', 'C:\\laragon\\www\\poliku-master\\app\\Controllers\\Laporan.php', 107)
 2 SYSTEMPATH\CodeIgniter.php(934): App\Controllers\Laporan->detail_invoice('7', '22', '774390')
 3 SYSTEMPATH\CodeIgniter.php(499): CodeIgniter\CodeIgniter->runController(Object(App\Controllers\Laporan))
 4 SYSTEMPATH\CodeIgniter.php(368): CodeIgniter\CodeIgniter->handleRequest(null, Object(Config\Cache), false)
 5 FCPATH\index.php(67): CodeIgniter\CodeIgniter->run()
 6 SYSTEMPATH\Commands\Server\rewrite.php(47): require_once('C:\\laragon\\www\\poliku-master\\public\\index.php')
INFO - 2023-06-21 14:52:37 --> Session: Class initialized using 'CodeIgniter\Session\Handlers\FileHandler' driver.
INFO - 2023-06-21 14:53:09 --> Session: Class initialized using 'CodeIgniter\Session\Handlers\FileHandler' driver.
CRITICAL - 2023-06-21 21:53:09 --> Attempt to read property "status_code" on array
in APPPATH\Controllers\Laporan.php on line 108.
 1 APPPATH\Controllers\Laporan.php(108): CodeIgniter\Debug\Exceptions->errorHandler(2, 'Attempt to read property "status_code" on array', 'C:\\laragon\\www\\poliku-master\\app\\Controllers\\Laporan.php', 108)
 2 SYSTEMPATH\CodeIgniter.php(934): App\Controllers\Laporan->detail_invoice('7', '22', '774390')
 3 SYSTEMPATH\CodeIgniter.php(499): CodeIgniter\CodeIgniter->runController(Object(App\Controllers\Laporan))
 4 SYSTEMPATH\CodeIgniter.php(368): CodeIgniter\CodeIgniter->handleRequest(null, Object(Config\Cache), false)
 5 FCPATH\index.php(67): CodeIgniter\CodeIgniter->run()
 6 SYSTEMPATH\Commands\Server\rewrite.php(47): require_once('C:\\laragon\\www\\poliku-master\\public\\index.php')
INFO - 2023-06-21 14:53:27 --> Session: Class initialized using 'CodeIgniter\Session\Handlers\FileHandler' driver.
INFO - 2023-06-21 15:01:36 --> Session: Class initialized using 'CodeIgniter\Session\Handlers\FileHandler' driver.
CRITICAL - 2023-06-21 15:02:42 --> syntax error, unexpected variable "$update"
in APPPATH\Controllers\Laporan.php on line 114.
 1 SYSTEMPATH\Autoloader\Autoloader.php(289): CodeIgniter\Autoloader\Autoloader->includeFile('C:\\laragon\\www\\poliku-master\\app\\Controllers\\Laporan.php')
 2 SYSTEMPATH\Autoloader\Autoloader.php(267): CodeIgniter\Autoloader\Autoloader->loadInNamespace('App\\Controllers\\Laporan')
 3 [internal function]: CodeIgniter\Autoloader\Autoloader->loadClass('App\\Controllers\\Laporan')
 4 SYSTEMPATH\CodeIgniter.php(892): class_exists('\\App\\Controllers\\Laporan', true)
 5 SYSTEMPATH\CodeIgniter.php(486): CodeIgniter\CodeIgniter->startController()
 6 SYSTEMPATH\CodeIgniter.php(368): CodeIgniter\CodeIgniter->handleRequest(null, Object(Config\Cache), false)
 7 FCPATH\index.php(67): CodeIgniter\CodeIgniter->run()
 8 SYSTEMPATH\Commands\Server\rewrite.php(47): require_once('C:\\laragon\\www\\poliku-master\\public\\index.php')
INFO - 2023-06-21 15:02:53 --> Session: Class initialized using 'CodeIgniter\Session\Handlers\FileHandler' driver.
INFO - 2023-06-21 15:06:35 --> Session: Class initialized using 'CodeIgniter\Session\Handlers\FileHandler' driver.
INFO - 2023-06-21 15:07:09 --> Session: Class initialized using 'CodeIgniter\Session\Handlers\FileHandler' driver.
INFO - 2023-06-21 15:11:38 --> Session: Class initialized using 'CodeIgniter\Session\Handlers\FileHandler' driver.
INFO - 2023-06-21 15:12:39 --> Session: Class initialized using 'CodeIgniter\Session\Handlers\FileHandler' driver.
INFO - 2023-06-21 15:12:43 --> Session: Class initialized using 'CodeIgniter\Session\Handlers\FileHandler' driver.
INFO - 2023-06-21 15:12:45 --> Session: Class initialized using 'CodeIgniter\Session\Handlers\FileHandler' driver.
INFO - 2023-06-21 15:14:03 --> Session: Class initialized using 'CodeIgniter\Session\Handlers\FileHandler' driver.
INFO - 2023-06-21 15:18:52 --> Session: Class initialized using 'CodeIgniter\Session\Handlers\FileHandler' driver.
INFO - 2023-06-21 15:19:05 --> Session: Class initialized using 'CodeIgniter\Session\Handlers\FileHandler' driver.
INFO - 2023-06-21 15:29:22 --> Session: Class initialized using 'CodeIgniter\Session\Handlers\FileHandler' driver.
CRITICAL - 2023-06-21 22:29:23 --> Attempt to read property "status_code" on array
in APPPATH\Views\laporan\detail_invoice.php on line 211.
 1 APPPATH\Views\laporan\detail_invoice.php(211): CodeIgniter\Debug\Exceptions->errorHandler(2, 'Attempt to read property "status_code" on array', 'C:\\laragon\\www\\poliku-master\\app\\Views\\laporan\\detail_invoice.php', 211)
 2 SYSTEMPATH\View\View.php(213): include('C:\\laragon\\www\\poliku-master\\app\\Views\\laporan\\detail_invoice.php')
 3 SYSTEMPATH\View\View.php(216): CodeIgniter\View\View->CodeIgniter\View\{closure}()
 4 SYSTEMPATH\Common.php(1184): CodeIgniter\View\View->render('laporan/detail_invoice', [], true)
 5 APPPATH\Controllers\Laporan.php(134): view('laporan/detail_invoice', [...])
 6 SYSTEMPATH\CodeIgniter.php(934): App\Controllers\Laporan->detail_invoice('7', '22', '774390')
 7 SYSTEMPATH\CodeIgniter.php(499): CodeIgniter\CodeIgniter->runController(Object(App\Controllers\Laporan))
 8 SYSTEMPATH\CodeIgniter.php(368): CodeIgniter\CodeIgniter->handleRequest(null, Object(Config\Cache), false)
 9 FCPATH\index.php(67): CodeIgniter\CodeIgniter->run()
10 SYSTEMPATH\Commands\Server\rewrite.php(47): require_once('C:\\laragon\\www\\poliku-master\\public\\index.php')
INFO - 2023-06-21 15:29:38 --> Session: Class initialized using 'CodeIgniter\Session\Handlers\FileHandler' driver.
INFO - 2023-06-21 15:31:20 --> Session: Class initialized using 'CodeIgniter\Session\Handlers\FileHandler' driver.
INFO - 2023-06-21 15:31:58 --> Session: Class initialized using 'CodeIgniter\Session\Handlers\FileHandler' driver.
INFO - 2023-06-21 15:32:02 --> Session: Class initialized using 'CodeIgniter\Session\Handlers\FileHandler' driver.
INFO - 2023-06-21 15:32:02 --> Session: Class initialized using 'CodeIgniter\Session\Handlers\FileHandler' driver.
INFO - 2023-06-21 15:32:06 --> Session: Class initialized using 'CodeIgniter\Session\Handlers\FileHandler' driver.
INFO - 2023-06-21 15:32:06 --> Session: Class initialized using 'CodeIgniter\Session\Handlers\FileHandler' driver.
INFO - 2023-06-21 15:33:28 --> Session: Class initialized using 'CodeIgniter\Session\Handlers\FileHandler' driver.
INFO - 2023-06-21 15:34:49 --> Session: Class initialized using 'CodeIgniter\Session\Handlers\FileHandler' driver.
INFO - 2023-06-21 15:35:29 --> Session: Class initialized using 'CodeIgniter\Session\Handlers\FileHandler' driver.
INFO - 2023-06-21 15:36:07 --> Session: Class initialized using 'CodeIgniter\Session\Handlers\FileHandler' driver.
INFO - 2023-06-21 15:36:51 --> Session: Class initialized using 'CodeIgniter\Session\Handlers\FileHandler' driver.
INFO - 2023-06-21 15:37:52 --> Session: Class initialized using 'CodeIgniter\Session\Handlers\FileHandler' driver.
INFO - 2023-06-21 15:38:07 --> Session: Class initialized using 'CodeIgniter\Session\Handlers\FileHandler' driver.
INFO - 2023-06-21 15:39:22 --> Session: Class initialized using 'CodeIgniter\Session\Handlers\FileHandler' driver.
INFO - 2023-06-21 15:39:27 --> Session: Class initialized using 'CodeIgniter\Session\Handlers\FileHandler' driver.
INFO - 2023-06-21 15:39:28 --> Session: Class initialized using 'CodeIgniter\Session\Handlers\FileHandler' driver.
INFO - 2023-06-21 15:39:32 --> Session: Class initialized using 'CodeIgniter\Session\Handlers\FileHandler' driver.
INFO - 2023-06-21 15:39:33 --> Session: Class initialized using 'CodeIgniter\Session\Handlers\FileHandler' driver.
INFO - 2023-06-21 15:39:45 --> Session: Class initialized using 'CodeIgniter\Session\Handlers\FileHandler' driver.
INFO - 2023-06-21 15:40:22 --> Session: Class initialized using 'CodeIgniter\Session\Handlers\FileHandler' driver.
INFO - 2023-06-21 15:40:34 --> Session: Class initialized using 'CodeIgniter\Session\Handlers\FileHandler' driver.
INFO - 2023-06-21 15:40:41 --> Session: Class initialized using 'CodeIgniter\Session\Handlers\FileHandler' driver.
INFO - 2023-06-21 15:40:42 --> Session: Class initialized using 'CodeIgniter\Session\Handlers\FileHandler' driver.
INFO - 2023-06-21 15:41:04 --> Session: Class initialized using 'CodeIgniter\Session\Handlers\FileHandler' driver.
INFO - 2023-06-21 15:42:26 --> Session: Class initialized using 'CodeIgniter\Session\Handlers\FileHandler' driver.
INFO - 2023-06-21 15:42:45 --> Session: Class initialized using 'CodeIgniter\Session\Handlers\FileHandler' driver.
INFO - 2023-06-21 15:46:30 --> Session: Class initialized using 'CodeIgniter\Session\Handlers\FileHandler' driver.
INFO - 2023-06-21 15:46:41 --> Session: Class initialized using 'CodeIgniter\Session\Handlers\FileHandler' driver.
INFO - 2023-06-21 15:46:53 --> Session: Class initialized using 'CodeIgniter\Session\Handlers\FileHandler' driver.
INFO - 2023-06-21 15:46:53 --> Session: Class initialized using 'CodeIgniter\Session\Handlers\FileHandler' driver.
INFO - 2023-06-21 15:46:56 --> Session: Class initialized using 'CodeIgniter\Session\Handlers\FileHandler' driver.
INFO - 2023-06-21 15:47:03 --> Session: Class initialized using 'CodeIgniter\Session\Handlers\FileHandler' driver.
INFO - 2023-06-21 15:47:03 --> Session: Class initialized using 'CodeIgniter\Session\Handlers\FileHandler' driver.
INFO - 2023-06-21 15:47:07 --> Session: Class initialized using 'CodeIgniter\Session\Handlers\FileHandler' driver.
INFO - 2023-06-21 15:47:10 --> Session: Class initialized using 'CodeIgniter\Session\Handlers\FileHandler' driver.
INFO - 2023-06-21 15:47:10 --> Session: Class initialized using 'CodeIgniter\Session\Handlers\FileHandler' driver.
INFO - 2023-06-21 15:47:15 --> Session: Class initialized using 'CodeIgniter\Session\Handlers\FileHandler' driver.
INFO - 2023-06-21 15:47:20 --> Session: Class initialized using 'CodeIgniter\Session\Handlers\FileHandler' driver.
INFO - 2023-06-21 15:47:21 --> Session: Class initialized using 'CodeIgniter\Session\Handlers\FileHandler' driver.
INFO - 2023-06-21 15:47:27 --> Session: Class initialized using 'CodeIgniter\Session\Handlers\FileHandler' driver.
INFO - 2023-06-21 15:47:27 --> Session: Class initialized using 'CodeIgniter\Session\Handlers\FileHandler' driver.
INFO - 2023-06-21 15:47:32 --> Session: Class initialized using 'CodeIgniter\Session\Handlers\FileHandler' driver.
INFO - 2023-06-21 15:47:32 --> Session: Class initialized using 'CodeIgniter\Session\Handlers\FileHandler' driver.
INFO - 2023-06-21 15:47:35 --> Session: Class initialized using 'CodeIgniter\Session\Handlers\FileHandler' driver.
INFO - 2023-06-21 15:47:53 --> Session: Class initialized using 'CodeIgniter\Session\Handlers\FileHandler' driver.
CRITICAL - 2023-06-21 22:47:53 --> Unsupported operand types: int - string
in APPPATH\Controllers\Rekam_medis.php on line 311.
 1 SYSTEMPATH\CodeIgniter.php(934): App\Controllers\Rekam_medis->rekam_akhir('23')
 2 SYSTEMPATH\CodeIgniter.php(499): CodeIgniter\CodeIgniter->runController(Object(App\Controllers\Rekam_medis))
 3 SYSTEMPATH\CodeIgniter.php(368): CodeIgniter\CodeIgniter->handleRequest(null, Object(Config\Cache), false)
 4 FCPATH\index.php(67): CodeIgniter\CodeIgniter->run()
 5 SYSTEMPATH\Commands\Server\rewrite.php(47): require_once('C:\\laragon\\www\\poliku-master\\public\\index.php')
INFO - 2023-06-21 15:48:04 --> Session: Class initialized using 'CodeIgniter\Session\Handlers\FileHandler' driver.
INFO - 2023-06-21 15:48:11 --> Session: Class initialized using 'CodeIgniter\Session\Handlers\FileHandler' driver.
INFO - 2023-06-21 15:48:13 --> Session: Class initialized using 'CodeIgniter\Session\Handlers\FileHandler' driver.
INFO - 2023-06-21 15:48:20 --> Session: Class initialized using 'CodeIgniter\Session\Handlers\FileHandler' driver.
INFO - 2023-06-21 15:48:20 --> Session: Class initialized using 'CodeIgniter\Session\Handlers\FileHandler' driver.
INFO - 2023-06-21 15:48:23 --> Session: Class initialized using 'CodeIgniter\Session\Handlers\FileHandler' driver.
INFO - 2023-06-21 15:48:32 --> Session: Class initialized using 'CodeIgniter\Session\Handlers\FileHandler' driver.
INFO - 2023-06-21 15:48:33 --> Session: Class initialized using 'CodeIgniter\Session\Handlers\FileHandler' driver.
INFO - 2023-06-21 15:48:37 --> Session: Class initialized using 'CodeIgniter\Session\Handlers\FileHandler' driver.
