ERROR - 2022-12-29 08:48:21 --> Table 'poliku.settings' doesn't exist
CRITICAL - 2022-12-29 08:48:21 --> Call to a member function getRowArray() on bool
#0 /var/www/html/poliku/app/Views/login.php(7): settings()
#1 /var/www/html/poliku/system/View/View.php(214): include('/var/www/html/p...')
#2 /var/www/html/poliku/system/View/View.php(217): CodeIgniter\View\View->CodeIgniter\View\{closure}()
#3 /var/www/html/poliku/system/Common.php(1092): CodeIgniter\View\View->render()
#4 /var/www/html/poliku/app/Controllers/Login.php(17): view()
#5 /var/www/html/poliku/system/CodeIgniter.php(802): App\Controllers\Login->index()
#6 /var/www/html/poliku/system/CodeIgniter.php(399): CodeIgniter\CodeIgniter->runController()
#7 /var/www/html/poliku/system/CodeIgniter.php(317): CodeIgniter\CodeIgniter->handleRequest()
#8 /var/www/html/poliku/public/index.php(36): CodeIgniter\CodeIgniter->run()
#9 {main}
ERROR - 2022-12-29 08:48:59 --> Table 'poliku.settings' doesn't exist
CRITICAL - 2022-12-29 08:48:59 --> Table 'poliku.settings' doesn't exist
#0 /var/www/html/poliku/system/Database/MySQLi/Connection.php(280): mysqli->query()
#1 /var/www/html/poliku/system/Database/BaseConnection.php(663): CodeIgniter\Database\MySQLi\Connection->execute()
#2 /var/www/html/poliku/system/Database/BaseConnection.php(591): CodeIgniter\Database\BaseConnection->simpleQuery()
#3 /var/www/html/poliku/system/Database/BaseBuilder.php(1428): CodeIgniter\Database\BaseConnection->query()
#4 /var/www/html/poliku/app/Helpers/my_helper.php(225): CodeIgniter\Database\BaseBuilder->get()
#5 /var/www/html/poliku/app/Views/login.php(7): settings()
#6 /var/www/html/poliku/system/View/View.php(214): include('/var/www/html/p...')
#7 /var/www/html/poliku/system/View/View.php(217): CodeIgniter\View\View->CodeIgniter\View\{closure}()
#8 /var/www/html/poliku/system/Common.php(1092): CodeIgniter\View\View->render()
#9 /var/www/html/poliku/app/Controllers/Login.php(17): view()
#10 /var/www/html/poliku/system/CodeIgniter.php(802): App\Controllers\Login->index()
#11 /var/www/html/poliku/system/CodeIgniter.php(399): CodeIgniter\CodeIgniter->runController()
#12 /var/www/html/poliku/system/CodeIgniter.php(317): CodeIgniter\CodeIgniter->handleRequest()
#13 /var/www/html/poliku/public/index.php(36): CodeIgniter\CodeIgniter->run()
#14 {main}
CRITICAL - 2022-12-29 08:50:42 --> Call to undefined function settings()
#0 /var/www/html/poliku/system/View/View.php(214): include()
#1 /var/www/html/poliku/system/View/View.php(217): CodeIgniter\View\View->CodeIgniter\View\{closure}()
#2 /var/www/html/poliku/system/Common.php(1092): CodeIgniter\View\View->render()
#3 /var/www/html/poliku/app/Controllers/Login.php(17): view()
#4 /var/www/html/poliku/system/CodeIgniter.php(802): App\Controllers\Login->index()
#5 /var/www/html/poliku/system/CodeIgniter.php(399): CodeIgniter\CodeIgniter->runController()
#6 /var/www/html/poliku/system/CodeIgniter.php(317): CodeIgniter\CodeIgniter->handleRequest()
#7 /var/www/html/poliku/public/index.php(36): CodeIgniter\CodeIgniter->run()
#8 {main}
CRITICAL - 2022-12-29 08:51:45 --> Call to undefined function settings()
#0 /var/www/html/poliku/system/View/View.php(214): include()
#1 /var/www/html/poliku/system/View/View.php(217): CodeIgniter\View\View->CodeIgniter\View\{closure}()
#2 /var/www/html/poliku/system/Common.php(1092): CodeIgniter\View\View->render()
#3 /var/www/html/poliku/app/Controllers/Login.php(17): view()
#4 /var/www/html/poliku/system/CodeIgniter.php(802): App\Controllers\Login->index()
#5 /var/www/html/poliku/system/CodeIgniter.php(399): CodeIgniter\CodeIgniter->runController()
#6 /var/www/html/poliku/system/CodeIgniter.php(317): CodeIgniter\CodeIgniter->handleRequest()
#7 /var/www/html/poliku/public/index.php(36): CodeIgniter\CodeIgniter->run()
#8 {main}
CRITICAL - 2022-12-29 08:51:46 --> Call to undefined function settings()
#0 /var/www/html/poliku/system/View/View.php(214): include()
#1 /var/www/html/poliku/system/View/View.php(217): CodeIgniter\View\View->CodeIgniter\View\{closure}()
#2 /var/www/html/poliku/system/Common.php(1092): CodeIgniter\View\View->render()
#3 /var/www/html/poliku/app/Controllers/Login.php(17): view()
#4 /var/www/html/poliku/system/CodeIgniter.php(802): App\Controllers\Login->index()
#5 /var/www/html/poliku/system/CodeIgniter.php(399): CodeIgniter\CodeIgniter->runController()
#6 /var/www/html/poliku/system/CodeIgniter.php(317): CodeIgniter\CodeIgniter->handleRequest()
#7 /var/www/html/poliku/public/index.php(36): CodeIgniter\CodeIgniter->run()
#8 {main}
CRITICAL - 2022-12-29 08:53:55 --> Call to undefined function settings()
#0 /var/www/html/poliku/system/View/View.php(214): include()
#1 /var/www/html/poliku/system/View/View.php(217): CodeIgniter\View\View->CodeIgniter\View\{closure}()
#2 /var/www/html/poliku/system/Common.php(1092): CodeIgniter\View\View->render()
#3 /var/www/html/poliku/app/Controllers/Login.php(17): view()
#4 /var/www/html/poliku/system/CodeIgniter.php(802): App\Controllers\Login->index()
#5 /var/www/html/poliku/system/CodeIgniter.php(399): CodeIgniter\CodeIgniter->runController()
#6 /var/www/html/poliku/system/CodeIgniter.php(317): CodeIgniter\CodeIgniter->handleRequest()
#7 /var/www/html/poliku/public/index.php(36): CodeIgniter\CodeIgniter->run()
#8 {main}
CRITICAL - 2022-12-29 08:53:55 --> Call to undefined function settings()
#0 /var/www/html/poliku/system/View/View.php(214): include()
#1 /var/www/html/poliku/system/View/View.php(217): CodeIgniter\View\View->CodeIgniter\View\{closure}()
#2 /var/www/html/poliku/system/Common.php(1092): CodeIgniter\View\View->render()
#3 /var/www/html/poliku/app/Controllers/Login.php(17): view()
#4 /var/www/html/poliku/system/CodeIgniter.php(802): App\Controllers\Login->index()
#5 /var/www/html/poliku/system/CodeIgniter.php(399): CodeIgniter\CodeIgniter->runController()
#6 /var/www/html/poliku/system/CodeIgniter.php(317): CodeIgniter\CodeIgniter->handleRequest()
#7 /var/www/html/poliku/public/index.php(36): CodeIgniter\CodeIgniter->run()
#8 {main}
CRITICAL - 2022-12-29 08:53:56 --> Call to undefined function settings()
#0 /var/www/html/poliku/system/View/View.php(214): include()
#1 /var/www/html/poliku/system/View/View.php(217): CodeIgniter\View\View->CodeIgniter\View\{closure}()
#2 /var/www/html/poliku/system/Common.php(1092): CodeIgniter\View\View->render()
#3 /var/www/html/poliku/app/Controllers/Login.php(17): view()
#4 /var/www/html/poliku/system/CodeIgniter.php(802): App\Controllers\Login->index()
#5 /var/www/html/poliku/system/CodeIgniter.php(399): CodeIgniter\CodeIgniter->runController()
#6 /var/www/html/poliku/system/CodeIgniter.php(317): CodeIgniter\CodeIgniter->handleRequest()
#7 /var/www/html/poliku/public/index.php(36): CodeIgniter\CodeIgniter->run()
#8 {main}
CRITICAL - 2022-12-29 08:53:57 --> Call to undefined function settings()
#0 /var/www/html/poliku/system/View/View.php(214): include()
#1 /var/www/html/poliku/system/View/View.php(217): CodeIgniter\View\View->CodeIgniter\View\{closure}()
#2 /var/www/html/poliku/system/Common.php(1092): CodeIgniter\View\View->render()
#3 /var/www/html/poliku/app/Controllers/Login.php(17): view()
#4 /var/www/html/poliku/system/CodeIgniter.php(802): App\Controllers\Login->index()
#5 /var/www/html/poliku/system/CodeIgniter.php(399): CodeIgniter\CodeIgniter->runController()
#6 /var/www/html/poliku/system/CodeIgniter.php(317): CodeIgniter\CodeIgniter->handleRequest()
#7 /var/www/html/poliku/public/index.php(36): CodeIgniter\CodeIgniter->run()
#8 {main}
CRITICAL - 2022-12-29 08:53:57 --> Call to undefined function settings()
#0 /var/www/html/poliku/system/View/View.php(214): include()
#1 /var/www/html/poliku/system/View/View.php(217): CodeIgniter\View\View->CodeIgniter\View\{closure}()
#2 /var/www/html/poliku/system/Common.php(1092): CodeIgniter\View\View->render()
#3 /var/www/html/poliku/app/Controllers/Login.php(17): view()
#4 /var/www/html/poliku/system/CodeIgniter.php(802): App\Controllers\Login->index()
#5 /var/www/html/poliku/system/CodeIgniter.php(399): CodeIgniter\CodeIgniter->runController()
#6 /var/www/html/poliku/system/CodeIgniter.php(317): CodeIgniter\CodeIgniter->handleRequest()
#7 /var/www/html/poliku/public/index.php(36): CodeIgniter\CodeIgniter->run()
#8 {main}
CRITICAL - 2022-12-29 08:54:47 --> Call to undefined function settings()
#0 /var/www/html/poliku/system/View/View.php(214): include()
#1 /var/www/html/poliku/system/View/View.php(217): CodeIgniter\View\View->CodeIgniter\View\{closure}()
#2 /var/www/html/poliku/system/Common.php(1092): CodeIgniter\View\View->render()
#3 /var/www/html/poliku/app/Controllers/Login.php(17): view()
#4 /var/www/html/poliku/system/CodeIgniter.php(802): App\Controllers\Login->index()
#5 /var/www/html/poliku/system/CodeIgniter.php(399): CodeIgniter\CodeIgniter->runController()
#6 /var/www/html/poliku/system/CodeIgniter.php(317): CodeIgniter\CodeIgniter->handleRequest()
#7 /var/www/html/poliku/public/index.php(36): CodeIgniter\CodeIgniter->run()
#8 {main}
CRITICAL - 2022-12-29 08:54:48 --> Call to undefined function settings()
#0 /var/www/html/poliku/system/View/View.php(214): include()
#1 /var/www/html/poliku/system/View/View.php(217): CodeIgniter\View\View->CodeIgniter\View\{closure}()
#2 /var/www/html/poliku/system/Common.php(1092): CodeIgniter\View\View->render()
#3 /var/www/html/poliku/app/Controllers/Login.php(17): view()
#4 /var/www/html/poliku/system/CodeIgniter.php(802): App\Controllers\Login->index()
#5 /var/www/html/poliku/system/CodeIgniter.php(399): CodeIgniter\CodeIgniter->runController()
#6 /var/www/html/poliku/system/CodeIgniter.php(317): CodeIgniter\CodeIgniter->handleRequest()
#7 /var/www/html/poliku/public/index.php(36): CodeIgniter\CodeIgniter->run()
#8 {main}
CRITICAL - 2022-12-29 08:54:48 --> Call to undefined function settings()
#0 /var/www/html/poliku/system/View/View.php(214): include()
#1 /var/www/html/poliku/system/View/View.php(217): CodeIgniter\View\View->CodeIgniter\View\{closure}()
#2 /var/www/html/poliku/system/Common.php(1092): CodeIgniter\View\View->render()
#3 /var/www/html/poliku/app/Controllers/Login.php(17): view()
#4 /var/www/html/poliku/system/CodeIgniter.php(802): App\Controllers\Login->index()
#5 /var/www/html/poliku/system/CodeIgniter.php(399): CodeIgniter\CodeIgniter->runController()
#6 /var/www/html/poliku/system/CodeIgniter.php(317): CodeIgniter\CodeIgniter->handleRequest()
#7 /var/www/html/poliku/public/index.php(36): CodeIgniter\CodeIgniter->run()
#8 {main}
