CRITICAL - 2023-01-12 10:47:20 --> Trying to access array offset on value of type null
#0 /var/www/html/poliku/app/Views/booking/edit.php(13): CodeIgniter\Debug\Exceptions->errorHandler()
#1 /var/www/html/poliku/system/View/View.php(214): include('/var/www/html/p...')
#2 /var/www/html/poliku/system/View/View.php(217): CodeIgniter\View\View->CodeIgniter\View\{closure}()
#3 /var/www/html/poliku/system/Common.php(1092): CodeIgniter\View\View->render()
#4 /var/www/html/poliku/app/Controllers/Booking.php(52): view()
#5 /var/www/html/poliku/system/CodeIgniter.php(802): App\Controllers\Booking->edit()
#6 /var/www/html/poliku/system/CodeIgniter.php(399): CodeIgniter\CodeIgniter->runController()
#7 /var/www/html/poliku/system/CodeIgniter.php(317): CodeIgniter\CodeIgniter->handleRequest()
#8 /var/www/html/poliku/public/index.php(36): CodeIgniter\CodeIgniter->run()
#9 {main}
CRITICAL - 2023-01-12 10:53:19 --> Invalid file: booking/admin_edit.php
#0 /var/www/html/poliku/system/View/View.php(198): CodeIgniter\Exceptions\FrameworkException::forInvalidFile()
#1 /var/www/html/poliku/system/Common.php(1092): CodeIgniter\View\View->render()
#2 /var/www/html/poliku/app/Controllers/Booking.php(108): view()
#3 /var/www/html/poliku/system/CodeIgniter.php(802): App\Controllers\Booking->admin_edit()
#4 /var/www/html/poliku/system/CodeIgniter.php(399): CodeIgniter\CodeIgniter->runController()
#5 /var/www/html/poliku/system/CodeIgniter.php(317): CodeIgniter\CodeIgniter->handleRequest()
#6 /var/www/html/poliku/public/index.php(36): CodeIgniter\CodeIgniter->run()
#7 {main}
CRITICAL - 2023-01-12 10:53:52 --> Trying to access array offset on value of type null
#0 /var/www/html/poliku/app/Views/booking/admin_edit.php(13): CodeIgniter\Debug\Exceptions->errorHandler()
#1 /var/www/html/poliku/system/View/View.php(214): include('/var/www/html/p...')
#2 /var/www/html/poliku/system/View/View.php(217): CodeIgniter\View\View->CodeIgniter\View\{closure}()
#3 /var/www/html/poliku/system/Common.php(1092): CodeIgniter\View\View->render()
#4 /var/www/html/poliku/app/Controllers/Booking.php(108): view()
#5 /var/www/html/poliku/system/CodeIgniter.php(802): App\Controllers\Booking->admin_edit()
#6 /var/www/html/poliku/system/CodeIgniter.php(399): CodeIgniter\CodeIgniter->runController()
#7 /var/www/html/poliku/system/CodeIgniter.php(317): CodeIgniter\CodeIgniter->handleRequest()
#8 /var/www/html/poliku/public/index.php(36): CodeIgniter\CodeIgniter->run()
#9 {main}
CRITICAL - 2023-01-12 10:54:27 --> Undefined variable: pasien
#0 /var/www/html/poliku/app/Views/booking/admin_edit.php(20): CodeIgniter\Debug\Exceptions->errorHandler()
#1 /var/www/html/poliku/system/View/View.php(214): include('/var/www/html/p...')
#2 /var/www/html/poliku/system/View/View.php(217): CodeIgniter\View\View->CodeIgniter\View\{closure}()
#3 /var/www/html/poliku/system/Common.php(1092): CodeIgniter\View\View->render()
#4 /var/www/html/poliku/app/Controllers/Booking.php(108): view()
#5 /var/www/html/poliku/system/CodeIgniter.php(802): App\Controllers\Booking->admin_edit()
#6 /var/www/html/poliku/system/CodeIgniter.php(399): CodeIgniter\CodeIgniter->runController()
#7 /var/www/html/poliku/system/CodeIgniter.php(317): CodeIgniter\CodeIgniter->handleRequest()
#8 /var/www/html/poliku/public/index.php(36): CodeIgniter\CodeIgniter->run()
#9 {main}
CRITICAL - 2023-01-12 10:54:28 --> Undefined variable: pasien
#0 /var/www/html/poliku/app/Views/booking/admin_edit.php(20): CodeIgniter\Debug\Exceptions->errorHandler()
#1 /var/www/html/poliku/system/View/View.php(214): include('/var/www/html/p...')
#2 /var/www/html/poliku/system/View/View.php(217): CodeIgniter\View\View->CodeIgniter\View\{closure}()
#3 /var/www/html/poliku/system/Common.php(1092): CodeIgniter\View\View->render()
#4 /var/www/html/poliku/app/Controllers/Booking.php(108): view()
#5 /var/www/html/poliku/system/CodeIgniter.php(802): App\Controllers\Booking->admin_edit()
#6 /var/www/html/poliku/system/CodeIgniter.php(399): CodeIgniter\CodeIgniter->runController()
#7 /var/www/html/poliku/system/CodeIgniter.php(317): CodeIgniter\CodeIgniter->handleRequest()
#8 /var/www/html/poliku/public/index.php(36): CodeIgniter\CodeIgniter->run()
#9 {main}
CRITICAL - 2023-01-12 10:54:41 --> Undefined index: id_dokter
#0 /var/www/html/poliku/app/Views/booking/admin_edit.php(33): CodeIgniter\Debug\Exceptions->errorHandler()
#1 /var/www/html/poliku/system/View/View.php(214): include('/var/www/html/p...')
#2 /var/www/html/poliku/system/View/View.php(217): CodeIgniter\View\View->CodeIgniter\View\{closure}()
#3 /var/www/html/poliku/system/Common.php(1092): CodeIgniter\View\View->render()
#4 /var/www/html/poliku/app/Controllers/Booking.php(109): view()
#5 /var/www/html/poliku/system/CodeIgniter.php(802): App\Controllers\Booking->admin_edit()
#6 /var/www/html/poliku/system/CodeIgniter.php(399): CodeIgniter\CodeIgniter->runController()
#7 /var/www/html/poliku/system/CodeIgniter.php(317): CodeIgniter\CodeIgniter->handleRequest()
#8 /var/www/html/poliku/public/index.php(36): CodeIgniter\CodeIgniter->run()
#9 {main}
CRITICAL - 2023-01-12 10:56:12 --> Trying to access array offset on value of type null
#0 /var/www/html/poliku/app/Views/booking/admin_edit.php(13): CodeIgniter\Debug\Exceptions->errorHandler()
#1 /var/www/html/poliku/system/View/View.php(214): include('/var/www/html/p...')
#2 /var/www/html/poliku/system/View/View.php(217): CodeIgniter\View\View->CodeIgniter\View\{closure}()
#3 /var/www/html/poliku/system/Common.php(1092): CodeIgniter\View\View->render()
#4 /var/www/html/poliku/app/Controllers/Booking.php(109): view()
#5 /var/www/html/poliku/system/CodeIgniter.php(802): App\Controllers\Booking->admin_edit()
#6 /var/www/html/poliku/system/CodeIgniter.php(399): CodeIgniter\CodeIgniter->runController()
#7 /var/www/html/poliku/system/CodeIgniter.php(317): CodeIgniter\CodeIgniter->handleRequest()
#8 /var/www/html/poliku/public/index.php(36): CodeIgniter\CodeIgniter->run()
#9 {main}
CRITICAL - 2023-01-12 10:56:46 --> Trying to access array offset on value of type null
#0 /var/www/html/poliku/app/Views/booking/admin_edit.php(13): CodeIgniter\Debug\Exceptions->errorHandler()
#1 /var/www/html/poliku/system/View/View.php(214): include('/var/www/html/p...')
#2 /var/www/html/poliku/system/View/View.php(217): CodeIgniter\View\View->CodeIgniter\View\{closure}()
#3 /var/www/html/poliku/system/Common.php(1092): CodeIgniter\View\View->render()
#4 /var/www/html/poliku/app/Controllers/Booking.php(109): view()
#5 /var/www/html/poliku/system/CodeIgniter.php(802): App\Controllers\Booking->admin_edit()
#6 /var/www/html/poliku/system/CodeIgniter.php(399): CodeIgniter\CodeIgniter->runController()
#7 /var/www/html/poliku/system/CodeIgniter.php(317): CodeIgniter\CodeIgniter->handleRequest()
#8 /var/www/html/poliku/public/index.php(36): CodeIgniter\CodeIgniter->run()
#9 {main}
CRITICAL - 2023-01-12 10:56:47 --> Trying to access array offset on value of type null
#0 /var/www/html/poliku/app/Views/booking/admin_edit.php(13): CodeIgniter\Debug\Exceptions->errorHandler()
#1 /var/www/html/poliku/system/View/View.php(214): include('/var/www/html/p...')
#2 /var/www/html/poliku/system/View/View.php(217): CodeIgniter\View\View->CodeIgniter\View\{closure}()
#3 /var/www/html/poliku/system/Common.php(1092): CodeIgniter\View\View->render()
#4 /var/www/html/poliku/app/Controllers/Booking.php(109): view()
#5 /var/www/html/poliku/system/CodeIgniter.php(802): App\Controllers\Booking->admin_edit()
#6 /var/www/html/poliku/system/CodeIgniter.php(399): CodeIgniter\CodeIgniter->runController()
#7 /var/www/html/poliku/system/CodeIgniter.php(317): CodeIgniter\CodeIgniter->handleRequest()
#8 /var/www/html/poliku/public/index.php(36): CodeIgniter\CodeIgniter->run()
#9 {main}
CRITICAL - 2023-01-12 10:56:48 --> Trying to access array offset on value of type null
#0 /var/www/html/poliku/app/Views/booking/admin_edit.php(13): CodeIgniter\Debug\Exceptions->errorHandler()
#1 /var/www/html/poliku/system/View/View.php(214): include('/var/www/html/p...')
#2 /var/www/html/poliku/system/View/View.php(217): CodeIgniter\View\View->CodeIgniter\View\{closure}()
#3 /var/www/html/poliku/system/Common.php(1092): CodeIgniter\View\View->render()
#4 /var/www/html/poliku/app/Controllers/Booking.php(109): view()
#5 /var/www/html/poliku/system/CodeIgniter.php(802): App\Controllers\Booking->admin_edit()
#6 /var/www/html/poliku/system/CodeIgniter.php(399): CodeIgniter\CodeIgniter->runController()
#7 /var/www/html/poliku/system/CodeIgniter.php(317): CodeIgniter\CodeIgniter->handleRequest()
#8 /var/www/html/poliku/public/index.php(36): CodeIgniter\CodeIgniter->run()
#9 {main}
CRITICAL - 2023-01-12 10:57:11 --> Trying to access array offset on value of type null
#0 /var/www/html/poliku/app/Views/booking/admin_edit.php(13): CodeIgniter\Debug\Exceptions->errorHandler()
#1 /var/www/html/poliku/system/View/View.php(214): include('/var/www/html/p...')
#2 /var/www/html/poliku/system/View/View.php(217): CodeIgniter\View\View->CodeIgniter\View\{closure}()
#3 /var/www/html/poliku/system/Common.php(1092): CodeIgniter\View\View->render()
#4 /var/www/html/poliku/app/Controllers/Booking.php(109): view()
#5 /var/www/html/poliku/system/CodeIgniter.php(802): App\Controllers\Booking->admin_edit()
#6 /var/www/html/poliku/system/CodeIgniter.php(399): CodeIgniter\CodeIgniter->runController()
#7 /var/www/html/poliku/system/CodeIgniter.php(317): CodeIgniter\CodeIgniter->handleRequest()
#8 /var/www/html/poliku/public/index.php(36): CodeIgniter\CodeIgniter->run()
#9 {main}
CRITICAL - 2023-01-12 10:57:13 --> Trying to access array offset on value of type null
#0 /var/www/html/poliku/app/Views/booking/admin_edit.php(13): CodeIgniter\Debug\Exceptions->errorHandler()
#1 /var/www/html/poliku/system/View/View.php(214): include('/var/www/html/p...')
#2 /var/www/html/poliku/system/View/View.php(217): CodeIgniter\View\View->CodeIgniter\View\{closure}()
#3 /var/www/html/poliku/system/Common.php(1092): CodeIgniter\View\View->render()
#4 /var/www/html/poliku/app/Controllers/Booking.php(109): view()
#5 /var/www/html/poliku/system/CodeIgniter.php(802): App\Controllers\Booking->admin_edit()
#6 /var/www/html/poliku/system/CodeIgniter.php(399): CodeIgniter\CodeIgniter->runController()
#7 /var/www/html/poliku/system/CodeIgniter.php(317): CodeIgniter\CodeIgniter->handleRequest()
#8 /var/www/html/poliku/public/index.php(36): CodeIgniter\CodeIgniter->run()
#9 {main}
CRITICAL - 2023-01-12 10:58:56 --> Trying to access array offset on value of type null
#0 /var/www/html/poliku/app/Views/booking/admin_edit.php(13): CodeIgniter\Debug\Exceptions->errorHandler()
#1 /var/www/html/poliku/system/View/View.php(214): include('/var/www/html/p...')
#2 /var/www/html/poliku/system/View/View.php(217): CodeIgniter\View\View->CodeIgniter\View\{closure}()
#3 /var/www/html/poliku/system/Common.php(1092): CodeIgniter\View\View->render()
#4 /var/www/html/poliku/app/Controllers/Booking.php(110): view()
#5 /var/www/html/poliku/system/CodeIgniter.php(802): App\Controllers\Booking->admin_edit()
#6 /var/www/html/poliku/system/CodeIgniter.php(399): CodeIgniter\CodeIgniter->runController()
#7 /var/www/html/poliku/system/CodeIgniter.php(317): CodeIgniter\CodeIgniter->handleRequest()
#8 /var/www/html/poliku/public/index.php(36): CodeIgniter\CodeIgniter->run()
#9 {main}
CRITICAL - 2023-01-12 10:59:17 --> Trying to access array offset on value of type null
#0 /var/www/html/poliku/app/Views/booking/admin_edit.php(13): CodeIgniter\Debug\Exceptions->errorHandler()
#1 /var/www/html/poliku/system/View/View.php(214): include('/var/www/html/p...')
#2 /var/www/html/poliku/system/View/View.php(217): CodeIgniter\View\View->CodeIgniter\View\{closure}()
#3 /var/www/html/poliku/system/Common.php(1092): CodeIgniter\View\View->render()
#4 /var/www/html/poliku/app/Controllers/Booking.php(110): view()
#5 /var/www/html/poliku/system/CodeIgniter.php(802): App\Controllers\Booking->admin_edit()
#6 /var/www/html/poliku/system/CodeIgniter.php(399): CodeIgniter\CodeIgniter->runController()
#7 /var/www/html/poliku/system/CodeIgniter.php(317): CodeIgniter\CodeIgniter->handleRequest()
#8 /var/www/html/poliku/public/index.php(36): CodeIgniter\CodeIgniter->run()
#9 {main}
CRITICAL - 2023-01-12 10:59:29 --> Trying to access array offset on value of type null
#0 /var/www/html/poliku/app/Views/booking/admin_edit.php(13): CodeIgniter\Debug\Exceptions->errorHandler()
#1 /var/www/html/poliku/system/View/View.php(214): include('/var/www/html/p...')
#2 /var/www/html/poliku/system/View/View.php(217): CodeIgniter\View\View->CodeIgniter\View\{closure}()
#3 /var/www/html/poliku/system/Common.php(1092): CodeIgniter\View\View->render()
#4 /var/www/html/poliku/app/Controllers/Booking.php(110): view()
#5 /var/www/html/poliku/system/CodeIgniter.php(802): App\Controllers\Booking->admin_edit()
#6 /var/www/html/poliku/system/CodeIgniter.php(399): CodeIgniter\CodeIgniter->runController()
#7 /var/www/html/poliku/system/CodeIgniter.php(317): CodeIgniter\CodeIgniter->handleRequest()
#8 /var/www/html/poliku/public/index.php(36): CodeIgniter\CodeIgniter->run()
#9 {main}
CRITICAL - 2023-01-12 12:44:15 --> Undefined index: nama
#0 /var/www/html/poliku/app/Views/diagnosa/index.php(29): CodeIgniter\Debug\Exceptions->errorHandler()
#1 /var/www/html/poliku/system/View/View.php(214): include('/var/www/html/p...')
#2 /var/www/html/poliku/system/View/View.php(217): CodeIgniter\View\View->CodeIgniter\View\{closure}()
#3 /var/www/html/poliku/system/Common.php(1092): CodeIgniter\View\View->render()
#4 /var/www/html/poliku/app/Controllers/Diagnosa.php(15): view()
#5 /var/www/html/poliku/system/CodeIgniter.php(802): App\Controllers\Diagnosa->index()
#6 /var/www/html/poliku/system/CodeIgniter.php(399): CodeIgniter\CodeIgniter->runController()
#7 /var/www/html/poliku/system/CodeIgniter.php(317): CodeIgniter\CodeIgniter->handleRequest()
#8 /var/www/html/poliku/public/index.php(36): CodeIgniter\CodeIgniter->run()
#9 {main}
CRITICAL - 2023-01-12 12:45:19 --> Undefined index: nama
#0 /var/www/html/poliku/app/Views/diagnosa/index.php(29): CodeIgniter\Debug\Exceptions->errorHandler()
#1 /var/www/html/poliku/system/View/View.php(214): include('/var/www/html/p...')
#2 /var/www/html/poliku/system/View/View.php(217): CodeIgniter\View\View->CodeIgniter\View\{closure}()
#3 /var/www/html/poliku/system/Common.php(1092): CodeIgniter\View\View->render()
#4 /var/www/html/poliku/app/Controllers/Diagnosa.php(15): view()
#5 /var/www/html/poliku/system/CodeIgniter.php(802): App\Controllers\Diagnosa->index()
#6 /var/www/html/poliku/system/CodeIgniter.php(399): CodeIgniter\CodeIgniter->runController()
#7 /var/www/html/poliku/system/CodeIgniter.php(317): CodeIgniter\CodeIgniter->handleRequest()
#8 /var/www/html/poliku/public/index.php(36): CodeIgniter\CodeIgniter->run()
#9 {main}
CRITICAL - 2023-01-12 12:45:20 --> Undefined index: nama
#0 /var/www/html/poliku/app/Views/diagnosa/index.php(29): CodeIgniter\Debug\Exceptions->errorHandler()
#1 /var/www/html/poliku/system/View/View.php(214): include('/var/www/html/p...')
#2 /var/www/html/poliku/system/View/View.php(217): CodeIgniter\View\View->CodeIgniter\View\{closure}()
#3 /var/www/html/poliku/system/Common.php(1092): CodeIgniter\View\View->render()
#4 /var/www/html/poliku/app/Controllers/Diagnosa.php(15): view()
#5 /var/www/html/poliku/system/CodeIgniter.php(802): App\Controllers\Diagnosa->index()
#6 /var/www/html/poliku/system/CodeIgniter.php(399): CodeIgniter\CodeIgniter->runController()
#7 /var/www/html/poliku/system/CodeIgniter.php(317): CodeIgniter\CodeIgniter->handleRequest()
#8 /var/www/html/poliku/public/index.php(36): CodeIgniter\CodeIgniter->run()
#9 {main}
CRITICAL - 2023-01-12 12:53:24 --> Undefined index: nama
#0 /var/www/html/poliku/app/Views/diagnosa/edit.php(18): CodeIgniter\Debug\Exceptions->errorHandler()
#1 /var/www/html/poliku/system/View/View.php(214): include('/var/www/html/p...')
#2 /var/www/html/poliku/system/View/View.php(217): CodeIgniter\View\View->CodeIgniter\View\{closure}()
#3 /var/www/html/poliku/system/Common.php(1092): CodeIgniter\View\View->render()
#4 /var/www/html/poliku/app/Controllers/Diagnosa.php(42): view()
#5 /var/www/html/poliku/system/CodeIgniter.php(802): App\Controllers\Diagnosa->edit()
#6 /var/www/html/poliku/system/CodeIgniter.php(399): CodeIgniter\CodeIgniter->runController()
#7 /var/www/html/poliku/system/CodeIgniter.php(317): CodeIgniter\CodeIgniter->handleRequest()
#8 /var/www/html/poliku/public/index.php(36): CodeIgniter\CodeIgniter->run()
#9 {main}
CRITICAL - 2023-01-12 12:54:04 --> Trying to access array offset on value of type null
#0 /var/www/html/poliku/app/Views/diagnosa/edit.php(13): CodeIgniter\Debug\Exceptions->errorHandler()
#1 /var/www/html/poliku/system/View/View.php(214): include('/var/www/html/p...')
#2 /var/www/html/poliku/system/View/View.php(217): CodeIgniter\View\View->CodeIgniter\View\{closure}()
#3 /var/www/html/poliku/system/Common.php(1092): CodeIgniter\View\View->render()
#4 /var/www/html/poliku/app/Controllers/Diagnosa.php(42): view()
#5 /var/www/html/poliku/system/CodeIgniter.php(802): App\Controllers\Diagnosa->edit()
#6 /var/www/html/poliku/system/CodeIgniter.php(399): CodeIgniter\CodeIgniter->runController()
#7 /var/www/html/poliku/system/CodeIgniter.php(317): CodeIgniter\CodeIgniter->handleRequest()
#8 /var/www/html/poliku/public/index.php(36): CodeIgniter\CodeIgniter->run()
#9 {main}
CRITICAL - 2023-01-12 12:54:11 --> Trying to access array offset on value of type null
#0 /var/www/html/poliku/app/Views/diagnosa/edit.php(13): CodeIgniter\Debug\Exceptions->errorHandler()
#1 /var/www/html/poliku/system/View/View.php(214): include('/var/www/html/p...')
#2 /var/www/html/poliku/system/View/View.php(217): CodeIgniter\View\View->CodeIgniter\View\{closure}()
#3 /var/www/html/poliku/system/Common.php(1092): CodeIgniter\View\View->render()
#4 /var/www/html/poliku/app/Controllers/Diagnosa.php(42): view()
#5 /var/www/html/poliku/system/CodeIgniter.php(802): App\Controllers\Diagnosa->edit()
#6 /var/www/html/poliku/system/CodeIgniter.php(399): CodeIgniter\CodeIgniter->runController()
#7 /var/www/html/poliku/system/CodeIgniter.php(317): CodeIgniter\CodeIgniter->handleRequest()
#8 /var/www/html/poliku/public/index.php(36): CodeIgniter\CodeIgniter->run()
#9 {main}
CRITICAL - 2023-01-12 12:54:22 --> Trying to access array offset on value of type null
#0 /var/www/html/poliku/app/Views/diagnosa/edit.php(13): CodeIgniter\Debug\Exceptions->errorHandler()
#1 /var/www/html/poliku/system/View/View.php(214): include('/var/www/html/p...')
#2 /var/www/html/poliku/system/View/View.php(217): CodeIgniter\View\View->CodeIgniter\View\{closure}()
#3 /var/www/html/poliku/system/Common.php(1092): CodeIgniter\View\View->render()
#4 /var/www/html/poliku/app/Controllers/Diagnosa.php(42): view()
#5 /var/www/html/poliku/system/CodeIgniter.php(802): App\Controllers\Diagnosa->edit()
#6 /var/www/html/poliku/system/CodeIgniter.php(399): CodeIgniter\CodeIgniter->runController()
#7 /var/www/html/poliku/system/CodeIgniter.php(317): CodeIgniter\CodeIgniter->handleRequest()
#8 /var/www/html/poliku/public/index.php(36): CodeIgniter\CodeIgniter->run()
#9 {main}
CRITICAL - 2023-01-12 14:04:36 --> Trying to access array offset on value of type null
#0 /var/www/html/poliku/app/Views/diagnosa/edit.php(13): CodeIgniter\Debug\Exceptions->errorHandler()
#1 /var/www/html/poliku/system/View/View.php(214): include('/var/www/html/p...')
#2 /var/www/html/poliku/system/View/View.php(217): CodeIgniter\View\View->CodeIgniter\View\{closure}()
#3 /var/www/html/poliku/system/Common.php(1092): CodeIgniter\View\View->render()
#4 /var/www/html/poliku/app/Controllers/Diagnosa.php(42): view()
#5 /var/www/html/poliku/system/CodeIgniter.php(802): App\Controllers\Diagnosa->edit()
#6 /var/www/html/poliku/system/CodeIgniter.php(399): CodeIgniter\CodeIgniter->runController()
#7 /var/www/html/poliku/system/CodeIgniter.php(317): CodeIgniter\CodeIgniter->handleRequest()
#8 /var/www/html/poliku/public/index.php(36): CodeIgniter\CodeIgniter->run()
#9 {main}
CRITICAL - 2023-01-12 14:57:27 --> Undefined index: standar
#0 /var/www/html/poliku/app/Views/rekam_medis/index.php(28): CodeIgniter\Debug\Exceptions->errorHandler()
#1 /var/www/html/poliku/system/View/View.php(214): include('/var/www/html/p...')
#2 /var/www/html/poliku/system/View/View.php(217): CodeIgniter\View\View->CodeIgniter\View\{closure}()
#3 /var/www/html/poliku/system/Common.php(1092): CodeIgniter\View\View->render()
#4 /var/www/html/poliku/app/Controllers/Rekam_medis.php(15): view()
#5 /var/www/html/poliku/system/CodeIgniter.php(802): App\Controllers\Rekam_medis->index()
#6 /var/www/html/poliku/system/CodeIgniter.php(399): CodeIgniter\CodeIgniter->runController()
#7 /var/www/html/poliku/system/CodeIgniter.php(317): CodeIgniter\CodeIgniter->handleRequest()
#8 /var/www/html/poliku/public/index.php(36): CodeIgniter\CodeIgniter->run()
#9 {main}
CRITICAL - 2023-01-12 15:06:59 --> Undefined variable: pasien
#0 /var/www/html/poliku/app/Views/rekam_medis/tambah.php(20): CodeIgniter\Debug\Exceptions->errorHandler()
#1 /var/www/html/poliku/system/View/View.php(214): include('/var/www/html/p...')
#2 /var/www/html/poliku/system/View/View.php(217): CodeIgniter\View\View->CodeIgniter\View\{closure}()
#3 /var/www/html/poliku/system/Common.php(1092): CodeIgniter\View\View->render()
#4 /var/www/html/poliku/app/Controllers/Rekam_medis.php(29): view()
#5 /var/www/html/poliku/system/CodeIgniter.php(802): App\Controllers\Rekam_medis->tambah()
#6 /var/www/html/poliku/system/CodeIgniter.php(399): CodeIgniter\CodeIgniter->runController()
#7 /var/www/html/poliku/system/CodeIgniter.php(317): CodeIgniter\CodeIgniter->handleRequest()
#8 /var/www/html/poliku/public/index.php(36): CodeIgniter\CodeIgniter->run()
#9 {main}
CRITICAL - 2023-01-12 15:41:31 --> Too few arguments to function App\Controllers\Rekam_medis::edit(), 0 passed in /var/www/html/poliku/system/CodeIgniter.php on line 802 and exactly 1 expected
#0 /var/www/html/poliku/system/CodeIgniter.php(802): App\Controllers\Rekam_medis->edit()
#1 /var/www/html/poliku/system/CodeIgniter.php(399): CodeIgniter\CodeIgniter->runController()
#2 /var/www/html/poliku/system/CodeIgniter.php(317): CodeIgniter\CodeIgniter->handleRequest()
#3 /var/www/html/poliku/public/index.php(36): CodeIgniter\CodeIgniter->run()
#4 {main}
CRITICAL - 2023-01-12 15:41:46 --> Too few arguments to function App\Controllers\Rekam_medis::edit(), 0 passed in /var/www/html/poliku/system/CodeIgniter.php on line 802 and exactly 1 expected
#0 /var/www/html/poliku/system/CodeIgniter.php(802): App\Controllers\Rekam_medis->edit()
#1 /var/www/html/poliku/system/CodeIgniter.php(399): CodeIgniter\CodeIgniter->runController()
#2 /var/www/html/poliku/system/CodeIgniter.php(317): CodeIgniter\CodeIgniter->handleRequest()
#3 /var/www/html/poliku/public/index.php(36): CodeIgniter\CodeIgniter->run()
#4 {main}
CRITICAL - 2023-01-12 20:21:47 --> Trying to access array offset on value of type null
#0 /var/www/html/poliku/app/Views/booking/edit.php(13): CodeIgniter\Debug\Exceptions->errorHandler()
#1 /var/www/html/poliku/system/View/View.php(214): include('/var/www/html/p...')
#2 /var/www/html/poliku/system/View/View.php(217): CodeIgniter\View\View->CodeIgniter\View\{closure}()
#3 /var/www/html/poliku/system/Common.php(1092): CodeIgniter\View\View->render()
#4 /var/www/html/poliku/app/Controllers/Booking.php(52): view()
#5 /var/www/html/poliku/system/CodeIgniter.php(802): App\Controllers\Booking->edit()
#6 /var/www/html/poliku/system/CodeIgniter.php(399): CodeIgniter\CodeIgniter->runController()
#7 /var/www/html/poliku/system/CodeIgniter.php(317): CodeIgniter\CodeIgniter->handleRequest()
#8 /var/www/html/poliku/public/index.php(36): CodeIgniter\CodeIgniter->run()
#9 {main}
CRITICAL - 2023-01-12 21:37:50 --> Undefined variable: diagnosa
#0 /var/www/html/poliku/app/Views/tarif/index.php(24): CodeIgniter\Debug\Exceptions->errorHandler()
#1 /var/www/html/poliku/system/View/View.php(214): include('/var/www/html/p...')
#2 /var/www/html/poliku/system/View/View.php(217): CodeIgniter\View\View->CodeIgniter\View\{closure}()
#3 /var/www/html/poliku/system/Common.php(1092): CodeIgniter\View\View->render()
#4 /var/www/html/poliku/app/Controllers/Tarif.php(15): view()
#5 /var/www/html/poliku/system/CodeIgniter.php(802): App\Controllers\Tarif->index()
#6 /var/www/html/poliku/system/CodeIgniter.php(399): CodeIgniter\CodeIgniter->runController()
#7 /var/www/html/poliku/system/CodeIgniter.php(317): CodeIgniter\CodeIgniter->handleRequest()
#8 /var/www/html/poliku/public/index.php(36): CodeIgniter\CodeIgniter->run()
#9 {main}
CRITICAL - 2023-01-12 21:38:40 --> Undefined index: keterangan
#0 /var/www/html/poliku/app/Views/tarif/index.php(27): CodeIgniter\Debug\Exceptions->errorHandler()
#1 /var/www/html/poliku/system/View/View.php(214): include('/var/www/html/p...')
#2 /var/www/html/poliku/system/View/View.php(217): CodeIgniter\View\View->CodeIgniter\View\{closure}()
#3 /var/www/html/poliku/system/Common.php(1092): CodeIgniter\View\View->render()
#4 /var/www/html/poliku/app/Controllers/Tarif.php(15): view()
#5 /var/www/html/poliku/system/CodeIgniter.php(802): App\Controllers\Tarif->index()
#6 /var/www/html/poliku/system/CodeIgniter.php(399): CodeIgniter\CodeIgniter->runController()
#7 /var/www/html/poliku/system/CodeIgniter.php(317): CodeIgniter\CodeIgniter->handleRequest()
#8 /var/www/html/poliku/public/index.php(36): CodeIgniter\CodeIgniter->run()
#9 {main}
CRITICAL - 2023-01-12 22:05:40 --> Undefined index: id_diagnosa
#0 /var/www/html/poliku/app/Views/tarif/edit.php(13): CodeIgniter\Debug\Exceptions->errorHandler()
#1 /var/www/html/poliku/system/View/View.php(214): include('/var/www/html/p...')
#2 /var/www/html/poliku/system/View/View.php(217): CodeIgniter\View\View->CodeIgniter\View\{closure}()
#3 /var/www/html/poliku/system/Common.php(1092): CodeIgniter\View\View->render()
#4 /var/www/html/poliku/app/Controllers/Tarif.php(45): view()
#5 /var/www/html/poliku/system/CodeIgniter.php(802): App\Controllers\Tarif->edit()
#6 /var/www/html/poliku/system/CodeIgniter.php(399): CodeIgniter\CodeIgniter->runController()
#7 /var/www/html/poliku/system/CodeIgniter.php(317): CodeIgniter\CodeIgniter->handleRequest()
#8 /var/www/html/poliku/public/index.php(36): CodeIgniter\CodeIgniter->run()
#9 {main}
CRITICAL - 2023-01-12 22:07:42 --> Trying to access array offset on value of type null
#0 /var/www/html/poliku/app/Views/tarif/edit.php(13): CodeIgniter\Debug\Exceptions->errorHandler()
#1 /var/www/html/poliku/system/View/View.php(214): include('/var/www/html/p...')
#2 /var/www/html/poliku/system/View/View.php(217): CodeIgniter\View\View->CodeIgniter\View\{closure}()
#3 /var/www/html/poliku/system/Common.php(1092): CodeIgniter\View\View->render()
#4 /var/www/html/poliku/app/Controllers/Tarif.php(45): view()
#5 /var/www/html/poliku/system/CodeIgniter.php(802): App\Controllers\Tarif->edit()
#6 /var/www/html/poliku/system/CodeIgniter.php(399): CodeIgniter\CodeIgniter->runController()
#7 /var/www/html/poliku/system/CodeIgniter.php(317): CodeIgniter\CodeIgniter->handleRequest()
#8 /var/www/html/poliku/public/index.php(36): CodeIgniter\CodeIgniter->run()
#9 {main}
