CRITICAL - 2023-07-20 01:11:54 --> Attempt to read property "invoice" on array
in APPPATH\Views\laporan\index.php on line 70.
 1 APPPATH\Views\laporan\index.php(70): CodeIgniter\Debug\Exceptions->errorHandler(2, 'Attempt to read property "invoice" on array', 'C:\\laragon\\www\\poliku-master\\app\\Views\\laporan\\index.php', 70)
 2 SYSTEMPATH\View\View.php(213): include('C:\\laragon\\www\\poliku-master\\app\\Views\\laporan\\index.php')
 3 SYSTEMPATH\View\View.php(216): CodeIgniter\View\View->CodeIgniter\View\{closure}()
 4 SYSTEMPATH\Common.php(1184): CodeIgniter\View\View->render('laporan/index', [], true)
 5 APPPATH\Controllers\Laporan.php(46): view('laporan/index', [...])
 6 SYSTEMPATH\CodeIgniter.php(934): App\Controllers\Laporan->index()
 7 SYSTEMPATH\CodeIgniter.php(499): CodeIgniter\CodeIgniter->runController(Object(App\Controllers\Laporan))
 8 SYSTEMPATH\CodeIgniter.php(368): CodeIgniter\CodeIgniter->handleRequest(null, Object(Config\Cache), false)
 9 FCPATH\index.php(67): CodeIgniter\CodeIgniter->run()
10 SYSTEMPATH\Commands\Server\rewrite.php(47): require_once('C:\\laragon\\www\\poliku-master\\public\\index.php')
CRITICAL - 2023-07-20 01:14:16 --> Attempt to read property "invoice" on array
in APPPATH\Views\laporan\index.php on line 70.
 1 APPPATH\Views\laporan\index.php(70): CodeIgniter\Debug\Exceptions->errorHandler(2, 'Attempt to read property "invoice" on array', 'C:\\laragon\\www\\poliku-master\\app\\Views\\laporan\\index.php', 70)
 2 SYSTEMPATH\View\View.php(213): include('C:\\laragon\\www\\poliku-master\\app\\Views\\laporan\\index.php')
 3 SYSTEMPATH\View\View.php(216): CodeIgniter\View\View->CodeIgniter\View\{closure}()
 4 SYSTEMPATH\Common.php(1184): CodeIgniter\View\View->render('laporan/index', [], true)
 5 APPPATH\Controllers\Laporan.php(46): view('laporan/index', [...])
 6 SYSTEMPATH\CodeIgniter.php(934): App\Controllers\Laporan->index()
 7 SYSTEMPATH\CodeIgniter.php(499): CodeIgniter\CodeIgniter->runController(Object(App\Controllers\Laporan))
 8 SYSTEMPATH\CodeIgniter.php(368): CodeIgniter\CodeIgniter->handleRequest(null, Object(Config\Cache), false)
 9 FCPATH\index.php(67): CodeIgniter\CodeIgniter->run()
10 SYSTEMPATH\Commands\Server\rewrite.php(47): require_once('C:\\laragon\\www\\poliku-master\\public\\index.php')
CRITICAL - 2023-07-20 01:15:27 --> Undefined variable $id
in APPPATH\Controllers\Laporan.php on line 208.
 1 APPPATH\Controllers\Laporan.php(208): CodeIgniter\Debug\Exceptions->errorHandler(2, 'Undefined variable $id', 'C:\\laragon\\www\\poliku-master\\app\\Controllers\\Laporan.php', 208)
 2 SYSTEMPATH\CodeIgniter.php(934): App\Controllers\Laporan->cetak_laporan()
 3 SYSTEMPATH\CodeIgniter.php(499): CodeIgniter\CodeIgniter->runController(Object(App\Controllers\Laporan))
 4 SYSTEMPATH\CodeIgniter.php(368): CodeIgniter\CodeIgniter->handleRequest(null, Object(Config\Cache), false)
 5 FCPATH\index.php(67): CodeIgniter\CodeIgniter->run()
 6 SYSTEMPATH\Commands\Server\rewrite.php(47): require_once('C:\\laragon\\www\\poliku-master\\public\\index.php')
CRITICAL - 2023-07-20 01:16:07 --> Undefined variable $id
in APPPATH\Controllers\Laporan.php on line 208.
 1 APPPATH\Controllers\Laporan.php(208): CodeIgniter\Debug\Exceptions->errorHandler(2, 'Undefined variable $id', 'C:\\laragon\\www\\poliku-master\\app\\Controllers\\Laporan.php', 208)
 2 SYSTEMPATH\CodeIgniter.php(934): App\Controllers\Laporan->cetak_laporan()
 3 SYSTEMPATH\CodeIgniter.php(499): CodeIgniter\CodeIgniter->runController(Object(App\Controllers\Laporan))
 4 SYSTEMPATH\CodeIgniter.php(368): CodeIgniter\CodeIgniter->handleRequest(null, Object(Config\Cache), false)
 5 FCPATH\index.php(67): CodeIgniter\CodeIgniter->run()
 6 SYSTEMPATH\Commands\Server\rewrite.php(47): require_once('C:\\laragon\\www\\poliku-master\\public\\index.php')
CRITICAL - 2023-07-20 01:17:00 --> Trying to access array offset on value of type null
in APPPATH\Views\rekam_medis\invoice.php on line 43.
 1 APPPATH\Views\rekam_medis\invoice.php(43): CodeIgniter\Debug\Exceptions->errorHandler(2, 'Trying to access array offset on value of type null', 'C:\\laragon\\www\\poliku-master\\app\\Views\\rekam_medis\\invoice.php', 43)
 2 SYSTEMPATH\View\View.php(213): include('C:\\laragon\\www\\poliku-master\\app\\Views\\rekam_medis\\invoice.php')
 3 SYSTEMPATH\View\View.php(216): CodeIgniter\View\View->CodeIgniter\View\{closure}()
 4 SYSTEMPATH\Common.php(1184): CodeIgniter\View\View->render('rekam_medis/invoice', [], true)
 5 APPPATH\Controllers\Laporan.php(216): view('rekam_medis/invoice', [...])
 6 SYSTEMPATH\CodeIgniter.php(934): App\Controllers\Laporan->cetak_laporan()
 7 SYSTEMPATH\CodeIgniter.php(499): CodeIgniter\CodeIgniter->runController(Object(App\Controllers\Laporan))
 8 SYSTEMPATH\CodeIgniter.php(368): CodeIgniter\CodeIgniter->handleRequest(null, Object(Config\Cache), false)
 9 FCPATH\index.php(67): CodeIgniter\CodeIgniter->run()
10 SYSTEMPATH\Commands\Server\rewrite.php(47): require_once('C:\\laragon\\www\\poliku-master\\public\\index.php')
CRITICAL - 2023-07-20 01:17:27 --> Trying to access array offset on value of type null
in APPPATH\Views\laporan\laporan.php on line 43.
 1 APPPATH\Views\laporan\laporan.php(43): CodeIgniter\Debug\Exceptions->errorHandler(2, 'Trying to access array offset on value of type null', 'C:\\laragon\\www\\poliku-master\\app\\Views\\laporan\\laporan.php', 43)
 2 SYSTEMPATH\View\View.php(213): include('C:\\laragon\\www\\poliku-master\\app\\Views\\laporan\\laporan.php')
 3 SYSTEMPATH\View\View.php(216): CodeIgniter\View\View->CodeIgniter\View\{closure}()
 4 SYSTEMPATH\Common.php(1184): CodeIgniter\View\View->render('laporan/laporan', [], true)
 5 APPPATH\Controllers\Laporan.php(216): view('laporan/laporan', [...])
 6 SYSTEMPATH\CodeIgniter.php(934): App\Controllers\Laporan->cetak_laporan()
 7 SYSTEMPATH\CodeIgniter.php(499): CodeIgniter\CodeIgniter->runController(Object(App\Controllers\Laporan))
 8 SYSTEMPATH\CodeIgniter.php(368): CodeIgniter\CodeIgniter->handleRequest(null, Object(Config\Cache), false)
 9 FCPATH\index.php(67): CodeIgniter\CodeIgniter->run()
10 SYSTEMPATH\Commands\Server\rewrite.php(47): require_once('C:\\laragon\\www\\poliku-master\\public\\index.php')
CRITICAL - 2023-07-20 01:19:17 --> Too few arguments to function App\Controllers\Laporan::cetak_laporan(), 0 passed in C:\laragon\www\poliku-master\system\CodeIgniter.php on line 934 and exactly 1 expected
in APPPATH\Controllers\Laporan.php on line 206.
 1 SYSTEMPATH\CodeIgniter.php(934): App\Controllers\Laporan->cetak_laporan()
 2 SYSTEMPATH\CodeIgniter.php(499): CodeIgniter\CodeIgniter->runController(Object(App\Controllers\Laporan))
 3 SYSTEMPATH\CodeIgniter.php(368): CodeIgniter\CodeIgniter->handleRequest(null, Object(Config\Cache), false)
 4 FCPATH\index.php(67): CodeIgniter\CodeIgniter->run()
 5 SYSTEMPATH\Commands\Server\rewrite.php(47): require_once('C:\\laragon\\www\\poliku-master\\public\\index.php')
CRITICAL - 2023-07-20 01:24:15 --> syntax error, unexpected token "{", expecting "("
in APPPATH\Views\laporan\laporan.php on line 43.
 1 SYSTEMPATH\View\View.php(216): CodeIgniter\View\View->CodeIgniter\View\{closure}()
 2 SYSTEMPATH\Common.php(1184): CodeIgniter\View\View->render('laporan/laporan', [], true)
 3 APPPATH\Controllers\Laporan.php(216): view('laporan/laporan', [...])
 4 SYSTEMPATH\CodeIgniter.php(934): App\Controllers\Laporan->cetak_laporan('2')
 5 SYSTEMPATH\CodeIgniter.php(499): CodeIgniter\CodeIgniter->runController(Object(App\Controllers\Laporan))
 6 SYSTEMPATH\CodeIgniter.php(368): CodeIgniter\CodeIgniter->handleRequest(null, Object(Config\Cache), false)
 7 FCPATH\index.php(67): CodeIgniter\CodeIgniter->run()
 8 SYSTEMPATH\Commands\Server\rewrite.php(47): require_once('C:\\laragon\\www\\poliku-master\\public\\index.php')
CRITICAL - 2023-07-20 01:24:27 --> syntax error, unexpected token "{", expecting "("
in APPPATH\Views\laporan\laporan.php on line 43.
 1 SYSTEMPATH\View\View.php(216): CodeIgniter\View\View->CodeIgniter\View\{closure}()
 2 SYSTEMPATH\Common.php(1184): CodeIgniter\View\View->render('laporan/laporan', [], true)
 3 APPPATH\Controllers\Laporan.php(216): view('laporan/laporan', [...])
 4 SYSTEMPATH\CodeIgniter.php(934): App\Controllers\Laporan->cetak_laporan('2')
 5 SYSTEMPATH\CodeIgniter.php(499): CodeIgniter\CodeIgniter->runController(Object(App\Controllers\Laporan))
 6 SYSTEMPATH\CodeIgniter.php(368): CodeIgniter\CodeIgniter->handleRequest(null, Object(Config\Cache), false)
 7 FCPATH\index.php(67): CodeIgniter\CodeIgniter->run()
 8 SYSTEMPATH\Commands\Server\rewrite.php(47): require_once('C:\\laragon\\www\\poliku-master\\public\\index.php')
CRITICAL - 2023-07-20 01:27:16 --> syntax error, unexpected token "elseif", expecting end of file
in APPPATH\Views\laporan\laporan.php on line 46.
 1 SYSTEMPATH\View\View.php(216): CodeIgniter\View\View->CodeIgniter\View\{closure}()
 2 SYSTEMPATH\Common.php(1184): CodeIgniter\View\View->render('laporan/laporan', [], true)
 3 APPPATH\Controllers\Laporan.php(216): view('laporan/laporan', [...])
 4 SYSTEMPATH\CodeIgniter.php(934): App\Controllers\Laporan->cetak_laporan('2')
 5 SYSTEMPATH\CodeIgniter.php(499): CodeIgniter\CodeIgniter->runController(Object(App\Controllers\Laporan))
 6 SYSTEMPATH\CodeIgniter.php(368): CodeIgniter\CodeIgniter->handleRequest(null, Object(Config\Cache), false)
 7 FCPATH\index.php(67): CodeIgniter\CodeIgniter->run()
 8 SYSTEMPATH\Commands\Server\rewrite.php(47): require_once('C:\\laragon\\www\\poliku-master\\public\\index.php')
CRITICAL - 2023-07-20 01:27:34 --> syntax error, unexpected token "else", expecting end of file
in APPPATH\Views\laporan\laporan.php on line 46.
 1 SYSTEMPATH\View\View.php(216): CodeIgniter\View\View->CodeIgniter\View\{closure}()
 2 SYSTEMPATH\Common.php(1184): CodeIgniter\View\View->render('laporan/laporan', [], true)
 3 APPPATH\Controllers\Laporan.php(216): view('laporan/laporan', [...])
 4 SYSTEMPATH\CodeIgniter.php(934): App\Controllers\Laporan->cetak_laporan('2')
 5 SYSTEMPATH\CodeIgniter.php(499): CodeIgniter\CodeIgniter->runController(Object(App\Controllers\Laporan))
 6 SYSTEMPATH\CodeIgniter.php(368): CodeIgniter\CodeIgniter->handleRequest(null, Object(Config\Cache), false)
 7 FCPATH\index.php(67): CodeIgniter\CodeIgniter->run()
 8 SYSTEMPATH\Commands\Server\rewrite.php(47): require_once('C:\\laragon\\www\\poliku-master\\public\\index.php')
