CRITICAL - 2022-11-01 09:02:08 --> Undefined variable: kategori
#0 /var/www/html/ticket/app/Views/teknisi/update_progress.php(61): CodeIgniter\Debug\Exceptions->errorHandler()
#1 /var/www/html/ticket/system/View/View.php(214): include('/var/www/html/t...')
#2 /var/www/html/ticket/system/View/View.php(217): CodeIgniter\View\View->CodeIgniter\View\{closure}()
#3 /var/www/html/ticket/system/Common.php(1092): CodeIgniter\View\View->render()
#4 /var/www/html/ticket/app/Controllers/Teknisi.php(148): view()
#5 /var/www/html/ticket/system/CodeIgniter.php(802): App\Controllers\Teknisi->update_app()
#6 /var/www/html/ticket/system/CodeIgniter.php(399): CodeIgniter\CodeIgniter->runController()
#7 /var/www/html/ticket/system/CodeIgniter.php(317): CodeIgniter\CodeIgniter->handleRequest()
#8 /var/www/html/ticket/public/index.php(36): CodeIgniter\CodeIgniter->run()
#9 {main}
CRITICAL - 2022-11-01 09:02:28 --> Undefined variable: kategori
#0 /var/www/html/ticket/app/Views/teknisi/update_progress.php(61): CodeIgniter\Debug\Exceptions->errorHandler()
#1 /var/www/html/ticket/system/View/View.php(214): include('/var/www/html/t...')
#2 /var/www/html/ticket/system/View/View.php(217): CodeIgniter\View\View->CodeIgniter\View\{closure}()
#3 /var/www/html/ticket/system/Common.php(1092): CodeIgniter\View\View->render()
#4 /var/www/html/ticket/app/Controllers/Teknisi.php(148): view()
#5 /var/www/html/ticket/system/CodeIgniter.php(802): App\Controllers\Teknisi->update_app()
#6 /var/www/html/ticket/system/CodeIgniter.php(399): CodeIgniter\CodeIgniter->runController()
#7 /var/www/html/ticket/system/CodeIgniter.php(317): CodeIgniter\CodeIgniter->handleRequest()
#8 /var/www/html/ticket/public/index.php(36): CodeIgniter\CodeIgniter->run()
#9 {main}
CRITICAL - 2022-11-01 10:19:28 --> Call to undefined method CodeIgniter\Database\MySQLi\Result::row()
#0 /var/www/html/ticket/system/CodeIgniter.php(802): App\Controllers\Teknisi->save_update_app()
#1 /var/www/html/ticket/system/CodeIgniter.php(399): CodeIgniter\CodeIgniter->runController()
#2 /var/www/html/ticket/system/CodeIgniter.php(317): CodeIgniter\CodeIgniter->handleRequest()
#3 /var/www/html/ticket/public/index.php(36): CodeIgniter\CodeIgniter->run()
#4 {main}
CRITICAL - 2022-11-01 11:20:05 --> syntax error, unexpected '}'
#0 /var/www/html/ticket/system/Router/Router.php(160): CodeIgniter\Router\Router->autoRoute()
#1 /var/www/html/ticket/system/CodeIgniter.php(702): CodeIgniter\Router\Router->handle()
#2 /var/www/html/ticket/system/CodeIgniter.php(358): CodeIgniter\CodeIgniter->tryToRouteIt()
#3 /var/www/html/ticket/system/CodeIgniter.php(317): CodeIgniter\CodeIgniter->handleRequest()
#4 /var/www/html/ticket/public/index.php(36): CodeIgniter\CodeIgniter->run()
#5 {main}
CRITICAL - 2022-11-01 14:25:26 --> Invalid file: teknisi/ganti_kat.php
#0 /var/www/html/ticket/system/View/View.php(198): CodeIgniter\Exceptions\FrameworkException::forInvalidFile()
#1 /var/www/html/ticket/system/Common.php(1092): CodeIgniter\View\View->render()
#2 /var/www/html/ticket/app/Controllers/Teknisi.php(247): view()
#3 /var/www/html/ticket/system/CodeIgniter.php(802): App\Controllers\Teknisi->ganti_kat()
#4 /var/www/html/ticket/system/CodeIgniter.php(399): CodeIgniter\CodeIgniter->runController()
#5 /var/www/html/ticket/system/CodeIgniter.php(317): CodeIgniter\CodeIgniter->handleRequest()
#6 /var/www/html/ticket/public/index.php(36): CodeIgniter\CodeIgniter->run()
#7 {main}
