ERROR - 2023-01-15 07:23:16 --> Unknown column 'dokter.nama' in 'field list'
CRITICAL - 2023-01-15 07:23:16 --> Unknown column 'dokter.nama' in 'field list'
#0 /var/www/html/poliku/system/Database/MySQLi/Connection.php(280): mysqli->query()
#1 /var/www/html/poliku/system/Database/BaseConnection.php(663): CodeIgniter\Database\MySQLi\Connection->execute()
#2 /var/www/html/poliku/system/Database/BaseConnection.php(591): CodeIgniter\Database\BaseConnection->simpleQuery()
#3 /var/www/html/poliku/system/Database/BaseBuilder.php(1428): CodeIgniter\Database\BaseConnection->query()
#4 /var/www/html/poliku/app/Controllers/Booking.php(127): CodeIgniter\Database\BaseBuilder->get()
#5 /var/www/html/poliku/system/CodeIgniter.php(802): App\Controllers\Booking->dokter()
#6 /var/www/html/poliku/system/CodeIgniter.php(399): CodeIgniter\CodeIgniter->runController()
#7 /var/www/html/poliku/system/CodeIgniter.php(317): CodeIgniter\CodeIgniter->handleRequest()
#8 /var/www/html/poliku/public/index.php(36): CodeIgniter\CodeIgniter->run()
#9 {main}
CRITICAL - 2023-01-15 07:23:51 --> Invalid file: booking/dokter.php
#0 /var/www/html/poliku/system/View/View.php(198): CodeIgniter\Exceptions\FrameworkException::forInvalidFile()
#1 /var/www/html/poliku/system/Common.php(1092): CodeIgniter\View\View->render()
#2 /var/www/html/poliku/app/Controllers/Booking.php(128): view()
#3 /var/www/html/poliku/system/CodeIgniter.php(802): App\Controllers\Booking->dokter()
#4 /var/www/html/poliku/system/CodeIgniter.php(399): CodeIgniter\CodeIgniter->runController()
#5 /var/www/html/poliku/system/CodeIgniter.php(317): CodeIgniter\CodeIgniter->handleRequest()
#6 /var/www/html/poliku/public/index.php(36): CodeIgniter\CodeIgniter->run()
#7 {main}
CRITICAL - 2023-01-15 07:24:20 --> Undefined index: nama_pasien
#0 /var/www/html/poliku/app/Views/booking/dokter.php(29): CodeIgniter\Debug\Exceptions->errorHandler()
#1 /var/www/html/poliku/system/View/View.php(214): include('/var/www/html/p...')
#2 /var/www/html/poliku/system/View/View.php(217): CodeIgniter\View\View->CodeIgniter\View\{closure}()
#3 /var/www/html/poliku/system/Common.php(1092): CodeIgniter\View\View->render()
#4 /var/www/html/poliku/app/Controllers/Booking.php(128): view()
#5 /var/www/html/poliku/system/CodeIgniter.php(802): App\Controllers\Booking->dokter()
#6 /var/www/html/poliku/system/CodeIgniter.php(399): CodeIgniter\CodeIgniter->runController()
#7 /var/www/html/poliku/system/CodeIgniter.php(317): CodeIgniter\CodeIgniter->handleRequest()
#8 /var/www/html/poliku/public/index.php(36): CodeIgniter\CodeIgniter->run()
#9 {main}
CRITICAL - 2023-01-15 07:24:55 --> Undefined index: nama_dokter
#0 /var/www/html/poliku/app/Views/booking/dokter.php(30): CodeIgniter\Debug\Exceptions->errorHandler()
#1 /var/www/html/poliku/system/View/View.php(214): include('/var/www/html/p...')
#2 /var/www/html/poliku/system/View/View.php(217): CodeIgniter\View\View->CodeIgniter\View\{closure}()
#3 /var/www/html/poliku/system/Common.php(1092): CodeIgniter\View\View->render()
#4 /var/www/html/poliku/app/Controllers/Booking.php(129): view()
#5 /var/www/html/poliku/system/CodeIgniter.php(802): App\Controllers\Booking->dokter()
#6 /var/www/html/poliku/system/CodeIgniter.php(399): CodeIgniter\CodeIgniter->runController()
#7 /var/www/html/poliku/system/CodeIgniter.php(317): CodeIgniter\CodeIgniter->handleRequest()
#8 /var/www/html/poliku/public/index.php(36): CodeIgniter\CodeIgniter->run()
#9 {main}
CRITICAL - 2023-01-15 07:24:57 --> Undefined index: nama_dokter
#0 /var/www/html/poliku/app/Views/booking/dokter.php(30): CodeIgniter\Debug\Exceptions->errorHandler()
#1 /var/www/html/poliku/system/View/View.php(214): include('/var/www/html/p...')
#2 /var/www/html/poliku/system/View/View.php(217): CodeIgniter\View\View->CodeIgniter\View\{closure}()
#3 /var/www/html/poliku/system/Common.php(1092): CodeIgniter\View\View->render()
#4 /var/www/html/poliku/app/Controllers/Booking.php(129): view()
#5 /var/www/html/poliku/system/CodeIgniter.php(802): App\Controllers\Booking->dokter()
#6 /var/www/html/poliku/system/CodeIgniter.php(399): CodeIgniter\CodeIgniter->runController()
#7 /var/www/html/poliku/system/CodeIgniter.php(317): CodeIgniter\CodeIgniter->handleRequest()
#8 /var/www/html/poliku/public/index.php(36): CodeIgniter\CodeIgniter->run()
#9 {main}
CRITICAL - 2023-01-15 20:24:03 --> Undefined variable: pasien
#0 /var/www/html/poliku/app/Views/rekam_medis/periksa.php(20): CodeIgniter\Debug\Exceptions->errorHandler()
#1 /var/www/html/poliku/system/View/View.php(214): include('/var/www/html/p...')
#2 /var/www/html/poliku/system/View/View.php(217): CodeIgniter\View\View->CodeIgniter\View\{closure}()
#3 /var/www/html/poliku/system/Common.php(1092): CodeIgniter\View\View->render()
#4 /var/www/html/poliku/app/Controllers/Rekam_medis.php(73): view()
#5 /var/www/html/poliku/system/CodeIgniter.php(802): App\Controllers\Rekam_medis->periksa()
#6 /var/www/html/poliku/system/CodeIgniter.php(399): CodeIgniter\CodeIgniter->runController()
#7 /var/www/html/poliku/system/CodeIgniter.php(317): CodeIgniter\CodeIgniter->handleRequest()
#8 /var/www/html/poliku/public/index.php(36): CodeIgniter\CodeIgniter->run()
#9 {main}
CRITICAL - 2023-01-15 20:25:01 --> Illegal string offset 'id_pasien'
#0 /var/www/html/poliku/app/Views/rekam_medis/periksa.php(21): CodeIgniter\Debug\Exceptions->errorHandler()
#1 /var/www/html/poliku/system/View/View.php(214): include('/var/www/html/p...')
#2 /var/www/html/poliku/system/View/View.php(217): CodeIgniter\View\View->CodeIgniter\View\{closure}()
#3 /var/www/html/poliku/system/Common.php(1092): CodeIgniter\View\View->render()
#4 /var/www/html/poliku/app/Controllers/Rekam_medis.php(73): view()
#5 /var/www/html/poliku/system/CodeIgniter.php(802): App\Controllers\Rekam_medis->periksa()
#6 /var/www/html/poliku/system/CodeIgniter.php(399): CodeIgniter\CodeIgniter->runController()
#7 /var/www/html/poliku/system/CodeIgniter.php(317): CodeIgniter\CodeIgniter->handleRequest()
#8 /var/www/html/poliku/public/index.php(36): CodeIgniter\CodeIgniter->run()
#9 {main}
CRITICAL - 2023-01-15 20:25:03 --> Illegal string offset 'id_pasien'
#0 /var/www/html/poliku/app/Views/rekam_medis/periksa.php(21): CodeIgniter\Debug\Exceptions->errorHandler()
#1 /var/www/html/poliku/system/View/View.php(214): include('/var/www/html/p...')
#2 /var/www/html/poliku/system/View/View.php(217): CodeIgniter\View\View->CodeIgniter\View\{closure}()
#3 /var/www/html/poliku/system/Common.php(1092): CodeIgniter\View\View->render()
#4 /var/www/html/poliku/app/Controllers/Rekam_medis.php(73): view()
#5 /var/www/html/poliku/system/CodeIgniter.php(802): App\Controllers\Rekam_medis->periksa()
#6 /var/www/html/poliku/system/CodeIgniter.php(399): CodeIgniter\CodeIgniter->runController()
#7 /var/www/html/poliku/system/CodeIgniter.php(317): CodeIgniter\CodeIgniter->handleRequest()
#8 /var/www/html/poliku/public/index.php(36): CodeIgniter\CodeIgniter->run()
#9 {main}
CRITICAL - 2023-01-15 20:26:31 --> Trying to access array offset on value of type null
#0 /var/www/html/poliku/app/Views/rekam_medis/periksa.php(20): CodeIgniter\Debug\Exceptions->errorHandler()
#1 /var/www/html/poliku/system/View/View.php(214): include('/var/www/html/p...')
#2 /var/www/html/poliku/system/View/View.php(217): CodeIgniter\View\View->CodeIgniter\View\{closure}()
#3 /var/www/html/poliku/system/Common.php(1092): CodeIgniter\View\View->render()
#4 /var/www/html/poliku/app/Controllers/Rekam_medis.php(73): view()
#5 /var/www/html/poliku/system/CodeIgniter.php(802): App\Controllers\Rekam_medis->periksa()
#6 /var/www/html/poliku/system/CodeIgniter.php(399): CodeIgniter\CodeIgniter->runController()
#7 /var/www/html/poliku/system/CodeIgniter.php(317): CodeIgniter\CodeIgniter->handleRequest()
#8 /var/www/html/poliku/public/index.php(36): CodeIgniter\CodeIgniter->run()
#9 {main}
CRITICAL - 2023-01-15 20:27:11 --> Trying to access array offset on value of type null
#0 /var/www/html/poliku/app/Views/rekam_medis/periksa.php(20): CodeIgniter\Debug\Exceptions->errorHandler()
#1 /var/www/html/poliku/system/View/View.php(214): include('/var/www/html/p...')
#2 /var/www/html/poliku/system/View/View.php(217): CodeIgniter\View\View->CodeIgniter\View\{closure}()
#3 /var/www/html/poliku/system/Common.php(1092): CodeIgniter\View\View->render()
#4 /var/www/html/poliku/app/Controllers/Rekam_medis.php(73): view()
#5 /var/www/html/poliku/system/CodeIgniter.php(802): App\Controllers\Rekam_medis->periksa()
#6 /var/www/html/poliku/system/CodeIgniter.php(399): CodeIgniter\CodeIgniter->runController()
#7 /var/www/html/poliku/system/CodeIgniter.php(317): CodeIgniter\CodeIgniter->handleRequest()
#8 /var/www/html/poliku/public/index.php(36): CodeIgniter\CodeIgniter->run()
#9 {main}
CRITICAL - 2023-01-15 20:27:28 --> Trying to access array offset on value of type null
#0 /var/www/html/poliku/app/Views/rekam_medis/periksa.php(20): CodeIgniter\Debug\Exceptions->errorHandler()
#1 /var/www/html/poliku/system/View/View.php(214): include('/var/www/html/p...')
#2 /var/www/html/poliku/system/View/View.php(217): CodeIgniter\View\View->CodeIgniter\View\{closure}()
#3 /var/www/html/poliku/system/Common.php(1092): CodeIgniter\View\View->render()
#4 /var/www/html/poliku/app/Controllers/Rekam_medis.php(73): view()
#5 /var/www/html/poliku/system/CodeIgniter.php(802): App\Controllers\Rekam_medis->periksa()
#6 /var/www/html/poliku/system/CodeIgniter.php(399): CodeIgniter\CodeIgniter->runController()
#7 /var/www/html/poliku/system/CodeIgniter.php(317): CodeIgniter\CodeIgniter->handleRequest()
#8 /var/www/html/poliku/public/index.php(36): CodeIgniter\CodeIgniter->run()
#9 {main}
CRITICAL - 2023-01-15 20:30:33 --> Trying to access array offset on value of type null
#0 /var/www/html/poliku/app/Views/rekam_medis/periksa.php(20): CodeIgniter\Debug\Exceptions->errorHandler()
#1 /var/www/html/poliku/system/View/View.php(214): include('/var/www/html/p...')
#2 /var/www/html/poliku/system/View/View.php(217): CodeIgniter\View\View->CodeIgniter\View\{closure}()
#3 /var/www/html/poliku/system/Common.php(1092): CodeIgniter\View\View->render()
#4 /var/www/html/poliku/app/Controllers/Rekam_medis.php(73): view()
#5 /var/www/html/poliku/system/CodeIgniter.php(802): App\Controllers\Rekam_medis->periksa()
#6 /var/www/html/poliku/system/CodeIgniter.php(399): CodeIgniter\CodeIgniter->runController()
#7 /var/www/html/poliku/system/CodeIgniter.php(317): CodeIgniter\CodeIgniter->handleRequest()
#8 /var/www/html/poliku/public/index.php(36): CodeIgniter\CodeIgniter->run()
#9 {main}
CRITICAL - 2023-01-15 20:33:16 --> Trying to access array offset on value of type null
#0 /var/www/html/poliku/app/Views/rekam_medis/periksa.php(20): CodeIgniter\Debug\Exceptions->errorHandler()
#1 /var/www/html/poliku/system/View/View.php(214): include('/var/www/html/p...')
#2 /var/www/html/poliku/system/View/View.php(217): CodeIgniter\View\View->CodeIgniter\View\{closure}()
#3 /var/www/html/poliku/system/Common.php(1092): CodeIgniter\View\View->render()
#4 /var/www/html/poliku/app/Controllers/Rekam_medis.php(73): view()
#5 /var/www/html/poliku/system/CodeIgniter.php(802): App\Controllers\Rekam_medis->periksa()
#6 /var/www/html/poliku/system/CodeIgniter.php(399): CodeIgniter\CodeIgniter->runController()
#7 /var/www/html/poliku/system/CodeIgniter.php(317): CodeIgniter\CodeIgniter->handleRequest()
#8 /var/www/html/poliku/public/index.php(36): CodeIgniter\CodeIgniter->run()
#9 {main}
CRITICAL - 2023-01-15 20:33:55 --> Trying to access array offset on value of type null
#0 /var/www/html/poliku/app/Views/rekam_medis/periksa.php(20): CodeIgniter\Debug\Exceptions->errorHandler()
#1 /var/www/html/poliku/system/View/View.php(214): include('/var/www/html/p...')
#2 /var/www/html/poliku/system/View/View.php(217): CodeIgniter\View\View->CodeIgniter\View\{closure}()
#3 /var/www/html/poliku/system/Common.php(1092): CodeIgniter\View\View->render()
#4 /var/www/html/poliku/app/Controllers/Rekam_medis.php(73): view()
#5 /var/www/html/poliku/system/CodeIgniter.php(802): App\Controllers\Rekam_medis->periksa()
#6 /var/www/html/poliku/system/CodeIgniter.php(399): CodeIgniter\CodeIgniter->runController()
#7 /var/www/html/poliku/system/CodeIgniter.php(317): CodeIgniter\CodeIgniter->handleRequest()
#8 /var/www/html/poliku/public/index.php(36): CodeIgniter\CodeIgniter->run()
#9 {main}
CRITICAL - 2023-01-15 20:34:10 --> Trying to access array offset on value of type null
#0 /var/www/html/poliku/app/Views/rekam_medis/periksa.php(20): CodeIgniter\Debug\Exceptions->errorHandler()
#1 /var/www/html/poliku/system/View/View.php(214): include('/var/www/html/p...')
#2 /var/www/html/poliku/system/View/View.php(217): CodeIgniter\View\View->CodeIgniter\View\{closure}()
#3 /var/www/html/poliku/system/Common.php(1092): CodeIgniter\View\View->render()
#4 /var/www/html/poliku/app/Controllers/Rekam_medis.php(73): view()
#5 /var/www/html/poliku/system/CodeIgniter.php(802): App\Controllers\Rekam_medis->periksa()
#6 /var/www/html/poliku/system/CodeIgniter.php(399): CodeIgniter\CodeIgniter->runController()
#7 /var/www/html/poliku/system/CodeIgniter.php(317): CodeIgniter\CodeIgniter->handleRequest()
#8 /var/www/html/poliku/public/index.php(36): CodeIgniter\CodeIgniter->run()
#9 {main}
CRITICAL - 2023-01-15 20:35:15 --> Trying to access array offset on value of type null
#0 /var/www/html/poliku/app/Views/rekam_medis/periksa.php(20): CodeIgniter\Debug\Exceptions->errorHandler()
#1 /var/www/html/poliku/system/View/View.php(214): include('/var/www/html/p...')
#2 /var/www/html/poliku/system/View/View.php(217): CodeIgniter\View\View->CodeIgniter\View\{closure}()
#3 /var/www/html/poliku/system/Common.php(1092): CodeIgniter\View\View->render()
#4 /var/www/html/poliku/app/Controllers/Rekam_medis.php(73): view()
#5 /var/www/html/poliku/system/CodeIgniter.php(802): App\Controllers\Rekam_medis->periksa()
#6 /var/www/html/poliku/system/CodeIgniter.php(399): CodeIgniter\CodeIgniter->runController()
#7 /var/www/html/poliku/system/CodeIgniter.php(317): CodeIgniter\CodeIgniter->handleRequest()
#8 /var/www/html/poliku/public/index.php(36): CodeIgniter\CodeIgniter->run()
#9 {main}
CRITICAL - 2023-01-15 20:35:43 --> Trying to access array offset on value of type null
#0 /var/www/html/poliku/app/Views/rekam_medis/periksa.php(20): CodeIgniter\Debug\Exceptions->errorHandler()
#1 /var/www/html/poliku/system/View/View.php(214): include('/var/www/html/p...')
#2 /var/www/html/poliku/system/View/View.php(217): CodeIgniter\View\View->CodeIgniter\View\{closure}()
#3 /var/www/html/poliku/system/Common.php(1092): CodeIgniter\View\View->render()
#4 /var/www/html/poliku/app/Controllers/Rekam_medis.php(73): view()
#5 /var/www/html/poliku/system/CodeIgniter.php(802): App\Controllers\Rekam_medis->periksa()
#6 /var/www/html/poliku/system/CodeIgniter.php(399): CodeIgniter\CodeIgniter->runController()
#7 /var/www/html/poliku/system/CodeIgniter.php(317): CodeIgniter\CodeIgniter->handleRequest()
#8 /var/www/html/poliku/public/index.php(36): CodeIgniter\CodeIgniter->run()
#9 {main}
CRITICAL - 2023-01-15 20:35:44 --> Trying to access array offset on value of type null
#0 /var/www/html/poliku/app/Views/rekam_medis/periksa.php(20): CodeIgniter\Debug\Exceptions->errorHandler()
#1 /var/www/html/poliku/system/View/View.php(214): include('/var/www/html/p...')
#2 /var/www/html/poliku/system/View/View.php(217): CodeIgniter\View\View->CodeIgniter\View\{closure}()
#3 /var/www/html/poliku/system/Common.php(1092): CodeIgniter\View\View->render()
#4 /var/www/html/poliku/app/Controllers/Rekam_medis.php(73): view()
#5 /var/www/html/poliku/system/CodeIgniter.php(802): App\Controllers\Rekam_medis->periksa()
#6 /var/www/html/poliku/system/CodeIgniter.php(399): CodeIgniter\CodeIgniter->runController()
#7 /var/www/html/poliku/system/CodeIgniter.php(317): CodeIgniter\CodeIgniter->handleRequest()
#8 /var/www/html/poliku/public/index.php(36): CodeIgniter\CodeIgniter->run()
#9 {main}
CRITICAL - 2023-01-15 20:36:16 --> Trying to access array offset on value of type null
#0 /var/www/html/poliku/app/Views/rekam_medis/periksa.php(20): CodeIgniter\Debug\Exceptions->errorHandler()
#1 /var/www/html/poliku/system/View/View.php(214): include('/var/www/html/p...')
#2 /var/www/html/poliku/system/View/View.php(217): CodeIgniter\View\View->CodeIgniter\View\{closure}()
#3 /var/www/html/poliku/system/Common.php(1092): CodeIgniter\View\View->render()
#4 /var/www/html/poliku/app/Controllers/Rekam_medis.php(73): view()
#5 /var/www/html/poliku/system/CodeIgniter.php(802): App\Controllers\Rekam_medis->periksa()
#6 /var/www/html/poliku/system/CodeIgniter.php(399): CodeIgniter\CodeIgniter->runController()
#7 /var/www/html/poliku/system/CodeIgniter.php(317): CodeIgniter\CodeIgniter->handleRequest()
#8 /var/www/html/poliku/public/index.php(36): CodeIgniter\CodeIgniter->run()
#9 {main}
CRITICAL - 2023-01-15 20:37:07 --> Trying to access array offset on value of type null
#0 /var/www/html/poliku/app/Views/rekam_medis/periksa.php(20): CodeIgniter\Debug\Exceptions->errorHandler()
#1 /var/www/html/poliku/system/View/View.php(214): include('/var/www/html/p...')
#2 /var/www/html/poliku/system/View/View.php(217): CodeIgniter\View\View->CodeIgniter\View\{closure}()
#3 /var/www/html/poliku/system/Common.php(1092): CodeIgniter\View\View->render()
#4 /var/www/html/poliku/app/Controllers/Rekam_medis.php(73): view()
#5 /var/www/html/poliku/system/CodeIgniter.php(802): App\Controllers\Rekam_medis->periksa()
#6 /var/www/html/poliku/system/CodeIgniter.php(399): CodeIgniter\CodeIgniter->runController()
#7 /var/www/html/poliku/system/CodeIgniter.php(317): CodeIgniter\CodeIgniter->handleRequest()
#8 /var/www/html/poliku/public/index.php(36): CodeIgniter\CodeIgniter->run()
#9 {main}
CRITICAL - 2023-01-15 20:37:33 --> Trying to access array offset on value of type null
#0 /var/www/html/poliku/app/Views/rekam_medis/periksa.php(20): CodeIgniter\Debug\Exceptions->errorHandler()
#1 /var/www/html/poliku/system/View/View.php(214): include('/var/www/html/p...')
#2 /var/www/html/poliku/system/View/View.php(217): CodeIgniter\View\View->CodeIgniter\View\{closure}()
#3 /var/www/html/poliku/system/Common.php(1092): CodeIgniter\View\View->render()
#4 /var/www/html/poliku/app/Controllers/Rekam_medis.php(73): view()
#5 /var/www/html/poliku/system/CodeIgniter.php(802): App\Controllers\Rekam_medis->periksa()
#6 /var/www/html/poliku/system/CodeIgniter.php(399): CodeIgniter\CodeIgniter->runController()
#7 /var/www/html/poliku/system/CodeIgniter.php(317): CodeIgniter\CodeIgniter->handleRequest()
#8 /var/www/html/poliku/public/index.php(36): CodeIgniter\CodeIgniter->run()
#9 {main}
CRITICAL - 2023-01-15 20:37:58 --> Trying to access array offset on value of type null
#0 /var/www/html/poliku/app/Views/rekam_medis/periksa.php(20): CodeIgniter\Debug\Exceptions->errorHandler()
#1 /var/www/html/poliku/system/View/View.php(214): include('/var/www/html/p...')
#2 /var/www/html/poliku/system/View/View.php(217): CodeIgniter\View\View->CodeIgniter\View\{closure}()
#3 /var/www/html/poliku/system/Common.php(1092): CodeIgniter\View\View->render()
#4 /var/www/html/poliku/app/Controllers/Rekam_medis.php(73): view()
#5 /var/www/html/poliku/system/CodeIgniter.php(802): App\Controllers\Rekam_medis->periksa()
#6 /var/www/html/poliku/system/CodeIgniter.php(399): CodeIgniter\CodeIgniter->runController()
#7 /var/www/html/poliku/system/CodeIgniter.php(317): CodeIgniter\CodeIgniter->handleRequest()
#8 /var/www/html/poliku/public/index.php(36): CodeIgniter\CodeIgniter->run()
#9 {main}
CRITICAL - 2023-01-15 20:38:00 --> Trying to access array offset on value of type null
#0 /var/www/html/poliku/app/Views/rekam_medis/periksa.php(20): CodeIgniter\Debug\Exceptions->errorHandler()
#1 /var/www/html/poliku/system/View/View.php(214): include('/var/www/html/p...')
#2 /var/www/html/poliku/system/View/View.php(217): CodeIgniter\View\View->CodeIgniter\View\{closure}()
#3 /var/www/html/poliku/system/Common.php(1092): CodeIgniter\View\View->render()
#4 /var/www/html/poliku/app/Controllers/Rekam_medis.php(73): view()
#5 /var/www/html/poliku/system/CodeIgniter.php(802): App\Controllers\Rekam_medis->periksa()
#6 /var/www/html/poliku/system/CodeIgniter.php(399): CodeIgniter\CodeIgniter->runController()
#7 /var/www/html/poliku/system/CodeIgniter.php(317): CodeIgniter\CodeIgniter->handleRequest()
#8 /var/www/html/poliku/public/index.php(36): CodeIgniter\CodeIgniter->run()
#9 {main}
CRITICAL - 2023-01-15 20:38:01 --> Trying to access array offset on value of type null
#0 /var/www/html/poliku/app/Views/rekam_medis/periksa.php(20): CodeIgniter\Debug\Exceptions->errorHandler()
#1 /var/www/html/poliku/system/View/View.php(214): include('/var/www/html/p...')
#2 /var/www/html/poliku/system/View/View.php(217): CodeIgniter\View\View->CodeIgniter\View\{closure}()
#3 /var/www/html/poliku/system/Common.php(1092): CodeIgniter\View\View->render()
#4 /var/www/html/poliku/app/Controllers/Rekam_medis.php(73): view()
#5 /var/www/html/poliku/system/CodeIgniter.php(802): App\Controllers\Rekam_medis->periksa()
#6 /var/www/html/poliku/system/CodeIgniter.php(399): CodeIgniter\CodeIgniter->runController()
#7 /var/www/html/poliku/system/CodeIgniter.php(317): CodeIgniter\CodeIgniter->handleRequest()
#8 /var/www/html/poliku/public/index.php(36): CodeIgniter\CodeIgniter->run()
#9 {main}
CRITICAL - 2023-01-15 20:38:10 --> Trying to access array offset on value of type null
#0 /var/www/html/poliku/app/Views/rekam_medis/periksa.php(20): CodeIgniter\Debug\Exceptions->errorHandler()
#1 /var/www/html/poliku/system/View/View.php(214): include('/var/www/html/p...')
#2 /var/www/html/poliku/system/View/View.php(217): CodeIgniter\View\View->CodeIgniter\View\{closure}()
#3 /var/www/html/poliku/system/Common.php(1092): CodeIgniter\View\View->render()
#4 /var/www/html/poliku/app/Controllers/Rekam_medis.php(73): view()
#5 /var/www/html/poliku/system/CodeIgniter.php(802): App\Controllers\Rekam_medis->periksa()
#6 /var/www/html/poliku/system/CodeIgniter.php(399): CodeIgniter\CodeIgniter->runController()
#7 /var/www/html/poliku/system/CodeIgniter.php(317): CodeIgniter\CodeIgniter->handleRequest()
#8 /var/www/html/poliku/public/index.php(36): CodeIgniter\CodeIgniter->run()
#9 {main}
CRITICAL - 2023-01-15 21:02:18 --> Trying to access array offset on value of type null
#0 /var/www/html/poliku/app/Views/rekam_medis/periksa.php(20): CodeIgniter\Debug\Exceptions->errorHandler()
#1 /var/www/html/poliku/system/View/View.php(214): include('/var/www/html/p...')
#2 /var/www/html/poliku/system/View/View.php(217): CodeIgniter\View\View->CodeIgniter\View\{closure}()
#3 /var/www/html/poliku/system/Common.php(1092): CodeIgniter\View\View->render()
#4 /var/www/html/poliku/app/Controllers/Rekam_medis.php(73): view()
#5 /var/www/html/poliku/system/CodeIgniter.php(802): App\Controllers\Rekam_medis->periksa()
#6 /var/www/html/poliku/system/CodeIgniter.php(399): CodeIgniter\CodeIgniter->runController()
#7 /var/www/html/poliku/system/CodeIgniter.php(317): CodeIgniter\CodeIgniter->handleRequest()
#8 /var/www/html/poliku/public/index.php(36): CodeIgniter\CodeIgniter->run()
#9 {main}
CRITICAL - 2023-01-15 21:12:17 --> Too few arguments to function App\Controllers\Rekam_medis::edit(), 0 passed in /var/www/html/poliku/system/CodeIgniter.php on line 802 and exactly 1 expected
#0 /var/www/html/poliku/system/CodeIgniter.php(802): App\Controllers\Rekam_medis->edit()
#1 /var/www/html/poliku/system/CodeIgniter.php(399): CodeIgniter\CodeIgniter->runController()
#2 /var/www/html/poliku/system/CodeIgniter.php(317): CodeIgniter\CodeIgniter->handleRequest()
#3 /var/www/html/poliku/public/index.php(36): CodeIgniter\CodeIgniter->run()
#4 {main}
CRITICAL - 2023-01-15 21:13:17 --> Undefined index: id_diagnosa
#0 /var/www/html/poliku/app/Views/rekam_medis/edit.php(13): CodeIgniter\Debug\Exceptions->errorHandler()
#1 /var/www/html/poliku/system/View/View.php(214): include('/var/www/html/p...')
#2 /var/www/html/poliku/system/View/View.php(217): CodeIgniter\View\View->CodeIgniter\View\{closure}()
#3 /var/www/html/poliku/system/Common.php(1092): CodeIgniter\View\View->render()
#4 /var/www/html/poliku/app/Controllers/Rekam_medis.php(60): view()
#5 /var/www/html/poliku/system/CodeIgniter.php(802): App\Controllers\Rekam_medis->edit()
#6 /var/www/html/poliku/system/CodeIgniter.php(399): CodeIgniter\CodeIgniter->runController()
#7 /var/www/html/poliku/system/CodeIgniter.php(317): CodeIgniter\CodeIgniter->handleRequest()
#8 /var/www/html/poliku/public/index.php(36): CodeIgniter\CodeIgniter->run()
#9 {main}
