ERROR - 2022-10-26 08:34:27 --> Column 'id_sub_kategori' cannot be null
CRITICAL - 2022-10-26 08:34:27 --> Column 'id_sub_kategori' cannot be null
#0 /var/www/html/ticket/system/Database/MySQLi/Connection.php(280): mysqli->query()
#1 /var/www/html/ticket/system/Database/BaseConnection.php(663): CodeIgniter\Database\MySQLi\Connection->execute()
#2 /var/www/html/ticket/system/Database/BaseConnection.php(591): CodeIgniter\Database\BaseConnection->simpleQuery()
#3 /var/www/html/ticket/system/Database/BaseBuilder.php(1733): CodeIgniter\Database\BaseConnection->query()
#4 /var/www/html/ticket/app/Controllers/User.php(90): CodeIgniter\Database\BaseBuilder->insert()
#5 /var/www/html/ticket/system/CodeIgniter.php(802): App\Controllers\User->buat_tiket()
#6 /var/www/html/ticket/system/CodeIgniter.php(399): CodeIgniter\CodeIgniter->runController()
#7 /var/www/html/ticket/system/CodeIgniter.php(317): CodeIgniter\CodeIgniter->handleRequest()
#8 /var/www/html/ticket/public/index.php(36): CodeIgniter\CodeIgniter->run()
#9 {main}
ERROR - 2022-10-26 08:34:50 --> Column 'id_sub_kategori' cannot be null
CRITICAL - 2022-10-26 08:34:50 --> Column 'id_sub_kategori' cannot be null
#0 /var/www/html/ticket/system/Database/MySQLi/Connection.php(280): mysqli->query()
#1 /var/www/html/ticket/system/Database/BaseConnection.php(663): CodeIgniter\Database\MySQLi\Connection->execute()
#2 /var/www/html/ticket/system/Database/BaseConnection.php(591): CodeIgniter\Database\BaseConnection->simpleQuery()
#3 /var/www/html/ticket/system/Database/BaseBuilder.php(1733): CodeIgniter\Database\BaseConnection->query()
#4 /var/www/html/ticket/app/Controllers/User.php(90): CodeIgniter\Database\BaseBuilder->insert()
#5 /var/www/html/ticket/system/CodeIgniter.php(802): App\Controllers\User->buat_tiket()
#6 /var/www/html/ticket/system/CodeIgniter.php(399): CodeIgniter\CodeIgniter->runController()
#7 /var/www/html/ticket/system/CodeIgniter.php(317): CodeIgniter\CodeIgniter->handleRequest()
#8 /var/www/html/ticket/public/index.php(36): CodeIgniter\CodeIgniter->run()
#9 {main}
ERROR - 2022-10-26 08:35:36 --> Column 'id_sub_kategori' cannot be null
CRITICAL - 2022-10-26 08:35:36 --> Column 'id_sub_kategori' cannot be null
#0 /var/www/html/ticket/system/Database/MySQLi/Connection.php(280): mysqli->query()
#1 /var/www/html/ticket/system/Database/BaseConnection.php(663): CodeIgniter\Database\MySQLi\Connection->execute()
#2 /var/www/html/ticket/system/Database/BaseConnection.php(591): CodeIgniter\Database\BaseConnection->simpleQuery()
#3 /var/www/html/ticket/system/Database/BaseBuilder.php(1733): CodeIgniter\Database\BaseConnection->query()
#4 /var/www/html/ticket/app/Controllers/User.php(90): CodeIgniter\Database\BaseBuilder->insert()
#5 /var/www/html/ticket/system/CodeIgniter.php(802): App\Controllers\User->buat_tiket()
#6 /var/www/html/ticket/system/CodeIgniter.php(399): CodeIgniter\CodeIgniter->runController()
#7 /var/www/html/ticket/system/CodeIgniter.php(317): CodeIgniter\CodeIgniter->handleRequest()
#8 /var/www/html/ticket/public/index.php(36): CodeIgniter\CodeIgniter->run()
#9 {main}
ERROR - 2022-10-26 08:35:59 --> Unknown column 'kategori' in 'from clause'
CRITICAL - 2022-10-26 08:35:59 --> Unknown column 'kategori' in 'from clause'
#0 /var/www/html/ticket/system/Database/MySQLi/Connection.php(280): mysqli->query()
#1 /var/www/html/ticket/system/Database/BaseConnection.php(663): CodeIgniter\Database\MySQLi\Connection->execute()
#2 /var/www/html/ticket/system/Database/BaseConnection.php(591): CodeIgniter\Database\BaseConnection->simpleQuery()
#3 /var/www/html/ticket/system/Database/BaseBuilder.php(1428): CodeIgniter\Database\BaseConnection->query()
#4 /var/www/html/ticket/app/Controllers/User.php(95): CodeIgniter\Database\BaseBuilder->get()
#5 /var/www/html/ticket/system/CodeIgniter.php(802): App\Controllers\User->buat_tiket()
#6 /var/www/html/ticket/system/CodeIgniter.php(399): CodeIgniter\CodeIgniter->runController()
#7 /var/www/html/ticket/system/CodeIgniter.php(317): CodeIgniter\CodeIgniter->handleRequest()
#8 /var/www/html/ticket/public/index.php(36): CodeIgniter\CodeIgniter->run()
#9 {main}
CRITICAL - 2022-10-26 08:45:50 --> syntax error, unexpected 'session' (T_STRING)
#0 /var/www/html/ticket/system/Router/Router.php(160): CodeIgniter\Router\Router->autoRoute()
#1 /var/www/html/ticket/system/CodeIgniter.php(702): CodeIgniter\Router\Router->handle()
#2 /var/www/html/ticket/system/CodeIgniter.php(358): CodeIgniter\CodeIgniter->tryToRouteIt()
#3 /var/www/html/ticket/system/CodeIgniter.php(317): CodeIgniter\CodeIgniter->handleRequest()
#4 /var/www/html/ticket/public/index.php(36): CodeIgniter\CodeIgniter->run()
#5 {main}
ERROR - 2022-10-26 08:57:16 --> Column 'id_sub_kategori' cannot be null
CRITICAL - 2022-10-26 08:57:16 --> Column 'id_sub_kategori' cannot be null
#0 /var/www/html/ticket/system/Database/MySQLi/Connection.php(280): mysqli->query()
#1 /var/www/html/ticket/system/Database/BaseConnection.php(663): CodeIgniter\Database\MySQLi\Connection->execute()
#2 /var/www/html/ticket/system/Database/BaseConnection.php(591): CodeIgniter\Database\BaseConnection->simpleQuery()
#3 /var/www/html/ticket/system/Database/BaseBuilder.php(1733): CodeIgniter\Database\BaseConnection->query()
#4 /var/www/html/ticket/app/Controllers/User.php(92): CodeIgniter\Database\BaseBuilder->insert()
#5 /var/www/html/ticket/system/CodeIgniter.php(802): App\Controllers\User->buat_tiket()
#6 /var/www/html/ticket/system/CodeIgniter.php(399): CodeIgniter\CodeIgniter->runController()
#7 /var/www/html/ticket/system/CodeIgniter.php(317): CodeIgniter\CodeIgniter->handleRequest()
#8 /var/www/html/ticket/public/index.php(36): CodeIgniter\CodeIgniter->run()
#9 {main}
CRITICAL - 2022-10-26 09:57:36 --> Undefined variable: new
#0 /var/www/html/ticket/app/Views/teknisi/dashboard.php(127): CodeIgniter\Debug\Exceptions->errorHandler()
#1 /var/www/html/ticket/system/View/View.php(214): include('/var/www/html/t...')
#2 /var/www/html/ticket/system/View/View.php(217): CodeIgniter\View\View->CodeIgniter\View\{closure}()
#3 /var/www/html/ticket/system/Common.php(1092): CodeIgniter\View\View->render()
#4 /var/www/html/ticket/app/Controllers/Teknisi.php(34): view()
#5 /var/www/html/ticket/system/CodeIgniter.php(802): App\Controllers\Teknisi->index()
#6 /var/www/html/ticket/system/CodeIgniter.php(399): CodeIgniter\CodeIgniter->runController()
#7 /var/www/html/ticket/system/CodeIgniter.php(317): CodeIgniter\CodeIgniter->handleRequest()
#8 /var/www/html/ticket/public/index.php(36): CodeIgniter\CodeIgniter->run()
#9 {main}
CRITICAL - 2022-10-26 10:33:18 --> Use of undefined constant desc - assumed 'desc' (this will throw an Error in a future version of PHP)
#0 /var/www/html/ticket/app/Controllers/Teknisi.php(44): CodeIgniter\Debug\Exceptions->errorHandler()
#1 /var/www/html/ticket/system/CodeIgniter.php(802): App\Controllers\Teknisi->index()
#2 /var/www/html/ticket/system/CodeIgniter.php(399): CodeIgniter\CodeIgniter->runController()
#3 /var/www/html/ticket/system/CodeIgniter.php(317): CodeIgniter\CodeIgniter->handleRequest()
#4 /var/www/html/ticket/public/index.php(36): CodeIgniter\CodeIgniter->run()
#5 {main}
CRITICAL - 2022-10-26 11:13:51 --> Undefined variable: row
#0 /var/www/html/ticket/app/Views/teknisi/dashboard.php(149): CodeIgniter\Debug\Exceptions->errorHandler()
#1 /var/www/html/ticket/system/View/View.php(214): include('/var/www/html/t...')
#2 /var/www/html/ticket/system/View/View.php(217): CodeIgniter\View\View->CodeIgniter\View\{closure}()
#3 /var/www/html/ticket/system/Common.php(1092): CodeIgniter\View\View->render()
#4 /var/www/html/ticket/app/Controllers/Teknisi.php(47): view()
#5 /var/www/html/ticket/system/CodeIgniter.php(802): App\Controllers\Teknisi->index()
#6 /var/www/html/ticket/system/CodeIgniter.php(399): CodeIgniter\CodeIgniter->runController()
#7 /var/www/html/ticket/system/CodeIgniter.php(317): CodeIgniter\CodeIgniter->handleRequest()
#8 /var/www/html/ticket/public/index.php(36): CodeIgniter\CodeIgniter->run()
#9 {main}
CRITICAL - 2022-10-26 11:14:01 --> Undefined variable: row
#0 /var/www/html/ticket/app/Views/teknisi/dashboard.php(149): CodeIgniter\Debug\Exceptions->errorHandler()
#1 /var/www/html/ticket/system/View/View.php(214): include('/var/www/html/t...')
#2 /var/www/html/ticket/system/View/View.php(217): CodeIgniter\View\View->CodeIgniter\View\{closure}()
#3 /var/www/html/ticket/system/Common.php(1092): CodeIgniter\View\View->render()
#4 /var/www/html/ticket/app/Controllers/Teknisi.php(47): view()
#5 /var/www/html/ticket/system/CodeIgniter.php(802): App\Controllers\Teknisi->index()
#6 /var/www/html/ticket/system/CodeIgniter.php(399): CodeIgniter\CodeIgniter->runController()
#7 /var/www/html/ticket/system/CodeIgniter.php(317): CodeIgniter\CodeIgniter->handleRequest()
#8 /var/www/html/ticket/public/index.php(36): CodeIgniter\CodeIgniter->run()
#9 {main}
CRITICAL - 2022-10-26 11:14:02 --> Undefined variable: row
#0 /var/www/html/ticket/app/Views/teknisi/dashboard.php(149): CodeIgniter\Debug\Exceptions->errorHandler()
#1 /var/www/html/ticket/system/View/View.php(214): include('/var/www/html/t...')
#2 /var/www/html/ticket/system/View/View.php(217): CodeIgniter\View\View->CodeIgniter\View\{closure}()
#3 /var/www/html/ticket/system/Common.php(1092): CodeIgniter\View\View->render()
#4 /var/www/html/ticket/app/Controllers/Teknisi.php(47): view()
#5 /var/www/html/ticket/system/CodeIgniter.php(802): App\Controllers\Teknisi->index()
#6 /var/www/html/ticket/system/CodeIgniter.php(399): CodeIgniter\CodeIgniter->runController()
#7 /var/www/html/ticket/system/CodeIgniter.php(317): CodeIgniter\CodeIgniter->handleRequest()
#8 /var/www/html/ticket/public/index.php(36): CodeIgniter\CodeIgniter->run()
#9 {main}
CRITICAL - 2022-10-26 11:14:03 --> Undefined variable: row
#0 /var/www/html/ticket/app/Views/teknisi/dashboard.php(149): CodeIgniter\Debug\Exceptions->errorHandler()
#1 /var/www/html/ticket/system/View/View.php(214): include('/var/www/html/t...')
#2 /var/www/html/ticket/system/View/View.php(217): CodeIgniter\View\View->CodeIgniter\View\{closure}()
#3 /var/www/html/ticket/system/Common.php(1092): CodeIgniter\View\View->render()
#4 /var/www/html/ticket/app/Controllers/Teknisi.php(47): view()
#5 /var/www/html/ticket/system/CodeIgniter.php(802): App\Controllers\Teknisi->index()
#6 /var/www/html/ticket/system/CodeIgniter.php(399): CodeIgniter\CodeIgniter->runController()
#7 /var/www/html/ticket/system/CodeIgniter.php(317): CodeIgniter\CodeIgniter->handleRequest()
#8 /var/www/html/ticket/public/index.php(36): CodeIgniter\CodeIgniter->run()
#9 {main}
CRITICAL - 2022-10-26 12:51:33 --> Undefined variable: data
#0 /var/www/html/ticket/app/Controllers/Teknisi.php(51): CodeIgniter\Debug\Exceptions->errorHandler()
#1 /var/www/html/ticket/system/CodeIgniter.php(802): App\Controllers\Teknisi->approve()
#2 /var/www/html/ticket/system/CodeIgniter.php(399): CodeIgniter\CodeIgniter->runController()
#3 /var/www/html/ticket/system/CodeIgniter.php(317): CodeIgniter\CodeIgniter->handleRequest()
#4 /var/www/html/ticket/public/index.php(36): CodeIgniter\CodeIgniter->run()
#5 {main}
CRITICAL - 2022-10-26 12:51:44 --> Invalid file: teknisi/approve.php
#0 /var/www/html/ticket/system/View/View.php(198): CodeIgniter\Exceptions\FrameworkException::forInvalidFile()
#1 /var/www/html/ticket/system/Common.php(1092): CodeIgniter\View\View->render()
#2 /var/www/html/ticket/app/Controllers/Teknisi.php(51): view()
#3 /var/www/html/ticket/system/CodeIgniter.php(802): App\Controllers\Teknisi->approve()
#4 /var/www/html/ticket/system/CodeIgniter.php(399): CodeIgniter\CodeIgniter->runController()
#5 /var/www/html/ticket/system/CodeIgniter.php(317): CodeIgniter\CodeIgniter->handleRequest()
#6 /var/www/html/ticket/public/index.php(36): CodeIgniter\CodeIgniter->run()
#7 {main}
CRITICAL - 2022-10-26 13:30:51 --> Undefined index: nama_lokasi
#0 /var/www/html/ticket/app/Views/teknisi/approve.php(60): CodeIgniter\Debug\Exceptions->errorHandler()
#1 /var/www/html/ticket/system/View/View.php(214): include('/var/www/html/t...')
#2 /var/www/html/ticket/system/View/View.php(217): CodeIgniter\View\View->CodeIgniter\View\{closure}()
#3 /var/www/html/ticket/system/Common.php(1092): CodeIgniter\View\View->render()
#4 /var/www/html/ticket/app/Controllers/Teknisi.php(67): view()
#5 /var/www/html/ticket/system/CodeIgniter.php(802): App\Controllers\Teknisi->approve()
#6 /var/www/html/ticket/system/CodeIgniter.php(399): CodeIgniter\CodeIgniter->runController()
#7 /var/www/html/ticket/system/CodeIgniter.php(317): CodeIgniter\CodeIgniter->handleRequest()
#8 /var/www/html/ticket/public/index.php(36): CodeIgniter\CodeIgniter->run()
#9 {main}
CRITICAL - 2022-10-26 13:30:53 --> Undefined index: nama_lokasi
#0 /var/www/html/ticket/app/Views/teknisi/approve.php(60): CodeIgniter\Debug\Exceptions->errorHandler()
#1 /var/www/html/ticket/system/View/View.php(214): include('/var/www/html/t...')
#2 /var/www/html/ticket/system/View/View.php(217): CodeIgniter\View\View->CodeIgniter\View\{closure}()
#3 /var/www/html/ticket/system/Common.php(1092): CodeIgniter\View\View->render()
#4 /var/www/html/ticket/app/Controllers/Teknisi.php(67): view()
#5 /var/www/html/ticket/system/CodeIgniter.php(802): App\Controllers\Teknisi->approve()
#6 /var/www/html/ticket/system/CodeIgniter.php(399): CodeIgniter\CodeIgniter->runController()
#7 /var/www/html/ticket/system/CodeIgniter.php(317): CodeIgniter\CodeIgniter->handleRequest()
#8 /var/www/html/ticket/public/index.php(36): CodeIgniter\CodeIgniter->run()
#9 {main}
