ERROR - 2023-01-19 20:41:10 --> Unknown column 'dokter.id_pasien' in 'on clause'
CRITICAL - 2023-01-19 20:41:10 --> Unknown column 'dokter.id_pasien' in 'on clause'
#0 /var/www/html/poliku/system/Database/MySQLi/Connection.php(280): mysqli->query()
#1 /var/www/html/poliku/system/Database/BaseConnection.php(663): CodeIgniter\Database\MySQLi\Connection->execute()
#2 /var/www/html/poliku/system/Database/BaseConnection.php(591): CodeIgniter\Database\BaseConnection->simpleQuery()
#3 /var/www/html/poliku/system/Database/BaseBuilder.php(1428): CodeIgniter\Database\BaseConnection->query()
#4 /var/www/html/poliku/app/Controllers/Laporan.php(17): CodeIgniter\Database\BaseBuilder->get()
#5 /var/www/html/poliku/system/CodeIgniter.php(802): App\Controllers\Laporan->index()
#6 /var/www/html/poliku/system/CodeIgniter.php(399): CodeIgniter\CodeIgniter->runController()
#7 /var/www/html/poliku/system/CodeIgniter.php(317): CodeIgniter\CodeIgniter->handleRequest()
#8 /var/www/html/poliku/public/index.php(36): CodeIgniter\CodeIgniter->run()
#9 {main}
CRITICAL - 2023-01-19 20:46:40 --> Undefined index: keterangan
#0 /var/www/html/poliku/app/Views/laporan/index.php(40): CodeIgniter\Debug\Exceptions->errorHandler()
#1 /var/www/html/poliku/system/View/View.php(214): include('/var/www/html/p...')
#2 /var/www/html/poliku/system/View/View.php(217): CodeIgniter\View\View->CodeIgniter\View\{closure}()
#3 /var/www/html/poliku/system/Common.php(1092): CodeIgniter\View\View->render()
#4 /var/www/html/poliku/app/Controllers/Laporan.php(20): view()
#5 /var/www/html/poliku/system/CodeIgniter.php(802): App\Controllers\Laporan->index()
#6 /var/www/html/poliku/system/CodeIgniter.php(399): CodeIgniter\CodeIgniter->runController()
#7 /var/www/html/poliku/system/CodeIgniter.php(317): CodeIgniter\CodeIgniter->handleRequest()
#8 /var/www/html/poliku/public/index.php(36): CodeIgniter\CodeIgniter->run()
#9 {main}
CRITICAL - 2023-01-19 21:06:15 --> Undefined variable: d
#0 /var/www/html/poliku/app/Views/rekam_medis/invoice.php(40): CodeIgniter\Debug\Exceptions->errorHandler()
#1 /var/www/html/poliku/system/View/View.php(214): include('/var/www/html/p...')
#2 /var/www/html/poliku/system/View/View.php(217): CodeIgniter\View\View->CodeIgniter\View\{closure}()
#3 /var/www/html/poliku/system/Common.php(1092): CodeIgniter\View\View->render()
#4 /var/www/html/poliku/app/Controllers/Rekam_medis.php(282): view()
#5 /var/www/html/poliku/system/CodeIgniter.php(802): App\Controllers\Rekam_medis->invoice()
#6 /var/www/html/poliku/system/CodeIgniter.php(399): CodeIgniter\CodeIgniter->runController()
#7 /var/www/html/poliku/system/CodeIgniter.php(317): CodeIgniter\CodeIgniter->handleRequest()
#8 /var/www/html/poliku/public/index.php(36): CodeIgniter\CodeIgniter->run()
#9 {main}
CRITICAL - 2023-01-19 21:07:12 --> Trying to access array offset on value of type null
#0 /var/www/html/poliku/app/Views/rekam_medis/invoice.php(40): CodeIgniter\Debug\Exceptions->errorHandler()
#1 /var/www/html/poliku/system/View/View.php(214): include('/var/www/html/p...')
#2 /var/www/html/poliku/system/View/View.php(217): CodeIgniter\View\View->CodeIgniter\View\{closure}()
#3 /var/www/html/poliku/system/Common.php(1092): CodeIgniter\View\View->render()
#4 /var/www/html/poliku/app/Controllers/Rekam_medis.php(282): view()
#5 /var/www/html/poliku/system/CodeIgniter.php(802): App\Controllers\Rekam_medis->invoice()
#6 /var/www/html/poliku/system/CodeIgniter.php(399): CodeIgniter\CodeIgniter->runController()
#7 /var/www/html/poliku/system/CodeIgniter.php(317): CodeIgniter\CodeIgniter->handleRequest()
#8 /var/www/html/poliku/public/index.php(36): CodeIgniter\CodeIgniter->run()
#9 {main}
CRITICAL - 2023-01-19 21:08:51 --> Trying to access array offset on value of type null
#0 /var/www/html/poliku/app/Views/rekam_medis/invoice.php(40): CodeIgniter\Debug\Exceptions->errorHandler()
#1 /var/www/html/poliku/system/View/View.php(214): include('/var/www/html/p...')
#2 /var/www/html/poliku/system/View/View.php(217): CodeIgniter\View\View->CodeIgniter\View\{closure}()
#3 /var/www/html/poliku/system/Common.php(1092): CodeIgniter\View\View->render()
#4 /var/www/html/poliku/app/Controllers/Rekam_medis.php(282): view()
#5 /var/www/html/poliku/system/CodeIgniter.php(802): App\Controllers\Rekam_medis->invoice()
#6 /var/www/html/poliku/system/CodeIgniter.php(399): CodeIgniter\CodeIgniter->runController()
#7 /var/www/html/poliku/system/CodeIgniter.php(317): CodeIgniter\CodeIgniter->handleRequest()
#8 /var/www/html/poliku/public/index.php(36): CodeIgniter\CodeIgniter->run()
#9 {main}
CRITICAL - 2023-01-19 21:21:08 --> Trying to access array offset on value of type null
#0 /var/www/html/poliku/app/Views/rekam_medis/invoice.php(40): CodeIgniter\Debug\Exceptions->errorHandler()
#1 /var/www/html/poliku/system/View/View.php(214): include('/var/www/html/p...')
#2 /var/www/html/poliku/system/View/View.php(217): CodeIgniter\View\View->CodeIgniter\View\{closure}()
#3 /var/www/html/poliku/system/Common.php(1092): CodeIgniter\View\View->render()
#4 /var/www/html/poliku/app/Controllers/Rekam_medis.php(282): view()
#5 /var/www/html/poliku/system/CodeIgniter.php(802): App\Controllers\Rekam_medis->invoice()
#6 /var/www/html/poliku/system/CodeIgniter.php(399): CodeIgniter\CodeIgniter->runController()
#7 /var/www/html/poliku/system/CodeIgniter.php(317): CodeIgniter\CodeIgniter->handleRequest()
#8 /var/www/html/poliku/public/index.php(36): CodeIgniter\CodeIgniter->run()
#9 {main}
CRITICAL - 2023-01-19 21:22:55 --> Trying to access array offset on value of type null
#0 /var/www/html/poliku/app/Views/rekam_medis/invoice.php(40): CodeIgniter\Debug\Exceptions->errorHandler()
#1 /var/www/html/poliku/system/View/View.php(214): include('/var/www/html/p...')
#2 /var/www/html/poliku/system/View/View.php(217): CodeIgniter\View\View->CodeIgniter\View\{closure}()
#3 /var/www/html/poliku/system/Common.php(1092): CodeIgniter\View\View->render()
#4 /var/www/html/poliku/app/Controllers/Rekam_medis.php(282): view()
#5 /var/www/html/poliku/system/CodeIgniter.php(802): App\Controllers\Rekam_medis->invoice()
#6 /var/www/html/poliku/system/CodeIgniter.php(399): CodeIgniter\CodeIgniter->runController()
#7 /var/www/html/poliku/system/CodeIgniter.php(317): CodeIgniter\CodeIgniter->handleRequest()
#8 /var/www/html/poliku/public/index.php(36): CodeIgniter\CodeIgniter->run()
#9 {main}
CRITICAL - 2023-01-19 21:23:12 --> Trying to access array offset on value of type null
#0 /var/www/html/poliku/app/Views/rekam_medis/invoice.php(40): CodeIgniter\Debug\Exceptions->errorHandler()
#1 /var/www/html/poliku/system/View/View.php(214): include('/var/www/html/p...')
#2 /var/www/html/poliku/system/View/View.php(217): CodeIgniter\View\View->CodeIgniter\View\{closure}()
#3 /var/www/html/poliku/system/Common.php(1092): CodeIgniter\View\View->render()
#4 /var/www/html/poliku/app/Controllers/Rekam_medis.php(282): view()
#5 /var/www/html/poliku/system/CodeIgniter.php(802): App\Controllers\Rekam_medis->invoice()
#6 /var/www/html/poliku/system/CodeIgniter.php(399): CodeIgniter\CodeIgniter->runController()
#7 /var/www/html/poliku/system/CodeIgniter.php(317): CodeIgniter\CodeIgniter->handleRequest()
#8 /var/www/html/poliku/public/index.php(36): CodeIgniter\CodeIgniter->run()
#9 {main}
CRITICAL - 2023-01-19 21:23:24 --> Trying to access array offset on value of type null
#0 /var/www/html/poliku/app/Views/rekam_medis/invoice.php(40): CodeIgniter\Debug\Exceptions->errorHandler()
#1 /var/www/html/poliku/system/View/View.php(214): include('/var/www/html/p...')
#2 /var/www/html/poliku/system/View/View.php(217): CodeIgniter\View\View->CodeIgniter\View\{closure}()
#3 /var/www/html/poliku/system/Common.php(1092): CodeIgniter\View\View->render()
#4 /var/www/html/poliku/app/Controllers/Rekam_medis.php(282): view()
#5 /var/www/html/poliku/system/CodeIgniter.php(802): App\Controllers\Rekam_medis->invoice()
#6 /var/www/html/poliku/system/CodeIgniter.php(399): CodeIgniter\CodeIgniter->runController()
#7 /var/www/html/poliku/system/CodeIgniter.php(317): CodeIgniter\CodeIgniter->handleRequest()
#8 /var/www/html/poliku/public/index.php(36): CodeIgniter\CodeIgniter->run()
#9 {main}
CRITICAL - 2023-01-19 21:23:56 --> Trying to access array offset on value of type null
#0 /var/www/html/poliku/app/Views/rekam_medis/invoice.php(40): CodeIgniter\Debug\Exceptions->errorHandler()
#1 /var/www/html/poliku/system/View/View.php(214): include('/var/www/html/p...')
#2 /var/www/html/poliku/system/View/View.php(217): CodeIgniter\View\View->CodeIgniter\View\{closure}()
#3 /var/www/html/poliku/system/Common.php(1092): CodeIgniter\View\View->render()
#4 /var/www/html/poliku/app/Controllers/Rekam_medis.php(282): view()
#5 /var/www/html/poliku/system/CodeIgniter.php(802): App\Controllers\Rekam_medis->invoice()
#6 /var/www/html/poliku/system/CodeIgniter.php(399): CodeIgniter\CodeIgniter->runController()
#7 /var/www/html/poliku/system/CodeIgniter.php(317): CodeIgniter\CodeIgniter->handleRequest()
#8 /var/www/html/poliku/public/index.php(36): CodeIgniter\CodeIgniter->run()
#9 {main}
CRITICAL - 2023-01-19 21:24:24 --> Trying to access array offset on value of type null
#0 /var/www/html/poliku/app/Views/rekam_medis/invoice.php(40): CodeIgniter\Debug\Exceptions->errorHandler()
#1 /var/www/html/poliku/system/View/View.php(214): include('/var/www/html/p...')
#2 /var/www/html/poliku/system/View/View.php(217): CodeIgniter\View\View->CodeIgniter\View\{closure}()
#3 /var/www/html/poliku/system/Common.php(1092): CodeIgniter\View\View->render()
#4 /var/www/html/poliku/app/Controllers/Rekam_medis.php(282): view()
#5 /var/www/html/poliku/system/CodeIgniter.php(802): App\Controllers\Rekam_medis->invoice()
#6 /var/www/html/poliku/system/CodeIgniter.php(399): CodeIgniter\CodeIgniter->runController()
#7 /var/www/html/poliku/system/CodeIgniter.php(317): CodeIgniter\CodeIgniter->handleRequest()
#8 /var/www/html/poliku/public/index.php(36): CodeIgniter\CodeIgniter->run()
#9 {main}
CRITICAL - 2023-01-19 21:24:59 --> Trying to access array offset on value of type null
#0 /var/www/html/poliku/app/Views/rekam_medis/invoice.php(40): CodeIgniter\Debug\Exceptions->errorHandler()
#1 /var/www/html/poliku/system/View/View.php(214): include('/var/www/html/p...')
#2 /var/www/html/poliku/system/View/View.php(217): CodeIgniter\View\View->CodeIgniter\View\{closure}()
#3 /var/www/html/poliku/system/Common.php(1092): CodeIgniter\View\View->render()
#4 /var/www/html/poliku/app/Controllers/Rekam_medis.php(282): view()
#5 /var/www/html/poliku/system/CodeIgniter.php(802): App\Controllers\Rekam_medis->invoice()
#6 /var/www/html/poliku/system/CodeIgniter.php(399): CodeIgniter\CodeIgniter->runController()
#7 /var/www/html/poliku/system/CodeIgniter.php(317): CodeIgniter\CodeIgniter->handleRequest()
#8 /var/www/html/poliku/public/index.php(36): CodeIgniter\CodeIgniter->run()
#9 {main}
CRITICAL - 2023-01-19 21:29:24 --> Trying to access array offset on value of type null
#0 /var/www/html/poliku/app/Views/rekam_medis/invoice.php(40): CodeIgniter\Debug\Exceptions->errorHandler()
#1 /var/www/html/poliku/system/View/View.php(214): include('/var/www/html/p...')
#2 /var/www/html/poliku/system/View/View.php(217): CodeIgniter\View\View->CodeIgniter\View\{closure}()
#3 /var/www/html/poliku/system/Common.php(1092): CodeIgniter\View\View->render()
#4 /var/www/html/poliku/app/Controllers/Rekam_medis.php(282): view()
#5 /var/www/html/poliku/system/CodeIgniter.php(802): App\Controllers\Rekam_medis->invoice()
#6 /var/www/html/poliku/system/CodeIgniter.php(399): CodeIgniter\CodeIgniter->runController()
#7 /var/www/html/poliku/system/CodeIgniter.php(317): CodeIgniter\CodeIgniter->handleRequest()
#8 /var/www/html/poliku/public/index.php(36): CodeIgniter\CodeIgniter->run()
#9 {main}
CRITICAL - 2023-01-19 21:29:42 --> Trying to access array offset on value of type null
#0 /var/www/html/poliku/app/Views/rekam_medis/invoice.php(40): CodeIgniter\Debug\Exceptions->errorHandler()
#1 /var/www/html/poliku/system/View/View.php(214): include('/var/www/html/p...')
#2 /var/www/html/poliku/system/View/View.php(217): CodeIgniter\View\View->CodeIgniter\View\{closure}()
#3 /var/www/html/poliku/system/Common.php(1092): CodeIgniter\View\View->render()
#4 /var/www/html/poliku/app/Controllers/Rekam_medis.php(282): view()
#5 /var/www/html/poliku/system/CodeIgniter.php(802): App\Controllers\Rekam_medis->invoice()
#6 /var/www/html/poliku/system/CodeIgniter.php(399): CodeIgniter\CodeIgniter->runController()
#7 /var/www/html/poliku/system/CodeIgniter.php(317): CodeIgniter\CodeIgniter->handleRequest()
#8 /var/www/html/poliku/public/index.php(36): CodeIgniter\CodeIgniter->run()
#9 {main}
CRITICAL - 2023-01-19 21:30:11 --> Trying to access array offset on value of type null
#0 /var/www/html/poliku/app/Views/rekam_medis/invoice.php(40): CodeIgniter\Debug\Exceptions->errorHandler()
#1 /var/www/html/poliku/system/View/View.php(214): include('/var/www/html/p...')
#2 /var/www/html/poliku/system/View/View.php(217): CodeIgniter\View\View->CodeIgniter\View\{closure}()
#3 /var/www/html/poliku/system/Common.php(1092): CodeIgniter\View\View->render()
#4 /var/www/html/poliku/app/Controllers/Rekam_medis.php(282): view()
#5 /var/www/html/poliku/system/CodeIgniter.php(802): App\Controllers\Rekam_medis->invoice()
#6 /var/www/html/poliku/system/CodeIgniter.php(399): CodeIgniter\CodeIgniter->runController()
#7 /var/www/html/poliku/system/CodeIgniter.php(317): CodeIgniter\CodeIgniter->handleRequest()
#8 /var/www/html/poliku/public/index.php(36): CodeIgniter\CodeIgniter->run()
#9 {main}
CRITICAL - 2023-01-19 21:30:27 --> Trying to access array offset on value of type null
#0 /var/www/html/poliku/app/Views/rekam_medis/invoice.php(40): CodeIgniter\Debug\Exceptions->errorHandler()
#1 /var/www/html/poliku/system/View/View.php(214): include('/var/www/html/p...')
#2 /var/www/html/poliku/system/View/View.php(217): CodeIgniter\View\View->CodeIgniter\View\{closure}()
#3 /var/www/html/poliku/system/Common.php(1092): CodeIgniter\View\View->render()
#4 /var/www/html/poliku/app/Controllers/Rekam_medis.php(282): view()
#5 /var/www/html/poliku/system/CodeIgniter.php(802): App\Controllers\Rekam_medis->invoice()
#6 /var/www/html/poliku/system/CodeIgniter.php(399): CodeIgniter\CodeIgniter->runController()
#7 /var/www/html/poliku/system/CodeIgniter.php(317): CodeIgniter\CodeIgniter->handleRequest()
#8 /var/www/html/poliku/public/index.php(36): CodeIgniter\CodeIgniter->run()
#9 {main}
CRITICAL - 2023-01-19 21:31:10 --> Trying to access array offset on value of type null
#0 /var/www/html/poliku/app/Views/rekam_medis/invoice.php(40): CodeIgniter\Debug\Exceptions->errorHandler()
#1 /var/www/html/poliku/system/View/View.php(214): include('/var/www/html/p...')
#2 /var/www/html/poliku/system/View/View.php(217): CodeIgniter\View\View->CodeIgniter\View\{closure}()
#3 /var/www/html/poliku/system/Common.php(1092): CodeIgniter\View\View->render()
#4 /var/www/html/poliku/app/Controllers/Rekam_medis.php(282): view()
#5 /var/www/html/poliku/system/CodeIgniter.php(802): App\Controllers\Rekam_medis->invoice()
#6 /var/www/html/poliku/system/CodeIgniter.php(399): CodeIgniter\CodeIgniter->runController()
#7 /var/www/html/poliku/system/CodeIgniter.php(317): CodeIgniter\CodeIgniter->handleRequest()
#8 /var/www/html/poliku/public/index.php(36): CodeIgniter\CodeIgniter->run()
#9 {main}
CRITICAL - 2023-01-19 21:31:28 --> Trying to access array offset on value of type null
#0 /var/www/html/poliku/app/Views/rekam_medis/invoice.php(40): CodeIgniter\Debug\Exceptions->errorHandler()
#1 /var/www/html/poliku/system/View/View.php(214): include('/var/www/html/p...')
#2 /var/www/html/poliku/system/View/View.php(217): CodeIgniter\View\View->CodeIgniter\View\{closure}()
#3 /var/www/html/poliku/system/Common.php(1092): CodeIgniter\View\View->render()
#4 /var/www/html/poliku/app/Controllers/Rekam_medis.php(282): view()
#5 /var/www/html/poliku/system/CodeIgniter.php(802): App\Controllers\Rekam_medis->invoice()
#6 /var/www/html/poliku/system/CodeIgniter.php(399): CodeIgniter\CodeIgniter->runController()
#7 /var/www/html/poliku/system/CodeIgniter.php(317): CodeIgniter\CodeIgniter->handleRequest()
#8 /var/www/html/poliku/public/index.php(36): CodeIgniter\CodeIgniter->run()
#9 {main}
CRITICAL - 2023-01-19 21:32:03 --> Trying to access array offset on value of type null
#0 /var/www/html/poliku/app/Views/rekam_medis/invoice.php(40): CodeIgniter\Debug\Exceptions->errorHandler()
#1 /var/www/html/poliku/system/View/View.php(214): include('/var/www/html/p...')
#2 /var/www/html/poliku/system/View/View.php(217): CodeIgniter\View\View->CodeIgniter\View\{closure}()
#3 /var/www/html/poliku/system/Common.php(1092): CodeIgniter\View\View->render()
#4 /var/www/html/poliku/app/Controllers/Rekam_medis.php(282): view()
#5 /var/www/html/poliku/system/CodeIgniter.php(802): App\Controllers\Rekam_medis->invoice()
#6 /var/www/html/poliku/system/CodeIgniter.php(399): CodeIgniter\CodeIgniter->runController()
#7 /var/www/html/poliku/system/CodeIgniter.php(317): CodeIgniter\CodeIgniter->handleRequest()
#8 /var/www/html/poliku/public/index.php(36): CodeIgniter\CodeIgniter->run()
#9 {main}
CRITICAL - 2023-01-19 21:32:27 --> Trying to access array offset on value of type null
#0 /var/www/html/poliku/app/Views/rekam_medis/invoice.php(40): CodeIgniter\Debug\Exceptions->errorHandler()
#1 /var/www/html/poliku/system/View/View.php(214): include('/var/www/html/p...')
#2 /var/www/html/poliku/system/View/View.php(217): CodeIgniter\View\View->CodeIgniter\View\{closure}()
#3 /var/www/html/poliku/system/Common.php(1092): CodeIgniter\View\View->render()
#4 /var/www/html/poliku/app/Controllers/Rekam_medis.php(282): view()
#5 /var/www/html/poliku/system/CodeIgniter.php(802): App\Controllers\Rekam_medis->invoice()
#6 /var/www/html/poliku/system/CodeIgniter.php(399): CodeIgniter\CodeIgniter->runController()
#7 /var/www/html/poliku/system/CodeIgniter.php(317): CodeIgniter\CodeIgniter->handleRequest()
#8 /var/www/html/poliku/public/index.php(36): CodeIgniter\CodeIgniter->run()
#9 {main}
CRITICAL - 2023-01-19 21:32:37 --> Trying to access array offset on value of type null
#0 /var/www/html/poliku/app/Views/rekam_medis/invoice.php(40): CodeIgniter\Debug\Exceptions->errorHandler()
#1 /var/www/html/poliku/system/View/View.php(214): include('/var/www/html/p...')
#2 /var/www/html/poliku/system/View/View.php(217): CodeIgniter\View\View->CodeIgniter\View\{closure}()
#3 /var/www/html/poliku/system/Common.php(1092): CodeIgniter\View\View->render()
#4 /var/www/html/poliku/app/Controllers/Rekam_medis.php(282): view()
#5 /var/www/html/poliku/system/CodeIgniter.php(802): App\Controllers\Rekam_medis->invoice()
#6 /var/www/html/poliku/system/CodeIgniter.php(399): CodeIgniter\CodeIgniter->runController()
#7 /var/www/html/poliku/system/CodeIgniter.php(317): CodeIgniter\CodeIgniter->handleRequest()
#8 /var/www/html/poliku/public/index.php(36): CodeIgniter\CodeIgniter->run()
#9 {main}
CRITICAL - 2023-01-19 21:33:05 --> Trying to access array offset on value of type null
#0 /var/www/html/poliku/app/Views/rekam_medis/invoice.php(40): CodeIgniter\Debug\Exceptions->errorHandler()
#1 /var/www/html/poliku/system/View/View.php(214): include('/var/www/html/p...')
#2 /var/www/html/poliku/system/View/View.php(217): CodeIgniter\View\View->CodeIgniter\View\{closure}()
#3 /var/www/html/poliku/system/Common.php(1092): CodeIgniter\View\View->render()
#4 /var/www/html/poliku/app/Controllers/Rekam_medis.php(282): view()
#5 /var/www/html/poliku/system/CodeIgniter.php(802): App\Controllers\Rekam_medis->invoice()
#6 /var/www/html/poliku/system/CodeIgniter.php(399): CodeIgniter\CodeIgniter->runController()
#7 /var/www/html/poliku/system/CodeIgniter.php(317): CodeIgniter\CodeIgniter->handleRequest()
#8 /var/www/html/poliku/public/index.php(36): CodeIgniter\CodeIgniter->run()
#9 {main}
CRITICAL - 2023-01-19 21:33:18 --> Trying to access array offset on value of type null
#0 /var/www/html/poliku/app/Views/rekam_medis/invoice.php(40): CodeIgniter\Debug\Exceptions->errorHandler()
#1 /var/www/html/poliku/system/View/View.php(214): include('/var/www/html/p...')
#2 /var/www/html/poliku/system/View/View.php(217): CodeIgniter\View\View->CodeIgniter\View\{closure}()
#3 /var/www/html/poliku/system/Common.php(1092): CodeIgniter\View\View->render()
#4 /var/www/html/poliku/app/Controllers/Rekam_medis.php(282): view()
#5 /var/www/html/poliku/system/CodeIgniter.php(802): App\Controllers\Rekam_medis->invoice()
#6 /var/www/html/poliku/system/CodeIgniter.php(399): CodeIgniter\CodeIgniter->runController()
#7 /var/www/html/poliku/system/CodeIgniter.php(317): CodeIgniter\CodeIgniter->handleRequest()
#8 /var/www/html/poliku/public/index.php(36): CodeIgniter\CodeIgniter->run()
#9 {main}
CRITICAL - 2023-01-19 21:33:40 --> Trying to access array offset on value of type null
#0 /var/www/html/poliku/app/Views/rekam_medis/invoice.php(40): CodeIgniter\Debug\Exceptions->errorHandler()
#1 /var/www/html/poliku/system/View/View.php(214): include('/var/www/html/p...')
#2 /var/www/html/poliku/system/View/View.php(217): CodeIgniter\View\View->CodeIgniter\View\{closure}()
#3 /var/www/html/poliku/system/Common.php(1092): CodeIgniter\View\View->render()
#4 /var/www/html/poliku/app/Controllers/Rekam_medis.php(282): view()
#5 /var/www/html/poliku/system/CodeIgniter.php(802): App\Controllers\Rekam_medis->invoice()
#6 /var/www/html/poliku/system/CodeIgniter.php(399): CodeIgniter\CodeIgniter->runController()
#7 /var/www/html/poliku/system/CodeIgniter.php(317): CodeIgniter\CodeIgniter->handleRequest()
#8 /var/www/html/poliku/public/index.php(36): CodeIgniter\CodeIgniter->run()
#9 {main}
CRITICAL - 2023-01-19 21:33:41 --> Trying to access array offset on value of type null
#0 /var/www/html/poliku/app/Views/rekam_medis/invoice.php(40): CodeIgniter\Debug\Exceptions->errorHandler()
#1 /var/www/html/poliku/system/View/View.php(214): include('/var/www/html/p...')
#2 /var/www/html/poliku/system/View/View.php(217): CodeIgniter\View\View->CodeIgniter\View\{closure}()
#3 /var/www/html/poliku/system/Common.php(1092): CodeIgniter\View\View->render()
#4 /var/www/html/poliku/app/Controllers/Rekam_medis.php(282): view()
#5 /var/www/html/poliku/system/CodeIgniter.php(802): App\Controllers\Rekam_medis->invoice()
#6 /var/www/html/poliku/system/CodeIgniter.php(399): CodeIgniter\CodeIgniter->runController()
#7 /var/www/html/poliku/system/CodeIgniter.php(317): CodeIgniter\CodeIgniter->handleRequest()
#8 /var/www/html/poliku/public/index.php(36): CodeIgniter\CodeIgniter->run()
#9 {main}
CRITICAL - 2023-01-19 21:33:44 --> Trying to access array offset on value of type null
#0 /var/www/html/poliku/app/Views/rekam_medis/invoice.php(40): CodeIgniter\Debug\Exceptions->errorHandler()
#1 /var/www/html/poliku/system/View/View.php(214): include('/var/www/html/p...')
#2 /var/www/html/poliku/system/View/View.php(217): CodeIgniter\View\View->CodeIgniter\View\{closure}()
#3 /var/www/html/poliku/system/Common.php(1092): CodeIgniter\View\View->render()
#4 /var/www/html/poliku/app/Controllers/Rekam_medis.php(282): view()
#5 /var/www/html/poliku/system/CodeIgniter.php(802): App\Controllers\Rekam_medis->invoice()
#6 /var/www/html/poliku/system/CodeIgniter.php(399): CodeIgniter\CodeIgniter->runController()
#7 /var/www/html/poliku/system/CodeIgniter.php(317): CodeIgniter\CodeIgniter->handleRequest()
#8 /var/www/html/poliku/public/index.php(36): CodeIgniter\CodeIgniter->run()
#9 {main}
CRITICAL - 2023-01-19 21:33:48 --> Trying to access array offset on value of type null
#0 /var/www/html/poliku/app/Views/rekam_medis/invoice.php(40): CodeIgniter\Debug\Exceptions->errorHandler()
#1 /var/www/html/poliku/system/View/View.php(214): include('/var/www/html/p...')
#2 /var/www/html/poliku/system/View/View.php(217): CodeIgniter\View\View->CodeIgniter\View\{closure}()
#3 /var/www/html/poliku/system/Common.php(1092): CodeIgniter\View\View->render()
#4 /var/www/html/poliku/app/Controllers/Rekam_medis.php(282): view()
#5 /var/www/html/poliku/system/CodeIgniter.php(802): App\Controllers\Rekam_medis->invoice()
#6 /var/www/html/poliku/system/CodeIgniter.php(399): CodeIgniter\CodeIgniter->runController()
#7 /var/www/html/poliku/system/CodeIgniter.php(317): CodeIgniter\CodeIgniter->handleRequest()
#8 /var/www/html/poliku/public/index.php(36): CodeIgniter\CodeIgniter->run()
#9 {main}
CRITICAL - 2023-01-19 21:34:22 --> Trying to access array offset on value of type null
#0 /var/www/html/poliku/app/Views/rekam_medis/invoice.php(40): CodeIgniter\Debug\Exceptions->errorHandler()
#1 /var/www/html/poliku/system/View/View.php(214): include('/var/www/html/p...')
#2 /var/www/html/poliku/system/View/View.php(217): CodeIgniter\View\View->CodeIgniter\View\{closure}()
#3 /var/www/html/poliku/system/Common.php(1092): CodeIgniter\View\View->render()
#4 /var/www/html/poliku/app/Controllers/Rekam_medis.php(282): view()
#5 /var/www/html/poliku/system/CodeIgniter.php(802): App\Controllers\Rekam_medis->invoice()
#6 /var/www/html/poliku/system/CodeIgniter.php(399): CodeIgniter\CodeIgniter->runController()
#7 /var/www/html/poliku/system/CodeIgniter.php(317): CodeIgniter\CodeIgniter->handleRequest()
#8 /var/www/html/poliku/public/index.php(36): CodeIgniter\CodeIgniter->run()
#9 {main}
CRITICAL - 2023-01-19 21:34:35 --> Trying to access array offset on value of type null
#0 /var/www/html/poliku/app/Views/rekam_medis/invoice.php(40): CodeIgniter\Debug\Exceptions->errorHandler()
#1 /var/www/html/poliku/system/View/View.php(214): include('/var/www/html/p...')
#2 /var/www/html/poliku/system/View/View.php(217): CodeIgniter\View\View->CodeIgniter\View\{closure}()
#3 /var/www/html/poliku/system/Common.php(1092): CodeIgniter\View\View->render()
#4 /var/www/html/poliku/app/Controllers/Rekam_medis.php(282): view()
#5 /var/www/html/poliku/system/CodeIgniter.php(802): App\Controllers\Rekam_medis->invoice()
#6 /var/www/html/poliku/system/CodeIgniter.php(399): CodeIgniter\CodeIgniter->runController()
#7 /var/www/html/poliku/system/CodeIgniter.php(317): CodeIgniter\CodeIgniter->handleRequest()
#8 /var/www/html/poliku/public/index.php(36): CodeIgniter\CodeIgniter->run()
#9 {main}
CRITICAL - 2023-01-19 21:36:53 --> Trying to access array offset on value of type null
#0 /var/www/html/poliku/app/Views/rekam_medis/invoice.php(40): CodeIgniter\Debug\Exceptions->errorHandler()
#1 /var/www/html/poliku/system/View/View.php(214): include('/var/www/html/p...')
#2 /var/www/html/poliku/system/View/View.php(217): CodeIgniter\View\View->CodeIgniter\View\{closure}()
#3 /var/www/html/poliku/system/Common.php(1092): CodeIgniter\View\View->render()
#4 /var/www/html/poliku/app/Controllers/Rekam_medis.php(282): view()
#5 /var/www/html/poliku/system/CodeIgniter.php(802): App\Controllers\Rekam_medis->invoice()
#6 /var/www/html/poliku/system/CodeIgniter.php(399): CodeIgniter\CodeIgniter->runController()
#7 /var/www/html/poliku/system/CodeIgniter.php(317): CodeIgniter\CodeIgniter->handleRequest()
#8 /var/www/html/poliku/public/index.php(36): CodeIgniter\CodeIgniter->run()
#9 {main}
CRITICAL - 2023-01-19 21:37:58 --> Trying to access array offset on value of type null
#0 /var/www/html/poliku/app/Views/rekam_medis/invoice.php(40): CodeIgniter\Debug\Exceptions->errorHandler()
#1 /var/www/html/poliku/system/View/View.php(214): include('/var/www/html/p...')
#2 /var/www/html/poliku/system/View/View.php(217): CodeIgniter\View\View->CodeIgniter\View\{closure}()
#3 /var/www/html/poliku/system/Common.php(1092): CodeIgniter\View\View->render()
#4 /var/www/html/poliku/app/Controllers/Rekam_medis.php(282): view()
#5 /var/www/html/poliku/system/CodeIgniter.php(802): App\Controllers\Rekam_medis->invoice()
#6 /var/www/html/poliku/system/CodeIgniter.php(399): CodeIgniter\CodeIgniter->runController()
#7 /var/www/html/poliku/system/CodeIgniter.php(317): CodeIgniter\CodeIgniter->handleRequest()
#8 /var/www/html/poliku/public/index.php(36): CodeIgniter\CodeIgniter->run()
#9 {main}
CRITICAL - 2023-01-19 21:38:30 --> number_format() expects parameter 1 to be float, string given
#0 [internal function]: CodeIgniter\Debug\Exceptions->errorHandler()
#1 /var/www/html/poliku/app/Helpers/my_helper.php(103): number_format()
#2 /var/www/html/poliku/app/Views/rekam_medis/invoice.php(84): nf()
#3 /var/www/html/poliku/system/View/View.php(214): include('/var/www/html/p...')
#4 /var/www/html/poliku/system/View/View.php(217): CodeIgniter\View\View->CodeIgniter\View\{closure}()
#5 /var/www/html/poliku/system/Common.php(1092): CodeIgniter\View\View->render()
#6 /var/www/html/poliku/app/Controllers/Rekam_medis.php(282): view()
#7 /var/www/html/poliku/system/CodeIgniter.php(802): App\Controllers\Rekam_medis->invoice()
#8 /var/www/html/poliku/system/CodeIgniter.php(399): CodeIgniter\CodeIgniter->runController()
#9 /var/www/html/poliku/system/CodeIgniter.php(317): CodeIgniter\CodeIgniter->handleRequest()
#10 /var/www/html/poliku/public/index.php(36): CodeIgniter\CodeIgniter->run()
#11 {main}
CRITICAL - 2023-01-19 21:38:46 --> Trying to access array offset on value of type null
#0 /var/www/html/poliku/app/Views/rekam_medis/invoice.php(40): CodeIgniter\Debug\Exceptions->errorHandler()
#1 /var/www/html/poliku/system/View/View.php(214): include('/var/www/html/p...')
#2 /var/www/html/poliku/system/View/View.php(217): CodeIgniter\View\View->CodeIgniter\View\{closure}()
#3 /var/www/html/poliku/system/Common.php(1092): CodeIgniter\View\View->render()
#4 /var/www/html/poliku/app/Controllers/Rekam_medis.php(282): view()
#5 /var/www/html/poliku/system/CodeIgniter.php(802): App\Controllers\Rekam_medis->invoice()
#6 /var/www/html/poliku/system/CodeIgniter.php(399): CodeIgniter\CodeIgniter->runController()
#7 /var/www/html/poliku/system/CodeIgniter.php(317): CodeIgniter\CodeIgniter->handleRequest()
#8 /var/www/html/poliku/public/index.php(36): CodeIgniter\CodeIgniter->run()
#9 {main}
CRITICAL - 2023-01-19 21:39:20 --> Trying to access array offset on value of type null
#0 /var/www/html/poliku/app/Views/rekam_medis/invoice.php(40): CodeIgniter\Debug\Exceptions->errorHandler()
#1 /var/www/html/poliku/system/View/View.php(214): include('/var/www/html/p...')
#2 /var/www/html/poliku/system/View/View.php(217): CodeIgniter\View\View->CodeIgniter\View\{closure}()
#3 /var/www/html/poliku/system/Common.php(1092): CodeIgniter\View\View->render()
#4 /var/www/html/poliku/app/Controllers/Rekam_medis.php(282): view()
#5 /var/www/html/poliku/system/CodeIgniter.php(802): App\Controllers\Rekam_medis->invoice()
#6 /var/www/html/poliku/system/CodeIgniter.php(399): CodeIgniter\CodeIgniter->runController()
#7 /var/www/html/poliku/system/CodeIgniter.php(317): CodeIgniter\CodeIgniter->handleRequest()
#8 /var/www/html/poliku/public/index.php(36): CodeIgniter\CodeIgniter->run()
#9 {main}
CRITICAL - 2023-01-19 21:39:52 --> Trying to access array offset on value of type null
#0 /var/www/html/poliku/app/Views/rekam_medis/invoice.php(40): CodeIgniter\Debug\Exceptions->errorHandler()
#1 /var/www/html/poliku/system/View/View.php(214): include('/var/www/html/p...')
#2 /var/www/html/poliku/system/View/View.php(217): CodeIgniter\View\View->CodeIgniter\View\{closure}()
#3 /var/www/html/poliku/system/Common.php(1092): CodeIgniter\View\View->render()
#4 /var/www/html/poliku/app/Controllers/Rekam_medis.php(282): view()
#5 /var/www/html/poliku/system/CodeIgniter.php(802): App\Controllers\Rekam_medis->invoice()
#6 /var/www/html/poliku/system/CodeIgniter.php(399): CodeIgniter\CodeIgniter->runController()
#7 /var/www/html/poliku/system/CodeIgniter.php(317): CodeIgniter\CodeIgniter->handleRequest()
#8 /var/www/html/poliku/public/index.php(36): CodeIgniter\CodeIgniter->run()
#9 {main}
CRITICAL - 2023-01-19 21:40:21 --> Trying to access array offset on value of type null
#0 /var/www/html/poliku/app/Views/rekam_medis/invoice.php(40): CodeIgniter\Debug\Exceptions->errorHandler()
#1 /var/www/html/poliku/system/View/View.php(214): include('/var/www/html/p...')
#2 /var/www/html/poliku/system/View/View.php(217): CodeIgniter\View\View->CodeIgniter\View\{closure}()
#3 /var/www/html/poliku/system/Common.php(1092): CodeIgniter\View\View->render()
#4 /var/www/html/poliku/app/Controllers/Rekam_medis.php(282): view()
#5 /var/www/html/poliku/system/CodeIgniter.php(802): App\Controllers\Rekam_medis->invoice()
#6 /var/www/html/poliku/system/CodeIgniter.php(399): CodeIgniter\CodeIgniter->runController()
#7 /var/www/html/poliku/system/CodeIgniter.php(317): CodeIgniter\CodeIgniter->handleRequest()
#8 /var/www/html/poliku/public/index.php(36): CodeIgniter\CodeIgniter->run()
#9 {main}
CRITICAL - 2023-01-19 21:43:21 --> Trying to access array offset on value of type null
#0 /var/www/html/poliku/app/Views/rekam_medis/invoice.php(40): CodeIgniter\Debug\Exceptions->errorHandler()
#1 /var/www/html/poliku/system/View/View.php(214): include('/var/www/html/p...')
#2 /var/www/html/poliku/system/View/View.php(217): CodeIgniter\View\View->CodeIgniter\View\{closure}()
#3 /var/www/html/poliku/system/Common.php(1092): CodeIgniter\View\View->render()
#4 /var/www/html/poliku/app/Controllers/Rekam_medis.php(282): view()
#5 /var/www/html/poliku/system/CodeIgniter.php(802): App\Controllers\Rekam_medis->invoice()
#6 /var/www/html/poliku/system/CodeIgniter.php(399): CodeIgniter\CodeIgniter->runController()
#7 /var/www/html/poliku/system/CodeIgniter.php(317): CodeIgniter\CodeIgniter->handleRequest()
#8 /var/www/html/poliku/public/index.php(36): CodeIgniter\CodeIgniter->run()
#9 {main}
CRITICAL - 2023-01-19 21:43:36 --> Trying to access array offset on value of type null
#0 /var/www/html/poliku/app/Views/rekam_medis/invoice.php(40): CodeIgniter\Debug\Exceptions->errorHandler()
#1 /var/www/html/poliku/system/View/View.php(214): include('/var/www/html/p...')
#2 /var/www/html/poliku/system/View/View.php(217): CodeIgniter\View\View->CodeIgniter\View\{closure}()
#3 /var/www/html/poliku/system/Common.php(1092): CodeIgniter\View\View->render()
#4 /var/www/html/poliku/app/Controllers/Rekam_medis.php(282): view()
#5 /var/www/html/poliku/system/CodeIgniter.php(802): App\Controllers\Rekam_medis->invoice()
#6 /var/www/html/poliku/system/CodeIgniter.php(399): CodeIgniter\CodeIgniter->runController()
#7 /var/www/html/poliku/system/CodeIgniter.php(317): CodeIgniter\CodeIgniter->handleRequest()
#8 /var/www/html/poliku/public/index.php(36): CodeIgniter\CodeIgniter->run()
#9 {main}
CRITICAL - 2023-01-19 21:44:24 --> Trying to access array offset on value of type null
#0 /var/www/html/poliku/app/Views/rekam_medis/invoice.php(40): CodeIgniter\Debug\Exceptions->errorHandler()
#1 /var/www/html/poliku/system/View/View.php(214): include('/var/www/html/p...')
#2 /var/www/html/poliku/system/View/View.php(217): CodeIgniter\View\View->CodeIgniter\View\{closure}()
#3 /var/www/html/poliku/system/Common.php(1092): CodeIgniter\View\View->render()
#4 /var/www/html/poliku/app/Controllers/Rekam_medis.php(282): view()
#5 /var/www/html/poliku/system/CodeIgniter.php(802): App\Controllers\Rekam_medis->invoice()
#6 /var/www/html/poliku/system/CodeIgniter.php(399): CodeIgniter\CodeIgniter->runController()
#7 /var/www/html/poliku/system/CodeIgniter.php(317): CodeIgniter\CodeIgniter->handleRequest()
#8 /var/www/html/poliku/public/index.php(36): CodeIgniter\CodeIgniter->run()
#9 {main}
CRITICAL - 2023-01-19 21:45:15 --> Trying to access array offset on value of type null
#0 /var/www/html/poliku/app/Views/rekam_medis/invoice.php(40): CodeIgniter\Debug\Exceptions->errorHandler()
#1 /var/www/html/poliku/system/View/View.php(214): include('/var/www/html/p...')
#2 /var/www/html/poliku/system/View/View.php(217): CodeIgniter\View\View->CodeIgniter\View\{closure}()
#3 /var/www/html/poliku/system/Common.php(1092): CodeIgniter\View\View->render()
#4 /var/www/html/poliku/app/Controllers/Rekam_medis.php(282): view()
#5 /var/www/html/poliku/system/CodeIgniter.php(802): App\Controllers\Rekam_medis->invoice()
#6 /var/www/html/poliku/system/CodeIgniter.php(399): CodeIgniter\CodeIgniter->runController()
#7 /var/www/html/poliku/system/CodeIgniter.php(317): CodeIgniter\CodeIgniter->handleRequest()
#8 /var/www/html/poliku/public/index.php(36): CodeIgniter\CodeIgniter->run()
#9 {main}
CRITICAL - 2023-01-19 21:45:27 --> Trying to access array offset on value of type null
#0 /var/www/html/poliku/app/Views/rekam_medis/invoice.php(40): CodeIgniter\Debug\Exceptions->errorHandler()
#1 /var/www/html/poliku/system/View/View.php(214): include('/var/www/html/p...')
#2 /var/www/html/poliku/system/View/View.php(217): CodeIgniter\View\View->CodeIgniter\View\{closure}()
#3 /var/www/html/poliku/system/Common.php(1092): CodeIgniter\View\View->render()
#4 /var/www/html/poliku/app/Controllers/Rekam_medis.php(282): view()
#5 /var/www/html/poliku/system/CodeIgniter.php(802): App\Controllers\Rekam_medis->invoice()
#6 /var/www/html/poliku/system/CodeIgniter.php(399): CodeIgniter\CodeIgniter->runController()
#7 /var/www/html/poliku/system/CodeIgniter.php(317): CodeIgniter\CodeIgniter->handleRequest()
#8 /var/www/html/poliku/public/index.php(36): CodeIgniter\CodeIgniter->run()
#9 {main}
CRITICAL - 2023-01-19 21:49:21 --> Trying to access array offset on value of type null
#0 /var/www/html/poliku/app/Views/rekam_medis/invoice.php(40): CodeIgniter\Debug\Exceptions->errorHandler()
#1 /var/www/html/poliku/system/View/View.php(214): include('/var/www/html/p...')
#2 /var/www/html/poliku/system/View/View.php(217): CodeIgniter\View\View->CodeIgniter\View\{closure}()
#3 /var/www/html/poliku/system/Common.php(1092): CodeIgniter\View\View->render()
#4 /var/www/html/poliku/app/Controllers/Rekam_medis.php(282): view()
#5 /var/www/html/poliku/system/CodeIgniter.php(802): App\Controllers\Rekam_medis->invoice()
#6 /var/www/html/poliku/system/CodeIgniter.php(399): CodeIgniter\CodeIgniter->runController()
#7 /var/www/html/poliku/system/CodeIgniter.php(317): CodeIgniter\CodeIgniter->handleRequest()
#8 /var/www/html/poliku/public/index.php(36): CodeIgniter\CodeIgniter->run()
#9 {main}
CRITICAL - 2023-01-19 21:51:44 --> Undefined variable: all_tindakan
#0 /var/www/html/poliku/app/Views/rekam_medis/invoice.php(86): CodeIgniter\Debug\Exceptions->errorHandler()
#1 /var/www/html/poliku/system/View/View.php(214): include('/var/www/html/p...')
#2 /var/www/html/poliku/system/View/View.php(217): CodeIgniter\View\View->CodeIgniter\View\{closure}()
#3 /var/www/html/poliku/system/Common.php(1092): CodeIgniter\View\View->render()
#4 /var/www/html/poliku/app/Controllers/Rekam_medis.php(282): view()
#5 /var/www/html/poliku/system/CodeIgniter.php(802): App\Controllers\Rekam_medis->invoice()
#6 /var/www/html/poliku/system/CodeIgniter.php(399): CodeIgniter\CodeIgniter->runController()
#7 /var/www/html/poliku/system/CodeIgniter.php(317): CodeIgniter\CodeIgniter->handleRequest()
#8 /var/www/html/poliku/public/index.php(36): CodeIgniter\CodeIgniter->run()
#9 {main}
CRITICAL - 2023-01-19 21:52:34 --> Undefined variable: all_tindakan
#0 /var/www/html/poliku/app/Views/rekam_medis/invoice.php(86): CodeIgniter\Debug\Exceptions->errorHandler()
#1 /var/www/html/poliku/system/View/View.php(214): include('/var/www/html/p...')
#2 /var/www/html/poliku/system/View/View.php(217): CodeIgniter\View\View->CodeIgniter\View\{closure}()
#3 /var/www/html/poliku/system/Common.php(1092): CodeIgniter\View\View->render()
#4 /var/www/html/poliku/app/Controllers/Rekam_medis.php(282): view()
#5 /var/www/html/poliku/system/CodeIgniter.php(802): App\Controllers\Rekam_medis->invoice()
#6 /var/www/html/poliku/system/CodeIgniter.php(399): CodeIgniter\CodeIgniter->runController()
#7 /var/www/html/poliku/system/CodeIgniter.php(317): CodeIgniter\CodeIgniter->handleRequest()
#8 /var/www/html/poliku/public/index.php(36): CodeIgniter\CodeIgniter->run()
#9 {main}
CRITICAL - 2023-01-19 21:52:54 --> Trying to access array offset on value of type null
#0 /var/www/html/poliku/app/Views/rekam_medis/invoice.php(40): CodeIgniter\Debug\Exceptions->errorHandler()
#1 /var/www/html/poliku/system/View/View.php(214): include('/var/www/html/p...')
#2 /var/www/html/poliku/system/View/View.php(217): CodeIgniter\View\View->CodeIgniter\View\{closure}()
#3 /var/www/html/poliku/system/Common.php(1092): CodeIgniter\View\View->render()
#4 /var/www/html/poliku/app/Controllers/Rekam_medis.php(282): view()
#5 /var/www/html/poliku/system/CodeIgniter.php(802): App\Controllers\Rekam_medis->invoice()
#6 /var/www/html/poliku/system/CodeIgniter.php(399): CodeIgniter\CodeIgniter->runController()
#7 /var/www/html/poliku/system/CodeIgniter.php(317): CodeIgniter\CodeIgniter->handleRequest()
#8 /var/www/html/poliku/public/index.php(36): CodeIgniter\CodeIgniter->run()
#9 {main}
CRITICAL - 2023-01-19 21:53:33 --> Undefined variable: all_tindakan
#0 /var/www/html/poliku/app/Views/rekam_medis/invoice.php(86): CodeIgniter\Debug\Exceptions->errorHandler()
#1 /var/www/html/poliku/system/View/View.php(214): include('/var/www/html/p...')
#2 /var/www/html/poliku/system/View/View.php(217): CodeIgniter\View\View->CodeIgniter\View\{closure}()
#3 /var/www/html/poliku/system/Common.php(1092): CodeIgniter\View\View->render()
#4 /var/www/html/poliku/app/Controllers/Rekam_medis.php(282): view()
#5 /var/www/html/poliku/system/CodeIgniter.php(802): App\Controllers\Rekam_medis->invoice()
#6 /var/www/html/poliku/system/CodeIgniter.php(399): CodeIgniter\CodeIgniter->runController()
#7 /var/www/html/poliku/system/CodeIgniter.php(317): CodeIgniter\CodeIgniter->handleRequest()
#8 /var/www/html/poliku/public/index.php(36): CodeIgniter\CodeIgniter->run()
#9 {main}
CRITICAL - 2023-01-19 21:54:00 --> Trying to access array offset on value of type null
#0 /var/www/html/poliku/app/Views/rekam_medis/invoice.php(40): CodeIgniter\Debug\Exceptions->errorHandler()
#1 /var/www/html/poliku/system/View/View.php(214): include('/var/www/html/p...')
#2 /var/www/html/poliku/system/View/View.php(217): CodeIgniter\View\View->CodeIgniter\View\{closure}()
#3 /var/www/html/poliku/system/Common.php(1092): CodeIgniter\View\View->render()
#4 /var/www/html/poliku/app/Controllers/Rekam_medis.php(282): view()
#5 /var/www/html/poliku/system/CodeIgniter.php(802): App\Controllers\Rekam_medis->invoice()
#6 /var/www/html/poliku/system/CodeIgniter.php(399): CodeIgniter\CodeIgniter->runController()
#7 /var/www/html/poliku/system/CodeIgniter.php(317): CodeIgniter\CodeIgniter->handleRequest()
#8 /var/www/html/poliku/public/index.php(36): CodeIgniter\CodeIgniter->run()
#9 {main}
CRITICAL - 2023-01-19 21:55:23 --> Trying to access array offset on value of type null
#0 /var/www/html/poliku/app/Views/rekam_medis/invoice.php(40): CodeIgniter\Debug\Exceptions->errorHandler()
#1 /var/www/html/poliku/system/View/View.php(214): include('/var/www/html/p...')
#2 /var/www/html/poliku/system/View/View.php(217): CodeIgniter\View\View->CodeIgniter\View\{closure}()
#3 /var/www/html/poliku/system/Common.php(1092): CodeIgniter\View\View->render()
#4 /var/www/html/poliku/app/Controllers/Rekam_medis.php(282): view()
#5 /var/www/html/poliku/system/CodeIgniter.php(802): App\Controllers\Rekam_medis->invoice()
#6 /var/www/html/poliku/system/CodeIgniter.php(399): CodeIgniter\CodeIgniter->runController()
#7 /var/www/html/poliku/system/CodeIgniter.php(317): CodeIgniter\CodeIgniter->handleRequest()
#8 /var/www/html/poliku/public/index.php(36): CodeIgniter\CodeIgniter->run()
#9 {main}
CRITICAL - 2023-01-19 21:59:01 --> Undefined variable: all_tindakan
#0 /var/www/html/poliku/app/Views/rekam_medis/invoice.php(86): CodeIgniter\Debug\Exceptions->errorHandler()
#1 /var/www/html/poliku/system/View/View.php(214): include('/var/www/html/p...')
#2 /var/www/html/poliku/system/View/View.php(217): CodeIgniter\View\View->CodeIgniter\View\{closure}()
#3 /var/www/html/poliku/system/Common.php(1092): CodeIgniter\View\View->render()
#4 /var/www/html/poliku/app/Controllers/Rekam_medis.php(282): view()
#5 /var/www/html/poliku/system/CodeIgniter.php(802): App\Controllers\Rekam_medis->invoice()
#6 /var/www/html/poliku/system/CodeIgniter.php(399): CodeIgniter\CodeIgniter->runController()
#7 /var/www/html/poliku/system/CodeIgniter.php(317): CodeIgniter\CodeIgniter->handleRequest()
#8 /var/www/html/poliku/public/index.php(36): CodeIgniter\CodeIgniter->run()
#9 {main}
CRITICAL - 2023-01-19 21:59:36 --> Undefined variable: all_obat
#0 /var/www/html/poliku/app/Views/rekam_medis/invoice.php(108): CodeIgniter\Debug\Exceptions->errorHandler()
#1 /var/www/html/poliku/system/View/View.php(214): include('/var/www/html/p...')
#2 /var/www/html/poliku/system/View/View.php(217): CodeIgniter\View\View->CodeIgniter\View\{closure}()
#3 /var/www/html/poliku/system/Common.php(1092): CodeIgniter\View\View->render()
#4 /var/www/html/poliku/app/Controllers/Rekam_medis.php(282): view()
#5 /var/www/html/poliku/system/CodeIgniter.php(802): App\Controllers\Rekam_medis->invoice()
#6 /var/www/html/poliku/system/CodeIgniter.php(399): CodeIgniter\CodeIgniter->runController()
#7 /var/www/html/poliku/system/CodeIgniter.php(317): CodeIgniter\CodeIgniter->handleRequest()
#8 /var/www/html/poliku/public/index.php(36): CodeIgniter\CodeIgniter->run()
#9 {main}
CRITICAL - 2023-01-19 22:00:03 --> Trying to access array offset on value of type null
#0 /var/www/html/poliku/app/Views/rekam_medis/invoice.php(40): CodeIgniter\Debug\Exceptions->errorHandler()
#1 /var/www/html/poliku/system/View/View.php(214): include('/var/www/html/p...')
#2 /var/www/html/poliku/system/View/View.php(217): CodeIgniter\View\View->CodeIgniter\View\{closure}()
#3 /var/www/html/poliku/system/Common.php(1092): CodeIgniter\View\View->render()
#4 /var/www/html/poliku/app/Controllers/Rekam_medis.php(282): view()
#5 /var/www/html/poliku/system/CodeIgniter.php(802): App\Controllers\Rekam_medis->invoice()
#6 /var/www/html/poliku/system/CodeIgniter.php(399): CodeIgniter\CodeIgniter->runController()
#7 /var/www/html/poliku/system/CodeIgniter.php(317): CodeIgniter\CodeIgniter->handleRequest()
#8 /var/www/html/poliku/public/index.php(36): CodeIgniter\CodeIgniter->run()
#9 {main}
CRITICAL - 2023-01-19 22:00:26 --> Trying to access array offset on value of type null
#0 /var/www/html/poliku/app/Views/rekam_medis/invoice.php(40): CodeIgniter\Debug\Exceptions->errorHandler()
#1 /var/www/html/poliku/system/View/View.php(214): include('/var/www/html/p...')
#2 /var/www/html/poliku/system/View/View.php(217): CodeIgniter\View\View->CodeIgniter\View\{closure}()
#3 /var/www/html/poliku/system/Common.php(1092): CodeIgniter\View\View->render()
#4 /var/www/html/poliku/app/Controllers/Rekam_medis.php(282): view()
#5 /var/www/html/poliku/system/CodeIgniter.php(802): App\Controllers\Rekam_medis->invoice()
#6 /var/www/html/poliku/system/CodeIgniter.php(399): CodeIgniter\CodeIgniter->runController()
#7 /var/www/html/poliku/system/CodeIgniter.php(317): CodeIgniter\CodeIgniter->handleRequest()
#8 /var/www/html/poliku/public/index.php(36): CodeIgniter\CodeIgniter->run()
#9 {main}
CRITICAL - 2023-01-19 22:00:28 --> Trying to access array offset on value of type null
#0 /var/www/html/poliku/app/Views/rekam_medis/invoice.php(40): CodeIgniter\Debug\Exceptions->errorHandler()
#1 /var/www/html/poliku/system/View/View.php(214): include('/var/www/html/p...')
#2 /var/www/html/poliku/system/View/View.php(217): CodeIgniter\View\View->CodeIgniter\View\{closure}()
#3 /var/www/html/poliku/system/Common.php(1092): CodeIgniter\View\View->render()
#4 /var/www/html/poliku/app/Controllers/Rekam_medis.php(282): view()
#5 /var/www/html/poliku/system/CodeIgniter.php(802): App\Controllers\Rekam_medis->invoice()
#6 /var/www/html/poliku/system/CodeIgniter.php(399): CodeIgniter\CodeIgniter->runController()
#7 /var/www/html/poliku/system/CodeIgniter.php(317): CodeIgniter\CodeIgniter->handleRequest()
#8 /var/www/html/poliku/public/index.php(36): CodeIgniter\CodeIgniter->run()
#9 {main}
CRITICAL - 2023-01-19 22:01:01 --> Can't use function return value in write context
#0 [internal function]: CodeIgniter\Debug\Exceptions->shutdownHandler()
#1 {main}
CRITICAL - 2023-01-19 22:02:10 --> Trying to access array offset on value of type null
#0 /var/www/html/poliku/app/Views/rekam_medis/invoice.php(40): CodeIgniter\Debug\Exceptions->errorHandler()
#1 /var/www/html/poliku/system/View/View.php(214): include('/var/www/html/p...')
#2 /var/www/html/poliku/system/View/View.php(217): CodeIgniter\View\View->CodeIgniter\View\{closure}()
#3 /var/www/html/poliku/system/Common.php(1092): CodeIgniter\View\View->render()
#4 /var/www/html/poliku/app/Controllers/Rekam_medis.php(282): view()
#5 /var/www/html/poliku/system/CodeIgniter.php(802): App\Controllers\Rekam_medis->invoice()
#6 /var/www/html/poliku/system/CodeIgniter.php(399): CodeIgniter\CodeIgniter->runController()
#7 /var/www/html/poliku/system/CodeIgniter.php(317): CodeIgniter\CodeIgniter->handleRequest()
#8 /var/www/html/poliku/public/index.php(36): CodeIgniter\CodeIgniter->run()
#9 {main}
CRITICAL - 2023-01-19 22:03:35 --> Trying to access array offset on value of type null
#0 /var/www/html/poliku/app/Views/rekam_medis/invoice.php(40): CodeIgniter\Debug\Exceptions->errorHandler()
#1 /var/www/html/poliku/system/View/View.php(214): include('/var/www/html/p...')
#2 /var/www/html/poliku/system/View/View.php(217): CodeIgniter\View\View->CodeIgniter\View\{closure}()
#3 /var/www/html/poliku/system/Common.php(1092): CodeIgniter\View\View->render()
#4 /var/www/html/poliku/app/Controllers/Rekam_medis.php(282): view()
#5 /var/www/html/poliku/system/CodeIgniter.php(802): App\Controllers\Rekam_medis->invoice()
#6 /var/www/html/poliku/system/CodeIgniter.php(399): CodeIgniter\CodeIgniter->runController()
#7 /var/www/html/poliku/system/CodeIgniter.php(317): CodeIgniter\CodeIgniter->handleRequest()
#8 /var/www/html/poliku/public/index.php(36): CodeIgniter\CodeIgniter->run()
#9 {main}
CRITICAL - 2023-01-19 22:04:17 --> Trying to access array offset on value of type null
#0 /var/www/html/poliku/app/Views/rekam_medis/invoice.php(40): CodeIgniter\Debug\Exceptions->errorHandler()
#1 /var/www/html/poliku/system/View/View.php(214): include('/var/www/html/p...')
#2 /var/www/html/poliku/system/View/View.php(217): CodeIgniter\View\View->CodeIgniter\View\{closure}()
#3 /var/www/html/poliku/system/Common.php(1092): CodeIgniter\View\View->render()
#4 /var/www/html/poliku/app/Controllers/Rekam_medis.php(282): view()
#5 /var/www/html/poliku/system/CodeIgniter.php(802): App\Controllers\Rekam_medis->invoice()
#6 /var/www/html/poliku/system/CodeIgniter.php(399): CodeIgniter\CodeIgniter->runController()
#7 /var/www/html/poliku/system/CodeIgniter.php(317): CodeIgniter\CodeIgniter->handleRequest()
#8 /var/www/html/poliku/public/index.php(36): CodeIgniter\CodeIgniter->run()
#9 {main}
CRITICAL - 2023-01-19 22:04:53 --> Trying to access array offset on value of type null
#0 /var/www/html/poliku/app/Views/rekam_medis/invoice.php(40): CodeIgniter\Debug\Exceptions->errorHandler()
#1 /var/www/html/poliku/system/View/View.php(214): include('/var/www/html/p...')
#2 /var/www/html/poliku/system/View/View.php(217): CodeIgniter\View\View->CodeIgniter\View\{closure}()
#3 /var/www/html/poliku/system/Common.php(1092): CodeIgniter\View\View->render()
#4 /var/www/html/poliku/app/Controllers/Rekam_medis.php(282): view()
#5 /var/www/html/poliku/system/CodeIgniter.php(802): App\Controllers\Rekam_medis->invoice()
#6 /var/www/html/poliku/system/CodeIgniter.php(399): CodeIgniter\CodeIgniter->runController()
#7 /var/www/html/poliku/system/CodeIgniter.php(317): CodeIgniter\CodeIgniter->handleRequest()
#8 /var/www/html/poliku/public/index.php(36): CodeIgniter\CodeIgniter->run()
#9 {main}
CRITICAL - 2023-01-19 22:05:13 --> Trying to access array offset on value of type null
#0 /var/www/html/poliku/app/Views/rekam_medis/invoice.php(40): CodeIgniter\Debug\Exceptions->errorHandler()
#1 /var/www/html/poliku/system/View/View.php(214): include('/var/www/html/p...')
#2 /var/www/html/poliku/system/View/View.php(217): CodeIgniter\View\View->CodeIgniter\View\{closure}()
#3 /var/www/html/poliku/system/Common.php(1092): CodeIgniter\View\View->render()
#4 /var/www/html/poliku/app/Controllers/Rekam_medis.php(282): view()
#5 /var/www/html/poliku/system/CodeIgniter.php(802): App\Controllers\Rekam_medis->invoice()
#6 /var/www/html/poliku/system/CodeIgniter.php(399): CodeIgniter\CodeIgniter->runController()
#7 /var/www/html/poliku/system/CodeIgniter.php(317): CodeIgniter\CodeIgniter->handleRequest()
#8 /var/www/html/poliku/public/index.php(36): CodeIgniter\CodeIgniter->run()
#9 {main}
CRITICAL - 2023-01-19 22:05:15 --> Trying to access array offset on value of type null
#0 /var/www/html/poliku/app/Views/rekam_medis/invoice.php(40): CodeIgniter\Debug\Exceptions->errorHandler()
#1 /var/www/html/poliku/system/View/View.php(214): include('/var/www/html/p...')
#2 /var/www/html/poliku/system/View/View.php(217): CodeIgniter\View\View->CodeIgniter\View\{closure}()
#3 /var/www/html/poliku/system/Common.php(1092): CodeIgniter\View\View->render()
#4 /var/www/html/poliku/app/Controllers/Rekam_medis.php(282): view()
#5 /var/www/html/poliku/system/CodeIgniter.php(802): App\Controllers\Rekam_medis->invoice()
#6 /var/www/html/poliku/system/CodeIgniter.php(399): CodeIgniter\CodeIgniter->runController()
#7 /var/www/html/poliku/system/CodeIgniter.php(317): CodeIgniter\CodeIgniter->handleRequest()
#8 /var/www/html/poliku/public/index.php(36): CodeIgniter\CodeIgniter->run()
#9 {main}
CRITICAL - 2023-01-19 22:05:28 --> Trying to access array offset on value of type null
#0 /var/www/html/poliku/app/Views/rekam_medis/invoice.php(40): CodeIgniter\Debug\Exceptions->errorHandler()
#1 /var/www/html/poliku/system/View/View.php(214): include('/var/www/html/p...')
#2 /var/www/html/poliku/system/View/View.php(217): CodeIgniter\View\View->CodeIgniter\View\{closure}()
#3 /var/www/html/poliku/system/Common.php(1092): CodeIgniter\View\View->render()
#4 /var/www/html/poliku/app/Controllers/Rekam_medis.php(282): view()
#5 /var/www/html/poliku/system/CodeIgniter.php(802): App\Controllers\Rekam_medis->invoice()
#6 /var/www/html/poliku/system/CodeIgniter.php(399): CodeIgniter\CodeIgniter->runController()
#7 /var/www/html/poliku/system/CodeIgniter.php(317): CodeIgniter\CodeIgniter->handleRequest()
#8 /var/www/html/poliku/public/index.php(36): CodeIgniter\CodeIgniter->run()
#9 {main}
CRITICAL - 2023-01-19 22:06:31 --> Trying to access array offset on value of type null
#0 /var/www/html/poliku/app/Views/rekam_medis/invoice.php(40): CodeIgniter\Debug\Exceptions->errorHandler()
#1 /var/www/html/poliku/system/View/View.php(214): include('/var/www/html/p...')
#2 /var/www/html/poliku/system/View/View.php(217): CodeIgniter\View\View->CodeIgniter\View\{closure}()
#3 /var/www/html/poliku/system/Common.php(1092): CodeIgniter\View\View->render()
#4 /var/www/html/poliku/app/Controllers/Rekam_medis.php(282): view()
#5 /var/www/html/poliku/system/CodeIgniter.php(802): App\Controllers\Rekam_medis->invoice()
#6 /var/www/html/poliku/system/CodeIgniter.php(399): CodeIgniter\CodeIgniter->runController()
#7 /var/www/html/poliku/system/CodeIgniter.php(317): CodeIgniter\CodeIgniter->handleRequest()
#8 /var/www/html/poliku/public/index.php(36): CodeIgniter\CodeIgniter->run()
#9 {main}
CRITICAL - 2023-01-19 22:06:32 --> Trying to access array offset on value of type null
#0 /var/www/html/poliku/app/Views/rekam_medis/invoice.php(40): CodeIgniter\Debug\Exceptions->errorHandler()
#1 /var/www/html/poliku/system/View/View.php(214): include('/var/www/html/p...')
#2 /var/www/html/poliku/system/View/View.php(217): CodeIgniter\View\View->CodeIgniter\View\{closure}()
#3 /var/www/html/poliku/system/Common.php(1092): CodeIgniter\View\View->render()
#4 /var/www/html/poliku/app/Controllers/Rekam_medis.php(282): view()
#5 /var/www/html/poliku/system/CodeIgniter.php(802): App\Controllers\Rekam_medis->invoice()
#6 /var/www/html/poliku/system/CodeIgniter.php(399): CodeIgniter\CodeIgniter->runController()
#7 /var/www/html/poliku/system/CodeIgniter.php(317): CodeIgniter\CodeIgniter->handleRequest()
#8 /var/www/html/poliku/public/index.php(36): CodeIgniter\CodeIgniter->run()
#9 {main}
CRITICAL - 2023-01-19 22:06:54 --> Trying to access array offset on value of type null
#0 /var/www/html/poliku/app/Views/rekam_medis/invoice.php(40): CodeIgniter\Debug\Exceptions->errorHandler()
#1 /var/www/html/poliku/system/View/View.php(214): include('/var/www/html/p...')
#2 /var/www/html/poliku/system/View/View.php(217): CodeIgniter\View\View->CodeIgniter\View\{closure}()
#3 /var/www/html/poliku/system/Common.php(1092): CodeIgniter\View\View->render()
#4 /var/www/html/poliku/app/Controllers/Rekam_medis.php(282): view()
#5 /var/www/html/poliku/system/CodeIgniter.php(802): App\Controllers\Rekam_medis->invoice()
#6 /var/www/html/poliku/system/CodeIgniter.php(399): CodeIgniter\CodeIgniter->runController()
#7 /var/www/html/poliku/system/CodeIgniter.php(317): CodeIgniter\CodeIgniter->handleRequest()
#8 /var/www/html/poliku/public/index.php(36): CodeIgniter\CodeIgniter->run()
#9 {main}
CRITICAL - 2023-01-19 22:07:05 --> Trying to access array offset on value of type null
#0 /var/www/html/poliku/app/Views/rekam_medis/invoice.php(40): CodeIgniter\Debug\Exceptions->errorHandler()
#1 /var/www/html/poliku/system/View/View.php(214): include('/var/www/html/p...')
#2 /var/www/html/poliku/system/View/View.php(217): CodeIgniter\View\View->CodeIgniter\View\{closure}()
#3 /var/www/html/poliku/system/Common.php(1092): CodeIgniter\View\View->render()
#4 /var/www/html/poliku/app/Controllers/Rekam_medis.php(282): view()
#5 /var/www/html/poliku/system/CodeIgniter.php(802): App\Controllers\Rekam_medis->invoice()
#6 /var/www/html/poliku/system/CodeIgniter.php(399): CodeIgniter\CodeIgniter->runController()
#7 /var/www/html/poliku/system/CodeIgniter.php(317): CodeIgniter\CodeIgniter->handleRequest()
#8 /var/www/html/poliku/public/index.php(36): CodeIgniter\CodeIgniter->run()
#9 {main}
CRITICAL - 2023-01-19 22:07:21 --> Trying to access array offset on value of type null
#0 /var/www/html/poliku/app/Views/rekam_medis/invoice.php(40): CodeIgniter\Debug\Exceptions->errorHandler()
#1 /var/www/html/poliku/system/View/View.php(214): include('/var/www/html/p...')
#2 /var/www/html/poliku/system/View/View.php(217): CodeIgniter\View\View->CodeIgniter\View\{closure}()
#3 /var/www/html/poliku/system/Common.php(1092): CodeIgniter\View\View->render()
#4 /var/www/html/poliku/app/Controllers/Rekam_medis.php(282): view()
#5 /var/www/html/poliku/system/CodeIgniter.php(802): App\Controllers\Rekam_medis->invoice()
#6 /var/www/html/poliku/system/CodeIgniter.php(399): CodeIgniter\CodeIgniter->runController()
#7 /var/www/html/poliku/system/CodeIgniter.php(317): CodeIgniter\CodeIgniter->handleRequest()
#8 /var/www/html/poliku/public/index.php(36): CodeIgniter\CodeIgniter->run()
#9 {main}
CRITICAL - 2023-01-19 22:07:32 --> Trying to access array offset on value of type null
#0 /var/www/html/poliku/app/Views/rekam_medis/invoice.php(40): CodeIgniter\Debug\Exceptions->errorHandler()
#1 /var/www/html/poliku/system/View/View.php(214): include('/var/www/html/p...')
#2 /var/www/html/poliku/system/View/View.php(217): CodeIgniter\View\View->CodeIgniter\View\{closure}()
#3 /var/www/html/poliku/system/Common.php(1092): CodeIgniter\View\View->render()
#4 /var/www/html/poliku/app/Controllers/Rekam_medis.php(282): view()
#5 /var/www/html/poliku/system/CodeIgniter.php(802): App\Controllers\Rekam_medis->invoice()
#6 /var/www/html/poliku/system/CodeIgniter.php(399): CodeIgniter\CodeIgniter->runController()
#7 /var/www/html/poliku/system/CodeIgniter.php(317): CodeIgniter\CodeIgniter->handleRequest()
#8 /var/www/html/poliku/public/index.php(36): CodeIgniter\CodeIgniter->run()
#9 {main}
CRITICAL - 2023-01-19 22:07:58 --> Trying to access array offset on value of type null
#0 /var/www/html/poliku/app/Views/rekam_medis/invoice.php(40): CodeIgniter\Debug\Exceptions->errorHandler()
#1 /var/www/html/poliku/system/View/View.php(214): include('/var/www/html/p...')
#2 /var/www/html/poliku/system/View/View.php(217): CodeIgniter\View\View->CodeIgniter\View\{closure}()
#3 /var/www/html/poliku/system/Common.php(1092): CodeIgniter\View\View->render()
#4 /var/www/html/poliku/app/Controllers/Rekam_medis.php(282): view()
#5 /var/www/html/poliku/system/CodeIgniter.php(802): App\Controllers\Rekam_medis->invoice()
#6 /var/www/html/poliku/system/CodeIgniter.php(399): CodeIgniter\CodeIgniter->runController()
#7 /var/www/html/poliku/system/CodeIgniter.php(317): CodeIgniter\CodeIgniter->handleRequest()
#8 /var/www/html/poliku/public/index.php(36): CodeIgniter\CodeIgniter->run()
#9 {main}
CRITICAL - 2023-01-19 22:08:39 --> Trying to access array offset on value of type null
#0 /var/www/html/poliku/app/Views/rekam_medis/invoice.php(40): CodeIgniter\Debug\Exceptions->errorHandler()
#1 /var/www/html/poliku/system/View/View.php(214): include('/var/www/html/p...')
#2 /var/www/html/poliku/system/View/View.php(217): CodeIgniter\View\View->CodeIgniter\View\{closure}()
#3 /var/www/html/poliku/system/Common.php(1092): CodeIgniter\View\View->render()
#4 /var/www/html/poliku/app/Controllers/Rekam_medis.php(282): view()
#5 /var/www/html/poliku/system/CodeIgniter.php(802): App\Controllers\Rekam_medis->invoice()
#6 /var/www/html/poliku/system/CodeIgniter.php(399): CodeIgniter\CodeIgniter->runController()
#7 /var/www/html/poliku/system/CodeIgniter.php(317): CodeIgniter\CodeIgniter->handleRequest()
#8 /var/www/html/poliku/public/index.php(36): CodeIgniter\CodeIgniter->run()
#9 {main}
CRITICAL - 2023-01-19 22:08:48 --> Trying to access array offset on value of type null
#0 /var/www/html/poliku/app/Views/rekam_medis/invoice.php(40): CodeIgniter\Debug\Exceptions->errorHandler()
#1 /var/www/html/poliku/system/View/View.php(214): include('/var/www/html/p...')
#2 /var/www/html/poliku/system/View/View.php(217): CodeIgniter\View\View->CodeIgniter\View\{closure}()
#3 /var/www/html/poliku/system/Common.php(1092): CodeIgniter\View\View->render()
#4 /var/www/html/poliku/app/Controllers/Rekam_medis.php(282): view()
#5 /var/www/html/poliku/system/CodeIgniter.php(802): App\Controllers\Rekam_medis->invoice()
#6 /var/www/html/poliku/system/CodeIgniter.php(399): CodeIgniter\CodeIgniter->runController()
#7 /var/www/html/poliku/system/CodeIgniter.php(317): CodeIgniter\CodeIgniter->handleRequest()
#8 /var/www/html/poliku/public/index.php(36): CodeIgniter\CodeIgniter->run()
#9 {main}
CRITICAL - 2023-01-19 22:09:22 --> Trying to access array offset on value of type null
#0 /var/www/html/poliku/app/Views/rekam_medis/invoice.php(40): CodeIgniter\Debug\Exceptions->errorHandler()
#1 /var/www/html/poliku/system/View/View.php(214): include('/var/www/html/p...')
#2 /var/www/html/poliku/system/View/View.php(217): CodeIgniter\View\View->CodeIgniter\View\{closure}()
#3 /var/www/html/poliku/system/Common.php(1092): CodeIgniter\View\View->render()
#4 /var/www/html/poliku/app/Controllers/Rekam_medis.php(282): view()
#5 /var/www/html/poliku/system/CodeIgniter.php(802): App\Controllers\Rekam_medis->invoice()
#6 /var/www/html/poliku/system/CodeIgniter.php(399): CodeIgniter\CodeIgniter->runController()
#7 /var/www/html/poliku/system/CodeIgniter.php(317): CodeIgniter\CodeIgniter->handleRequest()
#8 /var/www/html/poliku/public/index.php(36): CodeIgniter\CodeIgniter->run()
#9 {main}
CRITICAL - 2023-01-19 22:44:52 --> Too few arguments to function App\Controllers\Rekam_medis::invoice(), 0 passed in /var/www/html/poliku/system/CodeIgniter.php on line 802 and exactly 1 expected
#0 /var/www/html/poliku/system/CodeIgniter.php(802): App\Controllers\Rekam_medis->invoice()
#1 /var/www/html/poliku/system/CodeIgniter.php(399): CodeIgniter\CodeIgniter->runController()
#2 /var/www/html/poliku/system/CodeIgniter.php(317): CodeIgniter\CodeIgniter->handleRequest()
#3 /var/www/html/poliku/public/index.php(36): CodeIgniter\CodeIgniter->run()
#4 {main}
